>> Summary of successfully produced model

Filename                          molpdf     DOPE score  DOPE-HR score    GA341 score Normalized DOPE score-----------------------------------------------------------------------------------------------------------
1a6cA.B99990001.pdb           2660.41235   -48774.44922   -40220.23828        1.00000        0.72196
1a6cA.B99990002.pdb           3267.27417   -48338.40625   -39819.24219        1.00000        0.78216
1a6cA.B99990003.pdb           2646.31470   -48471.16406   -40664.86719        1.00000        0.76383
1a6cA.B99990004.pdb           2662.51904   -48008.73047   -39741.76172        1.00000        0.82767
1a6cA.B99990005.pdb           2670.92651   -47888.28125   -39428.05469        1.00000        0.84430
1a6cA.B99990006.pdb           2717.96313   -48329.03516   -39536.40625        1.00000        0.78346
1a6cA.B99990007.pdb           2669.65015   -47344.96484   -37514.37891        1.00000        0.91931
1a6cA.B99990008.pdb           2649.79785   -48089.66406   -39195.32422        1.00000        0.81650
1a6cA.B99990009.pdb           2632.18237   -48017.92969   -39462.39062        1.00000        0.82641
1a6cA.B99990010.pdb           2678.11890   -47672.03125   -38489.46094        1.00000        0.87416
1a6cA.B99990011.pdb           2669.07520   -47820.44922   -39072.85156        1.00000        0.85367
1a6cA.B99990012.pdb           2665.45215   -48005.03906   -39009.30078        0.99994        0.82818
1a6cA.B99990013.pdb           2793.46216   -48597.22266   -40062.85547        1.00000        0.74643
1a6cA.B99990014.pdb           2689.93945   -47150.19141   -37452.41797        1.00000        0.94620
1a6cA.B99990015.pdb           2727.00732   -47941.32422   -38501.53516        1.00000        0.83698
1a6cA.B99990016.pdb           2804.86523   -48371.69531   -40000.45703        1.00000        0.77757
1a6cA.B99990017.pdb           2626.79077   -48767.51562   -40347.09375        0.99999        0.72292
1a6cA.B99990018.pdb           2703.98975   -48132.71094   -39855.93359        1.00000        0.81056
1a6cA.B99990019.pdb           2793.98608   -47689.97656   -38364.91797        1.00000        0.87168
1a6cA.B99990020.pdb           2860.89551   -48163.73047   -39454.05859        1.00000        0.80628
1a6cA.B99990021.pdb           2715.93555   -48336.56641   -40151.73438        1.00000        0.78242
1a6cA.B99990022.pdb           2636.44189   -48448.66016   -39884.35547        0.99995        0.76694
1a6cA.B99990023.pdb           2542.13403   -47879.84766   -39870.73047        1.00000        0.84547
1a6cA.B99990024.pdb           2608.22778   -47813.77344   -38846.28125        1.00000        0.85459
1a6cA.B99990025.pdb           2681.72632   -48270.55469   -40222.10547        1.00000        0.79153
1a6cA.B99990026.pdb           2661.10742   -48221.09766   -39676.10547        0.99998        0.79836
1a6cA.B99990027.pdb           2642.30908   -47837.90625   -39133.38672        1.00000        0.85126
1a6cA.B99990028.pdb           2846.07275   -47061.53516   -36766.55078        0.99998        0.95844
1a6cA.B99990029.pdb           2638.48242   -48951.64453   -41448.82422        1.00000        0.69750
1a6cA.B99990030.pdb           2743.63330   -48246.07812   -39938.64844        1.00000        0.79491
1a6cA.B99990031.pdb           2733.48608   -47144.80859   -37862.29297        1.00000        0.94694
1a6cA.B99990032.pdb           2749.80713   -48073.64453   -39265.73438        1.00000        0.81871
1a6cA.B99990033.pdb           2998.23340   -48444.81250   -39491.53516        0.99999        0.76747
1a6cA.B99990034.pdb           2683.47632   -48147.64062   -39607.27344        1.00000        0.80850
1a6cA.B99990035.pdb           2548.04858   -48152.34766   -39448.50781        1.00000        0.80785
1a6cA.B99990036.pdb           2905.64648   -48577.83594   -40307.86719        1.00000        0.74911
1a6cA.B99990037.pdb           2716.25806   -48733.65234   -40324.39453        1.00000        0.72760
1a6cA.B99990038.pdb           2682.27832   -48048.51953   -39764.95703        1.00000        0.82218
1a6cA.B99990039.pdb           2617.41797   -47948.29297   -39157.55469        0.99999        0.83602
1a6cA.B99990040.pdb           2563.39966   -47903.53516   -38982.21094        1.00000        0.84220
1a6cA.B99990041.pdb           2628.29541   -47796.22656   -39048.42578        1.00000        0.85701
1a6cA.B99990042.pdb           2875.97559   -47566.75000   -38367.49609        0.99992        0.88869
1a6cA.B99990043.pdb           2614.07520   -48235.20703   -39614.01953        1.00000        0.79641
1a6cA.B99990044.pdb           2565.78491   -47677.97266   -38848.55469        0.99999        0.87334
1a6cA.B99990045.pdb           2774.57275   -48150.34375   -39835.55469        1.00000        0.80812
1a6cA.B99990046.pdb           2729.01025   -48543.80859   -40493.78906        0.99998        0.75381
1a6cA.B99990047.pdb           2685.38428   -48643.19141   -40158.33203        1.00000        0.74009
1a6cA.B99990048.pdb           2662.48804   -47972.18750   -39353.88672        0.99999        0.83272
1a6cA.B99990049.pdb           2627.06982   -48129.49219   -39383.63281        1.00000        0.81100
1a6cA.B99990050.pdb           2719.01416   -48194.40625   -39368.45703        1.00000        0.80204

>> Top model results:
molpdf: 2542.134033203125 (file: 1a6cA.B99990023.pdb)
DOPE score: -48951.64453125 (file: 1a6cA.B99990029.pdb)
GA341 score: 0.9999150037765503 (file: 1a6cA.B99990042.pdb)
Normalized DOPE score: 0.6975022575930243 (file: 1a6cA.B99990029.pdb)

##############################################################################################
>>Clustering results - Representative structure - AffinityPropagation
Cluster		File_Name
0		1a6cA.B99990002
1		1a6cA.B99990003
2		1a6cA.B99990004
3		1a6cA.B99990009
4		1a6cA.B99990020
5		1a6cA.B99990031
6		1a6cA.B99990036
7		1a6cA.B99990042
8		1a6cA.B99990046

>>Clustering results - Representative structure - DBSCAN
Cluster		File_Name
0		1a6cA.B99990034.pdb
1		1a6cA.B99990010.pdb

>>Clustering results - Representative structure - KMeans
Cluster		File_Name
0		1a6cA.B99990010.pdb
1		1a6cA.B99990035.pdb

>>Clustering results - Representative structure - MeanShift
Cluster		File_Name
0		1a6cA.B99990032.pdb
1		1a6cA.B99990022.pdb
2		1a6cA.B99990028.pdb

>>Clustering results - Representative structure - SpectralClustering
Cluster		File_Name
0		1a6cA.B99990035.pdb
1		1a6cA.B99990010.pdb

>>Clustering results - Representative structure - Ward
Cluster		File_Name
0		1a6cA.B99990034.pdb
1		1a6cA.B99990010.pdb
##############################################################################################

##############################################################################################
>>Clustering results - Representative structure - AffinityPropagation
Cluster		File_Name
0		1a6cA.B99990009

>>Clustering results - Representative structure - DBSCAN
Cluster		File_Name
0		1a6cA.B99990009.pdb

>>Clustering results - Representative structure - KMeans
Cluster		File_Name
0		1a6cA.B99990006.pdb
1		1a6cA.B99990042.pdb

>>Clustering results - Representative structure - MeanShift
Cluster		File_Name
0		1a6cA.B99990034.pdb
1		1a6cA.B99990042.pdb
2		1a6cA.B99990036.pdb

>>Clustering results - Representative structure - SpectralClustering
Cluster		File_Name
0		1a6cA.B99990045.pdb
1		1a6cA.B99990014.pdb

>>Clustering results - Representative structure - Ward
Cluster		File_Name
0		1a6cA.B99990006.pdb
1		1a6cA.B99990042.pdb
##############################################################################################