>> Summary of successfully produced model

Filename                          molpdf     DOPE score  DOPE-HR score    GA341 score Normalized DOPE score-----------------------------------------------------------------------------------------------------------
1aozA.B99990001.pdb           6383.91699   -46890.37891   -24835.91602        0.02455        1.01720
1aozA.B99990002.pdb           6477.57910   -47204.92188   -26000.09375        0.09094        0.97685
1aozA.B99990003.pdb           6837.11572   -46952.26953   -25492.53906        0.07709        1.00926
1aozA.B99990004.pdb           6289.18604   -46998.73047   -26118.37891        0.02791        1.00330
1aozA.B99990005.pdb           6568.64844   -47007.70312   -24153.33008        0.03099        1.00215
1aozA.B99990006.pdb           6421.40283   -47260.47656   -26722.91992        0.03539        0.96972
1aozA.B99990007.pdb           6412.00684   -46777.27344   -23798.22656        0.04611        1.03171
1aozA.B99990008.pdb           6403.74023   -47478.64062   -26369.04688        0.03295        0.94173
1aozA.B99990009.pdb           6461.86279   -47369.33984   -26850.57422        0.02606        0.95575
1aozA.B99990010.pdb           6278.48828   -47068.44531   -26462.14258        0.01126        0.99436
1aozA.B99990011.pdb           6502.77979   -46854.73438   -25222.91016        0.01760        1.02178
1aozA.B99990012.pdb           6275.31885   -47152.74219   -25492.08789        0.02132        0.98354
1aozA.B99990013.pdb           6560.95801   -47689.61328   -26588.87891        0.01765        0.91466
1aozA.B99990014.pdb           6392.04639   -46880.33984   -25853.92773        0.02072        1.01849
1aozA.B99990015.pdb           6665.89209   -46932.74219   -25033.59961        0.03051        1.01177
1aozA.B99990016.pdb           6394.56982   -47370.59766   -27283.10156        0.02361        0.95559
1aozA.B99990017.pdb           6468.84766   -47284.56641   -26028.81055        0.02459        0.96663
1aozA.B99990018.pdb           6875.49609   -45877.44922   -21709.42578        0.02857        1.14716
1aozA.B99990019.pdb           6475.88574   -47244.04297   -25432.23633        0.04063        0.97183
1aozA.B99990020.pdb           6492.07129   -47465.97266   -25693.96875        0.03702        0.94335
1aozA.B99990021.pdb           6363.32178   -46202.72656   -24417.31641        0.01962        1.10543
1aozA.B99990022.pdb           6307.99365   -46883.72266   -25810.62109        0.01940        1.01806
1aozA.B99990023.pdb           6476.64844   -45982.07812   -22699.73047        0.03288        1.13374
1aozA.B99990024.pdb           6606.04395   -47498.66797   -25818.47852        0.02989        0.93916
1aozA.B99990025.pdb           6308.75391   -47604.14453   -27122.83398        0.05955        0.92563
1aozA.B99990026.pdb           6454.88037   -46739.46875   -25848.00391        0.02595        1.03656
1aozA.B99990027.pdb           6384.87061   -47028.57031   -25963.62305        0.02907        0.99947
1aozA.B99990028.pdb           6792.82080   -47045.34766   -24897.07422        0.04451        0.99732
1aozA.B99990029.pdb           6349.82715   -47090.33984   -25398.58008        0.05579        0.99155
1aozA.B99990030.pdb           6402.44580   -46349.47656   -24179.91406        0.04347        1.08660
1aozA.B99990031.pdb           6441.80371   -46725.84766   -24114.87695        0.03260        1.03831
1aozA.B99990032.pdb           6398.82715   -47289.09766   -25891.54297        0.03044        0.96605
1aozA.B99990033.pdb           6949.20117   -47419.86328   -26917.70117        0.04075        0.94927
1aozA.B99990034.pdb           6757.47021   -46998.22656   -25057.16211        0.05418        1.00337
1aozA.B99990035.pdb           6786.38574   -46723.07031   -24832.51953        0.03257        1.03867
1aozA.B99990036.pdb           6357.71045   -47068.14062   -25376.12891        0.02859        0.99440
1aozA.B99990037.pdb           6687.82324   -46659.00781   -25161.84180        0.02030        1.04689
1aozA.B99990038.pdb           6567.12451   -47022.60938   -25013.27539        0.04759        1.00024
1aozA.B99990039.pdb           6888.98047   -47142.38281   -26402.84180        0.06429        0.98487
1aozA.B99990040.pdb           6505.17188   -47106.81250   -26018.11523        0.03796        0.98943
1aozA.B99990041.pdb           6593.20117   -47705.08984   -26544.18164        0.04847        0.91267
1aozA.B99990042.pdb           6282.44141   -47771.48438   -27784.58398        0.03657        0.90416
1aozA.B99990043.pdb           6272.87793   -47623.79297   -26641.53125        0.02461        0.92311
1aozA.B99990044.pdb           6475.39160   -46813.72656   -25296.35156        0.03041        1.02704
1aozA.B99990045.pdb           6526.31885   -46607.78516   -24723.52930        0.03958        1.05346
1aozA.B99990046.pdb           6309.16602   -47140.35938   -25294.11523        0.05050        0.98513
1aozA.B99990047.pdb           6507.26318   -46941.86719   -24654.81445        0.04796        1.01060
1aozA.B99990048.pdb           6404.08154   -47123.44141   -25307.45898        0.02344        0.98730
1aozA.B99990049.pdb           6479.16309   -46269.48047   -23667.84961        0.02387        1.09686
1aozA.B99990050.pdb           6406.97559   -46702.75781   -24836.27539        0.04891        1.04127

>> Top model results:
molpdf: 6272.8779296875 (file: 1aozA.B99990043.pdb)
DOPE score: -47771.484375 (file: 1aozA.B99990042.pdb)
GA341 score: 0.011261598207056522 (file: 1aozA.B99990010.pdb)
Normalized DOPE score: 0.9041565698074864 (file: 1aozA.B99990042.pdb)