>> Summary of successfully produced model

Filename                          molpdf     DOPE score  DOPE-HR score    GA341 score Normalized DOPE score-----------------------------------------------------------------------------------------------------------
1aozA.B99990001.pdb           3103.59229   -66617.77344   -61272.74609        1.00000       -1.51382
1aozA.B99990002.pdb           2907.26611   -66344.87500   -60491.92188        1.00000       -1.47881
1aozA.B99990003.pdb           2798.94531   -66523.99219   -61120.32812        1.00000       -1.50179
1aozA.B99990004.pdb           2911.59546   -66373.97656   -60485.14062        1.00000       -1.48254
1aozA.B99990005.pdb           2853.06519   -66289.25781   -60867.82031        1.00000       -1.47167
1aozA.B99990006.pdb           2864.73047   -66674.42969   -61592.55859        1.00000       -1.52109
1aozA.B99990007.pdb           2861.46436   -66442.21875   -61014.00781        1.00000       -1.49130
1aozA.B99990008.pdb           2941.70996   -66576.98438   -61267.79297        1.00000       -1.50859
1aozA.B99990009.pdb           2953.86890   -66326.46875   -60840.63672        1.00000       -1.47645
1aozA.B99990010.pdb           2999.13721   -66357.85156   -60850.62500        1.00000       -1.48047
1aozA.B99990011.pdb           3019.42285   -66491.04688   -60886.55078        1.00000       -1.49756
1aozA.B99990012.pdb           3102.90942   -66356.19531   -60339.40625        1.00000       -1.48026
1aozA.B99990013.pdb           2885.85840   -66458.53125   -61247.14844        1.00000       -1.49339
1aozA.B99990014.pdb           2831.05273   -66606.98438   -61556.32422        1.00000       -1.51244
1aozA.B99990015.pdb           3141.84229   -66240.35156   -60809.75391        1.00000       -1.46540
1aozA.B99990016.pdb           2914.01636   -66541.09375   -61378.21094        1.00000       -1.50398
1aozA.B99990017.pdb           2875.53003   -66546.44531   -61255.90625        1.00000       -1.50467
1aozA.B99990018.pdb           3081.46069   -66215.07031   -60364.37109        1.00000       -1.46215
1aozA.B99990019.pdb           3303.31763   -66222.93750   -60328.74219        1.00000       -1.46316
1aozA.B99990020.pdb           2869.58887   -66462.06250   -60931.05469        1.00000       -1.49384
1aozA.B99990021.pdb           2841.16650   -66330.33594   -60968.64062        1.00000       -1.47694
1aozA.B99990022.pdb           2734.19482   -66559.36719   -61228.95703        1.00000       -1.50633
1aozA.B99990023.pdb           3060.55200   -66175.22656   -60059.01562        1.00000       -1.45704
1aozA.B99990024.pdb           2937.55811   -66472.33594   -60740.64844        1.00000       -1.49516
1aozA.B99990025.pdb           3173.09644   -66163.74219   -60458.56641        1.00000       -1.45557
1aozA.B99990026.pdb           2983.03809   -66404.31250   -60678.76953        1.00000       -1.48643
1aozA.B99990027.pdb           3034.83105   -66072.67969   -60013.14062        1.00000       -1.44388
1aozA.B99990028.pdb           2817.17383   -66514.26562   -60915.15234        1.00000       -1.50054
1aozA.B99990029.pdb           2921.58691   -66423.47656   -61183.43750        1.00000       -1.48889
1aozA.B99990030.pdb           2897.79517   -66288.62500   -60765.63281        1.00000       -1.47159
1aozA.B99990031.pdb           2988.50244   -66320.91406   -60537.55469        1.00000       -1.47573
1aozA.B99990032.pdb           2902.34473   -66383.41406   -60934.51953        1.00000       -1.48375
1aozA.B99990033.pdb           2873.49683   -66425.13281   -61062.43750        1.00000       -1.48910
1aozA.B99990034.pdb           2927.04688   -66425.89062   -60899.84375        1.00000       -1.48920
1aozA.B99990035.pdb           2875.61108   -66425.05469   -60853.74609        1.00000       -1.48909
1aozA.B99990036.pdb           2967.01294   -66381.20312   -60671.98047        1.00000       -1.48347
1aozA.B99990037.pdb           2860.07812   -66648.20312   -61436.36719        1.00000       -1.51772
1aozA.B99990038.pdb           2973.89038   -66086.21094   -60362.35547        1.00000       -1.44562
1aozA.B99990039.pdb           2928.02930   -66200.95312   -60075.30859        1.00000       -1.46034
1aozA.B99990040.pdb           2979.04541   -66451.14062   -60979.86328        1.00000       -1.49244
1aozA.B99990041.pdb           2902.80640   -66560.05469   -61018.44531        1.00000       -1.50641
1aozA.B99990042.pdb           2973.17676   -66226.48438   -60396.65234        1.00000       -1.46362
1aozA.B99990043.pdb           2938.35132   -66400.25000   -61134.19141        1.00000       -1.48591
1aozA.B99990044.pdb           2878.15942   -66494.10938   -60863.78906        1.00000       -1.49795
1aozA.B99990045.pdb           2928.40527   -66387.94531   -60864.84766        1.00000       -1.48433
1aozA.B99990046.pdb           3412.76807   -66108.08594   -60332.65234        1.00000       -1.44843
1aozA.B99990047.pdb           2800.44824   -66498.10938   -61143.18359        1.00000       -1.49847
1aozA.B99990048.pdb           2957.02173   -66406.39062   -60910.20312        1.00000       -1.48670
1aozA.B99990049.pdb           2828.80664   -66515.23438   -61426.41406        1.00000       -1.50066
1aozA.B99990050.pdb           2969.09009   -66541.79688   -61157.42188        1.00000       -1.50407

>> Top model results:
molpdf: 2734.19482421875 (file: 1aozA.B99990022.pdb)
DOPE score: -66674.4296875 (file: 1aozA.B99990006.pdb)
GA341 score: 1.0 (file: 1aozA.B99990006.pdb)
Normalized DOPE score: -1.5210889079427499 (file: 1aozA.B99990006.pdb)

##############################################################################################
>>Clustering results - Representative structure - AffinityPropagation
Cluster		File_Name
0		1aozA.B99990031
1		1aozA.B99990043
2		1aozA.B99990046

>>Clustering results - Representative structure - DBSCAN
Cluster		File_Name
0		1aozA.B99990043.pdb
1		1aozA.B99990046.pdb

>>Clustering results - Representative structure - KMeans
Cluster		File_Name
0		1aozA.B99990039.pdb
1		1aozA.B99990031.pdb

>>Clustering results - Representative structure - MeanShift
Cluster		File_Name
0		1aozA.B99990029.pdb
1		1aozA.B99990031.pdb
2		1aozA.B99990046.pdb
3		1aozA.B99990025.pdb

>>Clustering results - Representative structure - SpectralClustering
Cluster		File_Name
0		1aozA.B99990043.pdb
1		1aozA.B99990046.pdb

>>Clustering results - Representative structure - Ward
Cluster		File_Name
0		1aozA.B99990039.pdb
1		1aozA.B99990031.pdb
##############################################################################################

##############################################################################################
>>Clustering results - Representative structure - AffinityPropagation
Cluster		File_Name
0		1aozA.B99990031
1		1aozA.B99990048

>>Clustering results - Representative structure - DBSCAN
Cluster		File_Name
0		1aozA.B99990041.pdb
1		1aozA.B99990009.pdb
2		1aozA.B99990024.pdb
3		1aozA.B99990012.pdb

>>Clustering results - Representative structure - KMeans
Cluster		File_Name
0		1aozA.B99990020.pdb
1		1aozA.B99990019.pdb

>>Clustering results - Representative structure - MeanShift
Cluster		File_Name
0		1aozA.B99990020.pdb
1		1aozA.B99990018.pdb
2		1aozA.B99990046.pdb
3		1aozA.B99990031.pdb

>>Clustering results - Representative structure - SpectralClustering
Cluster		File_Name
0		1aozA.B99990048.pdb
1		1aozA.B99990031.pdb

>>Clustering results - Representative structure - Ward
Cluster		File_Name
0		1aozA.B99990020.pdb
1		1aozA.B99990031.pdb
2		1aozA.B99990018.pdb
##############################################################################################