>> Summary of successfully produced model

Filename                          molpdf     DOPE score  DOPE-HR score    GA341 score Normalized DOPE score-----------------------------------------------------------------------------------------------------------
1a32_.B99990001.pdb            415.95132    -2556.25269     -286.28427        0.00000        2.96702
1a32_.B99990002.pdb            319.00497    -2675.75342    -2274.38013        0.00000        2.86745
1a32_.B99990003.pdb            647.87024    -2050.59790      239.18361        0.00000        3.38833
1a32_.B99990004.pdb            366.23584    -2697.80591    -2405.11426        0.00000        2.84908
1a32_.B99990005.pdb            317.44345    -2581.52124    -2391.80835        0.00000        2.94597
1a32_.B99990006.pdb            339.01389    -2658.95874    -2317.90625        0.00000        2.88145
1a32_.B99990007.pdb            307.72507    -2777.67993    -2256.94214        0.00000        2.78253
1a32_.B99990008.pdb            301.65747    -2518.58887    -2195.05688        0.00000        2.99840
1a32_.B99990009.pdb            312.68747    -2641.88037    -2427.41577        0.00000        2.89568
1a32_.B99990010.pdb            345.53519    -2847.34277    -2481.07446        0.00000        2.72449
1a32_.B99990011.pdb            297.56412    -2754.13501    -2617.64087        0.00000        2.80215
1a32_.B99990012.pdb            325.45609    -2713.93286    -1914.46045        0.00000        2.83564
1a32_.B99990013.pdb            309.50586    -2415.76270    -2021.74658        0.00000        3.08408
1a32_.B99990014.pdb            311.97833    -2495.71753    -2501.57593        0.00000        3.01746
1a32_.B99990015.pdb            472.50192    -2054.73096     1630.48523        0.00000        3.38489
1a32_.B99990016.pdb            314.04007    -2692.25708    -2266.10645        0.00000        2.85370
1a32_.B99990017.pdb            315.37158    -2625.18506    -2262.05688        0.00000        2.90959
1a32_.B99990018.pdb            329.53558    -2958.26392    -2514.85693        0.00000        2.63207
1a32_.B99990019.pdb            316.26166    -2539.94165    -2015.10950        0.00000        2.98061
1a32_.B99990020.pdb            300.76440    -2587.11719    -2143.23096        0.00000        2.94130
1a32_.B99990021.pdb            372.39273    -2479.94409    -2038.78247        0.00000        3.03060
1a32_.B99990022.pdb            343.53888    -2406.66943    -2160.63965        0.00000        3.09165
1a32_.B99990023.pdb            421.64478    -2068.31763     -198.75096        0.00000        3.37356
1a32_.B99990024.pdb            727.66162    -1684.98865     2898.66235        0.00000        3.69295
1a32_.B99990025.pdb            294.03516    -2606.64600    -2304.57764        0.00000        2.92503
1a32_.B99990026.pdb            297.76123    -2645.38037    -2124.92041        0.00000        2.89276
1a32_.B99990027.pdb            303.00742    -2896.52246    -2571.06665        0.00000        2.68351
1a32_.B99990028.pdb            340.07153    -2841.21143    -1442.93787        0.00000        2.72959
1a32_.B99990029.pdb            960.05023    -2050.64111     1078.97009        0.00000        3.38829
1a32_.B99990030.pdb            336.71460    -2486.06470    -2205.54443        0.00000        3.02550
1a32_.B99990031.pdb            345.73166    -2596.91895    -2269.36938        0.00000        2.93314
1a32_.B99990032.pdb            389.37796    -3000.16455    -2403.20239        0.00000        2.59716
1a32_.B99990033.pdb            345.89694    -2956.82812    -2345.60864        0.00000        2.63326
1a32_.B99990034.pdb            285.56396    -2764.69116    -2328.85693        0.00000        2.79335
1a32_.B99990035.pdb            526.71216    -1752.74255       -8.03249        0.00000        3.63650
1a32_.B99990036.pdb            314.96136    -2717.54248    -2196.69507        0.00000        2.83263
1a32_.B99990037.pdb            310.14380    -2395.78931    -1744.64563        0.00000        3.10072
1a32_.B99990038.pdb            312.94156    -2362.88745    -1993.62720        0.00000        3.12813
1a32_.B99990039.pdb            378.29739    -2456.45435    -2166.26904        0.00000        3.05017
1a32_.B99990040.pdb            359.04068    -2340.16553    -2097.85474        0.00000        3.14706
1a32_.B99990041.pdb            276.69897    -2499.71606    -2512.46216        0.00000        3.01413
1a32_.B99990042.pdb            346.39035    -2847.80420    -2557.77271        0.00000        2.72410
1a32_.B99990043.pdb            310.75546    -3007.89697    -2675.16650        0.00000        2.59071
1a32_.B99990044.pdb            313.97604    -3013.26709    -2694.60156        0.00000        2.58624
1a32_.B99990045.pdb            291.72775    -2588.93286    -2215.36987        0.00000        2.93979
1a32_.B99990046.pdb            338.85187    -2534.41553    -2235.46069        0.00000        2.98521
1a32_.B99990047.pdb            324.34439    -2369.37524    -1804.15747        0.00000        3.12273
1a32_.B99990048.pdb            314.89587    -3041.04590    -2377.53125        0.00000        2.56309
1a32_.B99990049.pdb            289.22324    -2352.99512    -1956.48291        0.00000        3.13637
1a32_.B99990050.pdb            306.57428    -2610.73242    -2479.03101        0.00000        2.92163

>> Top model results:
molpdf: 276.698974609375 (file: 1a32_.B99990041.pdb)
DOPE score: -3041.0458984375 (file: 1a32_.B99990048.pdb)
GA341 score: 0.0 (file: 1a32_.B99990041.pdb)
Normalized DOPE score: 2.563092933689807 (file: 1a32_.B99990048.pdb)

##############################################################################################
>>Clustering results - Representative structure - AffinityPropagation
Cluster		File_Name
0		1a32_.B99990008
1		1a32_.B99990024
2		1a32_.B99990029

>>Clustering results - Representative structure - DBSCAN
Cluster		File_Name
0		1a32_.B99990017.pdb
1		1a32_.B99990015.pdb

>>Clustering results - Representative structure - KMeans
Cluster		File_Name
0		1a32_.B99990015.pdb
1		1a32_.B99990017.pdb

>>Clustering results - Representative structure - MeanShift
Cluster		File_Name
0		1a32_.B99990017.pdb
1		1a32_.B99990003.pdb
2		1a32_.B99990029.pdb
3		1a32_.B99990024.pdb
4		1a32_.B99990015.pdb

>>Clustering results - Representative structure - SpectralClustering
Cluster		File_Name
0		1a32_.B99990017.pdb
1		1a32_.B99990015.pdb

>>Clustering results - Representative structure - Ward
Cluster		File_Name
0		1a32_.B99990015.pdb
1		1a32_.B99990017.pdb
##############################################################################################

##############################################################################################
>>Clustering results - Representative structure - AffinityPropagation
Cluster		File_Name
0		1a32_.B99990003
1		1a32_.B99990006
2		1a32_.B99990015
3		1a32_.B99990024
4		1a32_.B99990029

>>Clustering results - Representative structure - DBSCAN
Cluster		File_Name
0		1a32_.B99990026.pdb
1		1a32_.B99990030.pdb
2		1a32_.B99990037.pdb
3		1a32_.B99990004.pdb

>>Clustering results - Representative structure - KMeans
Cluster		File_Name
0		1a32_.B99990006.pdb
1		1a32_.B99990015.pdb

>>Clustering results - Representative structure - MeanShift
Cluster		File_Name
0		1a32_.B99990006.pdb
1		1a32_.B99990023.pdb
2		1a32_.B99990024.pdb
3		1a32_.B99990029.pdb
4		1a32_.B99990015.pdb
5		1a32_.B99990035.pdb
6		1a32_.B99990001.pdb

>>Clustering results - Representative structure - SpectralClustering
Cluster		File_Name
0		1a32_.B99990006.pdb
1		1a32_.B99990015.pdb

>>Clustering results - Representative structure - Ward
Cluster		File_Name
0		1a32_.B99990006.pdb
1		1a32_.B99990015.pdb
##############################################################################################