>> Summary of successfully produced model

Filename                          molpdf     DOPE score  DOPE-HR score    GA341 score Normalized DOPE score-----------------------------------------------------------------------------------------------------------
1a6s_.B99990001.pdb            284.37125    -9116.60059    -8741.53711        1.00000       -1.98893
1a6s_.B99990002.pdb            219.62129    -9139.04590    -9026.20996        1.00000       -2.00720
1a6s_.B99990003.pdb            304.17819    -8979.79688    -8700.45605        1.00000       -1.87757
1a6s_.B99990004.pdb            232.23776    -9050.63672    -8938.97949        1.00000       -1.93523
1a6s_.B99990005.pdb            275.10333    -9027.37695    -8808.82324        1.00000       -1.91630
1a6s_.B99990006.pdb            237.14116    -8970.46484    -8797.93945        1.00000       -1.86997
1a6s_.B99990007.pdb            266.63977    -9074.65723    -8901.16113        1.00000       -1.95479
1a6s_.B99990008.pdb            209.29802    -9170.15918    -9207.09277        1.00000       -2.03253
1a6s_.B99990009.pdb            285.53894    -8989.83594    -8808.12207        1.00000       -1.88574
1a6s_.B99990010.pdb            233.86293    -8996.54199    -8763.49414        1.00000       -1.89120
1a6s_.B99990011.pdb            212.05699    -9156.06738    -9046.53613        1.00000       -2.02106
1a6s_.B99990012.pdb            206.85632    -9151.54297    -9109.37012        1.00000       -2.01737
1a6s_.B99990013.pdb            261.98380    -9033.94824    -8851.60059        1.00000       -1.92165
1a6s_.B99990014.pdb            243.29749    -8882.37891    -8570.87500        1.00000       -1.79826
1a6s_.B99990015.pdb            285.99756    -9049.98535    -8884.65039        1.00000       -1.93470
1a6s_.B99990016.pdb            268.27179    -8989.05078    -8726.24512        1.00000       -1.88510
1a6s_.B99990017.pdb            217.59222    -9092.96680    -9072.11914        1.00000       -1.96969
1a6s_.B99990018.pdb            212.74100    -9118.16602    -9101.57422        1.00000       -1.99020
1a6s_.B99990019.pdb            286.17569    -9091.62500    -8876.39062        1.00000       -1.96860
1a6s_.B99990020.pdb            238.35214    -9100.56836    -8964.67480        1.00000       -1.97588
1a6s_.B99990021.pdb            213.50447    -9177.22168    -9202.05762        1.00000       -2.03828
1a6s_.B99990022.pdb            206.63440    -9113.67285    -9001.09766        1.00000       -1.98655
1a6s_.B99990023.pdb            252.86172    -9095.61328    -8891.40918        1.00000       -1.97184
1a6s_.B99990024.pdb            272.34976    -9030.29590    -8883.26953        1.00000       -1.91867
1a6s_.B99990025.pdb            202.09930    -9150.81055    -9183.21387        1.00000       -2.01678
1a6s_.B99990026.pdb            235.93950    -9159.62598    -9143.39648        1.00000       -2.02395
1a6s_.B99990027.pdb            219.02199    -9013.77344    -8818.54590        1.00000       -1.90522
1a6s_.B99990028.pdb            209.12373    -9111.63770    -9131.47461        1.00000       -1.98489
1a6s_.B99990029.pdb            233.14113    -9172.40918    -9153.66016        1.00000       -2.03436
1a6s_.B99990030.pdb            244.12715    -8987.10645    -8772.15332        1.00000       -1.88352
1a6s_.B99990031.pdb            235.44295    -9113.29980    -9005.66309        1.00000       -1.98624
1a6s_.B99990032.pdb            263.01581    -9172.81641    -9054.38379        1.00000       -2.03469
1a6s_.B99990033.pdb            265.65601    -9168.32812    -9044.97949        1.00000       -2.03104
1a6s_.B99990034.pdb            207.49876    -9026.55078    -8842.48926        1.00000       -1.91562
1a6s_.B99990035.pdb            218.88579    -9098.99805    -9167.44824        1.00000       -1.97460
1a6s_.B99990036.pdb            210.94420    -9149.36328    -9153.39941        1.00000       -2.01560
1a6s_.B99990037.pdb            200.02708    -9158.14551    -9155.18555        1.00000       -2.02275
1a6s_.B99990038.pdb            267.39200    -9114.26953    -8984.48730        1.00000       -1.98703
1a6s_.B99990039.pdb            258.99734    -9137.87012    -8997.22656        1.00000       -2.00624
1a6s_.B99990040.pdb            259.65027    -9013.37402    -8921.43164        1.00000       -1.90490
1a6s_.B99990041.pdb            215.13884    -9101.99219    -9036.36719        1.00000       -1.97704
1a6s_.B99990042.pdb            218.21103    -9206.96777    -9287.34473        1.00000       -2.06249
1a6s_.B99990043.pdb            283.56827    -8957.53711    -8645.28223        1.00000       -1.85944
1a6s_.B99990044.pdb            238.27061    -9027.63965    -8849.86133        1.00000       -1.91651
1a6s_.B99990045.pdb            220.08961    -9098.72168    -9032.75684        1.00000       -1.97437
1a6s_.B99990046.pdb            230.39893    -9072.09766    -8948.65137        1.00000       -1.95270
1a6s_.B99990047.pdb            278.79730    -9112.03809    -8848.54590        1.00000       -1.98522
1a6s_.B99990048.pdb            220.45679    -9119.47949    -9126.89844        1.00000       -1.99127
1a6s_.B99990049.pdb            245.76868    -9083.41211    -8933.99902        1.00000       -1.96191
1a6s_.B99990050.pdb            244.73621    -9020.03027    -8733.34473        1.00000       -1.91032

>> Top model results:
molpdf: 200.02708435058594 (file: 1a6s_.B99990037.pdb)
DOPE score: -9206.9677734375 (file: 1a6s_.B99990042.pdb)
GA341 score: 1.0 (file: 1a6s_.B99990045.pdb)
Normalized DOPE score: -2.0624916567872593 (file: 1a6s_.B99990042.pdb)

##############################################################################################
>>Clustering results - Representative structure - AffinityPropagation
Cluster		File_Name
0		1a6s_.B99990006

>>Clustering results - Representative structure - DBSCAN
Cluster		File_Name
0		1a6s_.B99990006.pdb
1		1a6s_.B99990047.pdb

>>Clustering results - Representative structure - KMeans
Cluster		File_Name
0		1a6s_.B99990048.pdb
1		1a6s_.B99990016.pdb

>>Clustering results - Representative structure - MeanShift
Cluster		File_Name
0		1a6s_.B99990041.pdb
1		1a6s_.B99990050.pdb
2		1a6s_.B99990005.pdb
3		1a6s_.B99990003.pdb
4		1a6s_.B99990020.pdb

>>Clustering results - Representative structure - SpectralClustering
Cluster		File_Name
0		1a6s_.B99990016.pdb
1		1a6s_.B99990020.pdb
2		1a6s_.B99990048.pdb

>>Clustering results - Representative structure - Ward
Cluster		File_Name
0		1a6s_.B99990006.pdb
1		1a6s_.B99990020.pdb
##############################################################################################