>> Summary of successfully produced model

Filename                          molpdf     DOPE score  DOPE-HR score    GA341 score Normalized DOPE score-----------------------------------------------------------------------------------------------------------
1a8q_.B99990001.pdb           1224.89172   -31814.73047   -28642.52930        1.00000       -1.89461
1a8q_.B99990002.pdb           1268.22144   -31475.71680   -27971.71094        1.00000       -1.80699
1a8q_.B99990003.pdb           1255.25525   -31844.12109   -28400.83594        1.00000       -1.90221
1a8q_.B99990004.pdb           1311.19922   -31614.85156   -27977.21094        1.00000       -1.84295
1a8q_.B99990005.pdb           1259.14124   -31437.69727   -28020.22070        1.00000       -1.79716
1a8q_.B99990006.pdb           1312.29822   -31724.50195   -28235.89648        1.00000       -1.87129
1a8q_.B99990007.pdb           1213.08240   -31342.28711   -27685.80273        1.00000       -1.77250
1a8q_.B99990008.pdb           1280.40259   -31602.52930   -28120.71875        1.00000       -1.83977
1a8q_.B99990009.pdb           1264.68848   -31688.07617   -28470.91602        1.00000       -1.86188
1a8q_.B99990010.pdb           1252.47009   -31693.63867   -28584.27148        1.00000       -1.86332
1a8q_.B99990011.pdb           1323.53345   -31356.66602   -27948.55273        1.00000       -1.77622
1a8q_.B99990012.pdb           1284.04297   -31865.30469   -28768.30273        1.00000       -1.90769
1a8q_.B99990013.pdb           1243.55383   -31641.39844   -28697.34180        1.00000       -1.84981
1a8q_.B99990014.pdb           1270.31506   -31620.84766   -27957.40625        1.00000       -1.84450
1a8q_.B99990015.pdb           1237.80884   -31704.43164   -28491.55859        1.00000       -1.86611
1a8q_.B99990016.pdb           1299.97559   -31835.15820   -28325.83203        1.00000       -1.89989
1a8q_.B99990017.pdb           1229.00330   -31538.70898   -27942.39648        1.00000       -1.82327
1a8q_.B99990018.pdb           1298.22595   -31618.67188   -28216.29688        1.00000       -1.84394
1a8q_.B99990019.pdb           1287.67590   -31471.99609   -27808.07617        1.00000       -1.80603
1a8q_.B99990020.pdb           1242.62878   -31818.65039   -28428.03906        1.00000       -1.89563
1a8q_.B99990021.pdb           1279.41016   -31343.19531   -28142.60938        1.00000       -1.77274
1a8q_.B99990022.pdb           1236.37634   -31432.73242   -28050.76562        1.00000       -1.79588
1a8q_.B99990023.pdb           1236.17200   -31582.28320   -28210.13281        1.00000       -1.83453
1a8q_.B99990024.pdb           1284.72852   -31533.13867   -28078.74609        1.00000       -1.82183
1a8q_.B99990025.pdb           1313.24377   -31636.84766   -28527.13867        1.00000       -1.84864
1a8q_.B99990026.pdb           1216.58240   -31753.30664   -28513.63867        1.00000       -1.87874
1a8q_.B99990027.pdb           1260.46655   -31704.32617   -28574.73828        1.00000       -1.86608
1a8q_.B99990028.pdb           1242.93909   -31332.75391   -27316.33008        1.00000       -1.77004
1a8q_.B99990029.pdb           1250.25439   -31407.11523   -27684.36133        1.00000       -1.78926
1a8q_.B99990030.pdb           1218.14307   -31617.19141   -28170.81250        1.00000       -1.84356
1a8q_.B99990031.pdb           1282.96667   -31734.73047   -28267.07227        1.00000       -1.87394
1a8q_.B99990032.pdb           1378.30115   -31353.13867   -27397.48828        1.00000       -1.77531
1a8q_.B99990033.pdb           1334.85181   -31211.99609   -27669.91602        1.00000       -1.73882
1a8q_.B99990034.pdb           1251.96899   -31699.23242   -28188.14453        1.00000       -1.86476
1a8q_.B99990035.pdb           1253.04565   -31674.20898   -28001.72656        1.00000       -1.85829
1a8q_.B99990036.pdb           1253.08435   -31530.90039   -28023.41211        1.00000       -1.82125
1a8q_.B99990037.pdb           1275.03833   -31650.53320   -28794.09180        1.00000       -1.85217
1a8q_.B99990038.pdb           1274.90955   -31424.40820   -28019.53711        1.00000       -1.79373
1a8q_.B99990039.pdb           1234.14771   -31440.37109   -27966.25195        1.00000       -1.79785
1a8q_.B99990040.pdb           1333.42078   -31629.66992   -28588.93555        1.00000       -1.84678
1a8q_.B99990041.pdb           1336.31775   -31514.30469   -27845.52539        1.00000       -1.81696
1a8q_.B99990042.pdb           1234.77588   -31628.32227   -28522.01953        1.00000       -1.84643
1a8q_.B99990043.pdb           1335.37646   -31538.17773   -28020.33594        1.00000       -1.82313
1a8q_.B99990044.pdb           1269.31018   -31559.75977   -28191.62500        1.00000       -1.82871
1a8q_.B99990045.pdb           1295.78015   -31538.20703   -28109.24414        1.00000       -1.82314
1a8q_.B99990046.pdb           1240.21155   -31407.70898   -28023.56445        1.00000       -1.78941
1a8q_.B99990047.pdb           1205.92102   -31590.86914   -28368.33984        1.00000       -1.83675
1a8q_.B99990048.pdb           1420.70618   -31483.69727   -28239.58203        1.00000       -1.80905
1a8q_.B99990049.pdb           1363.83398   -31350.01758   -27627.12305        1.00000       -1.77450
1a8q_.B99990050.pdb           1374.29199   -31610.87500   -28054.02148        1.00000       -1.84192

>> Top model results:
molpdf: 1205.9210205078125 (file: 1a8q_.B99990047.pdb)
DOPE score: -31865.3046875 (file: 1a8q_.B99990012.pdb)
GA341 score: 1.0 (file: 1a8q_.B99990045.pdb)
Normalized DOPE score: -1.9076869777803316 (file: 1a8q_.B99990012.pdb)

##############################################################################################
>>Clustering results - Representative structure - AffinityPropagation
Cluster		File_Name
0		1a8q_.B99990002

>>Clustering results - Representative structure - DBSCAN
Cluster		File_Name
0		1a8q_.B99990031.pdb
1		1a8q_.B99990033.pdb

>>Clustering results - Representative structure - KMeans
Cluster		File_Name
0		1a8q_.B99990031.pdb
1		1a8q_.B99990033.pdb

>>Clustering results - Representative structure - MeanShift
Cluster		File_Name
0		1a8q_.B99990031.pdb
1		1a8q_.B99990033.pdb

>>Clustering results - Representative structure - SpectralClustering
Cluster		File_Name
0		1a8q_.B99990031.pdb
1		1a8q_.B99990033.pdb

>>Clustering results - Representative structure - Ward
Cluster		File_Name
0		1a8q_.B99990031.pdb
1		1a8q_.B99990033.pdb
##############################################################################################

##############################################################################################
>>Clustering results - Representative structure - AffinityPropagation
Cluster		File_Name
0		1a8q_.B99990005
1		1a8q_.B99990016
2		1a8q_.B99990034
3		1a8q_.B99990049
4		1a8q_.B99990050

>>Clustering results - Representative structure - DBSCAN
Cluster		File_Name
0		1a8q_.B99990005.pdb
1		1a8q_.B99990037.pdb
2		1a8q_.B99990050.pdb

>>Clustering results - Representative structure - KMeans
Cluster		File_Name
0		1a8q_.B99990014.pdb
1		1a8q_.B99990008.pdb

>>Clustering results - Representative structure - MeanShift
Cluster		File_Name
0		1a8q_.B99990014.pdb
1		1a8q_.B99990032.pdb
2		1a8q_.B99990008.pdb
3		1a8q_.B99990010.pdb

>>Clustering results - Representative structure - SpectralClustering
Cluster		File_Name
0		1a8q_.B99990014.pdb
1		1a8q_.B99990008.pdb

>>Clustering results - Representative structure - Ward
Cluster		File_Name
0		1a8q_.B99990014.pdb
1		1a8q_.B99990008.pdb
##############################################################################################