>> Summary of successfully produced model

Filename                          molpdf     DOPE score  DOPE-HR score    GA341 score Normalized DOPE score-----------------------------------------------------------------------------------------------------------
1a17_.B99990001.pdb           1185.63257    -9736.64160    -6910.84766        0.10480        1.65530
1a17_.B99990002.pdb           1168.34827    -9955.25000    -7323.53076        0.17179        1.55793
1a17_.B99990003.pdb           1245.56042   -10563.20703    -7674.30957        0.18686        1.28713
1a17_.B99990004.pdb           1139.23804   -10169.37793    -7679.97852        0.15239        1.46255
1a17_.B99990005.pdb           1348.68286   -10271.16895    -7041.34229        0.14828        1.41721
1a17_.B99990006.pdb           1246.89526   -10195.28125    -7822.89111        0.12728        1.45102
1a17_.B99990007.pdb           1204.53467   -10375.15430    -7388.21729        0.15531        1.37090
1a17_.B99990008.pdb           1121.74036   -10070.29980    -6913.61084        0.12068        1.50668
1a17_.B99990009.pdb           1247.79602    -9818.95410    -7397.16211        0.16993        1.61864
1a17_.B99990010.pdb           1430.68359    -9602.65234    -6796.62939        0.11879        1.71498
1a17_.B99990011.pdb           1346.77954   -10009.10449    -7396.51953        0.13316        1.53394
1a17_.B99990012.pdb           1111.67676    -9908.92676    -6885.12646        0.07471        1.57856
1a17_.B99990013.pdb           1151.21802    -9966.91016    -6928.83008        0.15615        1.55274
1a17_.B99990014.pdb           1186.54285    -9978.82910    -7024.95166        0.13919        1.54743
1a17_.B99990015.pdb           1138.83325   -10005.49023    -7247.59277        0.06592        1.53555
1a17_.B99990016.pdb           1093.80066   -10091.32910    -7345.66846        0.13466        1.49732
1a17_.B99990017.pdb           1193.23657    -9847.00293    -6636.89160        0.10015        1.60614
1a17_.B99990018.pdb           1171.10974    -9962.20312    -7130.45020        0.11022        1.55483
1a17_.B99990019.pdb           1107.28577   -10193.45508    -7304.42969        0.07677        1.45183
1a17_.B99990020.pdb           1294.32568   -10012.05176    -7336.74219        0.07553        1.53263
1a17_.B99990021.pdb           1296.96277    -9732.86230    -6323.96289        0.10582        1.65699
1a17_.B99990022.pdb           1539.83777    -9802.56250    -6498.20410        0.06301        1.62594
1a17_.B99990023.pdb           1094.23267   -10269.06250    -7972.90674        0.10538        1.41815
1a17_.B99990024.pdb           1190.61609   -10176.07910    -7543.43457        0.09260        1.45957
1a17_.B99990025.pdb           1201.89111    -9861.66992    -7309.98193        0.10767        1.59961
1a17_.B99990026.pdb           1089.25696   -10251.53711    -7194.32617        0.05562        1.42596
1a17_.B99990027.pdb           1167.25439   -10102.48828    -7395.31689        0.09528        1.49235
1a17_.B99990028.pdb           1076.70911   -10356.32520    -7697.10742        0.12727        1.37928
1a17_.B99990029.pdb           1211.21948   -10164.71875    -7808.97803        0.10931        1.46463
1a17_.B99990030.pdb           1073.18335    -9834.52148    -6990.39551        0.09233        1.61170
1a17_.B99990031.pdb           1261.16138   -10185.85742    -6818.51465        0.10197        1.45521
1a17_.B99990032.pdb           1200.34082   -10159.86914    -7210.82373        0.07548        1.46679
1a17_.B99990033.pdb           1184.01501   -10038.80566    -7324.94629        0.07516        1.52071
1a17_.B99990034.pdb           1081.25952   -10400.54590    -7720.69238        0.15590        1.35959
1a17_.B99990035.pdb           1219.43457   -10443.54980    -8207.33691        0.10322        1.34043
1a17_.B99990036.pdb           1171.06006   -10113.09277    -7290.31348        0.12794        1.48762
1a17_.B99990037.pdb           1104.39014    -9978.05469    -7053.94189        0.13916        1.54777
1a17_.B99990038.pdb           1105.52930    -9880.12988    -6520.70898        0.09023        1.59139
1a17_.B99990039.pdb           1133.29126   -10414.79199    -7605.01123        0.07983        1.35324
1a17_.B99990040.pdb           1175.08313    -9776.33105    -6713.18262        0.09077        1.63762
1a17_.B99990041.pdb           1376.79187    -9993.08887    -7086.82959        0.14336        1.54108
1a17_.B99990042.pdb           1185.57263    -9821.80664    -6845.29150        0.16473        1.61737
1a17_.B99990043.pdb           1188.45972   -10207.36328    -7491.02783        0.05407        1.44563
1a17_.B99990044.pdb           1095.80908   -10060.26660    -7395.99756        0.10025        1.51115
1a17_.B99990045.pdb           1168.57568   -10324.45020    -7385.38525        0.10917        1.39348
1a17_.B99990046.pdb           1312.76892   -10132.89551    -7555.83740        0.07952        1.47880
1a17_.B99990047.pdb           1144.33057   -10208.49805    -7149.26025        0.05230        1.44513
1a17_.B99990048.pdb           1122.73425    -9936.74219    -6883.63037        0.05970        1.56617
1a17_.B99990049.pdb           1152.71265   -10186.46289    -7542.59717        0.32075        1.45494
1a17_.B99990050.pdb           1193.38000   -10166.54980    -6958.27246        0.09413        1.46381

>> Top model results:
molpdf: 1073.183349609375 (file: 1a17_.B99990030.pdb)
DOPE score: -10563.20703125 (file: 1a17_.B99990003.pdb)
GA341 score: 0.052296608686447144 (file: 1a17_.B99990047.pdb)
Normalized DOPE score: 1.2871344745522288 (file: 1a17_.B99990003.pdb)

##############################################################################################
>>Clustering results - Representative structure - AffinityPropagation
Cluster		File_Name
0		1a17_.B99990020
1		1a17_.B99990046

>>Clustering results - Representative structure - DBSCAN
Cluster		File_Name
0		1a17_.B99990048.pdb
1		1a17_.B99990032.pdb
2		1a17_.B99990011.pdb

>>Clustering results - Representative structure - KMeans
Cluster		File_Name
0		1a17_.B99990046.pdb
1		1a17_.B99990024.pdb

>>Clustering results - Representative structure - MeanShift
Cluster		File_Name
0		1a17_.B99990046.pdb
1		1a17_.B99990024.pdb
2		1a17_.B99990020.pdb
3		1a17_.B99990050.pdb

>>Clustering results - Representative structure - SpectralClustering
Cluster		File_Name
0		1a17_.B99990046.pdb
1		1a17_.B99990024.pdb

>>Clustering results - Representative structure - Ward
Cluster		File_Name
0		1a17_.B99990046.pdb
1		1a17_.B99990024.pdb
##############################################################################################

##############################################################################################
>>Clustering results - Representative structure - AffinityPropagation
Cluster		File_Name
0		1a17_.B99990005
1		1a17_.B99990009
2		1a17_.B99990021
3		1a17_.B99990029
4		1a17_.B99990035
5		1a17_.B99990038
6		1a17_.B99990050

>>Clustering results - Representative structure - DBSCAN
Cluster		File_Name
0		1a17_.B99990031.pdb

>>Clustering results - Representative structure - KMeans
Cluster		File_Name
0		1a17_.B99990019.pdb
1		1a17_.B99990005.pdb
2		1a17_.B99990038.pdb
3		1a17_.B99990037.pdb
4		1a17_.B99990050.pdb
5		1a17_.B99990035.pdb
6		1a17_.B99990007.pdb
7		1a17_.B99990030.pdb
8		1a17_.B99990043.pdb
9		1a17_.B99990021.pdb

>>Clustering results - Representative structure - MeanShift
Cluster		File_Name
0		1a17_.B99990031.pdb

>>Clustering results - Representative structure - SpectralClustering
Cluster		File_Name
0		1a17_.B99990034.pdb
1		1a17_.B99990031.pdb
2		1a17_.B99990020.pdb
3		1a17_.B99990043.pdb
4		1a17_.B99990021.pdb
5		1a17_.B99990011.pdb
6		1a17_.B99990038.pdb
7		1a17_.B99990019.pdb
8		1a17_.B99990039.pdb
9		1a17_.B99990030.pdb

>>Clustering results - Representative structure - Ward
Cluster		File_Name
0		1a17_.B99990050.pdb
1		1a17_.B99990038.pdb
2		1a17_.B99990019.pdb
3		1a17_.B99990043.pdb
4		1a17_.B99990012.pdb
5		1a17_.B99990007.pdb
6		1a17_.B99990035.pdb
7		1a17_.B99990005.pdb
8		1a17_.B99990021.pdb
9		1a17_.B99990018.pdb
##############################################################################################