>> Summary of successfully produced model

Filename                          molpdf     DOPE score  DOPE-HR score    GA341 score Normalized DOPE score-----------------------------------------------------------------------------------------------------------
1arb_.B99990001.pdb           1346.90674   -25827.97656   -23112.84766        1.00000       -1.42315
1arb_.B99990002.pdb           1307.62659   -25819.41602   -23087.88672        1.00000       -1.42084
1arb_.B99990003.pdb           1331.59204   -25927.60547   -23340.98242        1.00000       -1.44998
1arb_.B99990004.pdb           1326.16638   -26081.78906   -23720.21875        1.00000       -1.49150
1arb_.B99990005.pdb           1430.90369   -25848.46094   -22892.95117        1.00000       -1.42866
1arb_.B99990006.pdb           1347.67786   -25683.16602   -22671.75000        1.00000       -1.38415
1arb_.B99990007.pdb           1358.37280   -25863.50195   -23296.38086        1.00000       -1.43272
1arb_.B99990008.pdb           1342.73145   -25964.28906   -23345.48438        1.00000       -1.45986
1arb_.B99990009.pdb           1278.93933   -25954.94531   -23225.41797        1.00000       -1.45734
1arb_.B99990010.pdb           1355.11292   -25900.41602   -23334.71875        1.00000       -1.44266
1arb_.B99990011.pdb           1278.01611   -25962.57031   -23585.96680        1.00000       -1.45939
1arb_.B99990012.pdb           1332.19897   -26011.33594   -23640.36719        1.00000       -1.47252
1arb_.B99990013.pdb           1345.18567   -25921.18945   -23469.05273        1.00000       -1.44825
1arb_.B99990014.pdb           1372.04504   -25828.38867   -23095.53711        1.00000       -1.42326
1arb_.B99990015.pdb           1518.50073   -25831.69141   -23125.59961        1.00000       -1.42415
1arb_.B99990016.pdb           1410.15210   -25976.39648   -23432.34570        1.00000       -1.46312
1arb_.B99990017.pdb           1324.32751   -25851.67188   -23151.36133        1.00000       -1.42953
1arb_.B99990018.pdb           1329.70471   -25935.30273   -23464.55859        1.00000       -1.45205
1arb_.B99990019.pdb           1449.65552   -25959.09570   -23318.19531        1.00000       -1.45846
1arb_.B99990020.pdb           1370.09448   -25822.45117   -23280.59961        1.00000       -1.42166
1arb_.B99990021.pdb           1391.92798   -25832.40625   -23338.94141        1.00000       -1.42434
1arb_.B99990022.pdb           1375.53979   -25798.75781   -23130.27734        1.00000       -1.41528
1arb_.B99990023.pdb           1341.71948   -25895.17773   -23193.41211        1.00000       -1.44125
1arb_.B99990024.pdb           1391.27722   -25856.07617   -23075.24219        1.00000       -1.43072
1arb_.B99990025.pdb           1366.58215   -25869.15039   -23062.10156        1.00000       -1.43424
1arb_.B99990026.pdb           1419.38525   -25711.43750   -22810.85742        1.00000       -1.39177
1arb_.B99990027.pdb           1413.99707   -25929.78516   -23253.34766        1.00000       -1.45056
1arb_.B99990028.pdb           1317.53088   -26078.09180   -23654.03320        1.00000       -1.49050
1arb_.B99990029.pdb           1376.24268   -25773.82031   -22876.07227        1.00000       -1.40857
1arb_.B99990030.pdb           1344.89075   -25905.74023   -23495.36523        1.00000       -1.44409
1arb_.B99990031.pdb           1341.51782   -25967.61719   -23328.21680        1.00000       -1.46075
1arb_.B99990032.pdb           1345.42285   -25869.66016   -23095.53906        1.00000       -1.43437
1arb_.B99990033.pdb           1383.62512   -25898.72852   -23160.45508        1.00000       -1.44220
1arb_.B99990034.pdb           1428.31909   -25927.04688   -23378.45898        1.00000       -1.44983
1arb_.B99990035.pdb           1398.81799   -25801.52930   -22673.47656        1.00000       -1.41603
1arb_.B99990036.pdb           1356.19519   -25992.33789   -23448.82422        1.00000       -1.46741
1arb_.B99990037.pdb           1320.96558   -25949.87891   -23475.26172        1.00000       -1.45598
1arb_.B99990038.pdb           1420.21094   -25751.13281   -22917.65234        1.00000       -1.40246
1arb_.B99990039.pdb           1344.21936   -25903.23633   -23545.07031        1.00000       -1.44342
1arb_.B99990040.pdb           1357.75110   -25887.85742   -23291.23047        1.00000       -1.43927
1arb_.B99990041.pdb           1324.82239   -25793.84570   -23080.61523        1.00000       -1.41396
1arb_.B99990042.pdb           1435.28650   -25808.90625   -22802.46484        1.00000       -1.41801
1arb_.B99990043.pdb           1321.41931   -25825.61328   -23111.10938        1.00000       -1.42251
1arb_.B99990044.pdb           1301.52686   -25962.87891   -23772.58398        1.00000       -1.45948
1arb_.B99990045.pdb           1330.46814   -25905.39648   -23295.66602        1.00000       -1.44400
1arb_.B99990046.pdb           1354.62073   -26019.29492   -23321.99609        1.00000       -1.47467
1arb_.B99990047.pdb           1466.97571   -25730.03320   -22849.57031        1.00000       -1.39677
1arb_.B99990048.pdb           1326.93262   -25948.38281   -23390.14844        1.00000       -1.45557
1arb_.B99990049.pdb           1384.03784   -25854.58203   -22832.20703        1.00000       -1.43031
1arb_.B99990050.pdb           1379.49414   -25622.95508   -22775.89453        1.00000       -1.36794

>> Top model results:
molpdf: 1278.01611328125 (file: 1arb_.B99990011.pdb)
DOPE score: -26081.7890625 (file: 1arb_.B99990004.pdb)
GA341 score: 1.0 (file: 1arb_.B99990037.pdb)
Normalized DOPE score: -1.4914963776504118 (file: 1arb_.B99990004.pdb)

##############################################################################################
>>Clustering results - Representative structure - AffinityPropagation
Cluster		File_Name
0		1arb_.B99990006

>>Clustering results - Representative structure - DBSCAN
Cluster		File_Name
0		1arb_.B99990007.pdb
1		1arb_.B99990049.pdb

>>Clustering results - Representative structure - KMeans
Cluster		File_Name
0		1arb_.B99990007.pdb
1		1arb_.B99990049.pdb

>>Clustering results - Representative structure - MeanShift
Cluster		File_Name
0		1arb_.B99990007.pdb
1		1arb_.B99990049.pdb

>>Clustering results - Representative structure - SpectralClustering
Cluster		File_Name
0		1arb_.B99990007.pdb
1		1arb_.B99990049.pdb

>>Clustering results - Representative structure - Ward
Cluster		File_Name
0		1arb_.B99990007.pdb
1		1arb_.B99990049.pdb
##############################################################################################

##############################################################################################
>>Clustering results - Representative structure - AffinityPropagation
Cluster		File_Name
0		1arb_.B99990012
1		1arb_.B99990019
2		1arb_.B99990031
3		1arb_.B99990032
4		1arb_.B99990038
5		1arb_.B99990047

>>Clustering results - Representative structure - DBSCAN
Cluster		File_Name
0		1arb_.B99990025.pdb
1		1arb_.B99990031.pdb
2		1arb_.B99990027.pdb
3		1arb_.B99990021.pdb

>>Clustering results - Representative structure - KMeans
Cluster		File_Name
0		1arb_.B99990040.pdb
1		1arb_.B99990049.pdb

>>Clustering results - Representative structure - MeanShift
Cluster		File_Name
0		1arb_.B99990040.pdb
1		1arb_.B99990047.pdb
2		1arb_.B99990045.pdb

>>Clustering results - Representative structure - SpectralClustering
Cluster		File_Name
0		1arb_.B99990044.pdb
1		1arb_.B99990031.pdb
2		1arb_.B99990047.pdb
3		1arb_.B99990029.pdb
4		1arb_.B99990028.pdb
5		1arb_.B99990006.pdb
6		1arb_.B99990024.pdb
7		1arb_.B99990045.pdb
8		1arb_.B99990042.pdb
9		1arb_.B99990040.pdb

>>Clustering results - Representative structure - Ward
Cluster		File_Name
0		1arb_.B99990024.pdb
1		1arb_.B99990047.pdb
2		1arb_.B99990031.pdb
3		1arb_.B99990029.pdb
4		1arb_.B99990045.pdb
5		1arb_.B99990044.pdb
6		1arb_.B99990040.pdb
7		1arb_.B99990042.pdb
8		1arb_.B99990006.pdb
9		1arb_.B99990028.pdb
##############################################################################################