>> Summary of successfully produced model

Filename                          molpdf     DOPE score  DOPE-HR score    GA341 score Normalized DOPE score-----------------------------------------------------------------------------------------------------------
1a8i_.B99990001.pdb           7211.60205   -99750.17969   -87115.41406        1.00000       -1.01296
1a8i_.B99990002.pdb           6915.73730  -100117.95312   -87415.39844        1.00000       -1.04504
1a8i_.B99990003.pdb           7074.88037   -99918.46094   -86796.55469        1.00000       -1.02764
1a8i_.B99990004.pdb           7124.34277   -99670.92188   -87071.85938        1.00000       -1.00605
1a8i_.B99990005.pdb           7155.32373   -99771.23438   -87151.28125        1.00000       -1.01480
1a8i_.B99990006.pdb           7230.24170   -99984.45312   -87438.44531        1.00000       -1.03339
1a8i_.B99990007.pdb           6997.40967  -100054.99219   -87365.89062        1.00000       -1.03955
1a8i_.B99990008.pdb           7006.54492  -100031.25000   -87066.79688        1.00000       -1.03748
1a8i_.B99990009.pdb           7082.46680   -99601.42188   -86726.05469        1.00000       -0.99999
1a8i_.B99990010.pdb           7089.55664   -99743.76562   -86811.08594        1.00000       -1.01240
1a8i_.B99990011.pdb           6947.07129   -99967.97656   -87110.87500        1.00000       -1.03196
1a8i_.B99990012.pdb           7049.02539  -100017.14844   -87373.95312        1.00000       -1.03625
1a8i_.B99990013.pdb           6943.09473  -100342.34375   -87920.73438        1.00000       -1.06461
1a8i_.B99990014.pdb           7122.46631  -100018.99219   -87439.23438        1.00000       -1.03641
1a8i_.B99990015.pdb           7040.57227  -100164.25000   -88144.89844        1.00000       -1.04908
1a8i_.B99990016.pdb           7102.34473  -100131.91406   -87522.20312        1.00000       -1.04626
1a8i_.B99990017.pdb           7221.45605   -99610.69531   -86323.97656        1.00000       -1.00080
1a8i_.B99990018.pdb           7100.94531  -100060.01562   -87755.25781        1.00000       -1.03998
1a8i_.B99990019.pdb           7538.98291   -99735.35156   -86479.03125        1.00000       -1.01167
1a8i_.B99990020.pdb           7270.16699   -99960.64062   -87000.42188        1.00000       -1.03132
1a8i_.B99990021.pdb           7077.64502   -99574.17969   -86492.95312        1.00000       -0.99761
1a8i_.B99990022.pdb           7072.69727   -99907.46094   -87217.72656        1.00000       -1.02668
1a8i_.B99990023.pdb           7200.39502   -99790.26562   -86331.05469        1.00000       -1.01646
1a8i_.B99990024.pdb           6984.09766   -99888.81250   -86641.33594        1.00000       -1.02505
1a8i_.B99990025.pdb           7272.98242   -99541.03906   -86488.70312        1.00000       -0.99472
1a8i_.B99990026.pdb           7186.80859   -99452.33594   -86292.85938        1.00000       -0.98698
1a8i_.B99990027.pdb           7251.60547   -99668.19531   -86957.82031        1.00000       -1.00581
1a8i_.B99990028.pdb           7938.18115   -99187.94531   -85728.64844        1.00000       -0.96392
1a8i_.B99990029.pdb           7168.09717   -99928.30469   -86868.32031        1.00000       -1.02850
1a8i_.B99990030.pdb           7015.46387  -100045.53125   -87608.42969        1.00000       -1.03872
1a8i_.B99990031.pdb           6998.76758  -100053.81250   -87227.53906        1.00000       -1.03944
1a8i_.B99990032.pdb           6977.98145   -99802.44531   -86701.32031        1.00000       -1.01752
1a8i_.B99990033.pdb           7096.66016  -100017.92969   -87323.57031        1.00000       -1.03631
1a8i_.B99990034.pdb           7034.31885   -99847.88281   -86970.34375        1.00000       -1.02148
1a8i_.B99990035.pdb           6995.11279   -99707.39844   -87372.99219        1.00000       -1.00923
1a8i_.B99990036.pdb           6961.38330  -100100.75781   -88049.78906        1.00000       -1.04354
1a8i_.B99990037.pdb           7427.17920   -99236.68750   -85653.03906        1.00000       -0.96818
1a8i_.B99990038.pdb           6867.71582   -99744.99219   -87083.40625        1.00000       -1.01251
1a8i_.B99990039.pdb           7103.19141   -99890.64062   -87114.32812        1.00000       -1.02521
1a8i_.B99990040.pdb           7017.13672   -99657.32812   -86646.51562        1.00000       -1.00486
1a8i_.B99990041.pdb           7206.24854   -99695.10156   -87243.64062        1.00000       -1.00816
1a8i_.B99990042.pdb           7006.00000  -100174.89062   -87566.78125        1.00000       -1.05000
1a8i_.B99990043.pdb           7074.43018   -99616.76562   -86437.42969        1.00000       -1.00133
1a8i_.B99990044.pdb           7295.63867   -99569.89062   -86366.51562        1.00000       -0.99724
1a8i_.B99990045.pdb           7181.60742   -99675.34375   -86608.89062        1.00000       -1.00643
1a8i_.B99990046.pdb           7227.57227   -99821.16406   -86513.39062        1.00000       -1.01915
1a8i_.B99990047.pdb           7282.74561  -100290.30469   -87985.75000        1.00000       -1.06007
1a8i_.B99990048.pdb           6903.06934  -100086.76562   -87729.37500        1.00000       -1.04232
1a8i_.B99990049.pdb           7170.94922   -99753.17969   -87278.92969        1.00000       -1.01322
1a8i_.B99990050.pdb           7281.82520   -99529.46875   -86369.01562        1.00000       -0.99371

>> Top model results:
molpdf: 6867.7158203125 (file: 1a8i_.B99990038.pdb)
DOPE score: -100342.34375 (file: 1a8i_.B99990013.pdb)
GA341 score: 1.0 (file: 1a8i_.B99990021.pdb)
Normalized DOPE score: -1.0646092618914382 (file: 1a8i_.B99990013.pdb)

##############################################################################################
>>Clustering results - Representative structure - AffinityPropagation
Cluster		File_Name
0		1a8i_.B99990014

>>Clustering results - Representative structure - DBSCAN
Cluster		File_Name
0		1a8i_.B99990035.pdb
1		1a8i_.B99990028.pdb

>>Clustering results - Representative structure - KMeans
Cluster		File_Name
0		1a8i_.B99990025.pdb
1		1a8i_.B99990022.pdb

>>Clustering results - Representative structure - MeanShift
Cluster		File_Name
0		1a8i_.B99990022.pdb
1		1a8i_.B99990009.pdb
2		1a8i_.B99990028.pdb

>>Clustering results - Representative structure - SpectralClustering
Cluster		File_Name
0		1a8i_.B99990022.pdb
1		1a8i_.B99990025.pdb

>>Clustering results - Representative structure - Ward
Cluster		File_Name
0		1a8i_.B99990026.pdb
1		1a8i_.B99990022.pdb
##############################################################################################

##############################################################################################
>>Clustering results - Representative structure - AffinityPropagation
Cluster		File_Name
0		1a8i_.B99990002
1		1a8i_.B99990006
2		1a8i_.B99990019
3		1a8i_.B99990037
4		1a8i_.B99990038
5		1a8i_.B99990046

>>Clustering results - Representative structure - DBSCAN
Cluster		File_Name
0		1a8i_.B99990024.pdb

>>Clustering results - Representative structure - KMeans
Cluster		File_Name
0		1a8i_.B99990009.pdb
1		1a8i_.B99990006.pdb

>>Clustering results - Representative structure - MeanShift
Cluster		File_Name
0		1a8i_.B99990006.pdb
1		1a8i_.B99990009.pdb
2		1a8i_.B99990028.pdb
3		1a8i_.B99990037.pdb

>>Clustering results - Representative structure - SpectralClustering
Cluster		File_Name
0		1a8i_.B99990006.pdb
1		1a8i_.B99990019.pdb

>>Clustering results - Representative structure - Ward
Cluster		File_Name
0		1a8i_.B99990006.pdb
1		1a8i_.B99990019.pdb
##############################################################################################