>> Summary of successfully produced model

Filename                          molpdf     DOPE score  DOPE-HR score    GA341 score Normalized DOPE score-----------------------------------------------------------------------------------------------------------
1awj_.B99990001.pdb            400.02460    -5408.92236    -4302.21533        1.00000       -0.52189
1awj_.B99990002.pdb            399.58450    -5560.83154    -4431.52393        1.00000       -0.66161
1awj_.B99990003.pdb            427.85428    -5612.32812    -4539.15234        1.00000       -0.70898
1awj_.B99990004.pdb            374.91391    -5505.66064    -4388.40479        1.00000       -0.61087
1awj_.B99990005.pdb            421.53720    -5506.39160    -4410.35156        1.00000       -0.61154
1awj_.B99990006.pdb            418.24600    -5455.61914    -4127.51318        1.00000       -0.56484
1awj_.B99990007.pdb            435.71701    -5518.92920    -4393.17236        1.00000       -0.62307
1awj_.B99990008.pdb            422.51639    -5563.36768    -4339.81836        1.00000       -0.66394
1awj_.B99990009.pdb            386.28836    -5394.37598    -4130.44824        1.00000       -0.50851
1awj_.B99990010.pdb            409.71606    -5501.69922    -4294.66553        1.00000       -0.60722
1awj_.B99990011.pdb            542.74939    -5475.00977    -4053.54028        1.00000       -0.58268
1awj_.B99990012.pdb            387.82108    -5526.23389    -4428.36914        1.00000       -0.62979
1awj_.B99990013.pdb            434.70572    -5471.18018    -4212.16064        1.00000       -0.57915
1awj_.B99990014.pdb            408.31558    -5472.64746    -4452.52979        1.00000       -0.58050
1awj_.B99990015.pdb            445.05042    -5522.21973    -4424.38721        1.00000       -0.62610
1awj_.B99990016.pdb            389.21609    -5552.30518    -4474.72705        1.00000       -0.65377
1awj_.B99990017.pdb            568.10919    -5320.21631    -3957.91870        1.00000       -0.44030
1awj_.B99990018.pdb            404.87451    -5581.89209    -4357.01709        1.00000       -0.68098
1awj_.B99990019.pdb            466.23315    -5452.00244    -4152.72510        1.00000       -0.56152
1awj_.B99990020.pdb            463.61230    -5554.51807    -4441.10156        1.00000       -0.65580
1awj_.B99990021.pdb            393.51862    -5521.79736    -4467.40283        1.00000       -0.62571
1awj_.B99990022.pdb            408.13199    -5443.40674    -4160.09277        1.00000       -0.55361
1awj_.B99990023.pdb            467.69504    -5515.10498    -4395.63184        1.00000       -0.61955
1awj_.B99990024.pdb            384.62036    -5511.63525    -4449.95166        1.00000       -0.61636
1awj_.B99990025.pdb            406.63281    -5471.14014    -4333.55371        1.00000       -0.57912
1awj_.B99990026.pdb            433.44418    -5491.71436    -4230.29932        1.00000       -0.59804
1awj_.B99990027.pdb            434.12601    -5434.35498    -4029.23340        1.00000       -0.54528
1awj_.B99990028.pdb            402.25909    -5527.32129    -4360.05176        1.00000       -0.63079
1awj_.B99990029.pdb            374.71350    -5404.45312    -4371.59961        1.00000       -0.51778
1awj_.B99990030.pdb            425.10910    -5480.53662    -4414.17188        1.00000       -0.58776
1awj_.B99990031.pdb            430.94153    -5372.33594    -4091.57251        1.00000       -0.48824
1awj_.B99990032.pdb            440.24078    -5479.13428    -4219.73926        1.00000       -0.58647
1awj_.B99990033.pdb            478.95529    -5356.34961    -4132.28369        1.00000       -0.47354
1awj_.B99990034.pdb            423.69669    -5429.62061    -4078.04614        1.00000       -0.54093
1awj_.B99990035.pdb            384.05994    -5538.64014    -4330.46143        1.00000       -0.64120
1awj_.B99990036.pdb            418.23047    -5563.23389    -4466.27588        1.00000       -0.66382
1awj_.B99990037.pdb            422.27133    -5474.10400    -4360.63379        1.00000       -0.58184
1awj_.B99990038.pdb            379.46283    -5554.57275    -4393.01611        1.00000       -0.65586
1awj_.B99990039.pdb            413.49094    -5427.02783    -4257.33594        1.00000       -0.53854
1awj_.B99990040.pdb            392.35657    -5556.88184    -4312.86279        1.00000       -0.65798
1awj_.B99990041.pdb            388.25418    -5546.98926    -4413.70312        1.00000       -0.64888
1awj_.B99990042.pdb            440.16333    -5506.48779    -4413.57617        1.00000       -0.61163
1awj_.B99990043.pdb            439.99460    -5521.36816    -4268.15430        1.00000       -0.62531
1awj_.B99990044.pdb            413.55145    -5531.39551    -4512.75000        1.00000       -0.63454
1awj_.B99990045.pdb            441.39331    -5445.82129    -4196.01318        1.00000       -0.55583
1awj_.B99990046.pdb            413.00870    -5447.65430    -4291.10059        1.00000       -0.55752
1awj_.B99990047.pdb            550.77863    -5322.37256    -3973.12964        1.00000       -0.44229
1awj_.B99990048.pdb            426.36429    -5514.66846    -4428.99561        1.00000       -0.61915
1awj_.B99990049.pdb            402.04193    -5520.41260    -4264.85596        1.00000       -0.62444
1awj_.B99990050.pdb            386.37457    -5424.28906    -4258.61621        1.00000       -0.53603

>> Top model results:
molpdf: 374.7135009765625 (file: 1awj_.B99990029.pdb)
DOPE score: -5612.328125 (file: 1awj_.B99990003.pdb)
GA341 score: 1.0 (file: 1awj_.B99990006.pdb)
Normalized DOPE score: -0.7089762667506018 (file: 1awj_.B99990003.pdb)

##############################################################################################
>>Clustering results - Representative structure - AffinityPropagation
Cluster		File_Name
0		1awj_.B99990017
1		1awj_.B99990037
2		1awj_.B99990038
3		1awj_.B99990047

>>Clustering results - Representative structure - DBSCAN
Cluster		File_Name
0		1awj_.B99990042.pdb
1		1awj_.B99990013.pdb

>>Clustering results - Representative structure - KMeans
Cluster		File_Name
0		1awj_.B99990042.pdb
1		1awj_.B99990017.pdb

>>Clustering results - Representative structure - MeanShift
Cluster		File_Name
0		1awj_.B99990042.pdb
1		1awj_.B99990047.pdb
2		1awj_.B99990017.pdb
3		1awj_.B99990013.pdb
4		1awj_.B99990020.pdb

>>Clustering results - Representative structure - SpectralClustering
Cluster		File_Name
0		1awj_.B99990042.pdb
1		1awj_.B99990017.pdb

>>Clustering results - Representative structure - Ward
Cluster		File_Name
0		1awj_.B99990042.pdb
1		1awj_.B99990017.pdb
##############################################################################################

##############################################################################################
>>Clustering results - Representative structure - AffinityPropagation
Cluster		File_Name
0		1awj_.B99990001
1		1awj_.B99990002
2		1awj_.B99990005
3		1awj_.B99990008
4		1awj_.B99990017
5		1awj_.B99990019
6		1awj_.B99990047

>>Clustering results - Representative structure - DBSCAN
Cluster		File_Name
0		1awj_.B99990048.pdb
1		1awj_.B99990026.pdb

>>Clustering results - Representative structure - KMeans
Cluster		File_Name
0		1awj_.B99990028.pdb
1		1awj_.B99990019.pdb
2		1awj_.B99990001.pdb
3		1awj_.B99990047.pdb
4		1awj_.B99990008.pdb

>>Clustering results - Representative structure - MeanShift
Cluster		File_Name
0		1awj_.B99990007.pdb
1		1awj_.B99990032.pdb
2		1awj_.B99990047.pdb
3		1awj_.B99990027.pdb
4		1awj_.B99990020.pdb

>>Clustering results - Representative structure - SpectralClustering
Cluster		File_Name
0		1awj_.B99990042.pdb
1		1awj_.B99990047.pdb

>>Clustering results - Representative structure - Ward
Cluster		File_Name
0		1awj_.B99990042.pdb
1		1awj_.B99990047.pdb
##############################################################################################