>> Summary of successfully produced model

Filename                          molpdf     DOPE score  DOPE-HR score    GA341 score Normalized DOPE score-----------------------------------------------------------------------------------------------------------
1aru_.B99990001.pdb           1812.38818   -35184.61719   -31222.38086        1.00000       -1.15173
1aru_.B99990002.pdb           1636.59363   -35771.98047   -32273.49414        1.00000       -1.27553
1aru_.B99990003.pdb           1729.67639   -35497.60938   -31795.35352        1.00000       -1.21770
1aru_.B99990004.pdb           1729.33362   -35668.01953   -32280.36719        1.00000       -1.25362
1aru_.B99990005.pdb           1543.42822   -35333.87109   -31820.84375        1.00000       -1.18319
1aru_.B99990006.pdb           1755.44287   -35393.36328   -31724.77930        1.00000       -1.19573
1aru_.B99990007.pdb           1835.69287   -35408.75391   -31534.68750        1.00000       -1.19897
1aru_.B99990008.pdb           1515.42664   -35493.66016   -32202.98438        1.00000       -1.21687
1aru_.B99990009.pdb           1604.00305   -35647.86328   -32090.94531        1.00000       -1.24937
1aru_.B99990010.pdb           1706.57288   -35571.98828   -32072.38867        1.00000       -1.23338
1aru_.B99990011.pdb           1529.68201   -35286.96875   -31842.79883        1.00000       -1.17330
1aru_.B99990012.pdb           1534.07251   -35653.80469   -32174.14062        1.00000       -1.25062
1aru_.B99990013.pdb           1521.20410   -35471.38672   -32007.35547        1.00000       -1.21217
1aru_.B99990014.pdb           1605.24695   -35661.07812   -32409.62695        1.00000       -1.25216
1aru_.B99990015.pdb           1651.53162   -35611.71484   -32082.34766        1.00000       -1.24175
1aru_.B99990016.pdb           1601.89832   -35433.04297   -32024.71484        1.00000       -1.20409
1aru_.B99990017.pdb           1643.06177   -35517.44531   -31993.55664        1.00000       -1.22188
1aru_.B99990018.pdb           1497.09595   -35749.89453   -32812.01953        1.00000       -1.27088
1aru_.B99990019.pdb           1581.16040   -35786.14844   -32211.28906        1.00000       -1.27852
1aru_.B99990020.pdb           1760.34363   -35476.21875   -32251.74609        1.00000       -1.21319
1aru_.B99990021.pdb           1501.04065   -35665.39844   -32377.09766        1.00000       -1.25307
1aru_.B99990022.pdb           1514.42969   -35703.18359   -32422.48242        1.00000       -1.26103
1aru_.B99990023.pdb           1527.02441   -35406.76562   -31978.80664        1.00000       -1.19855
1aru_.B99990024.pdb           1723.41394   -35530.44531   -32257.44336        1.00000       -1.22462
1aru_.B99990025.pdb           1583.70312   -35586.57031   -32410.31250        1.00000       -1.23645
1aru_.B99990026.pdb           1594.93188   -35591.41016   -32493.55859        1.00000       -1.23747
1aru_.B99990027.pdb           1513.66138   -35600.47266   -32227.77539        1.00000       -1.23938
1aru_.B99990028.pdb           1552.00781   -35691.37500   -32221.85742        1.00000       -1.25854
1aru_.B99990029.pdb           1633.32935   -35606.55469   -32260.12305        1.00000       -1.24066
1aru_.B99990030.pdb           1624.16406   -35517.53516   -32204.34961        1.00000       -1.22190
1aru_.B99990031.pdb           1509.39441   -35601.99219   -32448.65039        1.00000       -1.23970
1aru_.B99990032.pdb           1658.12354   -35477.43359   -32036.76172        1.00000       -1.21345
1aru_.B99990033.pdb           1760.61914   -35242.80859   -31527.95508        1.00000       -1.16399
1aru_.B99990034.pdb           1641.78418   -35471.40625   -32070.49414        1.00000       -1.21218
1aru_.B99990035.pdb           1650.76917   -35248.11328   -31661.27148        1.00000       -1.16511
1aru_.B99990036.pdb           1538.59216   -35866.64453   -32637.98047        1.00000       -1.29549
1aru_.B99990037.pdb           1777.20654   -35712.57031   -32387.26758        1.00000       -1.26301
1aru_.B99990038.pdb           1580.46558   -35366.59766   -31561.32812        1.00000       -1.19009
1aru_.B99990039.pdb           1709.19751   -35717.90234   -32039.34180        1.00000       -1.26413
1aru_.B99990040.pdb           1565.50354   -35615.62109   -32434.22070        1.00000       -1.24258
1aru_.B99990041.pdb           1614.15369   -35542.41797   -32095.51953        1.00000       -1.22715
1aru_.B99990042.pdb           1565.60706   -35795.25391   -32660.12109        1.00000       -1.28044
1aru_.B99990043.pdb           1526.17651   -35662.36328   -32475.72266        1.00000       -1.25243
1aru_.B99990044.pdb           1566.70276   -35488.64453   -32031.14648        1.00000       -1.21581
1aru_.B99990045.pdb           1962.94434   -35633.04297   -31942.29883        1.00000       -1.24625
1aru_.B99990046.pdb           1580.38123   -35553.28516   -31942.14648        1.00000       -1.22944
1aru_.B99990047.pdb           1562.78955   -35827.59766   -32636.49805        1.00000       -1.28726
1aru_.B99990048.pdb           1634.75867   -35352.76172   -32171.21875        1.00000       -1.18717
1aru_.B99990049.pdb           1510.34045   -35901.48047   -32777.25391        1.00000       -1.30283
1aru_.B99990050.pdb           1614.53442   -35571.67578   -32019.96289        1.00000       -1.23331

>> Top model results:
molpdf: 1497.095947265625 (file: 1aru_.B99990018.pdb)
DOPE score: -35901.48046875 (file: 1aru_.B99990049.pdb)
GA341 score: 1.0 (file: 1aru_.B99990029.pdb)
Normalized DOPE score: -1.3028287648817616 (file: 1aru_.B99990049.pdb)

##############################################################################################
>>Clustering results - Representative structure - AffinityPropagation
Cluster		File_Name
0		1aru_.B99990007
1		1aru_.B99990041

>>Clustering results - Representative structure - DBSCAN
Cluster		File_Name
0		1aru_.B99990040.pdb
1		1aru_.B99990034.pdb
2		1aru_.B99990030.pdb
3		1aru_.B99990007.pdb

>>Clustering results - Representative structure - KMeans
Cluster		File_Name
0		1aru_.B99990026.pdb
1		1aru_.B99990035.pdb

>>Clustering results - Representative structure - MeanShift
Cluster		File_Name
0		1aru_.B99990005.pdb
1		1aru_.B99990034.pdb
2		1aru_.B99990007.pdb
3		1aru_.B99990001.pdb
4		1aru_.B99990045.pdb

>>Clustering results - Representative structure - SpectralClustering
Cluster		File_Name
0		1aru_.B99990026.pdb
1		1aru_.B99990035.pdb

>>Clustering results - Representative structure - Ward
Cluster		File_Name
0		1aru_.B99990035.pdb
1		1aru_.B99990026.pdb
##############################################################################################

##############################################################################################
>>Clustering results - Representative structure - AffinityPropagation
Cluster		File_Name
0		1aru_.B99990001
1		1aru_.B99990005
2		1aru_.B99990006
3		1aru_.B99990024
4		1aru_.B99990040
5		1aru_.B99990045
6		1aru_.B99990047

>>Clustering results - Representative structure - DBSCAN
Cluster		File_Name
0		1aru_.B99990041.pdb

>>Clustering results - Representative structure - KMeans
Cluster		File_Name
0		1aru_.B99990050.pdb
1		1aru_.B99990048.pdb
2		1aru_.B99990019.pdb
3		1aru_.B99990007.pdb

>>Clustering results - Representative structure - MeanShift
Cluster		File_Name
0		1aru_.B99990015.pdb
1		1aru_.B99990007.pdb

>>Clustering results - Representative structure - SpectralClustering
Cluster		File_Name
0		1aru_.B99990017.pdb
1		1aru_.B99990014.pdb
2		1aru_.B99990005.pdb

>>Clustering results - Representative structure - Ward
Cluster		File_Name
0		1aru_.B99990050.pdb
1		1aru_.B99990019.pdb
2		1aru_.B99990048.pdb
3		1aru_.B99990007.pdb
##############################################################################################