>> Summary of successfully produced model

Filename                          molpdf     DOPE score  DOPE-HR score    GA341 score Normalized DOPE score-----------------------------------------------------------------------------------------------------------
1avqA.B99990001.pdb           1017.98932   -20466.55469   -18158.10938        0.75310        0.44579
1avqA.B99990002.pdb           1073.09753   -20216.60742   -17854.14453        0.75838        0.52343
1avqA.B99990003.pdb           1001.10388   -20245.88477   -17599.21289        0.92636        0.51434
1avqA.B99990004.pdb           1057.42395   -20133.89844   -17151.13867        0.90443        0.54912
1avqA.B99990005.pdb           1028.16772   -20341.66602   -17645.97266        0.79033        0.48459
1avqA.B99990006.pdb           1064.42944   -20408.13281   -18347.28320        0.75669        0.46394
1avqA.B99990007.pdb           1073.80359   -20203.80078   -17591.63672        0.87506        0.52741
1avqA.B99990008.pdb           1202.95642   -20230.08398   -17053.23242        0.74226        0.51924
1avqA.B99990009.pdb           1101.72864   -20340.00781   -17789.95898        0.79821        0.48510
1avqA.B99990010.pdb           1099.01965   -20185.00781   -17343.13477        0.80469        0.53325
1avqA.B99990011.pdb           1141.70264   -20090.68359   -17330.67383        0.80750        0.56255
1avqA.B99990012.pdb           1136.63025   -20115.93164   -17306.05664        0.72706        0.55470
1avqA.B99990013.pdb           1084.84790   -20557.41016   -17884.46680        0.72789        0.41757
1avqA.B99990014.pdb           1160.82300   -20497.62109   -17832.24609        0.78287        0.43614
1avqA.B99990015.pdb           1017.73560   -20349.40625   -18102.31836        0.81023        0.48218
1avqA.B99990016.pdb           1032.56128   -20401.63477   -18227.86719        0.92545        0.46596
1avqA.B99990017.pdb           1045.88977   -20322.49414   -17524.90039        0.81824        0.49054
1avqA.B99990018.pdb           1071.30176   -20714.74023   -18413.00000        0.81729        0.36870
1avqA.B99990019.pdb           1065.59985   -20116.97852   -17556.62695        0.86893        0.55438
1avqA.B99990020.pdb           1051.88977   -20419.86523   -17739.11328        0.86620        0.46029
1avqA.B99990021.pdb           1164.63892   -20055.35352   -17250.97266        0.89894        0.57352
1avqA.B99990022.pdb           1151.86560   -20496.78320   -18069.48633        0.88338        0.43640
1avqA.B99990023.pdb           1057.33191   -20575.36523   -18180.00977        0.95086        0.41199
1avqA.B99990024.pdb           1096.78076   -20384.88477   -17593.61133        0.89134        0.47116
1avqA.B99990025.pdb           1151.28931   -20326.08203   -17984.98633        0.89832        0.48943
1avqA.B99990026.pdb           1165.24109   -20013.29883   -16799.74219        0.91011        0.58658
1avqA.B99990027.pdb           1062.48279   -20455.36328   -17707.71484        0.91322        0.44927
1avqA.B99990028.pdb           1196.63098   -20263.84961   -17020.64258        0.77956        0.50876
1avqA.B99990029.pdb           1239.77698   -20396.69922   -17575.20508        0.83960        0.46749
1avqA.B99990030.pdb           1013.85706   -20528.51367   -18413.71289        0.76265        0.42655
1avqA.B99990031.pdb           1109.51526   -20334.75000   -17934.85742        0.87434        0.48673
1avqA.B99990032.pdb           1053.26331   -20112.22266   -17889.28711        0.85289        0.55586
1avqA.B99990033.pdb           1061.51807   -19987.26953   -17137.98633        0.78516        0.59467
1avqA.B99990034.pdb           1127.17737   -20477.84180   -18138.44922        0.90744        0.44229
1avqA.B99990035.pdb           1108.52588   -20467.35938   -18323.08594        0.88196        0.44554
1avqA.B99990036.pdb           1037.38208   -20538.42383   -17796.74023        0.91981        0.42347
1avqA.B99990037.pdb           1129.27136   -20193.31641   -17461.99023        0.88815        0.53067
1avqA.B99990038.pdb           1073.38977   -20195.24609   -17692.96680        0.89324        0.53007
1avqA.B99990039.pdb           1249.24768   -19912.34570   -16834.87109        0.90714        0.61794
1avqA.B99990040.pdb           1120.67065   -19919.21484   -16866.41602        0.86966        0.61581
1avqA.B99990041.pdb           1024.60327   -20357.19531   -17539.79688        0.89000        0.47976
1avqA.B99990042.pdb           1200.88586   -20206.94336   -17386.33984        0.94364        0.52643
1avqA.B99990043.pdb           1113.09802   -20308.71875   -17472.64258        0.88294        0.49482
1avqA.B99990044.pdb           1070.66675   -20471.26172   -18079.45312        0.81804        0.44433
1avqA.B99990045.pdb           1027.41187   -20637.67773   -18285.02539        0.89675        0.39264
1avqA.B99990046.pdb           1063.17542   -20174.55078   -17668.70898        0.87695        0.53649
1avqA.B99990047.pdb           1133.82385   -19911.18359   -16394.56836        0.93308        0.61830
1avqA.B99990048.pdb           1075.24329   -20298.06055   -17957.13672        0.77917        0.49813
1avqA.B99990049.pdb           1105.84167   -20576.76172   -17820.48438        0.73601        0.41156
1avqA.B99990050.pdb           1106.13501   -20102.00391   -17089.53711        0.80984        0.55903

>> Top model results:
molpdf: 1001.1038818359375 (file: 1avqA.B99990003.pdb)
DOPE score: -20714.740234375 (file: 1avqA.B99990018.pdb)
GA341 score: 0.7270646095275879 (file: 1avqA.B99990012.pdb)
Normalized DOPE score: 0.36870061536263804 (file: 1avqA.B99990018.pdb)

##############################################################################################
>>Clustering results - Representative structure - AffinityPropagation
Cluster		File_Name
0		1avqA.B99990003
1		1avqA.B99990021

>>Clustering results - Representative structure - DBSCAN
Cluster		File_Name
0		1avqA.B99990005.pdb
1		1avqA.B99990003.pdb
2		1avqA.B99990016.pdb
3		1avqA.B99990012.pdb

>>Clustering results - Representative structure - KMeans
Cluster		File_Name
0		1avqA.B99990030.pdb
1		1avqA.B99990040.pdb
2		1avqA.B99990016.pdb
3		1avqA.B99990041.pdb
4		1avqA.B99990038.pdb
5		1avqA.B99990037.pdb
6		1avqA.B99990021.pdb
7		1avqA.B99990015.pdb
8		1avqA.B99990008.pdb
9		1avqA.B99990012.pdb

>>Clustering results - Representative structure - MeanShift
Cluster		File_Name
0		1avqA.B99990025.pdb
1		1avqA.B99990021.pdb
2		1avqA.B99990043.pdb

>>Clustering results - Representative structure - SpectralClustering
Cluster		File_Name
0		1avqA.B99990043.pdb
1		1avqA.B99990050.pdb
2		1avqA.B99990035.pdb

>>Clustering results - Representative structure - Ward
Cluster		File_Name
0		1avqA.B99990038.pdb
1		1avqA.B99990042.pdb
2		1avqA.B99990041.pdb
3		1avqA.B99990016.pdb
4		1avqA.B99990040.pdb
5		1avqA.B99990030.pdb
6		1avqA.B99990037.pdb
7		1avqA.B99990015.pdb
##############################################################################################

##############################################################################################
>>Clustering results - Representative structure - AffinityPropagation
Cluster		File_Name
0		1avqA.B99990003
1		1avqA.B99990011
2		1avqA.B99990021
3		1avqA.B99990023
4		1avqA.B99990024
5		1avqA.B99990027
6		1avqA.B99990040

>>Clustering results - Representative structure - DBSCAN
Cluster		File_Name
0		1avqA.B99990003.pdb

>>Clustering results - Representative structure - KMeans
Cluster		File_Name
0		1avqA.B99990001.pdb
1		1avqA.B99990040.pdb
2		1avqA.B99990042.pdb
3		1avqA.B99990020.pdb
4		1avqA.B99990007.pdb
5		1avqA.B99990021.pdb

>>Clustering results - Representative structure - MeanShift
Cluster		File_Name
0		1avqA.B99990025.pdb
1		1avqA.B99990012.pdb

>>Clustering results - Representative structure - SpectralClustering
Cluster		File_Name
0		1avqA.B99990041.pdb
1		1avqA.B99990047.pdb
2		1avqA.B99990011.pdb
3		1avqA.B99990027.pdb
4		1avqA.B99990008.pdb
5		1avqA.B99990023.pdb
6		1avqA.B99990024.pdb

>>Clustering results - Representative structure - Ward
Cluster		File_Name
0		1avqA.B99990008.pdb
1		1avqA.B99990037.pdb
2		1avqA.B99990001.pdb
3		1avqA.B99990031.pdb
4		1avqA.B99990047.pdb
##############################################################################################