>> Summary of successfully produced model

Filename                          molpdf     DOPE score  DOPE-HR score    GA341 score Normalized DOPE score-----------------------------------------------------------------------------------------------------------
1akjD.B99990001.pdb            594.41138   -12109.56836   -11296.75781        1.00000       -1.28851
1akjD.B99990002.pdb            643.75464   -12159.37207   -11269.14258        1.00000       -1.31945
1akjD.B99990003.pdb            609.08472   -12162.74219   -11273.55371        1.00000       -1.32155
1akjD.B99990004.pdb            532.07190   -12140.48340   -11318.93555        1.00000       -1.30772
1akjD.B99990005.pdb            503.95535   -12158.71484   -11363.23633        1.00000       -1.31904
1akjD.B99990006.pdb            572.03345   -12161.27246   -11341.97949        1.00000       -1.32063
1akjD.B99990007.pdb            639.34882   -12148.13867   -11299.94629        1.00000       -1.31247
1akjD.B99990008.pdb            547.58710   -12230.19629   -11403.05469        1.00000       -1.36345
1akjD.B99990009.pdb            567.61566   -12146.61426   -11310.54980        1.00000       -1.31153
1akjD.B99990010.pdb            590.14032   -12113.68945   -11293.75488        1.00000       -1.29107
1akjD.B99990011.pdb            581.54602   -12120.21582   -11198.32812        1.00000       -1.29513
1akjD.B99990012.pdb            593.95642   -12198.82422   -11405.71777        1.00000       -1.34396
1akjD.B99990013.pdb            575.55353   -12112.18750   -11453.46973        1.00000       -1.29014
1akjD.B99990014.pdb            692.38629   -12059.07520   -11011.57227        1.00000       -1.25714
1akjD.B99990015.pdb            544.04407   -12184.81250   -11502.74316        1.00000       -1.33526
1akjD.B99990016.pdb            619.09674   -12121.49609   -11237.63672        1.00000       -1.29592
1akjD.B99990017.pdb            542.60718   -12195.08496   -11453.82617        1.00000       -1.34164
1akjD.B99990018.pdb            525.65515   -12088.66992   -11072.53809        1.00000       -1.27553
1akjD.B99990019.pdb            520.97607   -12137.61035   -11328.60547        1.00000       -1.30593
1akjD.B99990020.pdb            550.15601   -12200.89941   -11476.83301        1.00000       -1.34525
1akjD.B99990021.pdb            532.71423   -12258.35059   -11562.94043        1.00000       -1.38094
1akjD.B99990022.pdb            517.96033   -12128.53809   -11292.46582        1.00000       -1.30030
1akjD.B99990023.pdb            615.09174   -12098.75586   -11333.24219        1.00000       -1.28180
1akjD.B99990024.pdb            529.82166   -12152.26855   -11358.30762        1.00000       -1.31504
1akjD.B99990025.pdb            530.70074   -12159.41602   -11372.00977        1.00000       -1.31948
1akjD.B99990026.pdb            529.82001   -12130.25195   -11276.02441        1.00000       -1.30136
1akjD.B99990027.pdb            521.12811   -12136.83203   -11298.23926        1.00000       -1.30545
1akjD.B99990028.pdb            655.45886   -12060.08789   -11192.25098        1.00000       -1.25777
1akjD.B99990029.pdb            536.48315   -12126.33008   -11340.21582        1.00000       -1.29893
1akjD.B99990030.pdb            550.07446   -12122.56641   -11217.73730        1.00000       -1.29659
1akjD.B99990031.pdb            554.50446   -12102.96484   -11316.22070        1.00000       -1.28441
1akjD.B99990032.pdb            680.62988   -12085.90527   -11038.70020        1.00000       -1.27381
1akjD.B99990033.pdb            534.38800   -12167.69922   -11359.72656        1.00000       -1.32463
1akjD.B99990034.pdb            679.31848   -12105.96973   -11113.29297        1.00000       -1.28628
1akjD.B99990035.pdb            701.57318   -12219.03906   -11234.14062        1.00000       -1.35652
1akjD.B99990036.pdb            629.66840   -12034.15039   -11057.79199        1.00000       -1.24166
1akjD.B99990037.pdb            570.63422   -12202.88672   -11323.50586        1.00000       -1.34649
1akjD.B99990038.pdb            513.72620   -12184.79102   -11379.51172        1.00000       -1.33524
1akjD.B99990039.pdb            517.41974   -12178.67090   -11479.36621        1.00000       -1.33144
1akjD.B99990040.pdb            537.42072   -12141.93555   -11413.90820        1.00000       -1.30862
1akjD.B99990041.pdb            549.82709   -12175.34766   -11207.63867        1.00000       -1.32938
1akjD.B99990042.pdb            555.06586   -12110.94336   -11242.70020        1.00000       -1.28937
1akjD.B99990043.pdb            550.39404   -12207.28125   -11480.00488        1.00000       -1.34922
1akjD.B99990044.pdb            571.72235   -12094.89551   -11135.89648        1.00000       -1.27940
1akjD.B99990045.pdb            538.64502   -12086.03613   -11228.95801        1.00000       -1.27389
1akjD.B99990046.pdb            535.51068   -12149.15918   -11310.84277        1.00000       -1.31311
1akjD.B99990047.pdb            524.83569   -12196.80859   -11486.77246        1.00000       -1.34271
1akjD.B99990048.pdb            574.59784   -12076.49316   -11208.83008        1.00000       -1.26796
1akjD.B99990049.pdb            651.65485   -11962.68066   -10786.24707        1.00000       -1.19726
1akjD.B99990050.pdb            701.35443   -12142.41016   -11166.93164        1.00000       -1.30892

>> Top model results:
molpdf: 503.9553527832031 (file: 1akjD.B99990005.pdb)
DOPE score: -12258.3505859375 (file: 1akjD.B99990021.pdb)
GA341 score: 1.0 (file: 1akjD.B99990006.pdb)
Normalized DOPE score: -1.3809420292010295 (file: 1akjD.B99990021.pdb)

##############################################################################################
>>Clustering results - Representative structure - AffinityPropagation
Cluster		File_Name
0		1akjD.B99990013

>>Clustering results - Representative structure - DBSCAN
Cluster		File_Name
0		1akjD.B99990009.pdb
1		1akjD.B99990012.pdb

>>Clustering results - Representative structure - KMeans
Cluster		File_Name
0		1akjD.B99990013.pdb
1		1akjD.B99990012.pdb

>>Clustering results - Representative structure - MeanShift
Cluster		File_Name
0		1akjD.B99990045.pdb
1		1akjD.B99990028.pdb
2		1akjD.B99990043.pdb
3		1akjD.B99990035.pdb
4		1akjD.B99990007.pdb
5		1akjD.B99990002.pdb

>>Clustering results - Representative structure - SpectralClustering
Cluster		File_Name
0		1akjD.B99990009.pdb
1		1akjD.B99990012.pdb

>>Clustering results - Representative structure - Ward
Cluster		File_Name
0		1akjD.B99990013.pdb
1		1akjD.B99990012.pdb
##############################################################################################

##############################################################################################
>>Clustering results - Representative structure - AffinityPropagation
Cluster		File_Name
0		1akjD.B99990006
1		1akjD.B99990050

>>Clustering results - Representative structure - DBSCAN
Cluster		File_Name
0		1akjD.B99990029.pdb
1		1akjD.B99990026.pdb

>>Clustering results - Representative structure - KMeans
Cluster		File_Name
0		1akjD.B99990037.pdb
1		1akjD.B99990036.pdb
2		1akjD.B99990012.pdb
3		1akjD.B99990049.pdb
4		1akjD.B99990047.pdb
5		1akjD.B99990030.pdb
6		1akjD.B99990046.pdb
7		1akjD.B99990050.pdb
8		1akjD.B99990007.pdb
9		1akjD.B99990002.pdb

>>Clustering results - Representative structure - MeanShift
Cluster		File_Name
0		1akjD.B99990027.pdb
1		1akjD.B99990035.pdb
2		1akjD.B99990049.pdb
3		1akjD.B99990036.pdb
4		1akjD.B99990002.pdb

>>Clustering results - Representative structure - SpectralClustering
Cluster		File_Name
0		1akjD.B99990026.pdb
1		1akjD.B99990012.pdb

>>Clustering results - Representative structure - Ward
Cluster		File_Name
0		1akjD.B99990025.pdb
1		1akjD.B99990045.pdb
2		1akjD.B99990012.pdb
3		1akjD.B99990032.pdb
4		1akjD.B99990047.pdb
5		1akjD.B99990046.pdb
6		1akjD.B99990049.pdb
7		1akjD.B99990007.pdb
8		1akjD.B99990014.pdb
##############################################################################################