>> Summary of successfully produced model

Filename                          molpdf     DOPE score  DOPE-HR score    GA341 score Normalized DOPE score-----------------------------------------------------------------------------------------------------------
1ac6A.B99990001.pdb            631.99982   -10989.11816   -10459.22754        1.00000       -1.75499
1ac6A.B99990002.pdb            628.95062   -11006.67773   -10213.99023        1.00000       -1.76630
1ac6A.B99990003.pdb            598.39307   -11060.67676   -10399.02734        1.00000       -1.80106
1ac6A.B99990004.pdb            626.17932   -11122.83984   -10614.80762        1.00000       -1.84109
1ac6A.B99990005.pdb            921.50378   -10840.65918    -9875.49121        1.00000       -1.65941
1ac6A.B99990006.pdb            693.13641   -10921.54785   -10006.69629        1.00000       -1.71149
1ac6A.B99990007.pdb            667.61328   -10993.30957   -10360.40137        1.00000       -1.75769
1ac6A.B99990008.pdb            623.96375   -11059.65137   -10477.79199        1.00000       -1.80040
1ac6A.B99990009.pdb            656.63464   -11064.20020   -10340.80859        1.00000       -1.80333
1ac6A.B99990010.pdb            727.34290   -11111.69238   -10327.80371        1.00000       -1.83391
1ac6A.B99990011.pdb            663.96350   -11081.41602   -10401.05469        1.00000       -1.81442
1ac6A.B99990012.pdb            609.87341   -11034.66699   -10201.91016        1.00000       -1.78432
1ac6A.B99990013.pdb            629.73242   -11152.98828   -10702.35938        1.00000       -1.86050
1ac6A.B99990014.pdb            622.39978   -11039.87012   -10408.24316        1.00000       -1.78767
1ac6A.B99990015.pdb            625.81805   -11082.09473   -10477.30957        1.00000       -1.81485
1ac6A.B99990016.pdb            629.48816   -11014.27734   -10466.10645        1.00000       -1.77119
1ac6A.B99990017.pdb            660.86694   -11017.32910   -10297.18555        1.00000       -1.77315
1ac6A.B99990018.pdb            700.26080   -10891.12793    -9932.36523        1.00000       -1.69190
1ac6A.B99990019.pdb            714.09430   -11142.06055   -10437.28418        1.00000       -1.85346
1ac6A.B99990020.pdb            666.28094   -11053.64551   -10399.68164        1.00000       -1.79654
1ac6A.B99990021.pdb            717.98370   -11005.90430   -10238.79199        1.00000       -1.76580
1ac6A.B99990022.pdb            606.01917   -11009.04590   -10301.37500        1.00000       -1.76782
1ac6A.B99990023.pdb            671.74469   -10927.07520   -10138.45898        1.00000       -1.71505
1ac6A.B99990024.pdb            643.48425   -11107.59961   -10565.91992        1.00000       -1.83127
1ac6A.B99990025.pdb            628.56366   -10981.52051   -10271.67676        1.00000       -1.75010
1ac6A.B99990026.pdb            605.13831   -10957.90137   -10236.58301        1.00000       -1.73489
1ac6A.B99990027.pdb            608.52155   -11102.70117   -10382.76562        1.00000       -1.82812
1ac6A.B99990028.pdb            653.12817   -11008.62402   -10244.17871        1.00000       -1.76755
1ac6A.B99990029.pdb            651.72125   -11012.70801   -10261.79102        1.00000       -1.77018
1ac6A.B99990030.pdb            630.48364   -11067.50977   -10387.53906        1.00000       -1.80546
1ac6A.B99990031.pdb            634.89679   -11085.88184   -10345.21289        1.00000       -1.81729
1ac6A.B99990032.pdb            681.74689   -10999.03418   -10276.84570        1.00000       -1.76138
1ac6A.B99990033.pdb            681.40375   -11011.42480   -10239.21387        1.00000       -1.76935
1ac6A.B99990034.pdb            643.94733   -11002.42871   -10206.16992        1.00000       -1.76356
1ac6A.B99990035.pdb            609.99866   -11057.20410   -10438.75098        1.00000       -1.79883
1ac6A.B99990036.pdb            689.00537   -11059.50391   -10149.89258        1.00000       -1.80031
1ac6A.B99990037.pdb            738.16077   -10884.05859   -10013.24902        1.00000       -1.68735
1ac6A.B99990038.pdb            635.91071   -11011.78613   -10327.34277        1.00000       -1.76959
1ac6A.B99990039.pdb            639.38232   -10939.31738    -9884.85254        1.00000       -1.72293
1ac6A.B99990040.pdb            626.10980   -11036.54297   -10206.00488        1.00000       -1.78552
1ac6A.B99990041.pdb            601.11932   -11075.79492   -10444.41699        1.00000       -1.81080
1ac6A.B99990042.pdb            608.61969   -11120.45410   -10504.33496        1.00000       -1.83955
1ac6A.B99990043.pdb            699.35010   -10977.83398   -10036.57324        1.00000       -1.74773
1ac6A.B99990044.pdb            602.99902   -11034.51855   -10295.89062        1.00000       -1.78422
1ac6A.B99990045.pdb            685.85138   -10954.21875   -10038.26172        1.00000       -1.73252
1ac6A.B99990046.pdb            745.86523   -11084.75977   -10331.12109        1.00000       -1.81657
1ac6A.B99990047.pdb            623.14716   -11066.59766   -10406.79785        1.00000       -1.80487
1ac6A.B99990048.pdb            693.58514   -11107.02148   -10365.86523        1.00000       -1.83090
1ac6A.B99990049.pdb            619.84412   -10960.51953   -10175.06934        1.00000       -1.73658
1ac6A.B99990050.pdb            650.08331   -11018.62695   -10072.28809        1.00000       -1.77399

>> Top model results:
molpdf: 598.39306640625 (file: 1ac6A.B99990003.pdb)
DOPE score: -11152.98828125 (file: 1ac6A.B99990013.pdb)
GA341 score: 1.0 (file: 1ac6A.B99990029.pdb)
Normalized DOPE score: -1.8604956583209893 (file: 1ac6A.B99990013.pdb)

##############################################################################################
>>Clustering results - Representative structure - AffinityPropagation
Cluster		File_Name
0		1ac6A.B99990039

>>Clustering results - Representative structure - DBSCAN
Cluster		File_Name
0		1ac6A.B99990040.pdb
1		1ac6A.B99990017.pdb
2		1ac6A.B99990049.pdb
3		1ac6A.B99990005.pdb

>>Clustering results - Representative structure - KMeans
Cluster		File_Name
0		1ac6A.B99990040.pdb
1		1ac6A.B99990007.pdb

>>Clustering results - Representative structure - MeanShift
Cluster		File_Name
0		1ac6A.B99990020.pdb
1		1ac6A.B99990040.pdb
2		1ac6A.B99990005.pdb

>>Clustering results - Representative structure - SpectralClustering
Cluster		File_Name
0		1ac6A.B99990007.pdb
1		1ac6A.B99990040.pdb

>>Clustering results - Representative structure - Ward
Cluster		File_Name
0		1ac6A.B99990007.pdb
1		1ac6A.B99990040.pdb
##############################################################################################

##############################################################################################
>>Clustering results - Representative structure - AffinityPropagation
Cluster		File_Name
0		1ac6A.B99990038

>>Clustering results - Representative structure - DBSCAN
Cluster		File_Name
0		1ac6A.B99990029.pdb
1		1ac6A.B99990012.pdb

>>Clustering results - Representative structure - KMeans
Cluster		File_Name
0		1ac6A.B99990027.pdb
1		1ac6A.B99990006.pdb
2		1ac6A.B99990011.pdb
3		1ac6A.B99990005.pdb
4		1ac6A.B99990041.pdb
5		1ac6A.B99990018.pdb
6		1ac6A.B99990007.pdb
7		1ac6A.B99990026.pdb
8		1ac6A.B99990040.pdb
9		1ac6A.B99990013.pdb

>>Clustering results - Representative structure - MeanShift
Cluster		File_Name
0		1ac6A.B99990046.pdb
1		1ac6A.B99990014.pdb
2		1ac6A.B99990039.pdb
3		1ac6A.B99990005.pdb

>>Clustering results - Representative structure - SpectralClustering
Cluster		File_Name
0		1ac6A.B99990041.pdb
1		1ac6A.B99990031.pdb
2		1ac6A.B99990018.pdb
3		1ac6A.B99990026.pdb
4		1ac6A.B99990037.pdb
5		1ac6A.B99990007.pdb
6		1ac6A.B99990042.pdb
7		1ac6A.B99990016.pdb

>>Clustering results - Representative structure - Ward
Cluster		File_Name
0		1ac6A.B99990027.pdb
1		1ac6A.B99990006.pdb
2		1ac6A.B99990007.pdb
3		1ac6A.B99990011.pdb
4		1ac6A.B99990013.pdb
5		1ac6A.B99990041.pdb
6		1ac6A.B99990026.pdb
7		1ac6A.B99990040.pdb
8		1ac6A.B99990018.pdb
9		1ac6A.B99990005.pdb
##############################################################################################