>> Summary of successfully produced model

Filename                          molpdf     DOPE score  DOPE-HR score    GA341 score Normalized DOPE score-----------------------------------------------------------------------------------------------------------
1atx_.B99990001.pdb            224.81354    -1440.33044     -871.47321        0.00033        1.91822
1atx_.B99990002.pdb            171.60410    -1351.91516     -861.28894        0.00055        2.05435
1atx_.B99990003.pdb            167.76772    -1566.09009    -1309.14355        0.00023        1.72460
1atx_.B99990004.pdb            184.53003    -1331.26721     -620.94965        0.00026        2.08613
1atx_.B99990005.pdb            183.70535    -1560.51550     -805.57452        0.00032        1.73318
1atx_.B99990006.pdb            182.00786    -1528.05420    -1056.96375        0.00033        1.78316
1atx_.B99990007.pdb            225.38197    -1395.06116     -823.82788        0.00040        1.98792
1atx_.B99990008.pdb            202.14290    -1411.95520     -866.07202        0.00123        1.96191
1atx_.B99990009.pdb            170.64714    -1604.64734    -1008.42401        0.00321        1.66524
1atx_.B99990010.pdb            211.16133    -1497.44641    -1019.45239        0.00149        1.83029
1atx_.B99990011.pdb            205.69543    -1386.84229     -738.71790        0.00016        2.00057
1atx_.B99990012.pdb            233.44431    -1756.43298    -1328.94312        0.00062        1.43155
1atx_.B99990013.pdb            185.28096    -1652.93298    -1314.86414        0.00068        1.59090
1atx_.B99990014.pdb            178.46114    -1735.12817    -1233.17029        0.00037        1.46435
1atx_.B99990015.pdb            208.11264    -1409.61243     -747.02600        0.00044        1.96551
1atx_.B99990016.pdb            181.33763    -1577.87537    -1085.05542        0.00012        1.70646
1atx_.B99990017.pdb            205.95282    -1446.76343     -984.65125        0.00031        1.90832
1atx_.B99990018.pdb            165.49313    -1486.28003    -1095.11279        0.00088        1.84748
1atx_.B99990019.pdb            161.25740    -1554.02820    -1160.00952        0.00108        1.74317
1atx_.B99990020.pdb            181.73024    -1417.53564    -1024.12158        0.00019        1.95332
1atx_.B99990021.pdb            184.53273    -1571.75415     -954.37268        0.00064        1.71588
1atx_.B99990022.pdb            186.85109    -1571.82849    -1239.96399        0.00003        1.71577
1atx_.B99990023.pdb            168.07726    -1385.49585     -912.62793        0.00033        2.00264
1atx_.B99990024.pdb            188.37740    -1459.55823    -1004.31219        0.00059        1.88862
1atx_.B99990025.pdb            199.13179    -1296.65076     -649.03894        0.00029        2.13943
1atx_.B99990026.pdb            182.52045    -1440.16846    -1119.73865        0.00009        1.91847
1atx_.B99990027.pdb            196.71170    -1640.46033    -1172.52930        0.00039        1.61010
1atx_.B99990028.pdb            210.77582    -1413.67188     -904.90167        0.00034        1.95926
1atx_.B99990029.pdb            167.13562    -1399.77234     -910.76550        0.00139        1.98066
1atx_.B99990030.pdb            184.04172    -1499.75439    -1064.60718        0.00008        1.82673
1atx_.B99990031.pdb            179.30006    -1524.39526    -1025.67322        0.00023        1.78879
1atx_.B99990032.pdb            180.27353    -1342.98535     -787.88965        0.00033        2.06809
1atx_.B99990033.pdb            240.63472    -1424.37097    -1040.21021        0.00065        1.94279
1atx_.B99990034.pdb            176.92958    -1486.56299     -871.68243        0.00003        1.84704
1atx_.B99990035.pdb            165.75571    -1454.03589    -1111.53931        0.00011        1.89712
1atx_.B99990036.pdb            168.95917    -1453.77637     -995.68390        0.00052        1.89752
1atx_.B99990037.pdb            201.58286    -1491.02063     -975.62097        0.00265        1.84018
1atx_.B99990038.pdb            177.19614    -1462.35034     -957.69037        0.00029        1.88432
1atx_.B99990039.pdb            185.10989    -1467.67798     -894.65057        0.00041        1.87612
1atx_.B99990040.pdb            173.90558    -1539.96497    -1033.29553        0.00189        1.76482
1atx_.B99990041.pdb            170.79794    -1604.85876    -1158.81018        0.00036        1.66491
1atx_.B99990042.pdb            185.91313    -1855.32947    -1409.78662        0.00155        1.27929
1atx_.B99990043.pdb            173.56427    -1414.35352     -951.81714        0.00045        1.95822
1atx_.B99990044.pdb            186.73236    -1427.29614     -945.65442        0.00040        1.93829
1atx_.B99990045.pdb            191.09810    -1442.75415    -1130.00049        0.00014        1.91449
1atx_.B99990046.pdb            190.42638    -1579.81836    -1286.36804        0.00065        1.70347
1atx_.B99990047.pdb            194.79515    -1449.93982    -1035.59827        0.00036        1.90343
1atx_.B99990048.pdb            199.65907    -1494.15308    -1055.53223        0.00149        1.83536
1atx_.B99990049.pdb            172.75795    -1310.72925     -956.26471        0.00008        2.11775
1atx_.B99990050.pdb            168.77776    -1445.43652    -1024.11694        0.00068        1.91036

>> Top model results:
molpdf: 161.2574005126953 (file: 1atx_.B99990019.pdb)
DOPE score: -1855.3294677734375 (file: 1atx_.B99990042.pdb)
GA341 score: 2.9508042644010857e-05 (file: 1atx_.B99990022.pdb)
Normalized DOPE score: 1.2792891844206093 (file: 1atx_.B99990042.pdb)

##############################################################################################
>>Clustering results - Representative structure - AffinityPropagation
Cluster		File_Name
0		1atx_.B99990002
1		1atx_.B99990007
2		1atx_.B99990013
3		1atx_.B99990016
4		1atx_.B99990047

>>Clustering results - Representative structure - DBSCAN
Cluster		File_Name
0		1atx_.B99990047.pdb
1		1atx_.B99990040.pdb
2		1atx_.B99990035.pdb

>>Clustering results - Representative structure - KMeans
Cluster		File_Name
0		1atx_.B99990010.pdb
1		1atx_.B99990048.pdb

>>Clustering results - Representative structure - MeanShift
Cluster		File_Name
0		1atx_.B99990010.pdb
1		1atx_.B99990048.pdb

>>Clustering results - Representative structure - SpectralClustering
Cluster		File_Name
0		1atx_.B99990010.pdb
1		1atx_.B99990048.pdb

>>Clustering results - Representative structure - Ward
Cluster		File_Name
0		1atx_.B99990010.pdb
1		1atx_.B99990048.pdb
##############################################################################################

##############################################################################################
>>Clustering results - Representative structure - AffinityPropagation
Cluster		File_Name
0		1atx_.B99990002
1		1atx_.B99990012
2		1atx_.B99990026
3		1atx_.B99990037
4		1atx_.B99990041

>>Clustering results - Representative structure - DBSCAN
Cluster		File_Name
0		1atx_.B99990024.pdb
1		1atx_.B99990028.pdb
2		1atx_.B99990018.pdb

>>Clustering results - Representative structure - KMeans
Cluster		File_Name
0		1atx_.B99990026.pdb
1		1atx_.B99990020.pdb
2		1atx_.B99990013.pdb

>>Clustering results - Representative structure - MeanShift
Cluster		File_Name
0		1atx_.B99990005.pdb
1		1atx_.B99990026.pdb

>>Clustering results - Representative structure - SpectralClustering
Cluster		File_Name
0		1atx_.B99990023.pdb
1		1atx_.B99990004.pdb
2		1atx_.B99990012.pdb
3		1atx_.B99990007.pdb
4		1atx_.B99990021.pdb
5		1atx_.B99990041.pdb
6		1atx_.B99990037.pdb

>>Clustering results - Representative structure - Ward
Cluster		File_Name
0		1atx_.B99990020.pdb
1		1atx_.B99990026.pdb
2		1atx_.B99990013.pdb
##############################################################################################