>> Summary of successfully produced model

Filename                          molpdf     DOPE score  DOPE-HR score    GA341 score Normalized DOPE score-----------------------------------------------------------------------------------------------------------
1ako_.B99990001.pdb           1585.63110   -29630.46875   -24477.13086        1.00000       -1.28210
1ako_.B99990002.pdb           1477.01184   -30040.25586   -24793.90234        1.00000       -1.39039
1ako_.B99990003.pdb           1466.28174   -30137.37500   -25337.05273        1.00000       -1.41605
1ako_.B99990004.pdb           1525.72034   -29735.95117   -24627.72070        1.00000       -1.30997
1ako_.B99990005.pdb           1546.44434   -29635.24609   -24552.00195        1.00000       -1.28336
1ako_.B99990006.pdb           1419.42285   -30035.06836   -25083.84570        1.00000       -1.38902
1ako_.B99990007.pdb           1665.47742   -30321.65234   -25459.08984        1.00000       -1.46475
1ako_.B99990008.pdb           1519.14465   -29771.62500   -24755.22266        1.00000       -1.31940
1ako_.B99990009.pdb           1496.31250   -30084.59570   -25188.00195        1.00000       -1.40210
1ako_.B99990010.pdb           1471.64624   -30366.89062   -25566.65625        1.00000       -1.47670
1ako_.B99990011.pdb           1560.39783   -30016.47852   -25049.30469        1.00000       -1.38410
1ako_.B99990012.pdb           1455.87280   -30088.24414   -24914.84375        1.00000       -1.40307
1ako_.B99990013.pdb           1530.30908   -30137.01562   -25145.37891        1.00000       -1.41596
1ako_.B99990014.pdb           1734.24451   -29926.71094   -24414.86133        1.00000       -1.36038
1ako_.B99990015.pdb           1522.05017   -29947.39648   -24622.20117        1.00000       -1.36585
1ako_.B99990016.pdb           1480.38342   -30282.10352   -25652.14258        1.00000       -1.45430
1ako_.B99990017.pdb           1559.76282   -30007.40234   -25504.67969        1.00000       -1.38170
1ako_.B99990018.pdb           1513.88721   -30129.36719   -25286.96289        1.00000       -1.41393
1ako_.B99990019.pdb           1614.10608   -29763.74023   -24791.50977        1.00000       -1.31731
1ako_.B99990020.pdb           1555.21802   -30277.63867   -25813.10352        1.00000       -1.45312
1ako_.B99990021.pdb           1460.68079   -29867.61719   -24639.40820        1.00000       -1.34476
1ako_.B99990022.pdb           1475.22144   -30113.08984   -25243.09570        1.00000       -1.40963
1ako_.B99990023.pdb           1696.03088   -30297.92773   -25541.26172        1.00000       -1.45848
1ako_.B99990024.pdb           1610.86096   -30080.05469   -25509.80078        1.00000       -1.40090
1ako_.B99990025.pdb           1548.37463   -29931.90820   -24594.52344        1.00000       -1.36175
1ako_.B99990026.pdb           1550.69495   -29805.06055   -24644.86914        1.00000       -1.32823
1ako_.B99990027.pdb           1518.31738   -30296.16602   -25462.96094        1.00000       -1.45801
1ako_.B99990028.pdb           1491.53906   -29591.86719   -24489.90820        1.00000       -1.27190
1ako_.B99990029.pdb           1504.46655   -30209.27539   -26128.86523        1.00000       -1.43505
1ako_.B99990030.pdb           1482.42444   -29890.05469   -24599.78711        1.00000       -1.35069
1ako_.B99990031.pdb           1540.84473   -29916.37500   -24680.62891        1.00000       -1.35765
1ako_.B99990032.pdb           1498.13074   -29630.83008   -24176.80469        1.00000       -1.28219
1ako_.B99990033.pdb           1483.90210   -29896.40820   -24716.33203        1.00000       -1.35237
1ako_.B99990034.pdb           1579.02515   -29828.79102   -24785.02930        1.00000       -1.33450
1ako_.B99990035.pdb           1567.56714   -29978.41602   -24743.75586        1.00000       -1.37404
1ako_.B99990036.pdb           1602.72070   -29972.23242   -24675.15039        1.00000       -1.37241
1ako_.B99990037.pdb           1524.27417   -29774.07812   -24374.79883        1.00000       -1.32005
1ako_.B99990038.pdb           1517.51416   -30112.66602   -24992.33594        1.00000       -1.40952
1ako_.B99990039.pdb           1699.22107   -29851.81055   -24854.97461        1.00000       -1.34059
1ako_.B99990040.pdb           1474.59729   -30186.27344   -25194.93164        1.00000       -1.42897
1ako_.B99990041.pdb           1502.66284   -30170.99609   -25360.57227        1.00000       -1.42494
1ako_.B99990042.pdb           1475.17261   -29690.94336   -24846.45703        1.00000       -1.29808
1ako_.B99990043.pdb           1499.89746   -30069.56641   -25129.62305        1.00000       -1.39813
1ako_.B99990044.pdb           1460.95337   -29744.71484   -24429.33203        1.00000       -1.31229
1ako_.B99990045.pdb           1513.27600   -30178.58008   -25033.17969        1.00000       -1.42694
1ako_.B99990046.pdb           1476.72363   -29668.65820   -23940.92188        1.00000       -1.29219
1ako_.B99990047.pdb           1570.29004   -30225.86914   -25352.00781        1.00000       -1.43944
1ako_.B99990048.pdb           1645.96301   -29892.11914   -24402.07812        1.00000       -1.35124
1ako_.B99990049.pdb           1653.19482   -30347.06055   -25366.24219        1.00000       -1.47146
1ako_.B99990050.pdb           1499.30823   -29884.28320   -24839.09570        1.00000       -1.34917

>> Top model results:
molpdf: 1419.4228515625 (file: 1ako_.B99990006.pdb)
DOPE score: -30366.890625 (file: 1ako_.B99990010.pdb)
GA341 score: 1.0 (file: 1ako_.B99990049.pdb)
Normalized DOPE score: -1.4767026710449287 (file: 1ako_.B99990010.pdb)

##############################################################################################
>>Clustering results - Representative structure - AffinityPropagation
Cluster		File_Name
0		1ako_.B99990003
1		1ako_.B99990014
2		1ako_.B99990015
3		1ako_.B99990021
4		1ako_.B99990024
5		1ako_.B99990047
6		1ako_.B99990050

>>Clustering results - Representative structure - DBSCAN
Cluster		File_Name
0		1ako_.B99990022.pdb
1		1ako_.B99990038.pdb
2		1ako_.B99990021.pdb
3		1ako_.B99990014.pdb

>>Clustering results - Representative structure - KMeans
Cluster		File_Name
0		1ako_.B99990025.pdb
1		1ako_.B99990038.pdb

>>Clustering results - Representative structure - MeanShift
Cluster		File_Name
0		1ako_.B99990038.pdb
1		1ako_.B99990031.pdb
2		1ako_.B99990014.pdb
3		1ako_.B99990039.pdb
4		1ako_.B99990028.pdb

>>Clustering results - Representative structure - SpectralClustering
Cluster		File_Name
0		1ako_.B99990025.pdb
1		1ako_.B99990038.pdb

>>Clustering results - Representative structure - Ward
Cluster		File_Name
0		1ako_.B99990022.pdb
1		1ako_.B99990048.pdb
2		1ako_.B99990014.pdb
##############################################################################################

##############################################################################################
>>Clustering results - Representative structure - AffinityPropagation
Cluster		File_Name
0		1ako_.B99990007
1		1ako_.B99990008
2		1ako_.B99990014
3		1ako_.B99990018
4		1ako_.B99990032
5		1ako_.B99990036
6		1ako_.B99990040

>>Clustering results - Representative structure - DBSCAN
Cluster		File_Name
0		1ako_.B99990035.pdb

>>Clustering results - Representative structure - KMeans
Cluster		File_Name
0		1ako_.B99990036.pdb
1		1ako_.B99990022.pdb
2		1ako_.B99990027.pdb
3		1ako_.B99990008.pdb
4		1ako_.B99990032.pdb
5		1ako_.B99990039.pdb
6		1ako_.B99990007.pdb
7		1ako_.B99990013.pdb

>>Clustering results - Representative structure - MeanShift
Cluster		File_Name
0		1ako_.B99990035.pdb

>>Clustering results - Representative structure - SpectralClustering
Cluster		File_Name
0		1ako_.B99990033.pdb
1		1ako_.B99990039.pdb
2		1ako_.B99990032.pdb
3		1ako_.B99990007.pdb
4		1ako_.B99990042.pdb
5		1ako_.B99990008.pdb
6		1ako_.B99990040.pdb
7		1ako_.B99990012.pdb

>>Clustering results - Representative structure - Ward
Cluster		File_Name
0		1ako_.B99990032.pdb
1		1ako_.B99990022.pdb
2		1ako_.B99990007.pdb
3		1ako_.B99990008.pdb
4		1ako_.B99990033.pdb
5		1ako_.B99990013.pdb
6		1ako_.B99990039.pdb
7		1ako_.B99990027.pdb
8		1ako_.B99990004.pdb
##############################################################################################