>> Summary of successfully produced model

Filename                          molpdf     DOPE score  DOPE-HR score    GA341 score Normalized DOPE score-----------------------------------------------------------------------------------------------------------
1aq0A.B99990001.pdb           1897.50720   -36187.64844   -33210.19922        1.00000       -1.42909
1aq0A.B99990002.pdb           1997.33240   -35955.86719   -32477.73633        1.00000       -1.37545
1aq0A.B99990003.pdb           2080.28882   -35892.24219   -32570.27539        1.00000       -1.36072
1aq0A.B99990004.pdb           1900.77563   -36343.50000   -33604.39844        1.00000       -1.46516
1aq0A.B99990005.pdb           2262.23706   -36237.35938   -33400.77344        1.00000       -1.44060
1aq0A.B99990006.pdb           1822.33069   -35976.01562   -32507.12891        1.00000       -1.38011
1aq0A.B99990007.pdb           1948.85205   -36271.69531   -33160.76953        1.00000       -1.44854
1aq0A.B99990008.pdb           1955.53491   -36251.44141   -33284.10547        1.00000       -1.44386
1aq0A.B99990009.pdb           2174.16675   -35899.60547   -32206.76172        1.00000       -1.36243
1aq0A.B99990010.pdb           1999.10730   -36065.10547   -32755.63281        1.00000       -1.40073
1aq0A.B99990011.pdb           1942.47888   -35977.10547   -32250.22656        1.00000       -1.38036
1aq0A.B99990012.pdb           2007.47888   -36125.67969   -33174.00000        1.00000       -1.41475
1aq0A.B99990013.pdb           1853.79822   -36207.10547   -33367.41016        1.00000       -1.43360
1aq0A.B99990014.pdb           2006.50720   -36090.68359   -33147.13281        1.00000       -1.40665
1aq0A.B99990015.pdb           1913.24182   -35996.92969   -32673.35938        1.00000       -1.38495
1aq0A.B99990016.pdb           2355.85767   -36157.89844   -32970.70312        1.00000       -1.42221
1aq0A.B99990017.pdb           1969.01392   -36000.71484   -32785.03906        1.00000       -1.38583
1aq0A.B99990018.pdb           2116.71631   -36081.50000   -33034.81641        1.00000       -1.40453
1aq0A.B99990019.pdb           1890.50293   -36282.48047   -33313.63672        1.00000       -1.45104
1aq0A.B99990020.pdb           2059.96655   -36050.29688   -32324.18555        1.00000       -1.39730
1aq0A.B99990021.pdb           2178.11890   -36085.32812   -32585.02734        1.00000       -1.40541
1aq0A.B99990022.pdb           1923.86292   -36169.30859   -32841.70703        1.00000       -1.42485
1aq0A.B99990023.pdb           2084.13037   -35757.80859   -32153.46094        1.00000       -1.32961
1aq0A.B99990024.pdb           2082.02466   -36166.82422   -33215.31250        1.00000       -1.42427
1aq0A.B99990025.pdb           1996.32886   -36232.87500   -33039.71875        1.00000       -1.43956
1aq0A.B99990026.pdb           2342.74072   -36100.07812   -33065.88281        1.00000       -1.40883
1aq0A.B99990027.pdb           2187.53296   -35771.64062   -31764.75391        1.00000       -1.33281
1aq0A.B99990028.pdb           1988.88733   -36144.72266   -32773.74609        1.00000       -1.41916
1aq0A.B99990029.pdb           2436.01001   -35849.42578   -32237.33789        1.00000       -1.35081
1aq0A.B99990030.pdb           2150.23340   -35700.57812   -32146.99609        1.00000       -1.31636
1aq0A.B99990031.pdb           2492.00903   -36146.19531   -33050.18750        1.00000       -1.41950
1aq0A.B99990032.pdb           1927.27148   -36152.08984   -32716.75977        1.00000       -1.42086
1aq0A.B99990033.pdb           1906.58728   -36107.92578   -33071.43359        1.00000       -1.41064
1aq0A.B99990034.pdb           2392.79834   -35964.55469   -32564.21875        1.00000       -1.37746
1aq0A.B99990035.pdb           1944.43677   -36124.69922   -32887.29688        1.00000       -1.41452
1aq0A.B99990036.pdb           2054.40820   -35848.56641   -32587.29297        1.00000       -1.35061
1aq0A.B99990037.pdb           2042.82422   -35817.00000   -32121.41602        1.00000       -1.34331
1aq0A.B99990038.pdb           1951.65540   -36191.27734   -32606.84766        1.00000       -1.42993
1aq0A.B99990039.pdb           2201.71338   -35958.53516   -32919.34766        1.00000       -1.37607
1aq0A.B99990040.pdb           2062.33765   -35856.23438   -32294.30859        1.00000       -1.35239
1aq0A.B99990041.pdb           1953.73206   -36184.59375   -32769.96875        1.00000       -1.42839
1aq0A.B99990042.pdb           1899.17908   -36132.41406   -32593.47461        1.00000       -1.41631
1aq0A.B99990043.pdb           2048.61694   -35919.13281   -32549.18555        1.00000       -1.36695
1aq0A.B99990044.pdb           1909.59973   -36499.39453   -33570.70312        1.00000       -1.50124
1aq0A.B99990045.pdb           1920.20996   -36056.21484   -32813.02734        1.00000       -1.39867
1aq0A.B99990046.pdb           2479.20752   -35697.46875   -31915.85156        1.00000       -1.31564
1aq0A.B99990047.pdb           1956.30847   -36283.30469   -33210.50391        1.00000       -1.45123
1aq0A.B99990048.pdb           1955.69299   -36319.64453   -33499.44531        1.00000       -1.45964
1aq0A.B99990049.pdb           2164.31006   -35866.48438   -32330.89062        1.00000       -1.35476
1aq0A.B99990050.pdb           2320.80005   -36209.06250   -33258.72266        1.00000       -1.43405

>> Top model results:
molpdf: 1822.3306884765625 (file: 1aq0A.B99990006.pdb)
DOPE score: -36499.39453125 (file: 1aq0A.B99990044.pdb)
GA341 score: 1.0 (file: 1aq0A.B99990034.pdb)
Normalized DOPE score: -1.5012440113938317 (file: 1aq0A.B99990044.pdb)

##############################################################################################
>>Clustering results - Representative structure - AffinityPropagation
Cluster		File_Name
0		1aq0A.B99990016
1		1aq0A.B99990025
2		1aq0A.B99990028
3		1aq0A.B99990031
4		1aq0A.B99990040
5		1aq0A.B99990043

>>Clustering results - Representative structure - DBSCAN
Cluster		File_Name
0		1aq0A.B99990011.pdb
1		1aq0A.B99990036.pdb
2		1aq0A.B99990038.pdb
3		1aq0A.B99990009.pdb
4		1aq0A.B99990021.pdb

>>Clustering results - Representative structure - KMeans
Cluster		File_Name
0		1aq0A.B99990011.pdb
1		1aq0A.B99990025.pdb
2		1aq0A.B99990005.pdb
3		1aq0A.B99990041.pdb
4		1aq0A.B99990040.pdb
5		1aq0A.B99990031.pdb
6		1aq0A.B99990017.pdb
7		1aq0A.B99990026.pdb

>>Clustering results - Representative structure - MeanShift
Cluster		File_Name
0		1aq0A.B99990010.pdb
1		1aq0A.B99990038.pdb
2		1aq0A.B99990040.pdb
3		1aq0A.B99990034.pdb

>>Clustering results - Representative structure - SpectralClustering
Cluster		File_Name
0		1aq0A.B99990010.pdb
1		1aq0A.B99990023.pdb

>>Clustering results - Representative structure - Ward
Cluster		File_Name
0		1aq0A.B99990040.pdb
1		1aq0A.B99990025.pdb
2		1aq0A.B99990041.pdb
3		1aq0A.B99990011.pdb
4		1aq0A.B99990031.pdb
5		1aq0A.B99990005.pdb
6		1aq0A.B99990026.pdb
7		1aq0A.B99990017.pdb
##############################################################################################

##############################################################################################
>>Clustering results - Representative structure - AffinityPropagation
Cluster		File_Name
0		1aq0A.B99990004
1		1aq0A.B99990019
2		1aq0A.B99990023
3		1aq0A.B99990040
4		1aq0A.B99990043
5		1aq0A.B99990045
6		1aq0A.B99990050

>>Clustering results - Representative structure - DBSCAN
Cluster		File_Name
0		1aq0A.B99990021.pdb

>>Clustering results - Representative structure - KMeans
Cluster		File_Name
0		1aq0A.B99990033.pdb
1		1aq0A.B99990049.pdb

>>Clustering results - Representative structure - MeanShift
Cluster		File_Name
0		1aq0A.B99990033.pdb
1		1aq0A.B99990049.pdb
2		1aq0A.B99990004.pdb

>>Clustering results - Representative structure - SpectralClustering
Cluster		File_Name
0		1aq0A.B99990033.pdb
1		1aq0A.B99990049.pdb

>>Clustering results - Representative structure - Ward
Cluster		File_Name
0		1aq0A.B99990019.pdb
1		1aq0A.B99990045.pdb
2		1aq0A.B99990027.pdb
3		1aq0A.B99990043.pdb
4		1aq0A.B99990035.pdb
5		1aq0A.B99990004.pdb
6		1aq0A.B99990037.pdb
7		1aq0A.B99990002.pdb
8		1aq0A.B99990022.pdb
9		1aq0A.B99990049.pdb
##############################################################################################