>> Summary of successfully produced model

Filename                          molpdf     DOPE score  DOPE-HR score    GA341 score Normalized DOPE score-----------------------------------------------------------------------------------------------------------
1ak0_.B99990001.pdb           1139.92212   -32330.67773   -29752.88281        1.00000       -1.97485
1ak0_.B99990002.pdb           1085.69922   -32134.84180   -29790.33203        1.00000       -1.92231
1ak0_.B99990003.pdb           1148.16016   -32038.10938   -29424.13281        1.00000       -1.89636
1ak0_.B99990004.pdb           1082.46790   -31987.82617   -29417.93945        1.00000       -1.88287
1ak0_.B99990005.pdb           1264.26794   -31854.03906   -28852.31055        1.00000       -1.84698
1ak0_.B99990006.pdb           1112.88232   -32089.86914   -29599.51953        1.00000       -1.91025
1ak0_.B99990007.pdb           1117.08643   -32113.10547   -29375.83594        1.00000       -1.91648
1ak0_.B99990008.pdb           1093.94373   -31981.09180   -29295.97266        1.00000       -1.88106
1ak0_.B99990009.pdb           1058.36084   -31604.60352   -29028.84375        1.00000       -1.78007
1ak0_.B99990010.pdb           1065.70251   -32036.69922   -29509.59180        1.00000       -1.89598
1ak0_.B99990011.pdb           1116.91577   -32139.87891   -29557.60352        1.00000       -1.92366
1ak0_.B99990012.pdb           1301.96692   -31632.55078   -28775.24414        1.00000       -1.78756
1ak0_.B99990013.pdb           1232.90625   -31926.97656   -29020.65430        1.00000       -1.86655
1ak0_.B99990014.pdb           1077.84473   -31971.84570   -29648.72461        1.00000       -1.87858
1ak0_.B99990015.pdb           1044.48547   -32105.04883   -29690.36523        1.00000       -1.91432
1ak0_.B99990016.pdb           1086.90991   -32189.63281   -29787.24805        1.00000       -1.93701
1ak0_.B99990017.pdb           1104.77112   -32215.03906   -29526.14844        1.00000       -1.94382
1ak0_.B99990018.pdb           1155.51245   -32130.28516   -29571.78320        1.00000       -1.92109
1ak0_.B99990019.pdb           1111.40088   -31834.77344   -29109.50781        1.00000       -1.84181
1ak0_.B99990020.pdb           1109.03223   -32183.41797   -29825.53711        1.00000       -1.93534
1ak0_.B99990021.pdb           1066.64929   -32096.54297   -29612.52539        1.00000       -1.91204
1ak0_.B99990022.pdb           1231.36523   -31929.87109   -29039.67383        1.00000       -1.86732
1ak0_.B99990023.pdb           1124.79529   -32064.12305   -29525.83984        1.00000       -1.90334
1ak0_.B99990024.pdb           1104.65295   -32414.60547   -29679.91211        1.00000       -1.99736
1ak0_.B99990025.pdb           1216.58411   -31905.15234   -29123.54492        1.00000       -1.86069
1ak0_.B99990026.pdb           1191.10352   -31508.60742   -28553.31055        1.00000       -1.75431
1ak0_.B99990027.pdb           1143.46936   -31871.60742   -29163.84961        1.00000       -1.85169
1ak0_.B99990028.pdb           1138.49976   -31926.41797   -29100.98828        1.00000       -1.86640
1ak0_.B99990029.pdb           1126.22705   -31850.12305   -29134.51367        1.00000       -1.84593
1ak0_.B99990030.pdb           1333.52820   -31725.88281   -28594.52148        1.00000       -1.81260
1ak0_.B99990031.pdb           1100.74988   -32257.06250   -29846.58594        1.00000       -1.95510
1ak0_.B99990032.pdb           1222.35498   -31882.63477   -28783.30859        1.00000       -1.85465
1ak0_.B99990033.pdb           1147.90576   -32078.44336   -29069.09570        1.00000       -1.90718
1ak0_.B99990034.pdb           1088.94788   -32121.82422   -29514.46875        1.00000       -1.91882
1ak0_.B99990035.pdb           1165.18848   -31952.40430   -29659.28125        1.00000       -1.87337
1ak0_.B99990036.pdb           1099.69031   -32264.18359   -29766.28125        1.00000       -1.95701
1ak0_.B99990037.pdb           1100.91016   -32030.42383   -29312.12305        1.00000       -1.89430
1ak0_.B99990038.pdb           1184.92542   -32123.74219   -29275.86523        1.00000       -1.91933
1ak0_.B99990039.pdb           1247.67114   -31961.41016   -28804.99805        1.00000       -1.87578
1ak0_.B99990040.pdb           1065.58423   -32185.10547   -29388.85742        1.00000       -1.93579
1ak0_.B99990041.pdb           1147.39673   -32171.51758   -29623.90820        1.00000       -1.93215
1ak0_.B99990042.pdb           1097.78625   -31950.97852   -29305.37305        1.00000       -1.87299
1ak0_.B99990043.pdb           1151.52478   -31893.37695   -28994.24609        1.00000       -1.85753
1ak0_.B99990044.pdb           1132.71729   -32395.25391   -30396.26758        1.00000       -1.99217
1ak0_.B99990045.pdb           1234.94934   -31822.12891   -28999.70703        1.00000       -1.83842
1ak0_.B99990046.pdb           1141.46130   -32078.37891   -29543.90625        1.00000       -1.90716
1ak0_.B99990047.pdb           1137.17200   -32039.64648   -29566.35547        1.00000       -1.89677
1ak0_.B99990048.pdb           1094.40161   -31872.81250   -29152.38477        1.00000       -1.85202
1ak0_.B99990049.pdb           1247.09106   -31799.22266   -28704.10547        1.00000       -1.83228
1ak0_.B99990050.pdb           1152.62903   -32164.41797   -29754.78125        1.00000       -1.93024

>> Top model results:
molpdf: 1044.4854736328125 (file: 1ak0_.B99990015.pdb)
DOPE score: -32414.60546875 (file: 1ak0_.B99990024.pdb)
GA341 score: 1.0 (file: 1ak0_.B99990049.pdb)
Normalized DOPE score: -1.9973604423080373 (file: 1ak0_.B99990024.pdb)

##############################################################################################
>>Clustering results - Representative structure - AffinityPropagation
Cluster		File_Name
0		1ak0_.B99990001
1		1ak0_.B99990034
2		1ak0_.B99990039
3		1ak0_.B99990045

>>Clustering results - Representative structure - DBSCAN
Cluster		File_Name
0		1ak0_.B99990018.pdb
1		1ak0_.B99990034.pdb
2		1ak0_.B99990049.pdb

>>Clustering results - Representative structure - KMeans
Cluster		File_Name
0		1ak0_.B99990034.pdb
1		1ak0_.B99990028.pdb
2		1ak0_.B99990045.pdb

>>Clustering results - Representative structure - MeanShift
Cluster		File_Name
0		1ak0_.B99990028.pdb
1		1ak0_.B99990034.pdb
2		1ak0_.B99990045.pdb

>>Clustering results - Representative structure - SpectralClustering
Cluster		File_Name
0		1ak0_.B99990001.pdb
1		1ak0_.B99990045.pdb
2		1ak0_.B99990039.pdb
3		1ak0_.B99990034.pdb

>>Clustering results - Representative structure - Ward
Cluster		File_Name
0		1ak0_.B99990028.pdb
1		1ak0_.B99990045.pdb
2		1ak0_.B99990034.pdb
##############################################################################################

##############################################################################################
>>Clustering results - Representative structure - AffinityPropagation
Cluster		File_Name
0		1ak0_.B99990012
1		1ak0_.B99990014
2		1ak0_.B99990017
3		1ak0_.B99990040
4		1ak0_.B99990043
5		1ak0_.B99990045

>>Clustering results - Representative structure - DBSCAN
Cluster		File_Name
0		1ak0_.B99990043.pdb
1		1ak0_.B99990047.pdb
2		1ak0_.B99990004.pdb

>>Clustering results - Representative structure - KMeans
Cluster		File_Name
0		1ak0_.B99990006.pdb
1		1ak0_.B99990012.pdb
2		1ak0_.B99990024.pdb
3		1ak0_.B99990007.pdb
4		1ak0_.B99990045.pdb
5		1ak0_.B99990043.pdb

>>Clustering results - Representative structure - MeanShift
Cluster		File_Name
0		1ak0_.B99990003.pdb
1		1ak0_.B99990040.pdb
2		1ak0_.B99990030.pdb
3		1ak0_.B99990033.pdb

>>Clustering results - Representative structure - SpectralClustering
Cluster		File_Name
0		1ak0_.B99990006.pdb
1		1ak0_.B99990044.pdb
2		1ak0_.B99990045.pdb
3		1ak0_.B99990012.pdb
4		1ak0_.B99990043.pdb
5		1ak0_.B99990034.pdb

>>Clustering results - Representative structure - Ward
Cluster		File_Name
0		1ak0_.B99990006.pdb
1		1ak0_.B99990045.pdb
2		1ak0_.B99990007.pdb
3		1ak0_.B99990043.pdb
4		1ak0_.B99990012.pdb
5		1ak0_.B99990024.pdb
##############################################################################################