>> Summary of successfully produced model

Filename                          molpdf     DOPE score  DOPE-HR score    GA341 score Normalized DOPE score-----------------------------------------------------------------------------------------------------------
1a2pA.B99990001.pdb            711.89532   -10037.08301    -9351.46484        1.00000       -1.21581
1a2pA.B99990002.pdb            627.10767   -10063.41504    -9359.44727        1.00000       -1.23307
1a2pA.B99990003.pdb            609.86035   -10189.04004    -9659.01660        1.00000       -1.31545
1a2pA.B99990004.pdb            603.58563   -10235.68555    -9725.84961        1.00000       -1.34604
1a2pA.B99990005.pdb            666.04431   -10165.25098    -9606.23145        1.00000       -1.29985
1a2pA.B99990006.pdb            634.65851   -10101.21973    -9619.17969        1.00000       -1.25786
1a2pA.B99990007.pdb            697.02173   -10061.38867    -9052.26367        1.00000       -1.23174
1a2pA.B99990008.pdb            668.39984    -9945.46289    -9187.42773        1.00000       -1.15573
1a2pA.B99990009.pdb            653.21271   -10149.79004    -9593.69727        1.00000       -1.28971
1a2pA.B99990010.pdb            655.65094   -10211.42480    -9584.48340        1.00000       -1.33013
1a2pA.B99990011.pdb            638.48248   -10198.04883    -9665.17773        1.00000       -1.32136
1a2pA.B99990012.pdb            675.71222   -10198.06543    -9519.90137        1.00000       -1.32137
1a2pA.B99990013.pdb            610.91467   -10245.38281    -9850.46094        1.00000       -1.35240
1a2pA.B99990014.pdb            600.95428   -10158.03125    -9576.18164        1.00000       -1.29512
1a2pA.B99990015.pdb            708.77618   -10124.69043    -9356.36816        1.00000       -1.27325
1a2pA.B99990016.pdb            637.85870   -10059.39551    -9238.47949        1.00000       -1.23044
1a2pA.B99990017.pdb            647.56512   -10056.14551    -9380.41602        1.00000       -1.22831
1a2pA.B99990018.pdb            650.98260   -10028.94043    -9464.72559        1.00000       -1.21047
1a2pA.B99990019.pdb            709.95624    -9942.64746    -9197.01758        1.00000       -1.15388
1a2pA.B99990020.pdb            678.50574   -10188.02930    -9355.97852        1.00000       -1.31479
1a2pA.B99990021.pdb            627.67773   -10214.77539    -9588.79102        1.00000       -1.33233
1a2pA.B99990022.pdb            621.32904   -10208.13477    -9663.80371        1.00000       -1.32797
1a2pA.B99990023.pdb            688.78979    -9983.01953    -9261.26074        1.00000       -1.18035
1a2pA.B99990024.pdb            676.35242   -10014.87109    -9203.31641        1.00000       -1.20124
1a2pA.B99990025.pdb            666.39648    -9795.31836    -8783.93945        1.00000       -1.05727
1a2pA.B99990026.pdb            717.04614   -10198.15137    -9371.64160        1.00000       -1.32143
1a2pA.B99990027.pdb            652.01337   -10202.46777    -9526.84766        1.00000       -1.32426
1a2pA.B99990028.pdb            690.69293   -10123.65039    -9271.60156        1.00000       -1.27257
1a2pA.B99990029.pdb            659.84741   -10106.96582    -9504.55078        1.00000       -1.26163
1a2pA.B99990030.pdb            777.53436   -10019.36914    -9334.66016        1.00000       -1.20419
1a2pA.B99990031.pdb            673.84747   -10063.25488    -9470.50391        1.00000       -1.23297
1a2pA.B99990032.pdb            634.24915   -10080.62793    -9413.40332        1.00000       -1.24436
1a2pA.B99990033.pdb            605.57520   -10122.18652    -9436.00293        1.00000       -1.27161
1a2pA.B99990034.pdb            729.86481   -10041.76660    -9262.95801        1.00000       -1.21888
1a2pA.B99990035.pdb            626.93390   -10199.22168    -9614.98438        1.00000       -1.32213
1a2pA.B99990036.pdb            693.66785   -10188.82227    -9733.65625        1.00000       -1.31531
1a2pA.B99990037.pdb            734.58948   -10056.65723    -9400.42285        1.00000       -1.22864
1a2pA.B99990038.pdb            657.52734   -10059.90039    -9259.56543        1.00000       -1.23077
1a2pA.B99990039.pdb            641.22955    -9946.20117    -9099.95020        1.00000       -1.15621
1a2pA.B99990040.pdb            666.79529   -10061.77637    -9438.67676        1.00000       -1.23200
1a2pA.B99990041.pdb            603.82257   -10177.63086    -9691.62695        1.00000       -1.30797
1a2pA.B99990042.pdb            683.76819   -10211.57324    -9639.95996        1.00000       -1.33023
1a2pA.B99990043.pdb            650.86804   -10081.03613    -9369.77344        1.00000       -1.24463
1a2pA.B99990044.pdb            643.64966   -10169.51074    -9510.44922        1.00000       -1.30265
1a2pA.B99990045.pdb            619.94446   -10245.67676    -9759.80957        1.00000       -1.35259
1a2pA.B99990046.pdb            633.04248   -10160.30176    -9565.43750        1.00000       -1.29661
1a2pA.B99990047.pdb            701.44891   -10127.81641    -9414.93555        1.00000       -1.27530
1a2pA.B99990048.pdb            610.77448   -10228.86719    -9830.15527        1.00000       -1.34157
1a2pA.B99990049.pdb            679.25098   -10167.83203    -9446.21875        1.00000       -1.30155
1a2pA.B99990050.pdb            634.69122   -10116.87402    -9418.47070        1.00000       -1.26813

>> Top model results:
molpdf: 600.9542846679688 (file: 1a2pA.B99990014.pdb)
DOPE score: -10245.6767578125 (file: 1a2pA.B99990045.pdb)
GA341 score: 1.0 (file: 1a2pA.B99990038.pdb)
Normalized DOPE score: -1.3525921550077011 (file: 1a2pA.B99990045.pdb)

##############################################################################################
>>Clustering results - Representative structure - AffinityPropagation
Cluster		File_Name
0		1a2pA.B99990009
1		1a2pA.B99990033
2		1a2pA.B99990039
3		1a2pA.B99990047

>>Clustering results - Representative structure - DBSCAN
Cluster		File_Name
0		1a2pA.B99990016.pdb
1		1a2pA.B99990032.pdb

>>Clustering results - Representative structure - KMeans
Cluster		File_Name
0		1a2pA.B99990032.pdb
1		1a2pA.B99990016.pdb

>>Clustering results - Representative structure - MeanShift
Cluster		File_Name
0		1a2pA.B99990016.pdb
1		1a2pA.B99990032.pdb

>>Clustering results - Representative structure - SpectralClustering
Cluster		File_Name
0		1a2pA.B99990016.pdb
1		1a2pA.B99990032.pdb

>>Clustering results - Representative structure - Ward
Cluster		File_Name
0		1a2pA.B99990016.pdb
1		1a2pA.B99990032.pdb
##############################################################################################

##############################################################################################
>>Clustering results - Representative structure - AffinityPropagation
Cluster		File_Name
0		1a2pA.B99990019
1		1a2pA.B99990021
2		1a2pA.B99990024
3		1a2pA.B99990027
4		1a2pA.B99990029
5		1a2pA.B99990038

>>Clustering results - Representative structure - DBSCAN
Cluster		File_Name
0		1a2pA.B99990010.pdb
1		1a2pA.B99990040.pdb
2		1a2pA.B99990015.pdb

>>Clustering results - Representative structure - KMeans
Cluster		File_Name
0		1a2pA.B99990021.pdb
1		1a2pA.B99990031.pdb
2		1a2pA.B99990046.pdb
3		1a2pA.B99990030.pdb
4		1a2pA.B99990029.pdb
5		1a2pA.B99990025.pdb
6		1a2pA.B99990048.pdb
7		1a2pA.B99990024.pdb

>>Clustering results - Representative structure - MeanShift
Cluster		File_Name
0		1a2pA.B99990050.pdb
1		1a2pA.B99990049.pdb
2		1a2pA.B99990019.pdb

>>Clustering results - Representative structure - SpectralClustering
Cluster		File_Name
0		1a2pA.B99990027.pdb
1		1a2pA.B99990049.pdb
2		1a2pA.B99990001.pdb

>>Clustering results - Representative structure - Ward
Cluster		File_Name
0		1a2pA.B99990021.pdb
1		1a2pA.B99990029.pdb
2		1a2pA.B99990030.pdb
3		1a2pA.B99990027.pdb
4		1a2pA.B99990040.pdb
5		1a2pA.B99990025.pdb
6		1a2pA.B99990048.pdb
7		1a2pA.B99990024.pdb
8		1a2pA.B99990006.pdb
##############################################################################################