>> Summary of successfully produced model

Filename                          molpdf     DOPE score  DOPE-HR score    GA341 score Normalized DOPE score-----------------------------------------------------------------------------------------------------------
1at3A.B99990001.pdb           1652.72437   -22622.25391   -19497.03516        1.00000       -0.51579
1at3A.B99990002.pdb           1656.83215   -22755.18164   -19823.42383        1.00000       -0.55918
1at3A.B99990003.pdb           1603.99292   -23030.10547   -20246.00391        1.00000       -0.64890
1at3A.B99990004.pdb           1703.96228   -22849.59961   -19634.09766        1.00000       -0.58999
1at3A.B99990005.pdb           1615.74036   -22956.90039   -19883.91211        1.00000       -0.62501
1at3A.B99990006.pdb           1618.18433   -22770.22656   -19751.15430        1.00000       -0.56409
1at3A.B99990007.pdb           1654.42065   -22907.36523   -19803.40820        1.00000       -0.60884
1at3A.B99990008.pdb           1664.19495   -22879.95898   -19909.61719        1.00000       -0.59990
1at3A.B99990009.pdb           1749.06775   -22931.73242   -20404.83398        1.00000       -0.61680
1at3A.B99990010.pdb           1644.87000   -22650.12305   -19461.50000        1.00000       -0.52489
1at3A.B99990011.pdb           1616.47778   -23151.19922   -20138.83203        1.00000       -0.68842
1at3A.B99990012.pdb           1644.96777   -22881.90039   -19937.29688        1.00000       -0.60053
1at3A.B99990013.pdb           1799.68103   -22935.67773   -19789.03711        1.00000       -0.61808
1at3A.B99990014.pdb           1651.69568   -23137.82031   -20526.11719        1.00000       -0.68406
1at3A.B99990015.pdb           1651.98938   -23068.86719   -20355.55469        1.00000       -0.66155
1at3A.B99990016.pdb           1621.88721   -23014.10547   -20099.51758        1.00000       -0.64368
1at3A.B99990017.pdb           1687.40417   -22945.22656   -19966.46094        1.00000       -0.62120
1at3A.B99990018.pdb           1661.50208   -23102.18555   -20495.47461        1.00000       -0.67243
1at3A.B99990019.pdb           1683.80054   -23142.07617   -20501.12500        1.00000       -0.68545
1at3A.B99990020.pdb           1699.55359   -23077.39648   -20250.52734        1.00000       -0.66434
1at3A.B99990021.pdb           1733.85254   -22531.36719   -18714.52930        1.00000       -0.48613
1at3A.B99990022.pdb           1655.89355   -22972.11328   -20273.52344        1.00000       -0.62998
1at3A.B99990023.pdb           1636.43469   -22799.01367   -19472.38281        1.00000       -0.57348
1at3A.B99990024.pdb           1680.17505   -22740.01367   -19509.03125        1.00000       -0.55423
1at3A.B99990025.pdb           1771.47351   -22739.66602   -19544.34375        1.00000       -0.55411
1at3A.B99990026.pdb           1770.25854   -22818.04297   -19569.80859        1.00000       -0.57969
1at3A.B99990027.pdb           1689.88660   -22956.55859   -19989.03711        1.00000       -0.62490
1at3A.B99990028.pdb           1650.93738   -22787.01953   -19499.15625        1.00000       -0.56957
1at3A.B99990029.pdb           1670.13037   -22876.71289   -19917.30664        1.00000       -0.59884
1at3A.B99990030.pdb           1764.95898   -23031.83008   -20175.49805        1.00000       -0.64946
1at3A.B99990031.pdb           1682.53613   -22763.41797   -19593.69727        1.00000       -0.56186
1at3A.B99990032.pdb           1843.50085   -22699.35742   -19402.79102        1.00000       -0.54096
1at3A.B99990033.pdb           1791.64844   -22612.46094   -19625.34375        1.00000       -0.51260
1at3A.B99990034.pdb           1766.56372   -22764.27148   -19818.68750        1.00000       -0.56214
1at3A.B99990035.pdb           1620.80554   -22845.35742   -19768.15820        1.00000       -0.58861
1at3A.B99990036.pdb           1651.60364   -22830.91797   -19802.57617        1.00000       -0.58389
1at3A.B99990037.pdb           1653.15161   -23032.64453   -20505.61914        1.00000       -0.64973
1at3A.B99990038.pdb           1705.33154   -23040.12891   -20296.53516        1.00000       -0.65217
1at3A.B99990039.pdb           1637.02368   -23128.44922   -20360.26172        1.00000       -0.68100
1at3A.B99990040.pdb           1661.72913   -23117.77930   -20189.26367        1.00000       -0.67752
1at3A.B99990041.pdb           1643.81543   -22946.59375   -20015.24609        1.00000       -0.62165
1at3A.B99990042.pdb           1657.65320   -22775.90625   -19702.20508        1.00000       -0.56594
1at3A.B99990043.pdb           1644.13623   -22684.10547   -19845.25586        1.00000       -0.53598
1at3A.B99990044.pdb           1672.46643   -22818.84961   -19997.53906        1.00000       -0.57995
1at3A.B99990045.pdb           1677.94922   -22999.68164   -20275.56250        1.00000       -0.63897
1at3A.B99990046.pdb           1663.52368   -23087.85352   -20023.74805        1.00000       -0.66775
1at3A.B99990047.pdb           1646.08484   -22699.67773   -19814.60547        1.00000       -0.54106
1at3A.B99990048.pdb           1636.00928   -23062.25977   -20273.94922        1.00000       -0.65940
1at3A.B99990049.pdb           1681.61365   -22616.06250   -19508.54688        1.00000       -0.51377
1at3A.B99990050.pdb           1622.30359   -22965.63672   -19817.00586        1.00000       -0.62786

>> Top model results:
molpdf: 1603.992919921875 (file: 1at3A.B99990003.pdb)
DOPE score: -23151.19921875 (file: 1at3A.B99990011.pdb)
GA341 score: 1.0 (file: 1at3A.B99990040.pdb)
Normalized DOPE score: -0.6884226960731552 (file: 1at3A.B99990011.pdb)

##############################################################################################
>>Clustering results - Representative structure - AffinityPropagation
Cluster		File_Name
0		1at3A.B99990024
1		1at3A.B99990026
2		1at3A.B99990030
3		1at3A.B99990036

>>Clustering results - Representative structure - DBSCAN
Cluster		File_Name
0		1at3A.B99990007.pdb
1		1at3A.B99990029.pdb

>>Clustering results - Representative structure - KMeans
Cluster		File_Name
0		1at3A.B99990029.pdb
1		1at3A.B99990007.pdb

>>Clustering results - Representative structure - MeanShift
Cluster		File_Name
0		1at3A.B99990027.pdb
1		1at3A.B99990004.pdb

>>Clustering results - Representative structure - SpectralClustering
Cluster		File_Name
0		1at3A.B99990027.pdb
1		1at3A.B99990025.pdb

>>Clustering results - Representative structure - Ward
Cluster		File_Name
0		1at3A.B99990027.pdb
1		1at3A.B99990004.pdb
##############################################################################################

##############################################################################################
>>Clustering results - Representative structure - AffinityPropagation
Cluster		File_Name
0		1at3A.B99990004
1		1at3A.B99990020
2		1at3A.B99990033
3		1at3A.B99990038
4		1at3A.B99990042
5		1at3A.B99990050

>>Clustering results - Representative structure - DBSCAN
Cluster		File_Name
0		1at3A.B99990008.pdb

>>Clustering results - Representative structure - KMeans
Cluster		File_Name
0		1at3A.B99990004.pdb
1		1at3A.B99990045.pdb
2		1at3A.B99990024.pdb

>>Clustering results - Representative structure - MeanShift
Cluster		File_Name
0		1at3A.B99990050.pdb
1		1at3A.B99990004.pdb
2		1at3A.B99990033.pdb

>>Clustering results - Representative structure - SpectralClustering
Cluster		File_Name
0		1at3A.B99990030.pdb
1		1at3A.B99990004.pdb
2		1at3A.B99990024.pdb

>>Clustering results - Representative structure - Ward
Cluster		File_Name
0		1at3A.B99990030.pdb
1		1at3A.B99990024.pdb
2		1at3A.B99990004.pdb
##############################################################################################