>> Summary of successfully produced model

Filename                          molpdf     DOPE score  DOPE-HR score    GA341 score Normalized DOPE score-----------------------------------------------------------------------------------------------------------
1agi_.B99990001.pdb            679.98206   -11623.77539   -10696.23633        1.00000       -1.66272
1agi_.B99990002.pdb            620.41003   -11723.69238   -11164.63086        1.00000       -1.71933
1agi_.B99990003.pdb            633.61609   -11849.79785   -11157.63086        1.00000       -1.79078
1agi_.B99990004.pdb            690.80536   -11693.25879   -10734.10840        1.00000       -1.70209
1agi_.B99990005.pdb            733.86505   -11654.04102   -10613.40918        1.00000       -1.67987
1agi_.B99990006.pdb            688.30145   -11701.41895   -11193.97656        1.00000       -1.70671
1agi_.B99990007.pdb            706.62018   -11634.87598   -10696.31738        1.00000       -1.66901
1agi_.B99990008.pdb            626.09705   -11779.21387   -11009.07129        1.00000       -1.75079
1agi_.B99990009.pdb            649.50403   -11689.36523   -11156.83691        1.00000       -1.69988
1agi_.B99990010.pdb            633.33887   -11725.01270   -10662.77051        1.00000       -1.72008
1agi_.B99990011.pdb            650.58966   -11678.77148   -10866.48145        1.00000       -1.69388
1agi_.B99990012.pdb            687.64496   -11846.77246   -11282.03711        1.00000       -1.78906
1agi_.B99990013.pdb            637.17169   -11929.21484   -11265.63086        1.00000       -1.83577
1agi_.B99990014.pdb            625.81207   -11776.63965   -10983.52344        1.00000       -1.74933
1agi_.B99990015.pdb            622.48358   -11550.34766   -10670.13672        1.00000       -1.62112
1agi_.B99990016.pdb            676.62213   -11727.73926   -10884.95117        1.00000       -1.72162
1agi_.B99990017.pdb            645.55548   -11691.25781   -10947.08691        1.00000       -1.70095
1agi_.B99990018.pdb            642.54840   -11728.33398   -10919.96094        1.00000       -1.72196
1agi_.B99990019.pdb            765.01501   -11566.76172   -10560.07910        1.00000       -1.63042
1agi_.B99990020.pdb            923.19165   -10995.49316    -9061.93262        1.00000       -1.30675
1agi_.B99990021.pdb            679.41577   -11770.93652   -11103.27832        1.00000       -1.74610
1agi_.B99990022.pdb            658.34186   -11716.67285   -10965.63379        1.00000       -1.71535
1agi_.B99990023.pdb            699.54706   -11617.53223   -10568.03516        1.00000       -1.65918
1agi_.B99990024.pdb            718.86542   -11566.41895   -10522.43262        1.00000       -1.63022
1agi_.B99990025.pdb            773.83191   -11564.22852   -10550.76172        1.00000       -1.62898
1agi_.B99990026.pdb            810.87946   -11434.12402   -10123.17676        1.00000       -1.55527
1agi_.B99990027.pdb            632.50000   -11699.99316   -10923.64062        1.00000       -1.70590
1agi_.B99990028.pdb            786.12762   -11408.59570    -9995.73438        1.00000       -1.54081
1agi_.B99990029.pdb            617.51740   -11591.34863   -10845.09180        1.00000       -1.64435
1agi_.B99990030.pdb            686.36890   -11753.39258   -11051.17090        1.00000       -1.73616
1agi_.B99990031.pdb            690.63330   -11547.14844   -10669.64258        1.00000       -1.61931
1agi_.B99990032.pdb            626.37427   -11504.02539   -10376.98926        1.00000       -1.59487
1agi_.B99990033.pdb            630.91547   -11642.97559   -10938.34668        1.00000       -1.67360
1agi_.B99990034.pdb            755.75336   -11719.99316   -10928.51660        1.00000       -1.71724
1agi_.B99990035.pdb            771.27271   -11726.60547   -10749.80371        1.00000       -1.72098
1agi_.B99990036.pdb            666.63403   -11716.11523   -10741.38184        1.00000       -1.71504
1agi_.B99990037.pdb            663.77222   -11734.73633   -10752.75977        1.00000       -1.72559
1agi_.B99990038.pdb            692.24377   -11634.72949   -10586.95410        1.00000       -1.66893
1agi_.B99990039.pdb            607.54913   -11791.37598   -11312.03125        1.00000       -1.75768
1agi_.B99990040.pdb            688.97894   -11827.00879   -10965.46680        1.00000       -1.77787
1agi_.B99990041.pdb            632.13232   -11698.90137   -10925.53027        1.00000       -1.70529
1agi_.B99990042.pdb            628.21564   -11625.29980   -10681.75977        1.00000       -1.66358
1agi_.B99990043.pdb            709.71680   -11588.54492   -10610.12207        1.00000       -1.64276
1agi_.B99990044.pdb            694.56598   -11725.75195   -10845.01953        1.00000       -1.72050
1agi_.B99990045.pdb            697.14648   -11750.01270   -11177.14355        1.00000       -1.73424
1agi_.B99990046.pdb            669.68353   -11724.69434   -10997.61816        1.00000       -1.71990
1agi_.B99990047.pdb            672.37170   -11731.27637   -10914.00391        1.00000       -1.72363
1agi_.B99990048.pdb            780.93127   -11652.78418   -10612.54102        1.00000       -1.67916
1agi_.B99990049.pdb            621.18835   -11652.68457   -10780.68359        1.00000       -1.67910
1agi_.B99990050.pdb            672.59637   -11549.94824   -10639.83203        1.00000       -1.62089

>> Top model results:
molpdf: 607.5491333007812 (file: 1agi_.B99990039.pdb)
DOPE score: -11929.21484375 (file: 1agi_.B99990013.pdb)
GA341 score: 1.0 (file: 1agi_.B99990047.pdb)
Normalized DOPE score: -1.8357745301400623 (file: 1agi_.B99990013.pdb)

##############################################################################################
>>Clustering results - Representative structure - AffinityPropagation
Cluster		File_Name
0		1agi_.B99990026
1		1agi_.B99990044

>>Clustering results - Representative structure - DBSCAN
Cluster		File_Name
0		1agi_.B99990023.pdb
1		1agi_.B99990037.pdb
2		1agi_.B99990025.pdb

>>Clustering results - Representative structure - KMeans
Cluster		File_Name
0		1agi_.B99990036.pdb
1		1agi_.B99990026.pdb
2		1agi_.B99990023.pdb
3		1agi_.B99990020.pdb

>>Clustering results - Representative structure - MeanShift
Cluster		File_Name
0		1agi_.B99990036.pdb
1		1agi_.B99990023.pdb
2		1agi_.B99990026.pdb
3		1agi_.B99990020.pdb

>>Clustering results - Representative structure - SpectralClustering
Cluster		File_Name
0		1agi_.B99990028.pdb
1		1agi_.B99990035.pdb
2		1agi_.B99990046.pdb

>>Clustering results - Representative structure - Ward
Cluster		File_Name
0		1agi_.B99990036.pdb
1		1agi_.B99990023.pdb
2		1agi_.B99990026.pdb
3		1agi_.B99990020.pdb
##############################################################################################

##############################################################################################
>>Clustering results - Representative structure - AffinityPropagation
Cluster		File_Name
0		1agi_.B99990005
1		1agi_.B99990020
2		1agi_.B99990034

>>Clustering results - Representative structure - DBSCAN
Cluster		File_Name
0		1agi_.B99990046.pdb
1		1agi_.B99990048.pdb

>>Clustering results - Representative structure - KMeans
Cluster		File_Name
0		1agi_.B99990037.pdb
1		1agi_.B99990020.pdb
2		1agi_.B99990023.pdb

>>Clustering results - Representative structure - MeanShift
Cluster		File_Name
0		1agi_.B99990037.pdb
1		1agi_.B99990001.pdb
2		1agi_.B99990020.pdb
3		1agi_.B99990026.pdb
4		1agi_.B99990028.pdb

>>Clustering results - Representative structure - SpectralClustering
Cluster		File_Name
0		1agi_.B99990005.pdb
1		1agi_.B99990034.pdb

>>Clustering results - Representative structure - Ward
Cluster		File_Name
0		1agi_.B99990036.pdb
1		1agi_.B99990005.pdb
2		1agi_.B99990020.pdb
##############################################################################################