>> Summary of successfully produced model

Filename                          molpdf     DOPE score  DOPE-HR score    GA341 score Normalized DOPE score-----------------------------------------------------------------------------------------------------------
1amm_.B99990001.pdb            978.53033   -19910.48828   -17730.61523        1.00000       -1.68013
1amm_.B99990002.pdb            897.02136   -20140.27344   -18183.25586        1.00000       -1.77365
1amm_.B99990003.pdb            916.43433   -20084.48047   -18277.87109        1.00000       -1.75095
1amm_.B99990004.pdb            864.52307   -20125.70703   -18318.01562        1.00000       -1.76773
1amm_.B99990005.pdb           1025.71619   -19821.13867   -17752.68555        1.00000       -1.64376
1amm_.B99990006.pdb            986.74060   -20124.96875   -18191.40625        1.00000       -1.76743
1amm_.B99990007.pdb            944.92798   -20051.42773   -17954.53125        1.00000       -1.73749
1amm_.B99990008.pdb            975.53235   -19940.35352   -17718.28125        1.00000       -1.69228
1amm_.B99990009.pdb            884.72247   -20188.42188   -18469.34766        1.00000       -1.79325
1amm_.B99990010.pdb            925.13531   -20221.42383   -18259.41992        1.00000       -1.80668
1amm_.B99990011.pdb            870.60199   -20213.44336   -18404.81445        1.00000       -1.80344
1amm_.B99990012.pdb            879.37415   -20146.79883   -18369.14258        1.00000       -1.77631
1amm_.B99990013.pdb            872.20264   -20047.80664   -18031.00391        1.00000       -1.73602
1amm_.B99990014.pdb            863.44641   -20026.32422   -17996.96484        1.00000       -1.72728
1amm_.B99990015.pdb            912.43097   -20140.91016   -18368.30664        1.00000       -1.77391
1amm_.B99990016.pdb            955.18646   -20093.02539   -18194.96484        1.00000       -1.75442
1amm_.B99990017.pdb            907.16205   -20172.23047   -18124.44727        1.00000       -1.78666
1amm_.B99990018.pdb           1000.89899   -19999.75000   -17571.72656        1.00000       -1.71646
1amm_.B99990019.pdb            866.21710   -20145.42578   -18284.22852        1.00000       -1.77575
1amm_.B99990020.pdb            926.44403   -20291.45312   -18495.73242        1.00000       -1.83519
1amm_.B99990021.pdb            894.26093   -20237.05469   -18428.39844        1.00000       -1.81305
1amm_.B99990022.pdb            882.32135   -20227.30859   -18524.14258        1.00000       -1.80908
1amm_.B99990023.pdb           1020.59277   -20059.95898   -18209.34961        1.00000       -1.74097
1amm_.B99990024.pdb            995.09058   -20241.01562   -18603.38867        1.00000       -1.81466
1amm_.B99990025.pdb            883.54358   -20039.09375   -17906.50195        1.00000       -1.73247
1amm_.B99990026.pdb            889.60205   -20203.44531   -18603.50000        1.00000       -1.79937
1amm_.B99990027.pdb           1074.20703   -20006.32617   -17852.93359        1.00000       -1.71914
1amm_.B99990028.pdb            963.11542   -20035.03516   -18028.73242        1.00000       -1.73082
1amm_.B99990029.pdb            893.13318   -20187.24023   -18331.21875        1.00000       -1.79277
1amm_.B99990030.pdb            951.32635   -20069.37891   -18014.92383        1.00000       -1.74480
1amm_.B99990031.pdb            901.83154   -19962.87305   -17746.33398        1.00000       -1.70145
1amm_.B99990032.pdb            948.08246   -20222.23047   -18321.19531        1.00000       -1.80701
1amm_.B99990033.pdb            913.39001   -20165.55469   -18180.76172        1.00000       -1.78394
1amm_.B99990034.pdb            914.92847   -20206.23633   -18416.84180        1.00000       -1.80050
1amm_.B99990035.pdb            926.78839   -20150.70117   -18161.01562        1.00000       -1.77790
1amm_.B99990036.pdb            963.46643   -19789.12109   -17778.12109        1.00000       -1.63073
1amm_.B99990037.pdb            921.48724   -20222.44531   -18520.24805        1.00000       -1.80710
1amm_.B99990038.pdb            919.28143   -20142.60352   -18098.64453        1.00000       -1.77460
1amm_.B99990039.pdb           1017.25195   -20152.66797   -18048.34375        1.00000       -1.77870
1amm_.B99990040.pdb            907.78680   -20121.26953   -18218.24219        1.00000       -1.76592
1amm_.B99990041.pdb            932.47437   -20134.96680   -18301.86914        1.00000       -1.77149
1amm_.B99990042.pdb            855.23224   -20147.90430   -18200.52344        1.00000       -1.77676
1amm_.B99990043.pdb            895.30865   -20139.09570   -18167.53906        1.00000       -1.77318
1amm_.B99990044.pdb            994.32928   -19995.58594   -18110.20508        1.00000       -1.71476
1amm_.B99990045.pdb            883.37842   -20166.19922   -18380.35938        1.00000       -1.78421
1amm_.B99990046.pdb            977.34052   -20088.26953   -18243.42773        1.00000       -1.75249
1amm_.B99990047.pdb            900.18298   -20115.62109   -18048.75391        1.00000       -1.76362
1amm_.B99990048.pdb            898.58728   -20284.69922   -18539.16211        1.00000       -1.83244
1amm_.B99990049.pdb           1042.85510   -20135.07227   -18017.71094        1.00000       -1.77154
1amm_.B99990050.pdb            908.96246   -20028.20312   -18031.99805        1.00000       -1.72804

>> Top model results:
molpdf: 855.2322387695312 (file: 1amm_.B99990042.pdb)
DOPE score: -20291.453125 (file: 1amm_.B99990020.pdb)
GA341 score: 1.0 (file: 1amm_.B99990049.pdb)
Normalized DOPE score: -1.8351880149703754 (file: 1amm_.B99990020.pdb)

##############################################################################################
>>Clustering results - Representative structure - AffinityPropagation
Cluster		File_Name
0		1amm_.B99990001
1		1amm_.B99990010
2		1amm_.B99990025
3		1amm_.B99990027
4		1amm_.B99990030
5		1amm_.B99990039
6		1amm_.B99990045

>>Clustering results - Representative structure - DBSCAN
Cluster		File_Name
0		1amm_.B99990041.pdb

>>Clustering results - Representative structure - KMeans
Cluster		File_Name
0		1amm_.B99990044.pdb
1		1amm_.B99990002.pdb

>>Clustering results - Representative structure - MeanShift
Cluster		File_Name
0		1amm_.B99990002.pdb
1		1amm_.B99990044.pdb
2		1amm_.B99990027.pdb

>>Clustering results - Representative structure - SpectralClustering
Cluster		File_Name
0		1amm_.B99990002.pdb
1		1amm_.B99990044.pdb

>>Clustering results - Representative structure - Ward
Cluster		File_Name
0		1amm_.B99990044.pdb
1		1amm_.B99990002.pdb
##############################################################################################

##############################################################################################
>>Clustering results - Representative structure - AffinityPropagation
Cluster		File_Name
0		1amm_.B99990001
1		1amm_.B99990002
2		1amm_.B99990023
3		1amm_.B99990025
4		1amm_.B99990030
5		1amm_.B99990037

>>Clustering results - Representative structure - DBSCAN
Cluster		File_Name
0		1amm_.B99990038.pdb

>>Clustering results - Representative structure - KMeans
Cluster		File_Name
0		1amm_.B99990029.pdb
1		1amm_.B99990028.pdb

>>Clustering results - Representative structure - MeanShift
Cluster		File_Name
0		1amm_.B99990015.pdb
1		1amm_.B99990007.pdb
2		1amm_.B99990001.pdb

>>Clustering results - Representative structure - SpectralClustering
Cluster		File_Name
0		1amm_.B99990001.pdb
1		1amm_.B99990035.pdb

>>Clustering results - Representative structure - Ward
Cluster		File_Name
0		1amm_.B99990028.pdb
1		1amm_.B99990029.pdb
##############################################################################################