>> Summary of successfully produced model

Filename                          molpdf     DOPE score  DOPE-HR score    GA341 score Normalized DOPE score-----------------------------------------------------------------------------------------------------------
1a1x_.B99990001.pdb            745.15015    -9088.27539    -6008.24072        0.99999       -0.08027
1a1x_.B99990002.pdb            725.34686    -8958.81055    -5681.98047        0.99999        0.00623
1a1x_.B99990003.pdb            646.26764    -9080.56543    -5680.21240        1.00000       -0.07512
1a1x_.B99990004.pdb            690.04297    -8892.41309    -5683.65332        1.00000        0.05059
1a1x_.B99990005.pdb            729.29932    -9221.10059    -6007.84863        1.00000       -0.16902
1a1x_.B99990006.pdb            736.32648    -9011.46875    -5811.43115        1.00000       -0.02896
1a1x_.B99990007.pdb            707.42188    -9076.04883    -5930.03564        0.99914       -0.07210
1a1x_.B99990008.pdb            744.51654    -9184.24902    -6102.31299        0.99957       -0.14440
1a1x_.B99990009.pdb            632.31232    -9013.34766    -5798.26709        0.99848       -0.03021
1a1x_.B99990010.pdb            831.51331    -9117.69141    -5776.59668        0.99958       -0.09993
1a1x_.B99990011.pdb            725.61920    -9197.87402    -6176.43164        0.99979       -0.15350
1a1x_.B99990012.pdb            656.38440    -9047.75293    -5810.98145        0.99936       -0.05320
1a1x_.B99990013.pdb            644.28809    -9046.00977    -5566.89893        0.99593       -0.05203
1a1x_.B99990014.pdb            735.13275    -8890.01855    -5623.63721        0.99887        0.05219
1a1x_.B99990015.pdb            680.97858    -9161.25684    -5888.95850        0.99793       -0.12903
1a1x_.B99990016.pdb            648.67078    -8930.11523    -5317.54883        0.99715        0.02540
1a1x_.B99990017.pdb            716.27771    -9078.85254    -5664.49316        0.99789       -0.07398
1a1x_.B99990018.pdb            660.44440    -9206.62500    -6173.71875        0.99918       -0.15935
1a1x_.B99990019.pdb            679.66296    -9314.12500    -6212.94238        0.99654       -0.23117
1a1x_.B99990020.pdb            670.58752    -8888.31934    -5347.01025        0.99651        0.05332
1a1x_.B99990021.pdb            653.87927    -9372.85156    -6537.75781        0.99951       -0.27041
1a1x_.B99990022.pdb            609.44965    -9075.48145    -5875.00195        0.99574       -0.07173
1a1x_.B99990023.pdb            680.03918    -9068.71680    -5675.96143        0.99967       -0.06721
1a1x_.B99990024.pdb            734.71661    -9022.96875    -5956.41504        0.99898       -0.03664
1a1x_.B99990025.pdb            702.32678    -8902.12500    -5543.29004        0.99923        0.04410
1a1x_.B99990026.pdb            679.36285    -9110.41016    -5813.10059        0.99872       -0.09506
1a1x_.B99990027.pdb            635.95184    -8998.81934    -5684.76172        0.99890       -0.02051
1a1x_.B99990028.pdb            675.45538    -9021.38672    -5656.34570        0.99880       -0.03558
1a1x_.B99990029.pdb            657.58459    -8949.88574    -5667.64355        0.99932        0.01219
1a1x_.B99990030.pdb            707.31085    -8918.84863    -5439.70947        0.99612        0.03293
1a1x_.B99990031.pdb            710.51001    -9055.60547    -5719.33887        0.99690       -0.05845
1a1x_.B99990032.pdb            681.76947    -9092.80273    -5999.85498        0.98913       -0.08330
1a1x_.B99990033.pdb            651.79620    -9019.72559    -5606.20605        0.99501       -0.03447
1a1x_.B99990034.pdb            661.77124    -9010.96484    -5692.28076        0.99806       -0.02862
1a1x_.B99990035.pdb            814.33447    -8933.03809    -5787.93848        0.99307        0.02345
1a1x_.B99990036.pdb            666.81738    -9041.48047    -5890.98340        0.99437       -0.04901
1a1x_.B99990037.pdb            668.42145    -9143.12109    -6038.06982        0.99713       -0.11692
1a1x_.B99990038.pdb            644.53021    -8949.29980    -5604.02881        0.99782        0.01258
1a1x_.B99990039.pdb            706.26526    -8815.13574    -5305.33105        0.99141        0.10222
1a1x_.B99990040.pdb            698.65076    -8961.28027    -5766.78320        0.99449        0.00458
1a1x_.B99990041.pdb            640.85870    -8934.39941    -5612.37207        0.99985        0.02254
1a1x_.B99990042.pdb            722.71484    -8944.08887    -5524.65381        0.99467        0.01606
1a1x_.B99990043.pdb            624.77643    -9090.11621    -6043.41455        0.99992       -0.08150
1a1x_.B99990044.pdb            687.24414    -8786.41895    -5118.00684        0.99994        0.12141
1a1x_.B99990045.pdb            718.76294    -9144.23633    -5880.28271        0.99999       -0.11766
1a1x_.B99990046.pdb            697.53802    -9088.98535    -5813.41699        0.99950       -0.08075
1a1x_.B99990047.pdb            655.68274    -9248.66406    -5907.32617        0.99915       -0.18743
1a1x_.B99990048.pdb            688.89142    -9096.90332    -5834.58154        0.99830       -0.08604
1a1x_.B99990049.pdb            637.39233    -9037.21191    -5800.26514        0.99930       -0.04616
1a1x_.B99990050.pdb            661.56934    -8955.60449    -5639.72070        0.99285        0.00837

>> Top model results:
molpdf: 609.4496459960938 (file: 1a1x_.B99990022.pdb)
DOPE score: -9372.8515625 (file: 1a1x_.B99990021.pdb)
GA341 score: 0.9891290068626404 (file: 1a1x_.B99990032.pdb)
Normalized DOPE score: -0.2704063950223188 (file: 1a1x_.B99990021.pdb)

##############################################################################################
>>Clustering results - Representative structure - AffinityPropagation
Cluster		File_Name
0		1a1x_.B99990026

>>Clustering results - Representative structure - DBSCAN
Cluster		File_Name
0		1a1x_.B99990017.pdb
1		1a1x_.B99990049.pdb
2		1a1x_.B99990004.pdb
3		1a1x_.B99990005.pdb

>>Clustering results - Representative structure - KMeans
Cluster		File_Name
0		1a1x_.B99990004.pdb
1		1a1x_.B99990039.pdb
2		1a1x_.B99990020.pdb
3		1a1x_.B99990019.pdb
4		1a1x_.B99990023.pdb
5		1a1x_.B99990018.pdb
6		1a1x_.B99990037.pdb

>>Clustering results - Representative structure - MeanShift
Cluster		File_Name
0		1a1x_.B99990022.pdb
1		1a1x_.B99990017.pdb
2		1a1x_.B99990039.pdb
3		1a1x_.B99990021.pdb
4		1a1x_.B99990019.pdb

>>Clustering results - Representative structure - SpectralClustering
Cluster		File_Name
0		1a1x_.B99990019.pdb
1		1a1x_.B99990022.pdb
2		1a1x_.B99990010.pdb

>>Clustering results - Representative structure - Ward
Cluster		File_Name
0		1a1x_.B99990023.pdb
1		1a1x_.B99990019.pdb
2		1a1x_.B99990004.pdb
3		1a1x_.B99990044.pdb
4		1a1x_.B99990021.pdb
5		1a1x_.B99990001.pdb
6		1a1x_.B99990020.pdb
7		1a1x_.B99990008.pdb
8		1a1x_.B99990011.pdb
9		1a1x_.B99990005.pdb
##############################################################################################

##############################################################################################
>>Clustering results - Representative structure - AffinityPropagation
Cluster		File_Name
0		1a1x_.B99990003
1		1a1x_.B99990004
2		1a1x_.B99990010
3		1a1x_.B99990014
4		1a1x_.B99990036
5		1a1x_.B99990047

>>Clustering results - Representative structure - DBSCAN
Cluster		File_Name
0		1a1x_.B99990023.pdb

>>Clustering results - Representative structure - KMeans
Cluster		File_Name
0		1a1x_.B99990008.pdb
1		1a1x_.B99990002.pdb
2		1a1x_.B99990036.pdb
3		1a1x_.B99990045.pdb
4		1a1x_.B99990003.pdb
5		1a1x_.B99990019.pdb
6		1a1x_.B99990020.pdb
7		1a1x_.B99990035.pdb

>>Clustering results - Representative structure - MeanShift
Cluster		File_Name
0		1a1x_.B99990013.pdb
1		1a1x_.B99990010.pdb
2		1a1x_.B99990019.pdb

>>Clustering results - Representative structure - SpectralClustering
Cluster		File_Name
0		1a1x_.B99990005.pdb
1		1a1x_.B99990009.pdb
2		1a1x_.B99990014.pdb

>>Clustering results - Representative structure - Ward
Cluster		File_Name
0		1a1x_.B99990019.pdb
1		1a1x_.B99990035.pdb
2		1a1x_.B99990002.pdb
3		1a1x_.B99990045.pdb
4		1a1x_.B99990003.pdb
5		1a1x_.B99990044.pdb
6		1a1x_.B99990036.pdb
##############################################################################################