>> Summary of successfully produced model

Filename                          molpdf     DOPE score  DOPE-HR score    GA341 score Normalized DOPE score-----------------------------------------------------------------------------------------------------------
1ast_.B99990001.pdb           1207.13806   -19672.08398   -16551.13086        1.00000       -0.27895
1ast_.B99990002.pdb           1165.08667   -19447.58398   -16668.51172        1.00000       -0.19945
1ast_.B99990003.pdb           1134.03760   -19442.66602   -16593.88477        1.00000       -0.19771
1ast_.B99990004.pdb           1076.82227   -19589.65820   -16651.77734        1.00000       -0.24976
1ast_.B99990005.pdb           1179.89124   -19694.47461   -16533.79883        1.00000       -0.28688
1ast_.B99990006.pdb           1200.03052   -19156.07422   -15715.87793        1.00000       -0.09623
1ast_.B99990007.pdb           1073.05310   -19410.43750   -16246.13574        1.00000       -0.18630
1ast_.B99990008.pdb           1184.57812   -19179.58984   -16141.33984        1.00000       -0.10455
1ast_.B99990009.pdb           1036.09192   -19572.68359   -16786.93359        1.00000       -0.24375
1ast_.B99990010.pdb           1156.71826   -19405.38281   -16161.26367        1.00000       -0.18451
1ast_.B99990011.pdb           1210.89893   -19419.33008   -16463.91602        1.00000       -0.18945
1ast_.B99990012.pdb           1095.47180   -19651.40430   -16839.36523        1.00000       -0.27163
1ast_.B99990013.pdb           1052.12207   -19472.10352   -16333.45410        1.00000       -0.20813
1ast_.B99990014.pdb           1128.46790   -19616.39648   -16591.04102        1.00000       -0.25923
1ast_.B99990015.pdb           1141.92383   -19801.40625   -17094.94336        1.00000       -0.32474
1ast_.B99990016.pdb           1167.71973   -19355.66602   -16128.06641        1.00000       -0.16690
1ast_.B99990017.pdb           1206.25916   -19860.17188   -17631.98438        1.00000       -0.34555
1ast_.B99990018.pdb           1365.96826   -19483.22852   -16378.86035        1.00000       -0.21207
1ast_.B99990019.pdb           1120.31128   -19364.49219   -16302.45605        1.00000       -0.17003
1ast_.B99990020.pdb           1072.79614   -19506.01562   -16788.24219        1.00000       -0.22014
1ast_.B99990021.pdb           1150.71240   -19155.20117   -15834.93164        1.00000       -0.09592
1ast_.B99990022.pdb           1069.91626   -19399.32031   -16269.47852        1.00000       -0.18236
1ast_.B99990023.pdb           1146.27014   -19363.32031   -15860.98828        1.00000       -0.16961
1ast_.B99990024.pdb           1295.98291   -19303.75195   -16372.94824        1.00000       -0.14852
1ast_.B99990025.pdb           1197.50659   -19366.05273   -16320.70508        1.00000       -0.17058
1ast_.B99990026.pdb           1152.78223   -19166.33594   -15776.47266        1.00000       -0.09986
1ast_.B99990027.pdb           1144.93359   -19272.81445   -16119.68750        1.00000       -0.13757
1ast_.B99990028.pdb           1175.12122   -19065.84766   -15766.89746        1.00000       -0.06428
1ast_.B99990029.pdb           1149.21228   -19283.74219   -16248.61914        1.00000       -0.14143
1ast_.B99990030.pdb           1041.41711   -19620.80273   -16922.38867        1.00000       -0.26079
1ast_.B99990031.pdb           1184.08936   -19467.83398   -16569.76172        1.00000       -0.20662
1ast_.B99990032.pdb           1084.50037   -19452.62109   -16750.14062        1.00000       -0.20124
1ast_.B99990033.pdb           1056.58154   -19110.96680   -15681.85645        1.00000       -0.08025
1ast_.B99990034.pdb           1091.32959   -19413.75195   -16574.55078        1.00000       -0.18747
1ast_.B99990035.pdb           1133.70447   -19524.54492   -16474.44531        1.00000       -0.22670
1ast_.B99990036.pdb           1100.99768   -19389.83789   -16344.53418        1.00000       -0.17900
1ast_.B99990037.pdb           1143.52173   -19834.79492   -16915.26953        1.00000       -0.33657
1ast_.B99990038.pdb           1133.86328   -19584.18555   -16711.09180        1.00000       -0.24782
1ast_.B99990039.pdb           1145.82666   -19350.99609   -15950.91992        1.00000       -0.16525
1ast_.B99990040.pdb           1155.45459   -19294.02344   -16148.25977        1.00000       -0.14508
1ast_.B99990041.pdb           1103.30139   -19482.72461   -16630.89844        1.00000       -0.21190
1ast_.B99990042.pdb           1169.10400   -19521.32422   -16848.05859        1.00000       -0.22556
1ast_.B99990043.pdb           1171.47607   -19237.12891   -15760.30078        1.00000       -0.12493
1ast_.B99990044.pdb           1174.39929   -19973.27148   -17177.97852        1.00000       -0.38560
1ast_.B99990045.pdb           1098.72278   -19488.02344   -16162.50586        1.00000       -0.21377
1ast_.B99990046.pdb           1085.68958   -19379.63281   -16334.36328        1.00000       -0.17539
1ast_.B99990047.pdb           1064.09119   -19427.98633   -16589.76953        1.00000       -0.19251
1ast_.B99990048.pdb           1216.49609   -19053.45898   -15504.30078        1.00000       -0.05989
1ast_.B99990049.pdb           1121.62903   -19918.85938   -16624.62305        1.00000       -0.36633
1ast_.B99990050.pdb           1091.65027   -19665.55273   -16886.52734        1.00000       -0.27664

>> Top model results:
molpdf: 1036.0919189453125 (file: 1ast_.B99990009.pdb)
DOPE score: -19973.271484375 (file: 1ast_.B99990044.pdb)
GA341 score: 0.9999986290931702 (file: 1ast_.B99990025.pdb)
Normalized DOPE score: -0.3856023660104199 (file: 1ast_.B99990044.pdb)

##############################################################################################
>>Clustering results - Representative structure - AffinityPropagation
Cluster		File_Name
0		1ast_.B99990004
1		1ast_.B99990010
2		1ast_.B99990019
3		1ast_.B99990023
4		1ast_.B99990036
5		1ast_.B99990037
6		1ast_.B99990049

>>Clustering results - Representative structure - DBSCAN
Cluster		File_Name
0		1ast_.B99990002.pdb
1		1ast_.B99990018.pdb
2		1ast_.B99990033.pdb
3		1ast_.B99990001.pdb

>>Clustering results - Representative structure - KMeans
Cluster		File_Name
0		1ast_.B99990045.pdb
1		1ast_.B99990019.pdb
2		1ast_.B99990002.pdb
3		1ast_.B99990044.pdb
4		1ast_.B99990049.pdb
5		1ast_.B99990039.pdb
6		1ast_.B99990033.pdb
7		1ast_.B99990010.pdb
8		1ast_.B99990050.pdb
9		1ast_.B99990030.pdb

>>Clustering results - Representative structure - MeanShift
Cluster		File_Name
0		1ast_.B99990018.pdb
1		1ast_.B99990011.pdb
2		1ast_.B99990019.pdb
3		1ast_.B99990049.pdb
4		1ast_.B99990044.pdb

>>Clustering results - Representative structure - SpectralClustering
Cluster		File_Name
0		1ast_.B99990021.pdb
1		1ast_.B99990018.pdb
2		1ast_.B99990019.pdb
3		1ast_.B99990017.pdb
4		1ast_.B99990020.pdb

>>Clustering results - Representative structure - Ward
Cluster		File_Name
0		1ast_.B99990019.pdb
1		1ast_.B99990044.pdb
2		1ast_.B99990049.pdb
3		1ast_.B99990039.pdb
4		1ast_.B99990045.pdb
5		1ast_.B99990030.pdb
6		1ast_.B99990002.pdb
7		1ast_.B99990050.pdb
8		1ast_.B99990010.pdb
9		1ast_.B99990033.pdb
##############################################################################################

##############################################################################################
>>Clustering results - Representative structure - AffinityPropagation
Cluster		File_Name
0		1ast_.B99990014
1		1ast_.B99990025
2		1ast_.B99990026
3		1ast_.B99990037
4		1ast_.B99990040
5		1ast_.B99990041
6		1ast_.B99990046
7		1ast_.B99990049

>>Clustering results - Representative structure - DBSCAN
Cluster		File_Name
0		1ast_.B99990045.pdb

>>Clustering results - Representative structure - KMeans
Cluster		File_Name
0		1ast_.B99990041.pdb
1		1ast_.B99990005.pdb
2		1ast_.B99990026.pdb
3		1ast_.B99990027.pdb
4		1ast_.B99990040.pdb
5		1ast_.B99990046.pdb
6		1ast_.B99990045.pdb
7		1ast_.B99990037.pdb
8		1ast_.B99990049.pdb

>>Clustering results - Representative structure - MeanShift
Cluster		File_Name
0		1ast_.B99990032.pdb
1		1ast_.B99990008.pdb

>>Clustering results - Representative structure - SpectralClustering
Cluster		File_Name
0		1ast_.B99990014.pdb
1		1ast_.B99990044.pdb
2		1ast_.B99990016.pdb
3		1ast_.B99990046.pdb
4		1ast_.B99990015.pdb
5		1ast_.B99990033.pdb
6		1ast_.B99990041.pdb
7		1ast_.B99990025.pdb

>>Clustering results - Representative structure - Ward
Cluster		File_Name
0		1ast_.B99990049.pdb
1		1ast_.B99990041.pdb
2		1ast_.B99990040.pdb
3		1ast_.B99990027.pdb
4		1ast_.B99990014.pdb
5		1ast_.B99990037.pdb
6		1ast_.B99990026.pdb
7		1ast_.B99990046.pdb
8		1ast_.B99990009.pdb
9		1ast_.B99990036.pdb
##############################################################################################