>> Summary of successfully produced model

Filename                          molpdf     DOPE score  DOPE-HR score    GA341 score Normalized DOPE score-----------------------------------------------------------------------------------------------------------
1aa7A.B99990001.pdb            529.37268   -20542.81836   -20268.80859        1.00000       -2.71906
1aa7A.B99990002.pdb            597.43091   -20534.72656   -20347.44727        1.00000       -2.71543
1aa7A.B99990003.pdb            647.59662   -20147.72852   -19317.58398        1.00000       -2.54197
1aa7A.B99990004.pdb            562.99640   -20714.94141   -20798.25586        1.00000       -2.79621
1aa7A.B99990005.pdb            561.73389   -20403.79297   -20046.56445        1.00000       -2.65674
1aa7A.B99990006.pdb            584.15063   -20617.82617   -20455.65430        1.00000       -2.75268
1aa7A.B99990007.pdb            569.71008   -20505.39648   -20301.22070        1.00000       -2.70229
1aa7A.B99990008.pdb            580.94598   -20697.14453   -20496.13281        1.00000       -2.78824
1aa7A.B99990009.pdb            557.79559   -20490.94531   -20262.91797        1.00000       -2.69581
1aa7A.B99990010.pdb            591.78271   -20722.43164   -20592.65039        1.00000       -2.79957
1aa7A.B99990011.pdb            540.99878   -20459.45898   -20183.33984        1.00000       -2.68170
1aa7A.B99990012.pdb            561.60242   -20624.74023   -20530.39062        1.00000       -2.75578
1aa7A.B99990013.pdb            553.50439   -20696.41992   -20619.18750        1.00000       -2.78791
1aa7A.B99990014.pdb            555.37445   -20666.36719   -20524.71094        1.00000       -2.77444
1aa7A.B99990015.pdb            649.41626   -20454.12500   -20070.99219        1.00000       -2.67931
1aa7A.B99990016.pdb            595.32532   -20466.34766   -20115.16406        1.00000       -2.68478
1aa7A.B99990017.pdb            577.06842   -20552.13867   -20645.52344        1.00000       -2.72324
1aa7A.B99990018.pdb            561.97430   -20682.93359   -20563.45312        1.00000       -2.78187
1aa7A.B99990019.pdb            593.10944   -20534.98828   -20414.33398        1.00000       -2.71555
1aa7A.B99990020.pdb            553.58710   -20654.91797   -20636.98047        1.00000       -2.76931
1aa7A.B99990021.pdb            566.68079   -20624.07422   -20594.64453        1.00000       -2.75548
1aa7A.B99990022.pdb            577.10468   -20654.97461   -20309.73633        1.00000       -2.76933
1aa7A.B99990023.pdb            628.42010   -20481.43750   -20343.56445        1.00000       -2.69155
1aa7A.B99990024.pdb            558.04480   -20459.52344   -20217.26953        1.00000       -2.68173
1aa7A.B99990025.pdb            597.16241   -20474.80469   -20446.17578        1.00000       -2.68857
1aa7A.B99990026.pdb            627.28101   -20530.52930   -20201.73047        1.00000       -2.71355
1aa7A.B99990027.pdb            573.87891   -20609.64062   -20501.97266        1.00000       -2.74901
1aa7A.B99990028.pdb            559.01215   -20506.76367   -20406.54688        1.00000       -2.70290
1aa7A.B99990029.pdb            601.67218   -20324.31836   -19940.78320        1.00000       -2.62112
1aa7A.B99990030.pdb            537.88995   -20427.28320   -20151.80859        1.00000       -2.66727
1aa7A.B99990031.pdb            580.36462   -20474.06836   -20185.44922        1.00000       -2.68824
1aa7A.B99990032.pdb            544.35535   -20471.65625   -20191.06250        1.00000       -2.68716
1aa7A.B99990033.pdb            543.70038   -20644.17969   -20616.74023        1.00000       -2.76450
1aa7A.B99990034.pdb            568.06708   -20372.29883   -20018.52930        1.00000       -2.64263
1aa7A.B99990035.pdb            543.42706   -20462.51367   -20273.80469        1.00000       -2.68307
1aa7A.B99990036.pdb            571.02991   -20605.50586   -20423.13477        1.00000       -2.74716
1aa7A.B99990037.pdb            597.08612   -20522.16406   -20366.22461        1.00000       -2.70980
1aa7A.B99990038.pdb            574.34412   -20424.76562   -20197.68945        1.00000       -2.66615
1aa7A.B99990039.pdb            683.50952   -20471.07422   -20219.67383        1.00000       -2.68690
1aa7A.B99990040.pdb            652.69916   -20544.04297   -20503.17578        1.00000       -2.71961
1aa7A.B99990041.pdb            580.52582   -20663.30078   -20327.18750        1.00000       -2.77307
1aa7A.B99990042.pdb            569.63214   -20402.84570   -20181.23633        1.00000       -2.65632
1aa7A.B99990043.pdb            574.12457   -20520.49414   -20236.23633        1.00000       -2.70905
1aa7A.B99990044.pdb            596.86469   -20453.19141   -20024.45703        1.00000       -2.67889
1aa7A.B99990045.pdb            602.45886   -20545.30859   -20442.13086        1.00000       -2.72018
1aa7A.B99990046.pdb            578.21753   -20575.54297   -20492.74023        1.00000       -2.73373
1aa7A.B99990047.pdb            554.60583   -20524.10156   -20301.21289        1.00000       -2.71067
1aa7A.B99990048.pdb            589.33289   -20270.66016   -19768.52344        1.00000       -2.59707
1aa7A.B99990049.pdb            692.32654   -20292.06250   -19612.19336        1.00000       -2.60666
1aa7A.B99990050.pdb            628.72662   -20417.57227   -19867.91992        1.00000       -2.66292

>> Top model results:
molpdf: 529.3726806640625 (file: 1aa7A.B99990001.pdb)
DOPE score: -20722.431640625 (file: 1aa7A.B99990010.pdb)
GA341 score: 1.0 (file: 1aa7A.B99990035.pdb)
Normalized DOPE score: -2.7995706512460377 (file: 1aa7A.B99990010.pdb)

##############################################################################################
>>Clustering results - Representative structure - AffinityPropagation
Cluster		File_Name
0		1aa7A.B99990021
1		1aa7A.B99990034
2		1aa7A.B99990039
3		1aa7A.B99990040

>>Clustering results - Representative structure - DBSCAN
Cluster		File_Name
0		1aa7A.B99990038.pdb
1		1aa7A.B99990041.pdb
2		1aa7A.B99990045.pdb

>>Clustering results - Representative structure - KMeans
Cluster		File_Name
0		1aa7A.B99990031.pdb
1		1aa7A.B99990048.pdb

>>Clustering results - Representative structure - MeanShift
Cluster		File_Name
0		1aa7A.B99990041.pdb
1		1aa7A.B99990043.pdb
2		1aa7A.B99990048.pdb
3		1aa7A.B99990039.pdb

>>Clustering results - Representative structure - SpectralClustering
Cluster		File_Name
0		1aa7A.B99990031.pdb
1		1aa7A.B99990048.pdb

>>Clustering results - Representative structure - Ward
Cluster		File_Name
0		1aa7A.B99990031.pdb
1		1aa7A.B99990048.pdb
##############################################################################################

##############################################################################################
>>Clustering results - Representative structure - AffinityPropagation
Cluster		File_Name
0		1aa7A.B99990028
1		1aa7A.B99990042

>>Clustering results - Representative structure - DBSCAN
Cluster		File_Name
0		1aa7A.B99990037.pdb
1		1aa7A.B99990006.pdb
2		1aa7A.B99990024.pdb
3		1aa7A.B99990035.pdb

>>Clustering results - Representative structure - KMeans
Cluster		File_Name
0		1aa7A.B99990031.pdb
1		1aa7A.B99990015.pdb
2		1aa7A.B99990021.pdb
3		1aa7A.B99990025.pdb
4		1aa7A.B99990003.pdb
5		1aa7A.B99990007.pdb
6		1aa7A.B99990014.pdb
7		1aa7A.B99990048.pdb

>>Clustering results - Representative structure - MeanShift
Cluster		File_Name
0		1aa7A.B99990046.pdb
1		1aa7A.B99990026.pdb
2		1aa7A.B99990025.pdb
3		1aa7A.B99990003.pdb
4		1aa7A.B99990048.pdb

>>Clustering results - Representative structure - SpectralClustering
Cluster		File_Name
0		1aa7A.B99990031.pdb
1		1aa7A.B99990025.pdb
2		1aa7A.B99990044.pdb
3		1aa7A.B99990021.pdb
4		1aa7A.B99990014.pdb

>>Clustering results - Representative structure - Ward
Cluster		File_Name
0		1aa7A.B99990021.pdb
1		1aa7A.B99990031.pdb
2		1aa7A.B99990044.pdb
3		1aa7A.B99990049.pdb
4		1aa7A.B99990014.pdb
5		1aa7A.B99990003.pdb
6		1aa7A.B99990045.pdb
7		1aa7A.B99990037.pdb
8		1aa7A.B99990048.pdb
##############################################################################################