>> Summary of successfully produced model

Filename                          molpdf     DOPE score  DOPE-HR score    GA341 score Normalized DOPE score-----------------------------------------------------------------------------------------------------------
1ac5_.B99990001.pdb           2831.63501   -42174.41016   -30351.61133        0.94598        0.62049
1ac5_.B99990002.pdb           2825.34790   -42835.17188   -30800.88281        0.98610        0.52360
1ac5_.B99990003.pdb           2733.57031   -43324.14062   -31504.31250        0.99593        0.45190
1ac5_.B99990004.pdb           2828.09326   -42782.15625   -30135.24414        0.87194        0.53137
1ac5_.B99990005.pdb           2838.00757   -42263.55078   -29834.34375        0.93776        0.60742
1ac5_.B99990006.pdb           2848.18286   -42039.34766   -30277.95703        0.89023        0.64029
1ac5_.B99990007.pdb           2864.19482   -42273.24219   -29846.67188        0.63254        0.60599
1ac5_.B99990008.pdb           2850.23901   -42471.07812   -30401.17578        0.68336        0.57699
1ac5_.B99990009.pdb           3007.31885   -42959.58984   -30612.53516        0.71193        0.50536
1ac5_.B99990010.pdb           2822.43896   -42155.13672   -29723.76367        0.85337        0.62331
1ac5_.B99990011.pdb           2845.93066   -43036.96875   -30727.72852        0.71962        0.49401
1ac5_.B99990012.pdb           2780.57739   -42425.31250   -30001.23047        0.71415        0.58370
1ac5_.B99990013.pdb           3033.93237   -42249.88672   -29111.16992        0.94107        0.60942
1ac5_.B99990014.pdb           2823.83154   -41845.11328   -28775.19531        0.61190        0.66877
1ac5_.B99990015.pdb           2968.63354   -42809.60156   -30970.74023        0.57515        0.52735
1ac5_.B99990016.pdb           2856.28223   -42958.92969   -30760.10547        0.67413        0.50545
1ac5_.B99990017.pdb           2823.70239   -42709.20312   -31034.83984        0.56921        0.54207
1ac5_.B99990018.pdb           2938.97388   -42607.74219   -30956.16016        0.76348        0.55695
1ac5_.B99990019.pdb           2824.74316   -41910.82422   -29277.26367        0.52113        0.65914
1ac5_.B99990020.pdb           3063.52856   -42648.07422   -30858.23242        0.77842        0.55103
1ac5_.B99990021.pdb           2861.21631   -42354.82812   -29558.10547        0.93662        0.59403
1ac5_.B99990022.pdb           3055.04736   -42034.50781   -29634.73828        0.76623        0.64100
1ac5_.B99990023.pdb           2777.39307   -42210.07422   -30264.79492        0.89114        0.61526
1ac5_.B99990024.pdb           2912.62720   -42535.28906   -30156.72656        0.71643        0.56757
1ac5_.B99990025.pdb           2925.86743   -41653.73828   -28063.00391        0.63480        0.69683
1ac5_.B99990026.pdb           2769.77466   -42465.00391   -30435.04883        0.69171        0.57788
1ac5_.B99990027.pdb           2755.17114   -42456.53516   -30365.87500        0.83948        0.57912
1ac5_.B99990028.pdb           3211.42822   -42997.13672   -30790.87109        0.67088        0.49985
1ac5_.B99990029.pdb           2778.64624   -42463.84766   -30731.08203        0.79454        0.57805
1ac5_.B99990030.pdb           2692.02148   -42485.76172   -29915.99219        0.86215        0.57483
1ac5_.B99990031.pdb           2849.34497   -41604.04297   -28271.61523        0.88817        0.70412
1ac5_.B99990032.pdb           3041.54028   -42310.76562   -29935.84570        0.66020        0.60049
1ac5_.B99990033.pdb           2793.11084   -42408.15234   -29924.98242        0.84149        0.58621
1ac5_.B99990034.pdb           2860.74438   -41522.57031   -27247.24609        0.75139        0.71606
1ac5_.B99990035.pdb           2832.91943   -42101.54688   -29966.36133        0.77053        0.63117
1ac5_.B99990036.pdb           3037.93433   -41480.44531   -27475.67188        0.89461        0.72224
1ac5_.B99990037.pdb           2787.60693   -42294.81250   -29528.95703        0.72578        0.60283
1ac5_.B99990038.pdb           2934.85962   -42052.10938   -29107.21680        0.75021        0.63842
1ac5_.B99990039.pdb           3083.45361   -42839.49219   -31434.14844        0.71849        0.52297
1ac5_.B99990040.pdb           2747.01685   -42857.75781   -31079.96680        0.60920        0.52029
1ac5_.B99990041.pdb           2952.09741   -42622.46875   -30752.36133        0.85642        0.55479
1ac5_.B99990042.pdb           2780.26074   -42037.14062   -29657.32031        0.81971        0.64061
1ac5_.B99990043.pdb           2888.76709   -42974.73047   -29732.26172        0.90707        0.50314
1ac5_.B99990044.pdb           2844.02661   -43217.32031   -31110.97461        0.74645        0.46757
1ac5_.B99990045.pdb           3050.28442   -41729.06250   -27144.09961        0.90882        0.68579
1ac5_.B99990046.pdb           2867.79834   -42518.87500   -30544.69336        0.88323        0.56998
1ac5_.B99990047.pdb           2824.99292   -42467.43359   -30697.04492        0.82327        0.57752
1ac5_.B99990048.pdb           2874.47217   -42791.21094   -30602.08594        0.78119        0.53005
1ac5_.B99990049.pdb           2777.43457   -42752.71875   -30656.12695        0.92212        0.53569
1ac5_.B99990050.pdb           2878.39014   -42081.72656   -29858.24805        0.89786        0.63408

>> Top model results:
molpdf: 2692.021484375 (file: 1ac5_.B99990030.pdb)
DOPE score: -43324.140625 (file: 1ac5_.B99990003.pdb)
GA341 score: 0.5211283564567566 (file: 1ac5_.B99990019.pdb)
Normalized DOPE score: 0.451903363948297 (file: 1ac5_.B99990003.pdb)

##############################################################################################
>>Clustering results - Representative structure - AffinityPropagation
Cluster		File_Name
0		1ac5_.B99990002
1		1ac5_.B99990019
2		1ac5_.B99990020
3		1ac5_.B99990032
4		1ac5_.B99990034
5		1ac5_.B99990037
6		1ac5_.B99990038
7		1ac5_.B99990043

>>Clustering results - Representative structure - DBSCAN
Cluster		File_Name
0		1ac5_.B99990047.pdb
1		1ac5_.B99990022.pdb

>>Clustering results - Representative structure - KMeans
Cluster		File_Name
0		1ac5_.B99990024.pdb
1		1ac5_.B99990014.pdb

>>Clustering results - Representative structure - MeanShift
Cluster		File_Name
0		1ac5_.B99990024.pdb
1		1ac5_.B99990014.pdb
2		1ac5_.B99990013.pdb

>>Clustering results - Representative structure - SpectralClustering
Cluster		File_Name
0		1ac5_.B99990047.pdb
1		1ac5_.B99990038.pdb

>>Clustering results - Representative structure - Ward
Cluster		File_Name
0		1ac5_.B99990024.pdb
1		1ac5_.B99990014.pdb
##############################################################################################

##############################################################################################
>>Clustering results - Representative structure - AffinityPropagation
Cluster		File_Name
0		1ac5_.B99990002
1		1ac5_.B99990023
2		1ac5_.B99990027
3		1ac5_.B99990036
4		1ac5_.B99990038
5		1ac5_.B99990040
6		1ac5_.B99990043

>>Clustering results - Representative structure - DBSCAN
Cluster		File_Name
0		1ac5_.B99990012.pdb

>>Clustering results - Representative structure - KMeans
Cluster		File_Name
0		1ac5_.B99990014.pdb
1		1ac5_.B99990047.pdb

>>Clustering results - Representative structure - MeanShift
Cluster		File_Name
0		1ac5_.B99990047.pdb
1		1ac5_.B99990014.pdb

>>Clustering results - Representative structure - SpectralClustering
Cluster		File_Name
0		1ac5_.B99990024.pdb
1		1ac5_.B99990031.pdb

>>Clustering results - Representative structure - Ward
Cluster		File_Name
0		1ac5_.B99990047.pdb
1		1ac5_.B99990014.pdb
##############################################################################################