>> Summary of successfully produced model

Filename                          molpdf     DOPE score  DOPE-HR score    GA341 score Normalized DOPE score-----------------------------------------------------------------------------------------------------------
1aqzA.B99990001.pdb            908.04425   -11788.76074    -9593.34375        1.00000       -1.04303
1aqzA.B99990002.pdb            820.10156   -11759.00977    -9700.39062        1.00000       -1.02819
1aqzA.B99990003.pdb           1060.18420   -11605.30078    -8972.85352        1.00000       -0.95153
1aqzA.B99990004.pdb            849.98370   -11799.44629    -9476.28613        1.00000       -1.04836
1aqzA.B99990005.pdb            921.35760   -11837.62793    -9502.79688        1.00000       -1.06740
1aqzA.B99990006.pdb            837.62750   -11821.21973    -9655.19336        1.00000       -1.05922
1aqzA.B99990007.pdb           1023.30493   -11845.39160    -9502.31250        1.00000       -1.07127
1aqzA.B99990008.pdb            959.47284   -11759.30273    -9441.18652        1.00000       -1.02834
1aqzA.B99990009.pdb            856.06970   -11944.59473    -9830.87988        1.00000       -1.12075
1aqzA.B99990010.pdb            821.21484   -11920.33594    -9720.33984        1.00000       -1.10865
1aqzA.B99990011.pdb           1030.03210   -11938.37793    -9639.52637        1.00000       -1.11765
1aqzA.B99990012.pdb            884.79083   -11838.01562    -9716.90137        1.00000       -1.06759
1aqzA.B99990013.pdb            876.68707   -11856.67871    -9628.60547        1.00000       -1.07690
1aqzA.B99990014.pdb            849.77502   -11867.35352    -9700.10449        1.00000       -1.08223
1aqzA.B99990015.pdb            981.43555   -11759.59375    -9609.16992        1.00000       -1.02848
1aqzA.B99990016.pdb            812.84558   -11918.29297    -9923.72559        1.00000       -1.10763
1aqzA.B99990017.pdb            931.07190   -11767.57324    -9259.64941        1.00000       -1.03246
1aqzA.B99990018.pdb            856.11243   -11863.81152    -9873.32715        1.00000       -1.08046
1aqzA.B99990019.pdb            846.70148   -11827.27734    -9821.36035        1.00000       -1.06224
1aqzA.B99990020.pdb            902.18640   -11720.97852    -9645.78418        1.00000       -1.00922
1aqzA.B99990021.pdb            998.08154   -11793.27832    -9313.05859        1.00000       -1.04528
1aqzA.B99990022.pdb            879.91364   -11878.32520    -9764.38281        1.00000       -1.08770
1aqzA.B99990023.pdb            901.43292   -11900.04297    -9772.37402        1.00000       -1.09853
1aqzA.B99990024.pdb            880.83392   -11795.81445    -9603.04297        1.00000       -1.04655
1aqzA.B99990025.pdb            810.36047   -11921.16016    -9716.59375        1.00000       -1.10906
1aqzA.B99990026.pdb            833.13251   -11864.87305    -9588.31348        1.00000       -1.08099
1aqzA.B99990027.pdb            822.89502   -11868.18262    -9632.19238        1.00000       -1.08264
1aqzA.B99990028.pdb            855.30121   -11900.02148    -9726.03711        1.00000       -1.09852
1aqzA.B99990029.pdb           1010.92297   -11822.74609    -9705.58105        1.00000       -1.05998
1aqzA.B99990030.pdb            828.07361   -11888.49219    -9793.79785        1.00000       -1.09277
1aqzA.B99990031.pdb            865.68115   -11868.70312    -9796.38379        1.00000       -1.08290
1aqzA.B99990032.pdb            858.65436   -11885.34668    -9757.49609        1.00000       -1.09120
1aqzA.B99990033.pdb            826.51978   -11998.28613   -10018.92578        1.00000       -1.14753
1aqzA.B99990034.pdb            992.46088   -11693.70801    -9300.99609        1.00000       -0.99562
1aqzA.B99990035.pdb            837.89905   -11820.45605    -9435.42188        1.00000       -1.05884
1aqzA.B99990036.pdb            870.39783   -11941.73340    -9825.26660        1.00000       -1.11932
1aqzA.B99990037.pdb            960.55933   -11846.83789    -9500.54492        1.00000       -1.07199
1aqzA.B99990038.pdb            897.19366   -11799.62207    -9524.61621        1.00000       -1.04845
1aqzA.B99990039.pdb            844.44482   -11728.45312    -9421.78711        1.00000       -1.01295
1aqzA.B99990040.pdb            953.96832   -11865.54297    -9914.96777        1.00000       -1.08132
1aqzA.B99990041.pdb            861.35291   -11801.31055    -9641.52148        1.00000       -1.04929
1aqzA.B99990042.pdb            873.51282   -11739.97754    -9704.43066        1.00000       -1.01870
1aqzA.B99990043.pdb            893.77631   -11769.53027    -9622.69238        1.00000       -1.03344
1aqzA.B99990044.pdb            911.23584   -11874.75293    -9948.50000        1.00000       -1.08592
1aqzA.B99990045.pdb            819.77087   -11836.52148    -9783.75391        1.00000       -1.06685
1aqzA.B99990046.pdb            906.52338   -11780.12207    -9793.19922        1.00000       -1.03872
1aqzA.B99990047.pdb            871.90594   -11887.97168    -9779.65527        1.00000       -1.09251
1aqzA.B99990048.pdb            879.03357   -11848.07422    -9684.75195        1.00000       -1.07261
1aqzA.B99990049.pdb            877.93921   -11817.08789    -9560.19434        1.00000       -1.05716
1aqzA.B99990050.pdb            871.13214   -11962.21387    -9680.66016        1.00000       -1.12954

>> Top model results:
molpdf: 810.3604736328125 (file: 1aqzA.B99990025.pdb)
DOPE score: -11998.2861328125 (file: 1aqzA.B99990033.pdb)
GA341 score: 1.0 (file: 1aqzA.B99990009.pdb)
Normalized DOPE score: -1.1475279624595602 (file: 1aqzA.B99990033.pdb)

##############################################################################################
>>Clustering results - Representative structure - AffinityPropagation
Cluster		File_Name
0		1aqzA.B99990023

>>Clustering results - Representative structure - DBSCAN
Cluster		File_Name
0		1aqzA.B99990001.pdb
1		1aqzA.B99990041.pdb
2		1aqzA.B99990047.pdb
3		1aqzA.B99990015.pdb

>>Clustering results - Representative structure - KMeans
Cluster		File_Name
0		1aqzA.B99990039.pdb
1		1aqzA.B99990017.pdb

>>Clustering results - Representative structure - MeanShift
Cluster		File_Name
0		1aqzA.B99990039.pdb
1		1aqzA.B99990017.pdb
2		1aqzA.B99990040.pdb

>>Clustering results - Representative structure - SpectralClustering
Cluster		File_Name
0		1aqzA.B99990039.pdb
1		1aqzA.B99990017.pdb

>>Clustering results - Representative structure - Ward
Cluster		File_Name
0		1aqzA.B99990017.pdb
1		1aqzA.B99990039.pdb
##############################################################################################

##############################################################################################
>>Clustering results - Representative structure - AffinityPropagation
Cluster		File_Name
0		1aqzA.B99990013

>>Clustering results - Representative structure - DBSCAN
Cluster		File_Name
0		1aqzA.B99990013.pdb

>>Clustering results - Representative structure - KMeans
Cluster		File_Name
0		1aqzA.B99990014.pdb
1		1aqzA.B99990046.pdb
2		1aqzA.B99990038.pdb
3		1aqzA.B99990015.pdb
4		1aqzA.B99990003.pdb
5		1aqzA.B99990009.pdb
6		1aqzA.B99990044.pdb
7		1aqzA.B99990030.pdb
8		1aqzA.B99990034.pdb

>>Clustering results - Representative structure - MeanShift
Cluster		File_Name
0		1aqzA.B99990013.pdb
1		1aqzA.B99990003.pdb

>>Clustering results - Representative structure - SpectralClustering
Cluster		File_Name
0		1aqzA.B99990044.pdb
1		1aqzA.B99990030.pdb
2		1aqzA.B99990008.pdb
3		1aqzA.B99990039.pdb
4		1aqzA.B99990009.pdb
5		1aqzA.B99990014.pdb
6		1aqzA.B99990024.pdb

>>Clustering results - Representative structure - Ward
Cluster		File_Name
0		1aqzA.B99990032.pdb
1		1aqzA.B99990044.pdb
2		1aqzA.B99990015.pdb
3		1aqzA.B99990014.pdb
4		1aqzA.B99990038.pdb
5		1aqzA.B99990009.pdb
6		1aqzA.B99990024.pdb
7		1aqzA.B99990003.pdb
8		1aqzA.B99990034.pdb
##############################################################################################