>> Summary of successfully produced model

Filename                          molpdf     DOPE score  DOPE-HR score    GA341 score Normalized DOPE score-----------------------------------------------------------------------------------------------------------
1aisB.B99990001.pdb            683.94324    -7807.31982    -7079.45215        0.00000        3.76559
1aisB.B99990002.pdb            691.95618    -7340.63770    -5708.09619        0.00000        3.93684
1aisB.B99990003.pdb            667.46912    -6337.87305    -6251.13818        0.00000        4.30481
1aisB.B99990004.pdb            665.28967    -7599.50537    -6584.49268        0.00000        3.84185
1aisB.B99990005.pdb            621.77667    -7471.70166    -7167.88770        0.00000        3.88875
1aisB.B99990006.pdb            644.06012    -7219.68555    -7168.26953        0.00000        3.98122
1aisB.B99990007.pdb            780.11749    -6897.93994    -4451.30029        0.00000        4.09929
1aisB.B99990008.pdb            762.23041    -5871.45410    -4454.15283        0.00000        4.47596
1aisB.B99990009.pdb            658.16528    -7174.15869    -6998.62207        0.00000        3.99793
1aisB.B99990010.pdb            691.71552    -7401.41602    -7125.81104        0.00000        3.91454
1aisB.B99990011.pdb            670.86969    -6750.68408    -5826.44873        0.00000        4.15332
1aisB.B99990012.pdb            690.98517    -7742.13379    -6828.32568        0.00000        3.78951
1aisB.B99990013.pdb            895.59705    -5744.62354    -2126.37305        0.00000        4.52250
1aisB.B99990014.pdb            737.94818    -7097.25684    -5696.81348        0.00000        4.02615
1aisB.B99990015.pdb            734.61053    -6552.44531    -5202.82227        0.00000        4.22607
1aisB.B99990016.pdb           1048.85461    -6712.58643    -3873.02100        0.00000        4.16730
1aisB.B99990017.pdb            751.51935    -7314.70459    -5559.50928        0.00000        3.94636
1aisB.B99990018.pdb            878.08099    -6964.65674    -4548.17627        0.00000        4.07481
1aisB.B99990019.pdb            868.39648    -7642.41162    -5270.88770        0.00000        3.82610
1aisB.B99990020.pdb            656.36694    -7288.84961    -7193.30908        0.00000        3.95584
1aisB.B99990021.pdb           1064.86523    -7447.95361    -3215.01636        0.00000        3.89746
1aisB.B99990022.pdb            802.12213    -6175.20654    -5038.47412        0.00000        4.36450
1aisB.B99990023.pdb            741.39917    -9035.53711    -5853.77148        0.00000        3.31490
1aisB.B99990024.pdb            663.42932    -6634.80615    -6478.79102        0.00000        4.19585
1aisB.B99990025.pdb            720.88153    -6834.63037    -6051.11719        0.00000        4.12252
1aisB.B99990026.pdb            660.65936    -7771.69092    -7887.51709        0.00000        3.77866
1aisB.B99990027.pdb           1110.44629    -7170.00586    -3243.52222        0.00000        3.99945
1aisB.B99990028.pdb            861.17139    -5902.12988    -3841.93042        0.00000        4.46470
1aisB.B99990029.pdb           1198.18359    -6676.56299     -699.85828        0.00000        4.18052
1aisB.B99990030.pdb            744.31512    -6516.32764    -6170.26123        0.00000        4.23932
1aisB.B99990031.pdb            807.69568    -7066.12939    -3977.71729        0.00000        4.03757
1aisB.B99990032.pdb            778.01117    -8213.24121    -5848.54443        0.00000        3.61664
1aisB.B99990033.pdb            708.61786    -7243.35547    -6775.57568        0.00000        3.97254
1aisB.B99990034.pdb            816.33795    -6578.90527    -3352.20703        0.00000        4.21636
1aisB.B99990035.pdb            643.02094    -7545.09326    -7185.05859        0.00000        3.86182
1aisB.B99990036.pdb            657.17377    -6332.01758    -6255.84131        0.00000        4.30695
1aisB.B99990037.pdb            674.48767    -6854.58447    -5979.11865        0.00000        4.11520
1aisB.B99990038.pdb           1199.11316    -5805.00684     2022.56982        0.00000        4.50034
1aisB.B99990039.pdb            673.29688    -6883.90723    -6799.66797        0.00000        4.10444
1aisB.B99990040.pdb            746.89539    -7400.72949    -6127.77930        0.00000        3.91479
1aisB.B99990041.pdb            772.50269    -7649.37646    -5412.83301        0.00000        3.82355
1aisB.B99990042.pdb            770.85571    -6887.99707    -5421.19824        0.00000        4.10294
1aisB.B99990043.pdb            651.68964    -7149.46387    -6300.97412        0.00000        4.00699
1aisB.B99990044.pdb            696.63190    -8712.69922    -7787.38721        0.00000        3.43336
1aisB.B99990045.pdb            695.15875    -7359.42090    -6736.34961        0.00000        3.92995
1aisB.B99990046.pdb            643.85114    -7100.90771    -6297.45410        0.00000        4.02481
1aisB.B99990047.pdb            737.87506    -7141.03027    -6632.54736        0.00000        4.01009
1aisB.B99990048.pdb            691.12726    -7033.00879    -7032.97461        0.00000        4.04972
1aisB.B99990049.pdb            833.78333    -8239.00879    -4210.22705        0.00000        3.60718
1aisB.B99990050.pdb           1237.35681    -6021.60010    -1905.87244        0.00000        4.42086

>> Top model results:
molpdf: 621.7766723632812 (file: 1aisB.B99990005.pdb)
DOPE score: -9035.537109375 (file: 1aisB.B99990023.pdb)
GA341 score: 0.0 (file: 1aisB.B99990028.pdb)
Normalized DOPE score: 3.314895259854072 (file: 1aisB.B99990023.pdb)

##############################################################################################
>>Clustering results - Representative structure - AffinityPropagation
Cluster		File_Name
0		1aisB.B99990008
1		1aisB.B99990010
2		1aisB.B99990018
3		1aisB.B99990025
4		1aisB.B99990029
5		1aisB.B99990032
6		1aisB.B99990034

>>Clustering results - Representative structure - DBSCAN
Cluster		File_Name
0		1aisB.B99990047.pdb
1		1aisB.B99990018.pdb

>>Clustering results - Representative structure - KMeans
Cluster		File_Name
0		1aisB.B99990043.pdb
1		1aisB.B99990034.pdb

>>Clustering results - Representative structure - MeanShift
Cluster		File_Name
0		1aisB.B99990047.pdb
1		1aisB.B99990027.pdb
2		1aisB.B99990013.pdb

>>Clustering results - Representative structure - SpectralClustering
Cluster		File_Name
0		1aisB.B99990013.pdb
1		1aisB.B99990002.pdb

>>Clustering results - Representative structure - Ward
Cluster		File_Name
0		1aisB.B99990034.pdb
1		1aisB.B99990047.pdb
##############################################################################################

##############################################################################################
>>Clustering results - Representative structure - AffinityPropagation
Cluster		File_Name
0		1aisB.B99990008
1		1aisB.B99990010
2		1aisB.B99990011
3		1aisB.B99990013
4		1aisB.B99990018
5		1aisB.B99990041
6		1aisB.B99990044

>>Clustering results - Representative structure - DBSCAN
Cluster		File_Name
0		1aisB.B99990042.pdb

>>Clustering results - Representative structure - KMeans
Cluster		File_Name
0		1aisB.B99990002.pdb
1		1aisB.B99990034.pdb

>>Clustering results - Representative structure - MeanShift
Cluster		File_Name
0		1aisB.B99990017.pdb
1		1aisB.B99990027.pdb
2		1aisB.B99990050.pdb
3		1aisB.B99990038.pdb
4		1aisB.B99990029.pdb

>>Clustering results - Representative structure - SpectralClustering
Cluster		File_Name
0		1aisB.B99990043.pdb
1		1aisB.B99990013.pdb

>>Clustering results - Representative structure - Ward
Cluster		File_Name
0		1aisB.B99990017.pdb
1		1aisB.B99990034.pdb
##############################################################################################