>> Summary of successfully produced model

Filename                          molpdf     DOPE score  DOPE-HR score    GA341 score Normalized DOPE score-----------------------------------------------------------------------------------------------------------
1a2zA.B99990001.pdb            936.91010   -25065.55078   -23594.21875        1.00000       -1.22953
1a2zA.B99990002.pdb           1076.91370   -25003.05273   -23764.87500        1.00000       -1.20942
1a2zA.B99990003.pdb            986.82379   -24914.00977   -23597.68945        1.00000       -1.18075
1a2zA.B99990004.pdb            927.16052   -25026.66406   -23793.82617        1.00000       -1.21702
1a2zA.B99990005.pdb           1016.83844   -25165.21484   -23861.83203        1.00000       -1.26162
1a2zA.B99990006.pdb            961.65674   -25264.99219   -24160.07617        1.00000       -1.29374
1a2zA.B99990007.pdb           1009.73712   -25262.41992   -24187.59180        1.00000       -1.29291
1a2zA.B99990008.pdb           1075.14148   -25009.66406   -23778.72266        1.00000       -1.21154
1a2zA.B99990009.pdb            965.91760   -24868.17383   -23283.38281        1.00000       -1.16600
1a2zA.B99990010.pdb           1049.41370   -25015.34375   -23860.46484        1.00000       -1.21337
1a2zA.B99990011.pdb            963.53705   -25231.09766   -24438.51172        1.00000       -1.28283
1a2zA.B99990012.pdb            916.89935   -24956.85156   -23437.28125        1.00000       -1.19454
1a2zA.B99990013.pdb            994.54132   -25080.66797   -24155.41992        1.00000       -1.23440
1a2zA.B99990014.pdb            983.14709   -25245.06641   -24042.88477        1.00000       -1.28732
1a2zA.B99990015.pdb           1007.02930   -24969.61523   -23552.40234        1.00000       -1.19865
1a2zA.B99990016.pdb            904.23169   -24989.65234   -23436.10938        1.00000       -1.20510
1a2zA.B99990017.pdb            938.07141   -25136.62500   -23934.74023        1.00000       -1.25241
1a2zA.B99990018.pdb            909.85626   -25060.73047   -24107.41211        1.00000       -1.22798
1a2zA.B99990019.pdb            940.05255   -25036.87891   -23593.52930        1.00000       -1.22030
1a2zA.B99990020.pdb           1024.94983   -24685.91406   -23361.40820        1.00000       -1.10732
1a2zA.B99990021.pdb            947.85846   -25062.72656   -23845.43555        1.00000       -1.22863
1a2zA.B99990022.pdb            978.64587   -25048.47852   -24092.24805        1.00000       -1.22404
1a2zA.B99990023.pdb            986.72595   -25335.98633   -24460.87500        1.00000       -1.31659
1a2zA.B99990024.pdb            934.52295   -25091.63867   -23901.52148        1.00000       -1.23793
1a2zA.B99990025.pdb            962.24811   -24959.31250   -23655.14648        1.00000       -1.19534
1a2zA.B99990026.pdb            988.03821   -24962.71875   -23510.03320        1.00000       -1.19643
1a2zA.B99990027.pdb            963.25360   -25113.96484   -24160.27344        1.00000       -1.24512
1a2zA.B99990028.pdb           1025.20618   -25111.79883   -24054.42578        1.00000       -1.24442
1a2zA.B99990029.pdb           1041.10461   -25092.90430   -23649.68555        1.00000       -1.23834
1a2zA.B99990030.pdb           1056.05908   -24660.30273   -23084.70508        1.00000       -1.09908
1a2zA.B99990031.pdb            950.60474   -25062.03711   -23892.72266        1.00000       -1.22840
1a2zA.B99990032.pdb           1062.90320   -24893.68945   -23412.82031        1.00000       -1.17421
1a2zA.B99990033.pdb            958.71680   -25172.80078   -24065.00195        1.00000       -1.26406
1a2zA.B99990034.pdb            990.25415   -25395.56250   -24566.79883        1.00000       -1.33577
1a2zA.B99990035.pdb            900.27966   -25031.32227   -23922.90430        1.00000       -1.21852
1a2zA.B99990036.pdb            996.52844   -24696.81445   -23550.33789        1.00000       -1.11083
1a2zA.B99990037.pdb            973.51373   -24841.19531   -23745.45117        1.00000       -1.15731
1a2zA.B99990038.pdb            900.44543   -25157.53906   -23950.61914        1.00000       -1.25915
1a2zA.B99990039.pdb            939.87048   -25095.09180   -23660.64258        1.00000       -1.23904
1a2zA.B99990040.pdb            989.72015   -25061.14844   -24311.32617        1.00000       -1.22812
1a2zA.B99990041.pdb           1013.34247   -25107.04688   -24321.50000        1.00000       -1.24289
1a2zA.B99990042.pdb           1040.44861   -24886.51953   -23405.44141        1.00000       -1.17190
1a2zA.B99990043.pdb           1006.02216   -25061.47070   -23739.97461        1.00000       -1.22822
1a2zA.B99990044.pdb            969.42346   -24781.00781   -23351.96875        1.00000       -1.13794
1a2zA.B99990045.pdb           1069.04211   -25090.16016   -23917.85938        1.00000       -1.23746
1a2zA.B99990046.pdb            963.33118   -25055.29102   -23869.93945        1.00000       -1.22623
1a2zA.B99990047.pdb            912.86151   -24929.08008   -23880.60156        1.00000       -1.18560
1a2zA.B99990048.pdb            889.87402   -25077.05469   -23837.82227        1.00000       -1.23324
1a2zA.B99990049.pdb           1047.82410   -24886.31055   -23598.40625        1.00000       -1.17183
1a2zA.B99990050.pdb           1018.94934   -24789.54883   -23034.32422        1.00000       -1.14069

>> Top model results:
molpdf: 889.8740234375 (file: 1a2zA.B99990048.pdb)
DOPE score: -25395.5625 (file: 1a2zA.B99990034.pdb)
GA341 score: 1.0 (file: 1a2zA.B99990025.pdb)
Normalized DOPE score: -1.3357709042566492 (file: 1a2zA.B99990034.pdb)

##############################################################################################
>>Clustering results - Representative structure - AffinityPropagation
Cluster		File_Name
0		1a2zA.B99990006
1		1a2zA.B99990007
2		1a2zA.B99990031
3		1a2zA.B99990037
4		1a2zA.B99990045

>>Clustering results - Representative structure - DBSCAN
Cluster		File_Name
0		1a2zA.B99990040.pdb
1		1a2zA.B99990037.pdb
2		1a2zA.B99990007.pdb

>>Clustering results - Representative structure - KMeans
Cluster		File_Name
0		1a2zA.B99990005.pdb
1		1a2zA.B99990007.pdb

>>Clustering results - Representative structure - MeanShift
Cluster		File_Name
0		1a2zA.B99990040.pdb
1		1a2zA.B99990037.pdb
2		1a2zA.B99990007.pdb

>>Clustering results - Representative structure - SpectralClustering
Cluster		File_Name
0		1a2zA.B99990005.pdb
1		1a2zA.B99990007.pdb

>>Clustering results - Representative structure - Ward
Cluster		File_Name
0		1a2zA.B99990005.pdb
1		1a2zA.B99990007.pdb
##############################################################################################

##############################################################################################
>>Clustering results - Representative structure - AffinityPropagation
Cluster		File_Name
0		1a2zA.B99990007
1		1a2zA.B99990015
2		1a2zA.B99990020
3		1a2zA.B99990021
4		1a2zA.B99990023
5		1a2zA.B99990024
6		1a2zA.B99990042

>>Clustering results - Representative structure - DBSCAN
Cluster		File_Name
0		1a2zA.B99990045.pdb

>>Clustering results - Representative structure - KMeans
Cluster		File_Name
0		1a2zA.B99990046.pdb
1		1a2zA.B99990033.pdb
2		1a2zA.B99990037.pdb
3		1a2zA.B99990050.pdb

>>Clustering results - Representative structure - MeanShift
Cluster		File_Name
0		1a2zA.B99990046.pdb
1		1a2zA.B99990043.pdb
2		1a2zA.B99990050.pdb
3		1a2zA.B99990023.pdb

>>Clustering results - Representative structure - SpectralClustering
Cluster		File_Name
0		1a2zA.B99990023.pdb
1		1a2zA.B99990046.pdb
2		1a2zA.B99990006.pdb
3		1a2zA.B99990020.pdb
4		1a2zA.B99990028.pdb
5		1a2zA.B99990049.pdb

>>Clustering results - Representative structure - Ward
Cluster		File_Name
0		1a2zA.B99990041.pdb
1		1a2zA.B99990050.pdb
2		1a2zA.B99990046.pdb
3		1a2zA.B99990042.pdb
##############################################################################################