>> Summary of successfully produced model

Filename                          molpdf     DOPE score  DOPE-HR score    GA341 score Normalized DOPE score-----------------------------------------------------------------------------------------------------------
1aol_.B99990001.pdb           1441.45142   -15302.96191    -9563.74023        0.16185        1.17205
1aol_.B99990002.pdb           1408.49902   -14786.98438    -8766.28516        0.14649        1.33232
1aol_.B99990003.pdb           1402.06641   -15445.21484   -10290.93457        0.09539        1.12786
1aol_.B99990004.pdb           1349.52563   -15242.07129    -9484.58496        0.10544        1.19096
1aol_.B99990005.pdb           1369.17004   -15352.54199    -9773.86621        0.13464        1.15665
1aol_.B99990006.pdb           1308.13477   -15311.14258    -9691.70410        0.19331        1.16951
1aol_.B99990007.pdb           1392.17920   -15183.93164    -9412.45020        0.10943        1.20902
1aol_.B99990008.pdb           1341.42725   -15287.28516    -9445.47070        0.18835        1.17692
1aol_.B99990009.pdb           1362.46350   -15304.55566   -10324.08984        0.08191        1.17155
1aol_.B99990010.pdb           1391.90332   -15376.17969    -9828.42090        0.15543        1.14930
1aol_.B99990011.pdb           1554.77222   -15228.75586    -9081.54199        0.16280        1.19510
1aol_.B99990012.pdb           1404.54932   -15088.86133    -8843.11621        0.09997        1.23855
1aol_.B99990013.pdb           1470.23047   -15091.95605    -9331.14648        0.08164        1.23759
1aol_.B99990014.pdb           1508.21838   -15078.10449    -8688.41113        0.11997        1.24189
1aol_.B99990015.pdb           1324.37708   -15760.38379    -9975.89648        0.11021        1.02996
1aol_.B99990016.pdb           1548.57288   -15292.98926    -9513.64648        0.06548        1.17514
1aol_.B99990017.pdb           1421.03284   -15145.56250    -9326.13770        0.18787        1.22094
1aol_.B99990018.pdb           1364.35596   -15283.48828    -9565.36230        0.07931        1.17810
1aol_.B99990019.pdb           1404.90186   -15073.21484    -9287.40625        0.12824        1.24341
1aol_.B99990020.pdb           1544.34863   -15533.99316    -9983.24023        0.17917        1.10028
1aol_.B99990021.pdb           1493.64282   -15148.46680    -9241.52051        0.18999        1.22004
1aol_.B99990022.pdb           1425.71533   -15396.59961    -9784.26855        0.13848        1.14296
1aol_.B99990023.pdb           1442.82434   -15209.78320    -9379.40625        0.19036        1.20099
1aol_.B99990024.pdb           1419.32886   -15198.85059    -9274.29688        0.12241        1.20439
1aol_.B99990025.pdb           1443.77295   -15157.78223    -8655.03125        0.09538        1.21714
1aol_.B99990026.pdb           1502.53967   -15508.74023   -10162.79004        0.12560        1.10813
1aol_.B99990027.pdb           1450.58655   -15467.45020   -10101.06152        0.07932        1.12095
1aol_.B99990028.pdb           1488.53210   -15518.63770    -9714.21973        0.15109        1.10505
1aol_.B99990029.pdb           1540.00684   -15323.73145    -9525.55273        0.06822        1.16560
1aol_.B99990030.pdb           1458.04663   -15093.26660    -9084.69824        0.08284        1.23718
1aol_.B99990031.pdb           1416.85156   -15568.43848    -9709.08496        0.18873        1.08958
1aol_.B99990032.pdb           1415.69336   -15101.98535    -9224.75977        0.16545        1.23447
1aol_.B99990033.pdb           1325.12097   -15224.77246    -9751.35156        0.14682        1.19633
1aol_.B99990034.pdb           1445.06702   -15496.64062   -10160.26465        0.17578        1.11189
1aol_.B99990035.pdb           1449.15308   -15505.15723    -9888.46191        0.09857        1.10924
1aol_.B99990036.pdb           1502.81848   -15095.71582    -8748.71875        0.09235        1.23642
1aol_.B99990037.pdb           1512.13757   -15240.76855    -9263.59668        0.13972        1.19137
1aol_.B99990038.pdb           1490.43567   -15684.88770   -10099.12695        0.16073        1.05341
1aol_.B99990039.pdb           1450.05176   -15651.16699    -9744.24121        0.12874        1.06389
1aol_.B99990040.pdb           1571.71887   -15616.69238    -9717.25977        0.20271        1.07460
1aol_.B99990041.pdb           1414.86768   -15417.37500   -10033.05566        0.11703        1.13651
1aol_.B99990042.pdb           1414.48132   -15345.95312    -9511.93359        0.22034        1.15869
1aol_.B99990043.pdb           1557.53601   -15557.89746    -9965.70898        0.18639        1.09286
1aol_.B99990044.pdb           1404.40369   -15444.45801    -9840.48438        0.21877        1.12810
1aol_.B99990045.pdb           1365.87085   -15299.16016    -9489.15039        0.10441        1.17323
1aol_.B99990046.pdb           1544.41541   -15370.06641    -9510.99512        0.31634        1.15120
1aol_.B99990047.pdb           1308.63281   -15473.30859   -10091.21680        0.23227        1.11913
1aol_.B99990048.pdb           1307.73828   -15563.96191   -10055.90723        0.22546        1.09098
1aol_.B99990049.pdb           1372.41260   -15242.22461    -9597.07227        0.21540        1.19091
1aol_.B99990050.pdb           1368.40942   -15272.61133    -9985.77051        0.16910        1.18147

>> Top model results:
molpdf: 1307.73828125 (file: 1aol_.B99990048.pdb)
DOPE score: -15760.3837890625 (file: 1aol_.B99990015.pdb)
GA341 score: 0.06548333168029785 (file: 1aol_.B99990016.pdb)
Normalized DOPE score: 1.0299624547693822 (file: 1aol_.B99990015.pdb)

##############################################################################################
>>Clustering results - Representative structure - AffinityPropagation
Cluster		File_Name
0		1aol_.B99990006

>>Clustering results - Representative structure - DBSCAN
Cluster		File_Name
0		1aol_.B99990017.pdb
1		1aol_.B99990018.pdb
2		1aol_.B99990006.pdb
3		1aol_.B99990020.pdb
4		1aol_.B99990004.pdb

>>Clustering results - Representative structure - KMeans
Cluster		File_Name
0		1aol_.B99990050.pdb
1		1aol_.B99990020.pdb
2		1aol_.B99990036.pdb
3		1aol_.B99990029.pdb
4		1aol_.B99990030.pdb
5		1aol_.B99990001.pdb
6		1aol_.B99990046.pdb
7		1aol_.B99990024.pdb
8		1aol_.B99990048.pdb
9		1aol_.B99990028.pdb

>>Clustering results - Representative structure - MeanShift
Cluster		File_Name
0		1aol_.B99990022.pdb
1		1aol_.B99990018.pdb
2		1aol_.B99990046.pdb

>>Clustering results - Representative structure - SpectralClustering
Cluster		File_Name
0		1aol_.B99990022.pdb
1		1aol_.B99990018.pdb

>>Clustering results - Representative structure - Ward
Cluster		File_Name
0		1aol_.B99990006.pdb
1		1aol_.B99990046.pdb
2		1aol_.B99990005.pdb
3		1aol_.B99990032.pdb
4		1aol_.B99990012.pdb
5		1aol_.B99990048.pdb
6		1aol_.B99990020.pdb
7		1aol_.B99990001.pdb
8		1aol_.B99990017.pdb
##############################################################################################

##############################################################################################
>>Clustering results - Representative structure - AffinityPropagation
Cluster		File_Name
0		1aol_.B99990001
1		1aol_.B99990002
2		1aol_.B99990016
3		1aol_.B99990017
4		1aol_.B99990029
5		1aol_.B99990030
6		1aol_.B99990031
7		1aol_.B99990047

>>Clustering results - Representative structure - DBSCAN
Cluster		File_Name
0		1aol_.B99990006.pdb

>>Clustering results - Representative structure - KMeans
Cluster		File_Name
0		1aol_.B99990031.pdb
1		1aol_.B99990001.pdb
2		1aol_.B99990013.pdb
3		1aol_.B99990020.pdb
4		1aol_.B99990018.pdb
5		1aol_.B99990043.pdb
6		1aol_.B99990012.pdb
7		1aol_.B99990002.pdb
8		1aol_.B99990045.pdb
9		1aol_.B99990016.pdb

>>Clustering results - Representative structure - MeanShift
Cluster		File_Name
0		1aol_.B99990006.pdb
1		1aol_.B99990036.pdb

>>Clustering results - Representative structure - SpectralClustering
Cluster		File_Name
0		1aol_.B99990029.pdb
1		1aol_.B99990043.pdb
2		1aol_.B99990016.pdb
3		1aol_.B99990001.pdb
4		1aol_.B99990013.pdb
5		1aol_.B99990031.pdb
6		1aol_.B99990012.pdb
7		1aol_.B99990044.pdb
8		1aol_.B99990039.pdb

>>Clustering results - Representative structure - Ward
Cluster		File_Name
0		1aol_.B99990017.pdb
1		1aol_.B99990047.pdb
2		1aol_.B99990015.pdb
3		1aol_.B99990029.pdb
4		1aol_.B99990031.pdb
5		1aol_.B99990001.pdb
6		1aol_.B99990002.pdb
7		1aol_.B99990012.pdb
8		1aol_.B99990046.pdb
9		1aol_.B99990048.pdb
##############################################################################################