>> Summary of successfully produced model

Filename                          molpdf     DOPE score  DOPE-HR score    GA341 score Normalized DOPE score-----------------------------------------------------------------------------------------------------------
1aquA.B99990001.pdb           2248.25659   -37171.37500   -35157.09375        1.00000       -2.10695
1aquA.B99990002.pdb           2311.42432   -37109.72266   -35008.09375        1.00000       -2.09141
1aquA.B99990003.pdb           2255.58301   -37178.34375   -35300.50000        1.00000       -2.10871
1aquA.B99990004.pdb           2481.87671   -36849.97266   -34374.07812        1.00000       -2.02594
1aquA.B99990005.pdb           2321.82275   -36975.25781   -34588.11328        1.00000       -2.05752
1aquA.B99990006.pdb           2303.72583   -36789.39453   -34244.44531        1.00000       -2.01068
1aquA.B99990007.pdb           2300.55518   -37034.86719   -35042.19531        1.00000       -2.07254
1aquA.B99990008.pdb           2478.87524   -36927.58203   -34643.52344        1.00000       -2.04550
1aquA.B99990009.pdb           2405.67822   -36882.92578   -34541.05859        1.00000       -2.03425
1aquA.B99990010.pdb           2334.76489   -37215.64453   -35199.58594        1.00000       -2.11811
1aquA.B99990011.pdb           2385.27979   -36984.96875   -34636.81250        1.00000       -2.05997
1aquA.B99990012.pdb           2590.87622   -36693.39453   -33968.92578        1.00000       -1.98648
1aquA.B99990013.pdb           2416.44800   -37179.74219   -35315.28906        1.00000       -2.10906
1aquA.B99990014.pdb           2382.23486   -36923.97266   -34821.85156        1.00000       -2.04460
1aquA.B99990015.pdb           2390.02295   -37166.80469   -35030.02344        1.00000       -2.10580
1aquA.B99990016.pdb           2404.52051   -36869.23047   -34366.59375        1.00000       -2.03080
1aquA.B99990017.pdb           2278.20898   -37049.06641   -34916.12500        1.00000       -2.07612
1aquA.B99990018.pdb           2720.45728   -37097.44531   -35067.35156        1.00000       -2.08832
1aquA.B99990019.pdb           2354.74756   -36868.83203   -34549.07812        1.00000       -2.03070
1aquA.B99990020.pdb           2588.30103   -36713.84375   -34079.62500        1.00000       -1.99164
1aquA.B99990021.pdb           2274.37915   -37117.64453   -34953.16406        1.00000       -2.09341
1aquA.B99990022.pdb           2408.87207   -36925.83594   -35014.11719        1.00000       -2.04506
1aquA.B99990023.pdb           2337.00244   -36742.97266   -34437.85547        1.00000       -1.99898
1aquA.B99990024.pdb           2491.94897   -36590.10156   -34108.70703        1.00000       -1.96045
1aquA.B99990025.pdb           2517.23315   -36811.29297   -34380.75000        1.00000       -2.01620
1aquA.B99990026.pdb           2320.86450   -37204.80859   -35340.74609        1.00000       -2.11538
1aquA.B99990027.pdb           2408.65332   -36772.67188   -34376.49609        1.00000       -2.00646
1aquA.B99990028.pdb           2517.13989   -37004.01172   -34547.64453        1.00000       -2.06477
1aquA.B99990029.pdb           2589.46875   -36685.39062   -34116.11719        1.00000       -1.98446
1aquA.B99990030.pdb           2288.53833   -37194.38672   -35415.66797        1.00000       -2.11275
1aquA.B99990031.pdb           2417.67676   -36866.69922   -34574.41797        1.00000       -2.03016
1aquA.B99990032.pdb           2349.10400   -36932.35938   -34429.18359        1.00000       -2.04671
1aquA.B99990033.pdb           2365.22144   -36987.47656   -34829.75391        1.00000       -2.06060
1aquA.B99990034.pdb           2460.21606   -36955.85938   -34410.85156        1.00000       -2.05263
1aquA.B99990035.pdb           2370.18506   -37183.96094   -35230.02734        1.00000       -2.11012
1aquA.B99990036.pdb           2256.92749   -37070.57812   -35126.32422        1.00000       -2.08154
1aquA.B99990037.pdb           2553.45093   -36717.16406   -33764.32031        1.00000       -1.99247
1aquA.B99990038.pdb           2228.74756   -37052.12891   -35204.94531        1.00000       -2.07689
1aquA.B99990039.pdb           2286.22437   -36997.32422   -34937.25391        1.00000       -2.06308
1aquA.B99990040.pdb           2315.00708   -37181.75391   -35205.10156        1.00000       -2.10956
1aquA.B99990041.pdb           2332.74072   -37072.64844   -34856.82422        1.00000       -2.08207
1aquA.B99990042.pdb           2549.09863   -36802.61719   -34583.35938        1.00000       -2.01401
1aquA.B99990043.pdb           2269.29175   -37188.94531   -35272.34375        1.00000       -2.11138
1aquA.B99990044.pdb           2357.65063   -37212.07422   -35144.83984        1.00000       -2.11721
1aquA.B99990045.pdb           2421.86572   -36726.91406   -34741.21875        1.00000       -1.99493
1aquA.B99990046.pdb           2414.69141   -36900.18750   -34571.58203        1.00000       -2.03860
1aquA.B99990047.pdb           2282.97485   -37153.32812   -34918.96094        1.00000       -2.10240
1aquA.B99990048.pdb           2310.81934   -37006.34766   -34809.22266        1.00000       -2.06536
1aquA.B99990049.pdb           2330.44922   -37154.58203   -35020.27344        1.00000       -2.10272
1aquA.B99990050.pdb           2330.65894   -36950.61328   -34910.98047        1.00000       -2.05131

>> Top model results:
molpdf: 2228.74755859375 (file: 1aquA.B99990038.pdb)
DOPE score: -37215.64453125 (file: 1aquA.B99990010.pdb)
GA341 score: 1.0 (file: 1aquA.B99990035.pdb)
Normalized DOPE score: -2.118106302318202 (file: 1aquA.B99990010.pdb)

##############################################################################################
>>Clustering results - Representative structure - AffinityPropagation
Cluster		File_Name
0		1aquA.B99990011

>>Clustering results - Representative structure - DBSCAN
Cluster		File_Name
0		1aquA.B99990019.pdb
1		1aquA.B99990046.pdb

>>Clustering results - Representative structure - KMeans
Cluster		File_Name
0		1aquA.B99990019.pdb
1		1aquA.B99990028.pdb

>>Clustering results - Representative structure - MeanShift
Cluster		File_Name
0		1aquA.B99990019.pdb
1		1aquA.B99990028.pdb
2		1aquA.B99990021.pdb
3		1aquA.B99990020.pdb

>>Clustering results - Representative structure - SpectralClustering
Cluster		File_Name
0		1aquA.B99990019.pdb
1		1aquA.B99990028.pdb

>>Clustering results - Representative structure - Ward
Cluster		File_Name
0		1aquA.B99990019.pdb
1		1aquA.B99990028.pdb
##############################################################################################

##############################################################################################
>>Clustering results - Representative structure - AffinityPropagation
Cluster		File_Name
0		1aquA.B99990004
1		1aquA.B99990021
2		1aquA.B99990022
3		1aquA.B99990023
4		1aquA.B99990029
5		1aquA.B99990036
6		1aquA.B99990044
7		1aquA.B99990048

>>Clustering results - Representative structure - DBSCAN
Cluster		File_Name
0		1aquA.B99990010.pdb
1		1aquA.B99990009.pdb
2		1aquA.B99990027.pdb
3		1aquA.B99990049.pdb
4		1aquA.B99990032.pdb

>>Clustering results - Representative structure - KMeans
Cluster		File_Name
0		1aquA.B99990009.pdb
1		1aquA.B99990047.pdb
2		1aquA.B99990036.pdb
3		1aquA.B99990037.pdb
4		1aquA.B99990028.pdb
5		1aquA.B99990023.pdb

>>Clustering results - Representative structure - MeanShift
Cluster		File_Name
0		1aquA.B99990047.pdb
1		1aquA.B99990016.pdb
2		1aquA.B99990023.pdb
3		1aquA.B99990022.pdb
4		1aquA.B99990021.pdb
5		1aquA.B99990029.pdb

>>Clustering results - Representative structure - SpectralClustering
Cluster		File_Name
0		1aquA.B99990009.pdb
1		1aquA.B99990029.pdb
2		1aquA.B99990023.pdb
3		1aquA.B99990021.pdb
4		1aquA.B99990014.pdb
5		1aquA.B99990022.pdb
6		1aquA.B99990037.pdb
7		1aquA.B99990044.pdb
8		1aquA.B99990048.pdb
9		1aquA.B99990045.pdb

>>Clustering results - Representative structure - Ward
Cluster		File_Name
0		1aquA.B99990009.pdb
1		1aquA.B99990023.pdb
2		1aquA.B99990047.pdb
3		1aquA.B99990022.pdb
4		1aquA.B99990037.pdb
5		1aquA.B99990021.pdb
6		1aquA.B99990029.pdb
##############################################################################################