>> Summary of successfully produced model

Filename                          molpdf     DOPE score  DOPE-HR score    GA341 score Normalized DOPE score-----------------------------------------------------------------------------------------------------------
1a8y_.B99990001.pdb           2956.93677   -32521.34375   -25390.69141        1.00000        0.14699
1a8y_.B99990002.pdb           2997.08447   -32230.75586   -24784.89648        1.00000        0.20788
1a8y_.B99990003.pdb           3092.54761   -32833.57031   -25762.11719        1.00000        0.08157
1a8y_.B99990004.pdb           3030.66675   -32556.27344   -25998.50195        1.00000        0.13968
1a8y_.B99990005.pdb           2955.91626   -32531.81836   -25707.73242        1.00000        0.14480
1a8y_.B99990006.pdb           2956.62769   -32537.59375   -25544.28320        1.00000        0.14359
1a8y_.B99990007.pdb           3023.61157   -32478.57812   -25676.10156        1.00000        0.15595
1a8y_.B99990008.pdb           3093.77075   -32527.04297   -25594.38086        1.00000        0.14580
1a8y_.B99990009.pdb           3040.53638   -32506.43359   -25833.84180        1.00000        0.15012
1a8y_.B99990010.pdb           3019.35693   -32749.36328   -26147.19141        1.00000        0.09922
1a8y_.B99990011.pdb           3180.29883   -32621.61133   -25795.13281        1.00000        0.12599
1a8y_.B99990012.pdb           3158.38452   -32386.40039   -25212.76562        1.00000        0.17527
1a8y_.B99990013.pdb           3084.68286   -32866.82422   -25967.20898        1.00000        0.07461
1a8y_.B99990014.pdb           2940.19434   -32375.58008   -25408.64258        1.00000        0.17754
1a8y_.B99990015.pdb           2969.30859   -32690.51562   -26063.35938        1.00000        0.11155
1a8y_.B99990016.pdb           3167.56982   -32829.26172   -26736.11914        1.00000        0.08248
1a8y_.B99990017.pdb           3063.66040   -32567.09961   -25853.63281        1.00000        0.13741
1a8y_.B99990018.pdb           3000.61890   -32469.08398   -25303.01758        1.00000        0.15794
1a8y_.B99990019.pdb           2952.39966   -32345.49805   -25247.19922        1.00000        0.18384
1a8y_.B99990020.pdb           2977.57227   -32707.77539   -26091.30469        1.00000        0.10793
1a8y_.B99990021.pdb           2994.03516   -32644.48633   -25875.22266        1.00000        0.12119
1a8y_.B99990022.pdb           3140.95190   -32732.12695   -26349.56250        1.00000        0.10283
1a8y_.B99990023.pdb           2968.23560   -32625.21484   -25667.89258        1.00000        0.12523
1a8y_.B99990024.pdb           3646.62109   -32122.61328   -24249.24219        1.00000        0.23054
1a8y_.B99990025.pdb           2971.74512   -32391.37109   -25556.69336        1.00000        0.17423
1a8y_.B99990026.pdb           3002.97656   -32558.58594   -25962.36914        1.00000        0.13919
1a8y_.B99990027.pdb           3048.42993   -32479.55078   -25997.89258        1.00000        0.15575
1a8y_.B99990028.pdb           2991.77881   -32550.82031   -25648.64453        1.00000        0.14082
1a8y_.B99990029.pdb           2982.50293   -32443.64258   -25817.50195        1.00000        0.16328
1a8y_.B99990030.pdb           3040.08105   -32474.92773   -25648.03711        1.00000        0.15672
1a8y_.B99990031.pdb           3051.40649   -32537.11328   -25712.07812        1.00000        0.14369
1a8y_.B99990032.pdb           2986.25928   -32349.82031   -25388.41797        1.00000        0.18293
1a8y_.B99990033.pdb           3083.61670   -32451.69141   -26189.06445        1.00000        0.16159
1a8y_.B99990034.pdb           2969.04272   -32780.94922   -26237.31250        1.00000        0.09260
1a8y_.B99990035.pdb           2955.52686   -32302.87500   -25075.75195        1.00000        0.19277
1a8y_.B99990036.pdb           3161.84033   -32364.31641   -24666.88281        1.00000        0.17990
1a8y_.B99990037.pdb           3173.89404   -32677.68750   -26294.25195        1.00000        0.11424
1a8y_.B99990038.pdb           2988.08765   -32103.93945   -25091.11328        1.00000        0.23445
1a8y_.B99990039.pdb           2973.44312   -32610.26172   -26020.97266        1.00000        0.12836
1a8y_.B99990040.pdb           3050.65552   -32262.05859   -25465.93359        1.00000        0.20132
1a8y_.B99990041.pdb           2960.22974   -32533.73828   -25683.18359        1.00000        0.14440
1a8y_.B99990042.pdb           3082.30713   -32542.83594   -26107.13867        1.00000        0.14249
1a8y_.B99990043.pdb           2939.87012   -32458.47852   -25480.58594        1.00000        0.16017
1a8y_.B99990044.pdb           3118.08789   -32371.01562   -25192.29883        1.00000        0.17849
1a8y_.B99990045.pdb           2950.68750   -32587.66211   -25955.95898        1.00000        0.13310
1a8y_.B99990046.pdb           3104.31323   -32255.29688   -25340.90039        1.00000        0.20274
1a8y_.B99990047.pdb           2993.17261   -32386.15234   -25542.45508        1.00000        0.17532
1a8y_.B99990048.pdb           3062.24023   -32412.72852   -25498.12305        1.00000        0.16975
1a8y_.B99990049.pdb           3192.98071   -32996.75781   -26285.10742        1.00000        0.04738
1a8y_.B99990050.pdb           3013.73022   -32668.44141   -26054.23633        1.00000        0.11617

>> Top model results:
molpdf: 2939.8701171875 (file: 1a8y_.B99990043.pdb)
DOPE score: -32996.7578125 (file: 1a8y_.B99990049.pdb)
GA341 score: 1.0 (file: 1a8y_.B99990003.pdb)
Normalized DOPE score: 0.04738018031219368 (file: 1a8y_.B99990049.pdb)

##############################################################################################
>>Clustering results - Representative structure - AffinityPropagation
Cluster		File_Name
0		1a8y_.B99990009
1		1a8y_.B99990025

>>Clustering results - Representative structure - DBSCAN
Cluster		File_Name
0		1a8y_.B99990008.pdb
1		1a8y_.B99990027.pdb

>>Clustering results - Representative structure - KMeans
Cluster		File_Name
0		1a8y_.B99990045.pdb
1		1a8y_.B99990035.pdb

>>Clustering results - Representative structure - MeanShift
Cluster		File_Name
0		1a8y_.B99990042.pdb
1		1a8y_.B99990002.pdb
2		1a8y_.B99990040.pdb

>>Clustering results - Representative structure - SpectralClustering
Cluster		File_Name
0		1a8y_.B99990045.pdb
1		1a8y_.B99990035.pdb

>>Clustering results - Representative structure - Ward
Cluster		File_Name
0		1a8y_.B99990042.pdb
1		1a8y_.B99990002.pdb
##############################################################################################

##############################################################################################
>>Clustering results - Representative structure - AffinityPropagation
Cluster		File_Name
0		1a8y_.B99990041

>>Clustering results - Representative structure - DBSCAN
Cluster		File_Name
0		1a8y_.B99990041.pdb

>>Clustering results - Representative structure - KMeans
Cluster		File_Name
0		1a8y_.B99990042.pdb
1		1a8y_.B99990036.pdb

>>Clustering results - Representative structure - MeanShift
Cluster		File_Name
0		1a8y_.B99990041.pdb
1		1a8y_.B99990024.pdb

>>Clustering results - Representative structure - SpectralClustering
Cluster		File_Name
0		1a8y_.B99990042.pdb
1		1a8y_.B99990036.pdb

>>Clustering results - Representative structure - Ward
Cluster		File_Name
0		1a8y_.B99990005.pdb
1		1a8y_.B99990034.pdb
2		1a8y_.B99990037.pdb
3		1a8y_.B99990040.pdb
4		1a8y_.B99990024.pdb
##############################################################################################