>> Summary of successfully produced model

Filename                          molpdf     DOPE score  DOPE-HR score    GA341 score Normalized DOPE score-----------------------------------------------------------------------------------------------------------
1amx_.B99990001.pdb            925.17950    -9011.66016    -6742.59277        0.00119        0.90368
1amx_.B99990002.pdb            757.08026    -8785.75879    -6487.02783        0.00102        1.01034
1amx_.B99990003.pdb            776.81622    -9010.47363    -7097.89844        0.00097        0.90424
1amx_.B99990004.pdb            804.18909    -8624.04785    -6454.88965        0.00082        1.08669
1amx_.B99990005.pdb            751.55817    -8906.38574    -7027.98145        0.00139        0.95339
1amx_.B99990006.pdb            731.90350    -9002.71777    -7143.49756        0.00077        0.90791
1amx_.B99990007.pdb            808.37280    -8781.78516    -6779.68164        0.00093        1.01222
1amx_.B99990008.pdb            731.48462    -9162.78613    -7368.57275        0.00205        0.83233
1amx_.B99990009.pdb            705.00708    -9019.32715    -7061.56934        0.00207        0.90006
1amx_.B99990010.pdb            781.85992    -8934.40430    -6844.41260        0.00058        0.94016
1amx_.B99990011.pdb            731.41608    -8676.48047    -6477.66553        0.00081        1.06194
1amx_.B99990012.pdb            710.42218    -8962.93555    -6759.50732        0.00085        0.92669
1amx_.B99990013.pdb            716.70355    -9321.91797    -7489.74219        0.00123        0.75720
1amx_.B99990014.pdb            815.36017    -8733.69531    -6322.81396        0.00107        1.03492
1amx_.B99990015.pdb            685.09900    -8781.80371    -6803.89502        0.00107        1.01221
1amx_.B99990016.pdb            725.99548    -8919.42383    -6349.64844        0.00238        0.94723
1amx_.B99990017.pdb            708.70667    -9233.88867    -7221.87402        0.00119        0.79876
1amx_.B99990018.pdb            681.52704    -8929.89258    -6781.88818        0.00055        0.94229
1amx_.B99990019.pdb            733.92841    -8784.05469    -6475.10254        0.00154        1.01115
1amx_.B99990020.pdb            721.30011    -8937.26953    -6924.10400        0.00101        0.93881
1amx_.B99990021.pdb            787.71826    -8924.70117    -6850.74268        0.00115        0.94474
1amx_.B99990022.pdb            723.10370    -8833.34375    -7095.82812        0.00157        0.98787
1amx_.B99990023.pdb            725.72375    -9063.33887    -6888.37256        0.00040        0.87928
1amx_.B99990024.pdb            776.37830    -9227.86719    -7232.11377        0.00099        0.80160
1amx_.B99990025.pdb            677.04071    -8890.97656    -6844.67627        0.00072        0.96066
1amx_.B99990026.pdb            775.28986    -8942.42480    -7077.90039        0.00143        0.93637
1amx_.B99990027.pdb            667.53577    -8756.51758    -6554.46338        0.00063        1.02415
1amx_.B99990028.pdb            841.34113    -8948.87500    -7036.41602        0.00156        0.93333
1amx_.B99990029.pdb            682.90302    -9036.83203    -7249.14404        0.00213        0.89180
1amx_.B99990030.pdb            794.50500    -8927.28027    -6974.92383        0.00054        0.94352
1amx_.B99990031.pdb            742.69257    -8883.86914    -6890.37256        0.00130        0.96402
1amx_.B99990032.pdb            677.07349    -9151.37891    -7183.99072        0.00106        0.83772
1amx_.B99990033.pdb            766.92639    -8948.10645    -7085.68994        0.00128        0.93369
1amx_.B99990034.pdb            758.40173    -9171.25391    -6964.84863        0.00071        0.82833
1amx_.B99990035.pdb            810.79877    -8904.57422    -6994.62744        0.00199        0.95424
1amx_.B99990036.pdb            686.93475    -8917.23242    -6876.40186        0.00137        0.94827
1amx_.B99990037.pdb            712.34821    -8825.69824    -6817.37842        0.00056        0.99148
1amx_.B99990038.pdb            731.43860    -8946.54492    -6722.88330        0.00227        0.93443
1amx_.B99990039.pdb            726.74023    -8949.41113    -7060.06250        0.00124        0.93307
1amx_.B99990040.pdb            707.84283    -9213.04395    -7502.61963        0.00041        0.80860
1amx_.B99990041.pdb            741.56360    -9034.90039    -7212.48096        0.00255        0.89271
1amx_.B99990042.pdb            760.06183    -9078.68848    -7219.59863        0.00153        0.87204
1amx_.B99990043.pdb            713.41650    -8932.43652    -6916.70654        0.00122        0.94109
1amx_.B99990044.pdb            706.83368    -9005.55566    -6898.15234        0.00071        0.90657
1amx_.B99990045.pdb            709.32947    -9122.30664    -6880.54785        0.00195        0.85144
1amx_.B99990046.pdb            789.01831    -9058.79297    -7317.68066        0.00183        0.88143
1amx_.B99990047.pdb            784.63635    -9040.63086    -7295.11084        0.00157        0.89001
1amx_.B99990048.pdb            669.38403    -8871.95801    -6777.56641        0.00074        0.96964
1amx_.B99990049.pdb            876.10449    -8628.72559    -5755.64258        0.00147        1.08448
1amx_.B99990050.pdb            792.75177    -8993.07812    -7359.31787        0.00086        0.91246

>> Top model results:
molpdf: 667.5357666015625 (file: 1amx_.B99990027.pdb)
DOPE score: -9321.91796875 (file: 1amx_.B99990013.pdb)
GA341 score: 0.0004022422945126891 (file: 1amx_.B99990023.pdb)
Normalized DOPE score: 0.7571972508561381 (file: 1amx_.B99990013.pdb)

##############################################################################################
>>Clustering results - Representative structure - AffinityPropagation
Cluster		File_Name
0		1amx_.B99990028
1		1amx_.B99990049

>>Clustering results - Representative structure - DBSCAN
Cluster		File_Name
0		1amx_.B99990026.pdb
1		1amx_.B99990035.pdb

>>Clustering results - Representative structure - KMeans
Cluster		File_Name
0		1amx_.B99990028.pdb
1		1amx_.B99990049.pdb

>>Clustering results - Representative structure - MeanShift
Cluster		File_Name
0		1amx_.B99990026.pdb
1		1amx_.B99990030.pdb
2		1amx_.B99990049.pdb
3		1amx_.B99990027.pdb

>>Clustering results - Representative structure - SpectralClustering
Cluster		File_Name
0		1amx_.B99990028.pdb
1		1amx_.B99990049.pdb

>>Clustering results - Representative structure - Ward
Cluster		File_Name
0		1amx_.B99990028.pdb
1		1amx_.B99990049.pdb
##############################################################################################

##############################################################################################
>>Clustering results - Representative structure - AffinityPropagation
Cluster		File_Name
0		1amx_.B99990012

>>Clustering results - Representative structure - DBSCAN
Cluster		File_Name
0		1amx_.B99990010.pdb
1		1amx_.B99990036.pdb
2		1amx_.B99990012.pdb

>>Clustering results - Representative structure - KMeans
Cluster		File_Name
0		1amx_.B99990047.pdb
1		1amx_.B99990011.pdb
2		1amx_.B99990017.pdb
3		1amx_.B99990033.pdb
4		1amx_.B99990049.pdb
5		1amx_.B99990015.pdb
6		1amx_.B99990046.pdb
7		1amx_.B99990004.pdb
8		1amx_.B99990030.pdb
9		1amx_.B99990010.pdb

>>Clustering results - Representative structure - MeanShift
Cluster		File_Name
0		1amx_.B99990039.pdb
1		1amx_.B99990027.pdb
2		1amx_.B99990049.pdb

>>Clustering results - Representative structure - SpectralClustering
Cluster		File_Name
0		1amx_.B99990048.pdb
1		1amx_.B99990032.pdb
2		1amx_.B99990035.pdb

>>Clustering results - Representative structure - Ward
Cluster		File_Name
0		1amx_.B99990015.pdb
1		1amx_.B99990011.pdb
2		1amx_.B99990033.pdb
3		1amx_.B99990047.pdb
4		1amx_.B99990010.pdb
5		1amx_.B99990046.pdb
6		1amx_.B99990017.pdb
7		1amx_.B99990049.pdb
8		1amx_.B99990030.pdb
9		1amx_.B99990004.pdb
##############################################################################################