>> Summary of successfully produced model

Filename                          molpdf     DOPE score  DOPE-HR score    GA341 score Normalized DOPE score-----------------------------------------------------------------------------------------------------------
1a7vA.B99990001.pdb            665.62695    -6630.37891    -4989.48633        0.00116        1.80184
1a7vA.B99990002.pdb            698.07043    -6624.10254    -4990.46582        0.00082        1.80540
1a7vA.B99990003.pdb            565.32019    -7023.22705    -5534.92578        0.00126        1.57927
1a7vA.B99990004.pdb            597.41046    -6518.95361    -4604.97119        0.00144        1.86498
1a7vA.B99990005.pdb            642.79633    -6753.19189    -5098.76660        0.00134        1.73226
1a7vA.B99990006.pdb            838.93634    -6521.81641    -4167.54590        0.00173        1.86335
1a7vA.B99990007.pdb            604.19318    -6804.90039    -5222.37500        0.00044        1.70297
1a7vA.B99990008.pdb            664.03613    -6726.95312    -4865.06982        0.00044        1.74713
1a7vA.B99990009.pdb            641.52319    -6809.77393    -5183.01953        0.00083        1.70020
1a7vA.B99990010.pdb            607.21814    -6856.95508    -5234.49023        0.00075        1.67347
1a7vA.B99990011.pdb            657.93109    -6828.44238    -5109.71143        0.00118        1.68963
1a7vA.B99990012.pdb            633.92511    -6893.15381    -5239.79492        0.00045        1.65296
1a7vA.B99990013.pdb            619.07416    -6869.97754    -5428.55713        0.00118        1.66609
1a7vA.B99990014.pdb            617.76038    -6833.26025    -5035.60645        0.00064        1.68690
1a7vA.B99990015.pdb            640.86768    -6499.90771    -4524.88037        0.00053        1.87577
1a7vA.B99990016.pdb            612.22375    -6614.67529    -4683.79150        0.00083        1.81074
1a7vA.B99990017.pdb            681.82776    -6641.96484    -4816.81787        0.00076        1.79528
1a7vA.B99990018.pdb            630.81378    -6819.02832    -5264.91357        0.00123        1.69496
1a7vA.B99990019.pdb            669.28772    -6603.21973    -4800.06885        0.00067        1.81723
1a7vA.B99990020.pdb            643.41620    -6634.46338    -4807.27490        0.00103        1.79953
1a7vA.B99990021.pdb            627.90558    -6486.05029    -4490.71826        0.00088        1.88362
1a7vA.B99990022.pdb            632.73853    -6693.64600    -5105.37793        0.00042        1.76600
1a7vA.B99990023.pdb            631.58289    -6700.06787    -5223.22803        0.00083        1.76236
1a7vA.B99990024.pdb            618.93988    -6682.69971    -4841.14160        0.00095        1.77220
1a7vA.B99990025.pdb            703.81879    -6536.44873    -4364.11182        0.00073        1.85506
1a7vA.B99990026.pdb            647.09027    -6800.89893    -5189.50732        0.00120        1.70523
1a7vA.B99990027.pdb            627.57239    -6883.97119    -5460.01514        0.00194        1.65817
1a7vA.B99990028.pdb            564.25708    -6801.36035    -5138.72021        0.00075        1.70497
1a7vA.B99990029.pdb            653.45837    -6716.85107    -5062.88623        0.00088        1.75285
1a7vA.B99990030.pdb            675.76947    -6558.80420    -4637.01709        0.00144        1.84240
1a7vA.B99990031.pdb            576.72119    -6782.50879    -5380.22119        0.00063        1.71565
1a7vA.B99990032.pdb            627.82147    -6641.71338    -4798.73584        0.00213        1.79542
1a7vA.B99990033.pdb            664.31543    -6887.68213    -5559.21973        0.00133        1.65606
1a7vA.B99990034.pdb            654.39020    -6905.66943    -5117.69189        0.00140        1.64587
1a7vA.B99990035.pdb            645.40179    -6597.83936    -4655.60889        0.00070        1.82028
1a7vA.B99990036.pdb            582.96973    -6821.27295    -5411.99414        0.00053        1.69369
1a7vA.B99990037.pdb            583.29401    -6708.99414    -5038.20215        0.00052        1.75730
1a7vA.B99990038.pdb            625.36530    -7069.13428    -4997.31445        0.00116        1.55326
1a7vA.B99990039.pdb            672.03699    -6782.31592    -5206.37793        0.00072        1.71576
1a7vA.B99990040.pdb            588.82428    -6545.43213    -4769.15967        0.00128        1.84997
1a7vA.B99990041.pdb            745.89154    -6569.99170    -4494.43311        0.00047        1.83606
1a7vA.B99990042.pdb            635.64905    -6785.16162    -5127.49121        0.00060        1.71415
1a7vA.B99990043.pdb            671.34662    -6535.77832    -4634.21680        0.00077        1.85544
1a7vA.B99990044.pdb            700.85284    -6583.86084    -4572.84326        0.00074        1.82820
1a7vA.B99990045.pdb            608.50977    -6817.58398    -5000.22852        0.00071        1.69578
1a7vA.B99990046.pdb            634.47156    -6648.57520    -4787.98096        0.00091        1.79154
1a7vA.B99990047.pdb            608.74811    -6626.82227    -5015.95947        0.00056        1.80386
1a7vA.B99990048.pdb            690.73065    -6681.35986    -4914.73633        0.00054        1.77296
1a7vA.B99990049.pdb            619.51630    -6844.34131    -5311.69287        0.00093        1.68062
1a7vA.B99990050.pdb            622.14056    -6759.98584    -4838.63379        0.00123        1.72841

>> Top model results:
molpdf: 564.257080078125 (file: 1a7vA.B99990028.pdb)
DOPE score: -7069.13427734375 (file: 1a7vA.B99990038.pdb)
GA341 score: 0.0004205477307550609 (file: 1a7vA.B99990022.pdb)
Normalized DOPE score: 1.553258295019289 (file: 1a7vA.B99990038.pdb)

##############################################################################################
>>Clustering results - Representative structure - AffinityPropagation
Cluster		File_Name
0		1a7vA.B99990021
1		1a7vA.B99990028
2		1a7vA.B99990035
3		1a7vA.B99990040
4		1a7vA.B99990045

>>Clustering results - Representative structure - DBSCAN
Cluster		File_Name
0		1a7vA.B99990024.pdb
1		1a7vA.B99990005.pdb
2		1a7vA.B99990020.pdb

>>Clustering results - Representative structure - KMeans
Cluster		File_Name
0		1a7vA.B99990011.pdb
1		1a7vA.B99990004.pdb
2		1a7vA.B99990002.pdb
3		1a7vA.B99990028.pdb
4		1a7vA.B99990015.pdb
5		1a7vA.B99990006.pdb
6		1a7vA.B99990022.pdb
7		1a7vA.B99990033.pdb

>>Clustering results - Representative structure - MeanShift
Cluster		File_Name
0		1a7vA.B99990024.pdb
1		1a7vA.B99990029.pdb
2		1a7vA.B99990040.pdb

>>Clustering results - Representative structure - SpectralClustering
Cluster		File_Name
0		1a7vA.B99990035.pdb
1		1a7vA.B99990045.pdb
2		1a7vA.B99990028.pdb
3		1a7vA.B99990040.pdb
4		1a7vA.B99990015.pdb

>>Clustering results - Representative structure - Ward
Cluster		File_Name
0		1a7vA.B99990029.pdb
1		1a7vA.B99990035.pdb
2		1a7vA.B99990040.pdb
3		1a7vA.B99990028.pdb
##############################################################################################

##############################################################################################
>>Clustering results - Representative structure - AffinityPropagation
Cluster		File_Name
0		1a7vA.B99990001
1		1a7vA.B99990004
2		1a7vA.B99990014
3		1a7vA.B99990015
4		1a7vA.B99990022
5		1a7vA.B99990023
6		1a7vA.B99990025
7		1a7vA.B99990033
8		1a7vA.B99990049

>>Clustering results - Representative structure - DBSCAN
Cluster		File_Name
0		1a7vA.B99990020.pdb
1		1a7vA.B99990028.pdb
2		1a7vA.B99990023.pdb
3		1a7vA.B99990008.pdb

>>Clustering results - Representative structure - KMeans
Cluster		File_Name
0		1a7vA.B99990025.pdb
1		1a7vA.B99990033.pdb
2		1a7vA.B99990049.pdb
3		1a7vA.B99990001.pdb
4		1a7vA.B99990015.pdb
5		1a7vA.B99990023.pdb
6		1a7vA.B99990004.pdb
7		1a7vA.B99990014.pdb
8		1a7vA.B99990022.pdb

>>Clustering results - Representative structure - MeanShift
Cluster		File_Name
0		1a7vA.B99990008.pdb

>>Clustering results - Representative structure - SpectralClustering
Cluster		File_Name
0		1a7vA.B99990029.pdb
1		1a7vA.B99990049.pdb
2		1a7vA.B99990034.pdb
3		1a7vA.B99990022.pdb
4		1a7vA.B99990006.pdb
5		1a7vA.B99990004.pdb
6		1a7vA.B99990021.pdb
7		1a7vA.B99990033.pdb
8		1a7vA.B99990043.pdb
9		1a7vA.B99990001.pdb

>>Clustering results - Representative structure - Ward
Cluster		File_Name
0		1a7vA.B99990025.pdb
1		1a7vA.B99990014.pdb
2		1a7vA.B99990015.pdb
3		1a7vA.B99990005.pdb
4		1a7vA.B99990001.pdb
5		1a7vA.B99990049.pdb
6		1a7vA.B99990033.pdb
7		1a7vA.B99990004.pdb
8		1a7vA.B99990022.pdb
##############################################################################################