>> Summary of successfully produced model

Filename                          molpdf     DOPE score  DOPE-HR score    GA341 score Normalized DOPE score-----------------------------------------------------------------------------------------------------------
1a4pA.B99990001.pdb            316.96057    -3456.19141    -3377.50317        0.00000        3.50929
1a4pA.B99990002.pdb            252.81166    -3775.17310    -3689.38818        0.00000        3.26374
1a4pA.B99990003.pdb            436.63293    -3161.27881    -1531.67371        0.00000        3.73632
1a4pA.B99990004.pdb            323.82370    -3910.02637    -4024.35596        0.00000        3.15993
1a4pA.B99990005.pdb            312.54242    -3465.60205    -3750.47388        0.00000        3.50205
1a4pA.B99990006.pdb            291.57614    -4227.96924    -3658.59033        0.00000        2.91518
1a4pA.B99990007.pdb            295.38010    -3495.89062    -3457.06714        0.00000        3.47873
1a4pA.B99990008.pdb            532.52924    -2969.81519    -1127.55530        0.00000        3.88371
1a4pA.B99990009.pdb            299.87994    -3395.02124    -3288.67407        0.00000        3.55638
1a4pA.B99990010.pdb            303.12982    -3352.01685    -3499.30737        0.00000        3.58949
1a4pA.B99990011.pdb            313.00104    -3756.33032    -3139.43652        0.00000        3.27825
1a4pA.B99990012.pdb            346.02338    -3823.74536    -3668.36719        0.00000        3.22635
1a4pA.B99990013.pdb            321.97107    -3360.65454    -3630.89502        0.00000        3.58284
1a4pA.B99990014.pdb            441.87280    -3258.59521    -1672.31238        0.00000        3.66140
1a4pA.B99990015.pdb            369.91458    -3367.13379    -2402.42163        0.00000        3.57785
1a4pA.B99990016.pdb            395.37659    -3938.68701    -4050.05420        0.00000        3.13787
1a4pA.B99990017.pdb            284.28632    -3679.66260    -3923.13599        0.00000        3.33727
1a4pA.B99990018.pdb            465.16995    -3253.85742    -1684.80933        0.00000        3.66505
1a4pA.B99990019.pdb            374.06940    -3561.98096    -3605.06152        0.00000        3.42786
1a4pA.B99990020.pdb            281.01416    -3593.77881    -3805.98193        0.00000        3.40338
1a4pA.B99990021.pdb            348.52982    -3689.58789    -3713.20410        0.00000        3.32963
1a4pA.B99990022.pdb            339.09167    -3472.03467    -3433.89844        0.00000        3.49710
1a4pA.B99990023.pdb            410.84601    -3639.06421    -3332.08423        0.00000        3.36852
1a4pA.B99990024.pdb            297.34421    -3433.36060    -3365.82910        0.00000        3.52687
1a4pA.B99990025.pdb            291.84055    -3510.45850    -3696.94556        0.00000        3.46752
1a4pA.B99990026.pdb            352.87503    -3616.01270    -3856.81128        0.00000        3.38626
1a4pA.B99990027.pdb            430.93170    -3331.81372    -2175.82349        0.00000        3.60504
1a4pA.B99990028.pdb            413.63223    -3255.13843    -3186.62671        0.00000        3.66406
1a4pA.B99990029.pdb            407.88504    -3375.23779    -2450.66528        0.00000        3.57161
1a4pA.B99990030.pdb            320.15970    -3670.04272    -3406.87231        0.00000        3.34467
1a4pA.B99990031.pdb            389.56509    -3134.91504    -2079.58374        0.00000        3.75661
1a4pA.B99990032.pdb            372.64749    -3484.85156    -2340.86743        0.00000        3.48723
1a4pA.B99990033.pdb            344.38782    -3527.76196    -3634.65967        0.00000        3.45420
1a4pA.B99990034.pdb            329.20624    -3601.35718    -3296.56494        0.00000        3.39755
1a4pA.B99990035.pdb            331.76144    -3374.22974    -3539.43579        0.00000        3.57239
1a4pA.B99990036.pdb            309.85815    -3485.68896    -2859.40918        0.00000        3.48659
1a4pA.B99990037.pdb            323.06281    -3318.27246    -3610.29102        0.00000        3.61546
1a4pA.B99990038.pdb            360.41632    -3533.23047    -3723.39868        0.00000        3.44999
1a4pA.B99990039.pdb            294.60843    -3440.07202    -3478.18774        0.00000        3.52170
1a4pA.B99990040.pdb            317.05508    -4652.40625    -4399.64307        0.00000        2.58845
1a4pA.B99990041.pdb            303.02386    -3303.32080    -3580.41187        0.00000        3.62697
1a4pA.B99990042.pdb            426.88538    -3790.62085    -2296.00806        0.00000        3.25185
1a4pA.B99990043.pdb            335.72620    -3539.13428    -3187.48633        0.00000        3.44544
1a4pA.B99990044.pdb            351.83441    -4078.19165    -3689.37842        0.00000        3.03048
1a4pA.B99990045.pdb            327.91913    -3306.32690    -3503.98413        0.00000        3.62466
1a4pA.B99990046.pdb            343.18085    -3950.55396    -3104.90674        0.00000        3.12873
1a4pA.B99990047.pdb            731.52313    -3184.44800     1334.46484        0.00000        3.71848
1a4pA.B99990048.pdb            368.16226    -3546.46851    -2758.01636        0.00000        3.43980
1a4pA.B99990049.pdb            295.95978    -3427.09766    -3496.74341        0.00000        3.53169
1a4pA.B99990050.pdb            326.16940    -3367.36450    -3550.64844        0.00000        3.57767

>> Top model results:
molpdf: 252.81166076660156 (file: 1a4pA.B99990002.pdb)
DOPE score: -4652.40625 (file: 1a4pA.B99990040.pdb)
GA341 score: 0.0 (file: 1a4pA.B99990034.pdb)
Normalized DOPE score: 2.5884489527775076 (file: 1a4pA.B99990040.pdb)

##############################################################################################
>>Clustering results - Representative structure - AffinityPropagation
Cluster		File_Name
0		1a4pA.B99990014
1		1a4pA.B99990030

>>Clustering results - Representative structure - DBSCAN
Cluster		File_Name
0		1a4pA.B99990030.pdb
1		1a4pA.B99990031.pdb
2		1a4pA.B99990034.pdb

>>Clustering results - Representative structure - KMeans
Cluster		File_Name
0		1a4pA.B99990014.pdb
1		1a4pA.B99990033.pdb

>>Clustering results - Representative structure - MeanShift
Cluster		File_Name
0		1a4pA.B99990033.pdb
1		1a4pA.B99990048.pdb
2		1a4pA.B99990003.pdb
3		1a4pA.B99990047.pdb
4		1a4pA.B99990040.pdb

>>Clustering results - Representative structure - SpectralClustering
Cluster		File_Name
0		1a4pA.B99990014.pdb
1		1a4pA.B99990033.pdb

>>Clustering results - Representative structure - Ward
Cluster		File_Name
0		1a4pA.B99990038.pdb
1		1a4pA.B99990032.pdb
2		1a4pA.B99990047.pdb
##############################################################################################

##############################################################################################
>>Clustering results - Representative structure - AffinityPropagation
Cluster		File_Name
0		1a4pA.B99990003
1		1a4pA.B99990023

>>Clustering results - Representative structure - DBSCAN
Cluster		File_Name
0		1a4pA.B99990009.pdb
1		1a4pA.B99990048.pdb

>>Clustering results - Representative structure - KMeans
Cluster		File_Name
0		1a4pA.B99990023.pdb
1		1a4pA.B99990003.pdb

>>Clustering results - Representative structure - MeanShift
Cluster		File_Name
0		1a4pA.B99990038.pdb
1		1a4pA.B99990018.pdb
2		1a4pA.B99990047.pdb
3		1a4pA.B99990040.pdb

>>Clustering results - Representative structure - SpectralClustering
Cluster		File_Name
0		1a4pA.B99990003.pdb
1		1a4pA.B99990023.pdb

>>Clustering results - Representative structure - Ward
Cluster		File_Name
0		1a4pA.B99990027.pdb
1		1a4pA.B99990026.pdb
##############################################################################################