>> Summary of successfully produced model

Filename                          molpdf     DOPE score  DOPE-HR score    GA341 score Normalized DOPE score-----------------------------------------------------------------------------------------------------------
12asA.B99990001.pdb           1366.01111   -33208.77734   -31442.91992        1.00000       -0.38305
12asA.B99990002.pdb           1359.88916   -33184.32422   -31675.95508        1.00000       -0.37775
12asA.B99990003.pdb           1349.95410   -33307.30859   -31700.29883        1.00000       -0.40439
12asA.B99990004.pdb           1381.83704   -33453.98438   -32211.28711        1.00000       -0.43615
12asA.B99990005.pdb           1431.67456   -33360.75000   -32002.44727        1.00000       -0.41596
12asA.B99990006.pdb           1335.15393   -33308.69922   -32065.68945        1.00000       -0.40469
12asA.B99990007.pdb           1384.00525   -33310.26172   -32165.79883        1.00000       -0.40503
12asA.B99990008.pdb           1431.85754   -33277.00391   -31720.83789        1.00000       -0.39782
12asA.B99990009.pdb           1430.55518   -33606.97656   -32187.05664        1.00000       -0.46929
12asA.B99990010.pdb           1375.47351   -33065.30078   -31597.57031        1.00000       -0.35197
12asA.B99990011.pdb           1453.91089   -33370.47656   -31727.61719        1.00000       -0.41807
12asA.B99990012.pdb           1385.61035   -33418.59375   -32265.77539        1.00000       -0.42849
12asA.B99990013.pdb           1372.30151   -33258.07812   -31823.85742        1.00000       -0.39372
12asA.B99990014.pdb           1376.43933   -33222.17969   -31529.86719        1.00000       -0.38595
12asA.B99990015.pdb           1334.87415   -33212.87891   -31848.06055        1.00000       -0.38393
12asA.B99990016.pdb           1376.09106   -33532.98047   -32300.32422        1.00000       -0.45326
12asA.B99990017.pdb           1399.32104   -33226.36719   -31681.34766        1.00000       -0.38686
12asA.B99990018.pdb           1437.83374   -33402.60938   -32089.00586        1.00000       -0.42503
12asA.B99990019.pdb           1393.92822   -33310.99609   -31695.42578        1.00000       -0.40518
12asA.B99990020.pdb           1378.75696   -33528.55078   -32434.44531        1.00000       -0.45230
12asA.B99990021.pdb           1495.21997   -33102.54688   -31788.56250        1.00000       -0.36004
12asA.B99990022.pdb           1330.10828   -33387.58203   -32002.06836        1.00000       -0.42177
12asA.B99990023.pdb           1333.44080   -33478.93750   -32126.70508        1.00000       -0.44156
12asA.B99990024.pdb           1315.89954   -33216.44922   -31844.25195        1.00000       -0.38471
12asA.B99990025.pdb           1398.33240   -33033.55078   -31377.25391        1.00000       -0.34510
12asA.B99990026.pdb           1419.26123   -33015.15625   -31601.47266        1.00000       -0.34111
12asA.B99990027.pdb           1402.31018   -33260.67578   -32061.05469        1.00000       -0.39429
12asA.B99990028.pdb           1361.35291   -33194.70703   -31972.56641        1.00000       -0.38000
12asA.B99990029.pdb           1355.46692   -33391.65234   -31778.90234        1.00000       -0.42265
12asA.B99990030.pdb           1361.73914   -33235.60156   -31727.46680        1.00000       -0.38886
12asA.B99990031.pdb           1377.81042   -33449.78906   -32344.74414        1.00000       -0.43524
12asA.B99990032.pdb           1433.62366   -33443.91406   -32166.12891        1.00000       -0.43397
12asA.B99990033.pdb           1469.14160   -33102.36328   -32088.30469        1.00000       -0.36000
12asA.B99990034.pdb           1343.05005   -33419.68750   -32487.05664        1.00000       -0.42873
12asA.B99990035.pdb           1388.68066   -33547.55859   -32235.63477        1.00000       -0.45642
12asA.B99990036.pdb           1365.78491   -33220.59375   -31696.10352        1.00000       -0.38561
12asA.B99990037.pdb           1440.19226   -33137.58203   -31574.66602        1.00000       -0.36763
12asA.B99990038.pdb           1370.27600   -33379.37891   -32067.29102        1.00000       -0.42000
12asA.B99990039.pdb           1375.18933   -33292.51953   -31782.73633        1.00000       -0.40118
12asA.B99990040.pdb           1373.32849   -33579.40234   -32594.95117        1.00000       -0.46332
12asA.B99990041.pdb           1293.52942   -33316.07812   -32119.08203        1.00000       -0.40629
12asA.B99990042.pdb           1360.30359   -33508.41016   -32332.60352        1.00000       -0.44794
12asA.B99990043.pdb           1365.07483   -33118.48438   -31765.63477        1.00000       -0.36349
12asA.B99990044.pdb           1727.39368   -33002.92188   -31393.37109        1.00000       -0.33846
12asA.B99990045.pdb           1341.71118   -33662.37500   -32611.07031        1.00000       -0.48129
12asA.B99990046.pdb           1357.77527   -33194.48828   -31648.96875        1.00000       -0.37995
12asA.B99990047.pdb           1365.98120   -33221.21875   -31794.53320        1.00000       -0.38574
12asA.B99990048.pdb           1443.75928   -33067.36328   -31660.01172        1.00000       -0.35242
12asA.B99990049.pdb           1444.36548   -33329.95312   -31966.67188        1.00000       -0.40929
12asA.B99990050.pdb           1404.67542   -33248.34375   -31792.26562        1.00000       -0.39162

>> Top model results:
molpdf: 1293.5294189453125 (file: 12asA.B99990041.pdb)
DOPE score: -33662.375 (file: 12asA.B99990045.pdb)
GA341 score: 1.0 (file: 12asA.B99990020.pdb)
Normalized DOPE score: -0.48128646316626966 (file: 12asA.B99990045.pdb)

##############################################################################################
>>Clustering results - Representative structure - AffinityPropagation
Cluster		File_Name
0		12asA.B99990006
1		12asA.B99990008
2		12asA.B99990011
3		12asA.B99990021
4		12asA.B99990032

>>Clustering results - Representative structure - DBSCAN
Cluster		File_Name
0		12asA.B99990024.pdb
1		12asA.B99990007.pdb
2		12asA.B99990019.pdb
3		12asA.B99990011.pdb

>>Clustering results - Representative structure - KMeans
Cluster		File_Name
0		12asA.B99990006.pdb
1		12asA.B99990008.pdb

>>Clustering results - Representative structure - MeanShift
Cluster		File_Name
0		12asA.B99990019.pdb
1		12asA.B99990011.pdb
2		12asA.B99990008.pdb

>>Clustering results - Representative structure - SpectralClustering
Cluster		File_Name
0		12asA.B99990006.pdb
1		12asA.B99990008.pdb

>>Clustering results - Representative structure - Ward
Cluster		File_Name
0		12asA.B99990006.pdb
1		12asA.B99990008.pdb
##############################################################################################

##############################################################################################
>>Clustering results - Representative structure - AffinityPropagation
Cluster		File_Name
0		12asA.B99990016
1		12asA.B99990022
2		12asA.B99990023
3		12asA.B99990026
4		12asA.B99990036
5		12asA.B99990046
6		12asA.B99990049
7		12asA.B99990050

>>Clustering results - Representative structure - DBSCAN
Cluster		File_Name
0		12asA.B99990015.pdb
1		12asA.B99990027.pdb

>>Clustering results - Representative structure - KMeans
Cluster		File_Name
0		12asA.B99990022.pdb
1		12asA.B99990036.pdb
2		12asA.B99990016.pdb
3		12asA.B99990037.pdb
4		12asA.B99990049.pdb
5		12asA.B99990046.pdb
6		12asA.B99990050.pdb
7		12asA.B99990023.pdb
8		12asA.B99990045.pdb
9		12asA.B99990025.pdb

>>Clustering results - Representative structure - MeanShift
Cluster		File_Name
0		12asA.B99990019.pdb
1		12asA.B99990016.pdb

>>Clustering results - Representative structure - SpectralClustering
Cluster		File_Name
0		12asA.B99990022.pdb
1		12asA.B99990040.pdb
2		12asA.B99990026.pdb
3		12asA.B99990034.pdb
4		12asA.B99990035.pdb
5		12asA.B99990010.pdb
6		12asA.B99990036.pdb
7		12asA.B99990050.pdb
8		12asA.B99990049.pdb

>>Clustering results - Representative structure - Ward
Cluster		File_Name
0		12asA.B99990016.pdb
1		12asA.B99990046.pdb
2		12asA.B99990022.pdb
3		12asA.B99990049.pdb
4		12asA.B99990035.pdb
5		12asA.B99990050.pdb
6		12asA.B99990025.pdb
7		12asA.B99990036.pdb
8		12asA.B99990037.pdb
9		12asA.B99990045.pdb
##############################################################################################