>> Summary of successfully produced model

Filename                          molpdf     DOPE score  DOPE-HR score    GA341 score Normalized DOPE score-----------------------------------------------------------------------------------------------------------
1aly_.B99990001.pdb            885.73053    -7018.16846    -4579.14209        0.00120        2.51990
1aly_.B99990002.pdb            850.03906    -7279.70654    -5349.49951        0.00119        2.39303
1aly_.B99990003.pdb            805.31647    -7345.05029    -5199.06934        0.00062        2.36133
1aly_.B99990004.pdb            985.50397    -7305.17871    -4752.45508        0.00282        2.38067
1aly_.B99990005.pdb            850.97656    -7211.81299    -4820.45850        0.00124        2.42596
1aly_.B99990006.pdb            758.28979    -7432.05811    -5270.34180        0.00107        2.31913
1aly_.B99990007.pdb            820.33588    -7705.24756    -6110.44141        0.00203        2.18661
1aly_.B99990008.pdb            846.32104    -7483.59033    -5081.72607        0.00094        2.29413
1aly_.B99990009.pdb            786.73480    -7991.73242    -5950.28320        0.00197        2.04764
1aly_.B99990010.pdb            821.45093    -7389.65283    -5404.14404        0.00102        2.33970
1aly_.B99990011.pdb            791.11292    -7692.13379    -5744.74561        0.00116        2.19297
1aly_.B99990012.pdb            810.32318    -7221.39795    -5044.33398        0.00083        2.42131
1aly_.B99990013.pdb            873.61438    -7372.99902    -5203.42773        0.00109        2.34778
1aly_.B99990014.pdb            904.04773    -7307.85107    -4927.08252        0.00116        2.37938
1aly_.B99990015.pdb            861.04828    -7272.51953    -5395.86328        0.00059        2.39652
1aly_.B99990016.pdb            809.96887    -7363.89062    -5285.71045        0.00057        2.35219
1aly_.B99990017.pdb            855.79132    -7680.35693    -5612.72217        0.00105        2.19868
1aly_.B99990018.pdb            804.08600    -7189.59619    -5015.63623        0.00127        2.43674
1aly_.B99990019.pdb            817.01025    -7348.45996    -5062.07520        0.00187        2.35968
1aly_.B99990020.pdb            848.86279    -7352.53760    -4972.96191        0.00070        2.35770
1aly_.B99990021.pdb            938.35034    -7383.78320    -5118.25586        0.00132        2.34254
1aly_.B99990022.pdb            906.43658    -7351.29395    -4976.18115        0.00059        2.35830
1aly_.B99990023.pdb            805.70087    -7629.60938    -5537.61182        0.00133        2.22330
1aly_.B99990024.pdb            938.59998    -7281.86084    -4974.28711        0.00088        2.39198
1aly_.B99990025.pdb            838.21191    -7492.14795    -5326.82080        0.00115        2.28998
1aly_.B99990026.pdb            810.84698    -7542.39648    -5453.79395        0.00113        2.26560
1aly_.B99990027.pdb            852.86804    -7322.50635    -5438.12354        0.00135        2.37227
1aly_.B99990028.pdb            841.94220    -7488.25586    -5400.66797        0.00119        2.29187
1aly_.B99990029.pdb            810.91461    -7384.80908    -5314.36572        0.00085        2.34205
1aly_.B99990030.pdb            821.82587    -7630.05615    -5693.77051        0.00054        2.22308
1aly_.B99990031.pdb            820.87354    -7294.75049    -5232.18359        0.00051        2.38573
1aly_.B99990032.pdb            792.54163    -7331.37695    -5260.56592        0.00052        2.36797
1aly_.B99990033.pdb            862.30096    -7474.59668    -5193.28760        0.00323        2.29849
1aly_.B99990034.pdb            839.55725    -7324.63916    -5339.50098        0.00046        2.37123
1aly_.B99990035.pdb            900.36157    -7430.12939    -5527.80225        0.00092        2.32006
1aly_.B99990036.pdb            838.99805    -7476.16895    -5598.45801        0.00049        2.29773
1aly_.B99990037.pdb            813.59576    -7280.97852    -5238.25195        0.00049        2.39241
1aly_.B99990038.pdb            815.98181    -7084.70361    -4861.77295        0.00081        2.48762
1aly_.B99990039.pdb            799.95123    -7513.51807    -5497.42334        0.00103        2.27961
1aly_.B99990040.pdb            759.94537    -7516.45557    -5600.89893        0.00076        2.27819
1aly_.B99990041.pdb            902.34363    -7238.51123    -4926.30957        0.00069        2.41301
1aly_.B99990042.pdb            893.77148    -7309.57617    -5112.09668        0.00065        2.37854
1aly_.B99990043.pdb            846.62634    -7369.81055    -5522.70312        0.00126        2.34932
1aly_.B99990044.pdb            821.81024    -7459.87939    -5526.14795        0.00154        2.30563
1aly_.B99990045.pdb            839.81104    -7290.18018    -5327.80029        0.00079        2.38795
1aly_.B99990046.pdb            818.71307    -7480.66602    -5406.10254        0.00124        2.29555
1aly_.B99990047.pdb            901.78149    -7344.57080    -5189.71143        0.00074        2.36157
1aly_.B99990048.pdb            801.79413    -7422.74756    -5539.76758        0.00064        2.32364
1aly_.B99990049.pdb            805.26025    -7198.93018    -4901.87646        0.00105        2.43221
1aly_.B99990050.pdb            866.77972    -7339.98828    -5162.60840        0.00061        2.36379

>> Top model results:
molpdf: 758.289794921875 (file: 1aly_.B99990006.pdb)
DOPE score: -7991.732421875 (file: 1aly_.B99990009.pdb)
GA341 score: 0.000460553215816617 (file: 1aly_.B99990034.pdb)
Normalized DOPE score: 2.0476410208943983 (file: 1aly_.B99990009.pdb)

##############################################################################################
>>Clustering results - Representative structure - AffinityPropagation
Cluster		File_Name
0		1aly_.B99990003
1		1aly_.B99990005
2		1aly_.B99990011
3		1aly_.B99990035
4		1aly_.B99990037
5		1aly_.B99990050

>>Clustering results - Representative structure - DBSCAN
Cluster		File_Name
0		1aly_.B99990003.pdb
1		1aly_.B99990034.pdb
2		1aly_.B99990022.pdb
3		1aly_.B99990035.pdb

>>Clustering results - Representative structure - KMeans
Cluster		File_Name
0		1aly_.B99990025.pdb
1		1aly_.B99990022.pdb

>>Clustering results - Representative structure - MeanShift
Cluster		File_Name
0		1aly_.B99990025.pdb
1		1aly_.B99990031.pdb
2		1aly_.B99990050.pdb

>>Clustering results - Representative structure - SpectralClustering
Cluster		File_Name
0		1aly_.B99990025.pdb
1		1aly_.B99990022.pdb

>>Clustering results - Representative structure - Ward
Cluster		File_Name
0		1aly_.B99990022.pdb
1		1aly_.B99990025.pdb
##############################################################################################

##############################################################################################
>>Clustering results - Representative structure - AffinityPropagation
Cluster		File_Name
0		1aly_.B99990007
1		1aly_.B99990013
2		1aly_.B99990021
3		1aly_.B99990024
4		1aly_.B99990039
5		1aly_.B99990046

>>Clustering results - Representative structure - DBSCAN
Cluster		File_Name
0		1aly_.B99990032.pdb

>>Clustering results - Representative structure - KMeans
Cluster		File_Name
0		1aly_.B99990021.pdb
1		1aly_.B99990013.pdb
2		1aly_.B99990007.pdb
3		1aly_.B99990041.pdb
4		1aly_.B99990028.pdb
5		1aly_.B99990038.pdb
6		1aly_.B99990039.pdb

>>Clustering results - Representative structure - MeanShift
Cluster		File_Name
0		1aly_.B99990032.pdb
1		1aly_.B99990007.pdb

>>Clustering results - Representative structure - SpectralClustering
Cluster		File_Name
0		1aly_.B99990008.pdb
1		1aly_.B99990024.pdb

>>Clustering results - Representative structure - Ward
Cluster		File_Name
0		1aly_.B99990003.pdb
1		1aly_.B99990022.pdb
2		1aly_.B99990030.pdb
##############################################################################################