>> Summary of successfully produced model

Filename                          molpdf     DOPE score  DOPE-HR score    GA341 score Normalized DOPE score-----------------------------------------------------------------------------------------------------------
1axiB.B99990001.pdb           1337.30481   -18759.75195   -16523.00977        1.00000       -0.78745
1axiB.B99990002.pdb           1424.38647   -18773.70117   -16262.02441        1.00000       -0.79262
1axiB.B99990003.pdb           1320.98682   -18705.75391   -16246.27051        1.00000       -0.76743
1axiB.B99990004.pdb           1392.16577   -18569.39844   -16186.72754        1.00000       -0.71687
1axiB.B99990005.pdb           1365.03003   -18550.47656   -15712.10352        1.00000       -0.70985
1axiB.B99990006.pdb           1387.96387   -18447.37891   -15773.52637        1.00000       -0.67163
1axiB.B99990007.pdb           1295.99060   -18669.22266   -16124.53418        1.00000       -0.75388
1axiB.B99990008.pdb           1339.59583   -18558.75195   -15924.23047        1.00000       -0.71292
1axiB.B99990009.pdb           1515.22803   -18735.94141   -15922.24609        1.00000       -0.77862
1axiB.B99990010.pdb           1358.58569   -18589.75586   -15811.75391        1.00000       -0.72442
1axiB.B99990011.pdb           1372.62793   -18712.10938   -16092.50293        1.00000       -0.76979
1axiB.B99990012.pdb           1393.69666   -18788.34570   -16564.59180        1.00000       -0.79805
1axiB.B99990013.pdb           1378.63599   -18453.25586   -15595.91895        1.00000       -0.67381
1axiB.B99990014.pdb           1355.25867   -18465.24414   -15654.57715        1.00000       -0.67825
1axiB.B99990015.pdb           1313.54956   -18704.58398   -16403.93359        1.00000       -0.76700
1axiB.B99990016.pdb           1369.35632   -18674.47266   -16123.14355        1.00000       -0.75583
1axiB.B99990017.pdb           1389.70911   -18629.62305   -16033.03027        1.00000       -0.73920
1axiB.B99990018.pdb           1490.06580   -18629.52344   -16235.36328        1.00000       -0.73916
1axiB.B99990019.pdb           1501.63086   -18473.52148   -15892.85938        1.00000       -0.68132
1axiB.B99990020.pdb           1426.69983   -18643.60742   -15825.98145        1.00000       -0.74439
1axiB.B99990021.pdb           1387.46399   -18596.15234   -15882.09961        1.00000       -0.72679
1axiB.B99990022.pdb           1373.60901   -18656.46484   -16375.73145        1.00000       -0.74915
1axiB.B99990023.pdb           1287.42078   -18824.82812   -16727.71094        1.00000       -0.81158
1axiB.B99990024.pdb           1318.60498   -18704.03320   -16171.60645        1.00000       -0.76679
1axiB.B99990025.pdb           1312.14929   -18726.59375   -16023.32129        1.00000       -0.77516
1axiB.B99990026.pdb           1354.19812   -18734.16406   -16427.96680        1.00000       -0.77796
1axiB.B99990027.pdb           1384.64844   -18749.89844   -16238.58398        1.00000       -0.78380
1axiB.B99990028.pdb           1407.11304   -18435.59961   -15537.79199        1.00000       -0.66726
1axiB.B99990029.pdb           1439.45020   -18485.54492   -15977.82031        1.00000       -0.68578
1axiB.B99990030.pdb           1304.85486   -18829.42969   -16578.13867        1.00000       -0.81329
1axiB.B99990031.pdb           1406.33923   -18371.26562   -15480.99121        1.00000       -0.64340
1axiB.B99990032.pdb           1422.84900   -18558.82812   -15851.99707        1.00000       -0.71295
1axiB.B99990033.pdb           1315.96057   -18765.20312   -16604.76172        1.00000       -0.78947
1axiB.B99990034.pdb           1403.94666   -18802.18555   -16262.74219        1.00000       -0.80319
1axiB.B99990035.pdb           1335.00745   -18509.55078   -15819.06445        1.00000       -0.69468
1axiB.B99990036.pdb           1313.29138   -18738.23438   -16488.60156        1.00000       -0.77947
1axiB.B99990037.pdb           1418.50525   -18745.84766   -16011.27246        1.00000       -0.78230
1axiB.B99990038.pdb           1352.75110   -18502.60938   -15594.69629        1.00000       -0.69210
1axiB.B99990039.pdb           1377.13977   -18690.83594   -16186.67090        1.00000       -0.76190
1axiB.B99990040.pdb           1319.51404   -18710.73633   -16305.49023        1.00000       -0.76928
1axiB.B99990041.pdb           1375.48035   -18835.68359   -16343.07910        1.00000       -0.81561
1axiB.B99990042.pdb           1329.15503   -18837.92188   -16666.68750        1.00000       -0.81644
1axiB.B99990043.pdb           1359.33997   -18482.79883   -16179.31152        1.00000       -0.68476
1axiB.B99990044.pdb           1353.92200   -18685.19336   -16094.37891        1.00000       -0.75981
1axiB.B99990045.pdb           1335.14136   -18699.07617   -16034.57910        1.00000       -0.76495
1axiB.B99990046.pdb           1497.26282   -18304.04102   -15572.40820        1.00000       -0.61848
1axiB.B99990047.pdb           1468.03467   -18537.95898   -15677.03418        1.00000       -0.70521
1axiB.B99990048.pdb           1293.40686   -18688.21875   -16136.35059        1.00000       -0.76093
1axiB.B99990049.pdb           1453.02124   -18524.33984   -15895.35938        1.00000       -0.70016
1axiB.B99990050.pdb           1300.64038   -18688.28711   -16455.45312        1.00000       -0.76095

>> Top model results:
molpdf: 1287.4207763671875 (file: 1axiB.B99990023.pdb)
DOPE score: -18837.921875 (file: 1axiB.B99990042.pdb)
GA341 score: 1.0 (file: 1axiB.B99990014.pdb)
Normalized DOPE score: -0.8164366359624613 (file: 1axiB.B99990042.pdb)

##############################################################################################
>>Clustering results - Representative structure - AffinityPropagation
Cluster		File_Name
0		1axiB.B99990006
1		1axiB.B99990037
2		1axiB.B99990044

>>Clustering results - Representative structure - DBSCAN
Cluster		File_Name
0		1axiB.B99990045.pdb
1		1axiB.B99990037.pdb
2		1axiB.B99990017.pdb
3		1axiB.B99990049.pdb

>>Clustering results - Representative structure - KMeans
Cluster		File_Name
0		1axiB.B99990016.pdb
1		1axiB.B99990005.pdb
2		1axiB.B99990006.pdb
3		1axiB.B99990044.pdb
4		1axiB.B99990026.pdb
5		1axiB.B99990027.pdb
6		1axiB.B99990015.pdb
7		1axiB.B99990031.pdb
8		1axiB.B99990012.pdb
9		1axiB.B99990014.pdb

>>Clustering results - Representative structure - MeanShift
Cluster		File_Name
0		1axiB.B99990039.pdb
1		1axiB.B99990018.pdb
2		1axiB.B99990044.pdb
3		1axiB.B99990031.pdb
4		1axiB.B99990027.pdb

>>Clustering results - Representative structure - SpectralClustering
Cluster		File_Name
0		1axiB.B99990022.pdb
1		1axiB.B99990017.pdb

>>Clustering results - Representative structure - Ward
Cluster		File_Name
0		1axiB.B99990006.pdb
1		1axiB.B99990026.pdb
2		1axiB.B99990012.pdb
3		1axiB.B99990005.pdb
4		1axiB.B99990014.pdb
5		1axiB.B99990044.pdb
6		1axiB.B99990015.pdb
7		1axiB.B99990027.pdb
8		1axiB.B99990016.pdb
9		1axiB.B99990031.pdb
##############################################################################################

##############################################################################################
>>Clustering results - Representative structure - AffinityPropagation
Cluster		File_Name
0		1axiB.B99990006
1		1axiB.B99990021
2		1axiB.B99990026
3		1axiB.B99990027
4		1axiB.B99990031
5		1axiB.B99990048

>>Clustering results - Representative structure - DBSCAN
Cluster		File_Name
0		1axiB.B99990045.pdb
1		1axiB.B99990040.pdb
2		1axiB.B99990010.pdb

>>Clustering results - Representative structure - KMeans
Cluster		File_Name
0		1axiB.B99990044.pdb
1		1axiB.B99990021.pdb
2		1axiB.B99990045.pdb
3		1axiB.B99990038.pdb
4		1axiB.B99990046.pdb
5		1axiB.B99990026.pdb
6		1axiB.B99990014.pdb
7		1axiB.B99990031.pdb
8		1axiB.B99990030.pdb
9		1axiB.B99990024.pdb

>>Clustering results - Representative structure - MeanShift
Cluster		File_Name
0		1axiB.B99990034.pdb
1		1axiB.B99990017.pdb
2		1axiB.B99990038.pdb
3		1axiB.B99990027.pdb
4		1axiB.B99990031.pdb

>>Clustering results - Representative structure - SpectralClustering
Cluster		File_Name
0		1axiB.B99990030.pdb
1		1axiB.B99990027.pdb
2		1axiB.B99990026.pdb
3		1axiB.B99990006.pdb
4		1axiB.B99990047.pdb
5		1axiB.B99990005.pdb
6		1axiB.B99990039.pdb

>>Clustering results - Representative structure - Ward
Cluster		File_Name
0		1axiB.B99990026.pdb
1		1axiB.B99990016.pdb
2		1axiB.B99990038.pdb
3		1axiB.B99990015.pdb
4		1axiB.B99990027.pdb
5		1axiB.B99990021.pdb
6		1axiB.B99990001.pdb
7		1axiB.B99990046.pdb
8		1axiB.B99990047.pdb
9		1axiB.B99990031.pdb
##############################################################################################