>> Summary of successfully produced model

Filename                          molpdf     DOPE score  DOPE-HR score    GA341 score Normalized DOPE score-----------------------------------------------------------------------------------------------------------
1auiB.B99990001.pdb            528.15314   -16714.72852   -16121.85449        1.00000       -1.06290
1auiB.B99990002.pdb            608.43909   -16785.80664   -16122.57324        1.00000       -1.09341
1auiB.B99990003.pdb            600.11688   -17016.46484   -16802.92969        1.00000       -1.19241
1auiB.B99990004.pdb            542.28601   -16807.88477   -16341.37109        1.00000       -1.10288
1auiB.B99990005.pdb            715.63293   -16377.58008   -15186.47852        1.00000       -0.91819
1auiB.B99990006.pdb            585.84650   -16726.47461   -15901.80078        1.00000       -1.06794
1auiB.B99990007.pdb            610.99573   -16743.66602   -16352.14062        1.00000       -1.07532
1auiB.B99990008.pdb            523.47064   -16810.40430   -16157.32715        1.00000       -1.10396
1auiB.B99990009.pdb            573.43768   -16676.00781   -16188.13086        1.00000       -1.04628
1auiB.B99990010.pdb            567.98419   -16923.26953   -16546.04883        1.00000       -1.15241
1auiB.B99990011.pdb            596.82257   -16795.60156   -16335.44141        1.00000       -1.09761
1auiB.B99990012.pdb            683.41968   -16839.82812   -16100.03613        1.00000       -1.11659
1auiB.B99990013.pdb            507.07788   -16668.11133   -16191.49414        1.00000       -1.04289
1auiB.B99990014.pdb            596.97028   -16939.16016   -16273.42188        1.00000       -1.15923
1auiB.B99990015.pdb            548.03088   -16647.26367   -15929.75098        1.00000       -1.03394
1auiB.B99990016.pdb            651.84259   -16674.62305   -16395.80664        1.00000       -1.04568
1auiB.B99990017.pdb            532.82849   -16586.22461   -15908.31641        1.00000       -1.00774
1auiB.B99990018.pdb            569.16968   -16806.07812   -16121.73438        1.00000       -1.10211
1auiB.B99990019.pdb            779.30548   -16611.95117   -15708.37793        1.00000       -1.01878
1auiB.B99990020.pdb            484.37900   -16892.83398   -16600.80273        1.00000       -1.13934
1auiB.B99990021.pdb            811.41730   -16238.07910   -15221.68945        1.00000       -0.85831
1auiB.B99990022.pdb            526.55780   -16818.41797   -16223.36426        1.00000       -1.10740
1auiB.B99990023.pdb            611.22919   -16721.04102   -16195.41211        1.00000       -1.06561
1auiB.B99990024.pdb            557.79095   -16783.16797   -16335.34473        1.00000       -1.09227
1auiB.B99990025.pdb            506.00177   -16753.32031   -16258.70898        1.00000       -1.07946
1auiB.B99990026.pdb            625.38177   -16727.05273   -16300.76562        1.00000       -1.06819
1auiB.B99990027.pdb            541.06866   -16812.46289   -16211.50977        1.00000       -1.10485
1auiB.B99990028.pdb            655.12427   -16650.33008   -15837.05469        1.00000       -1.03526
1auiB.B99990029.pdb            658.84851   -16828.74805   -16417.65430        1.00000       -1.11184
1auiB.B99990030.pdb            521.75922   -16691.49023   -15729.34766        1.00000       -1.05292
1auiB.B99990031.pdb            712.60504   -16820.53125   -16094.68848        1.00000       -1.10831
1auiB.B99990032.pdb            543.69977   -16792.26367   -16215.43945        1.00000       -1.09618
1auiB.B99990033.pdb            538.20050   -16806.57812   -16378.39941        1.00000       -1.10232
1auiB.B99990034.pdb            620.53302   -16794.57812   -15984.38770        1.00000       -1.09717
1auiB.B99990035.pdb            535.09406   -16877.53906   -16662.66797        1.00000       -1.13278
1auiB.B99990036.pdb            538.04016   -16800.41406   -16273.99414        1.00000       -1.09968
1auiB.B99990037.pdb            513.12695   -16816.38867   -16081.21875        1.00000       -1.10653
1auiB.B99990038.pdb            552.68298   -16718.18945   -15786.03613        1.00000       -1.06438
1auiB.B99990039.pdb            592.07336   -16424.82617   -15546.06641        1.00000       -0.93847
1auiB.B99990040.pdb            532.14630   -16789.56055   -16598.14062        1.00000       -1.09502
1auiB.B99990041.pdb            523.90527   -16866.14844   -16375.86719        1.00000       -1.12789
1auiB.B99990042.pdb            548.99060   -17034.69141   -16732.02148        1.00000       -1.20023
1auiB.B99990043.pdb            569.59210   -16844.25781   -16386.44336        1.00000       -1.11849
1auiB.B99990044.pdb            544.41412   -16754.51562   -16288.91406        1.00000       -1.07998
1auiB.B99990045.pdb            540.81506   -16557.65039   -15892.45410        1.00000       -0.99548
1auiB.B99990046.pdb            546.08630   -16788.42578   -16163.35547        1.00000       -1.09453
1auiB.B99990047.pdb            637.25836   -16731.13086   -16043.01270        1.00000       -1.06994
1auiB.B99990048.pdb            494.11765   -16748.79102   -16223.33105        1.00000       -1.07752
1auiB.B99990049.pdb            540.67834   -16717.80859   -16172.89453        1.00000       -1.06422
1auiB.B99990050.pdb            544.32855   -16672.64844   -15982.48926        1.00000       -1.04484

>> Top model results:
molpdf: 484.3789978027344 (file: 1auiB.B99990020.pdb)
DOPE score: -17034.69140625 (file: 1auiB.B99990042.pdb)
GA341 score: 1.0 (file: 1auiB.B99990006.pdb)
Normalized DOPE score: -1.2002325531573226 (file: 1auiB.B99990042.pdb)

##############################################################################################
>>Clustering results - Representative structure - AffinityPropagation
Cluster		File_Name
0		1auiB.B99990011
1		1auiB.B99990014

>>Clustering results - Representative structure - DBSCAN
Cluster		File_Name
0		1auiB.B99990024.pdb
1		1auiB.B99990006.pdb
2		1auiB.B99990005.pdb

>>Clustering results - Representative structure - KMeans
Cluster		File_Name
0		1auiB.B99990024.pdb
1		1auiB.B99990005.pdb
2		1auiB.B99990006.pdb
3		1auiB.B99990014.pdb

>>Clustering results - Representative structure - MeanShift
Cluster		File_Name
0		1auiB.B99990024.pdb
1		1auiB.B99990006.pdb
2		1auiB.B99990005.pdb
3		1auiB.B99990014.pdb
4		1auiB.B99990021.pdb

>>Clustering results - Representative structure - SpectralClustering
Cluster		File_Name
0		1auiB.B99990006.pdb
1		1auiB.B99990005.pdb
2		1auiB.B99990024.pdb

>>Clustering results - Representative structure - Ward
Cluster		File_Name
0		1auiB.B99990024.pdb
1		1auiB.B99990019.pdb
2		1auiB.B99990014.pdb
3		1auiB.B99990006.pdb
##############################################################################################

##############################################################################################
>>Clustering results - Representative structure - AffinityPropagation
Cluster		File_Name
0		1auiB.B99990012
1		1auiB.B99990021
2		1auiB.B99990047

>>Clustering results - Representative structure - DBSCAN
Cluster		File_Name
0		1auiB.B99990008.pdb
1		1auiB.B99990026.pdb
2		1auiB.B99990031.pdb

>>Clustering results - Representative structure - KMeans
Cluster		File_Name
0		1auiB.B99990032.pdb
1		1auiB.B99990016.pdb
2		1auiB.B99990021.pdb

>>Clustering results - Representative structure - MeanShift
Cluster		File_Name
0		1auiB.B99990032.pdb
1		1auiB.B99990016.pdb
2		1auiB.B99990021.pdb
3		1auiB.B99990019.pdb
4		1auiB.B99990039.pdb
5		1auiB.B99990014.pdb

>>Clustering results - Representative structure - SpectralClustering
Cluster		File_Name
0		1auiB.B99990016.pdb
1		1auiB.B99990002.pdb

>>Clustering results - Representative structure - Ward
Cluster		File_Name
0		1auiB.B99990046.pdb
1		1auiB.B99990016.pdb
2		1auiB.B99990021.pdb
##############################################################################################