>> Summary of successfully produced model

Filename                          molpdf     DOPE score  DOPE-HR score    GA341 score Normalized DOPE score-----------------------------------------------------------------------------------------------------------
1a3qA.B99990001.pdb           1100.73291   -10615.57812    -9149.69238        0.00000        3.41076
1a3qA.B99990002.pdb           1103.74194   -12186.70215    -8608.00195        0.00000        3.02034
1a3qA.B99990003.pdb           1041.27197   -11245.73535   -10420.61914        0.00000        3.25417
1a3qA.B99990004.pdb           1083.65247   -11754.60059   -10576.62402        0.00000        3.12772
1a3qA.B99990005.pdb           1051.10400    -9776.54102    -9359.16992        0.00000        3.61926
1a3qA.B99990006.pdb           1225.30518   -11094.64160    -5844.21777        0.00000        3.29171
1a3qA.B99990007.pdb            999.04504    -9801.44434    -9798.07422        0.00000        3.61307
1a3qA.B99990008.pdb           1040.51965   -10376.13281    -9491.69727        0.00000        3.47026
1a3qA.B99990009.pdb           1034.22607   -11696.14160    -9602.33203        0.00000        3.14224
1a3qA.B99990010.pdb           1137.46753   -12065.77148    -8256.83301        0.00000        3.05039
1a3qA.B99990011.pdb           1097.38135   -11809.56250   -10240.22852        0.00000        3.11406
1a3qA.B99990012.pdb           1235.26196   -11182.69141    -5100.50928        0.00000        3.26983
1a3qA.B99990013.pdb            991.19214   -11277.55664   -11162.94336        0.00000        3.24626
1a3qA.B99990014.pdb           1885.64417    -8948.31543    -2677.18921        0.00000        3.82507
1a3qA.B99990015.pdb           1075.85315   -10705.94141    -8965.42090        0.00000        3.38830
1a3qA.B99990016.pdb           1279.62439   -11132.92871    -7803.99219        0.00000        3.28220
1a3qA.B99990017.pdb           1174.53467    -9702.19141    -6689.61572        0.00000        3.63773
1a3qA.B99990018.pdb           1305.36804    -9917.58105    -5058.24121        0.00000        3.58421
1a3qA.B99990019.pdb           1166.17188   -12636.35352    -7300.73145        0.00000        2.90860
1a3qA.B99990020.pdb           1801.62097    -9726.01172    -2000.63354        0.00000        3.63181
1a3qA.B99990021.pdb           1161.13306   -10252.23535    -6501.98047        0.00000        3.50105
1a3qA.B99990022.pdb           1001.12524   -10673.18750   -10312.28516        0.00000        3.39644
1a3qA.B99990023.pdb           1071.36145   -10486.03223   -10309.65234        0.00000        3.44295
1a3qA.B99990024.pdb           1033.70459   -11451.05273   -10355.22949        0.00000        3.20315
1a3qA.B99990025.pdb           1177.54260   -11194.99707    -9418.92480        0.00000        3.26677
1a3qA.B99990026.pdb           1044.96338   -10300.82520    -9617.89648        0.00000        3.48897
1a3qA.B99990027.pdb           1002.61584   -10105.76660    -9977.49219        0.00000        3.53744
1a3qA.B99990028.pdb           1127.38892   -11880.46777    -9428.84961        0.00000        3.09644
1a3qA.B99990029.pdb           1084.29138   -11204.73633    -9364.87598        0.00000        3.26435
1a3qA.B99990030.pdb           1060.53064   -10622.59375    -9915.40137        0.00000        3.40901
1a3qA.B99990031.pdb           1182.26782   -12228.03516    -8476.22754        0.00000        3.01007
1a3qA.B99990032.pdb           1973.75208    -9180.08301     1376.36597        0.00000        3.76747
1a3qA.B99990033.pdb           1378.08130   -10329.49414    -5171.28369        0.00000        3.48185
1a3qA.B99990034.pdb           1265.98938   -10767.14551    -5932.83936        0.00000        3.37309
1a3qA.B99990035.pdb           1131.57104   -10257.81934    -8548.01074        0.00000        3.49966
1a3qA.B99990036.pdb           1078.72571   -12364.85938    -9187.54395        0.00000        2.97607
1a3qA.B99990037.pdb           1189.94019   -10853.98438    -8981.12207        0.00000        3.35152
1a3qA.B99990038.pdb           1033.50476   -10077.15723    -9798.67871        0.00000        3.54455
1a3qA.B99990039.pdb           1027.87012   -10226.16211   -10293.14551        0.00000        3.50753
1a3qA.B99990040.pdb           1023.33771   -10515.87988   -10755.32031        0.00000        3.43553
1a3qA.B99990041.pdb           1054.20984   -11382.03516   -10944.77051        0.00000        3.22030
1a3qA.B99990042.pdb           1039.21899   -11765.52246   -11484.03906        0.00000        3.12500
1a3qA.B99990043.pdb           1237.91589   -11381.09961    -8872.93457        0.00000        3.22053
1a3qA.B99990044.pdb           1659.27063   -10011.77051    -3711.87720        0.00000        3.56080
1a3qA.B99990045.pdb           1301.77771   -10776.19922    -6370.56006        0.00000        3.37084
1a3qA.B99990046.pdb           1503.18506   -13972.58398     -429.62665        0.00000        2.57655
1a3qA.B99990047.pdb           1109.84790   -10128.39551    -7392.52002        0.00000        3.53182
1a3qA.B99990048.pdb           1314.11511   -11889.94043    -6749.54785        0.00000        3.09408
1a3qA.B99990049.pdb           1198.71936    -9977.91113    -7269.46240        0.00000        3.56922
1a3qA.B99990050.pdb           1047.73059   -10663.13770    -9718.60254        0.00000        3.39894

>> Top model results:
molpdf: 991.192138671875 (file: 1a3qA.B99990013.pdb)
DOPE score: -13972.583984375 (file: 1a3qA.B99990046.pdb)
GA341 score: 0.0 (file: 1a3qA.B99990049.pdb)
Normalized DOPE score: 2.57655382236369 (file: 1a3qA.B99990046.pdb)

##############################################################################################
>>Clustering results - Representative structure - AffinityPropagation
Cluster		File_Name
0		1a3qA.B99990014
1		1a3qA.B99990037

>>Clustering results - Representative structure - DBSCAN
Cluster		File_Name
0		1a3qA.B99990050.pdb
1		1a3qA.B99990021.pdb
2		1a3qA.B99990002.pdb
3		1a3qA.B99990033.pdb

>>Clustering results - Representative structure - KMeans
Cluster		File_Name
0		1a3qA.B99990029.pdb
1		1a3qA.B99990033.pdb

>>Clustering results - Representative structure - MeanShift
Cluster		File_Name
0		1a3qA.B99990050.pdb
1		1a3qA.B99990045.pdb
2		1a3qA.B99990020.pdb
3		1a3qA.B99990032.pdb
4		1a3qA.B99990046.pdb

>>Clustering results - Representative structure - SpectralClustering
Cluster		File_Name
0		1a3qA.B99990044.pdb
1		1a3qA.B99990025.pdb

>>Clustering results - Representative structure - Ward
Cluster		File_Name
0		1a3qA.B99990033.pdb
1		1a3qA.B99990029.pdb
##############################################################################################

##############################################################################################
>>Clustering results - Representative structure - AffinityPropagation
Cluster		File_Name
0		1a3qA.B99990025
1		1a3qA.B99990044

>>Clustering results - Representative structure - DBSCAN
Cluster		File_Name
0		1a3qA.B99990045.pdb

>>Clustering results - Representative structure - KMeans
Cluster		File_Name
0		1a3qA.B99990037.pdb
1		1a3qA.B99990044.pdb

>>Clustering results - Representative structure - MeanShift
Cluster		File_Name
0		1a3qA.B99990037.pdb
1		1a3qA.B99990044.pdb
2		1a3qA.B99990032.pdb
3		1a3qA.B99990046.pdb

>>Clustering results - Representative structure - SpectralClustering
Cluster		File_Name
0		1a3qA.B99990037.pdb
1		1a3qA.B99990014.pdb

>>Clustering results - Representative structure - Ward
Cluster		File_Name
0		1a3qA.B99990037.pdb
1		1a3qA.B99990014.pdb
##############################################################################################