>> Summary of successfully produced model

Filename                          molpdf     DOPE score  DOPE-HR score    GA341 score Normalized DOPE score-----------------------------------------------------------------------------------------------------------
19hcA.B99990001.pdb           1264.36255   -23599.50391   -21158.30273        1.00000        0.22102
19hcA.B99990002.pdb           1301.56958   -23750.15234   -21467.22266        1.00000        0.18448
19hcA.B99990003.pdb           1349.13245   -23397.37109   -20622.58203        1.00000        0.27004
19hcA.B99990004.pdb           1300.57483   -23458.19531   -20968.33594        1.00000        0.25529
19hcA.B99990005.pdb           1351.73376   -23613.02930   -20805.08984        1.00000        0.21774
19hcA.B99990006.pdb           1397.86035   -23503.75781   -20853.01953        1.00000        0.24424
19hcA.B99990007.pdb           1274.18591   -23535.08789   -20916.14453        1.00000        0.23664
19hcA.B99990008.pdb           1302.00671   -23402.24023   -20872.08398        1.00000        0.26886
19hcA.B99990009.pdb           1438.20239   -23570.38281   -20918.12695        1.00000        0.22808
19hcA.B99990010.pdb           1421.89392   -23267.07422   -20384.50977        1.00000        0.30164
19hcA.B99990011.pdb           1219.16309   -23689.37891   -21471.38477        1.00000        0.19922
19hcA.B99990012.pdb           1308.81152   -23439.33008   -20561.35938        1.00000        0.25986
19hcA.B99990013.pdb           1252.63696   -23708.73242   -21395.69336        1.00000        0.19452
19hcA.B99990014.pdb           1320.07849   -23341.15039   -20753.60156        1.00000        0.28368
19hcA.B99990015.pdb           1221.51147   -23544.28906   -20924.97461        1.00000        0.23441
19hcA.B99990016.pdb           1366.41992   -23419.66406   -20832.72070        1.00000        0.26463
19hcA.B99990017.pdb           1285.32983   -23645.17578   -21254.42773        1.00000        0.20994
19hcA.B99990018.pdb           1382.51770   -23571.98828   -21222.87891        1.00000        0.22769
19hcA.B99990019.pdb           1274.18457   -23629.89453   -21285.91992        1.00000        0.21364
19hcA.B99990020.pdb           1415.34766   -23358.00781   -20516.70898        1.00000        0.27959
19hcA.B99990021.pdb           1313.15186   -23385.82227   -20608.71484        1.00000        0.27284
19hcA.B99990022.pdb           1320.00220   -23595.85938   -20916.32812        1.00000        0.22190
19hcA.B99990023.pdb           1460.50000   -23431.85938   -20386.77734        1.00000        0.26168
19hcA.B99990024.pdb           1284.46191   -23480.44922   -20820.46875        1.00000        0.24989
19hcA.B99990025.pdb           1303.49512   -23461.21680   -20778.61133        1.00000        0.25456
19hcA.B99990026.pdb           1470.51453   -23540.49219   -20852.51562        1.00000        0.23533
19hcA.B99990027.pdb           1389.46863   -23520.66797   -21244.19727        1.00000        0.24014
19hcA.B99990028.pdb           1333.98035   -23601.07422   -20853.72852        1.00000        0.22063
19hcA.B99990029.pdb           1293.72339   -23447.04688   -20589.45312        1.00000        0.25799
19hcA.B99990030.pdb           1384.70923   -23422.86523   -20719.33984        1.00000        0.26386
19hcA.B99990031.pdb           1307.08826   -23659.08398   -21175.23828        1.00000        0.20657
19hcA.B99990032.pdb           1276.96362   -23438.74609   -20811.02539        1.00000        0.26001
19hcA.B99990033.pdb           1315.87195   -23337.96289   -20677.00391        1.00000        0.28445
19hcA.B99990034.pdb           1390.04553   -23549.55664   -20951.68164        1.00000        0.23313
19hcA.B99990035.pdb           1342.30737   -23498.51953   -20886.37500        1.00000        0.24551
19hcA.B99990036.pdb           1376.73206   -23376.94922   -20743.50977        1.00000        0.27499
19hcA.B99990037.pdb           1250.08215   -23720.39453   -21349.21680        1.00000        0.19169
19hcA.B99990038.pdb           1373.18225   -23580.52148   -20957.31836        1.00000        0.22562
19hcA.B99990039.pdb           1251.43848   -23433.08984   -21133.77539        1.00000        0.26138
19hcA.B99990040.pdb           1262.77393   -23587.87109   -21025.16406        1.00000        0.22384
19hcA.B99990041.pdb           1312.84521   -23457.28516   -21008.36133        1.00000        0.25551
19hcA.B99990042.pdb           1325.07715   -23519.28711   -20890.21680        1.00000        0.24047
19hcA.B99990043.pdb           1276.09155   -23499.68945   -20907.35938        1.00000        0.24522
19hcA.B99990044.pdb           1246.05969   -23502.16602   -20904.74609        1.00000        0.24462
19hcA.B99990045.pdb           1292.81836   -23528.66211   -20848.59570        1.00000        0.23820
19hcA.B99990046.pdb           1261.77722   -23675.07227   -21382.76953        1.00000        0.20269
19hcA.B99990047.pdb           1249.60510   -23705.19922   -21343.68945        1.00000        0.19538
19hcA.B99990048.pdb           1262.43896   -23430.86719   -20828.54883        1.00000        0.26192
19hcA.B99990049.pdb           1301.32544   -23424.00195   -20960.82812        1.00000        0.26358
19hcA.B99990050.pdb           1366.76331   -23720.29492   -21167.49414        1.00000        0.19172

>> Top model results:
molpdf: 1219.1630859375 (file: 19hcA.B99990011.pdb)
DOPE score: -23750.15234375 (file: 19hcA.B99990002.pdb)
GA341 score: 1.0 (file: 19hcA.B99990035.pdb)
Normalized DOPE score: 0.18447743623379756 (file: 19hcA.B99990002.pdb)

##############################################################################################
>>Clustering results - Representative structure - AffinityPropagation
Cluster		File_Name
0		19hcA.B99990035

>>Clustering results - Representative structure - DBSCAN
Cluster		File_Name
0		19hcA.B99990045.pdb
1		19hcA.B99990034.pdb
2		19hcA.B99990023.pdb

>>Clustering results - Representative structure - KMeans
Cluster		File_Name
0		19hcA.B99990049.pdb
1		19hcA.B99990019.pdb
2		19hcA.B99990027.pdb
3		19hcA.B99990036.pdb

>>Clustering results - Representative structure - MeanShift
Cluster		File_Name
0		19hcA.B99990042.pdb
1		19hcA.B99990027.pdb
2		19hcA.B99990036.pdb

>>Clustering results - Representative structure - SpectralClustering
Cluster		File_Name
0		19hcA.B99990042.pdb
1		19hcA.B99990026.pdb

>>Clustering results - Representative structure - Ward
Cluster		File_Name
0		19hcA.B99990042.pdb
1		19hcA.B99990026.pdb
##############################################################################################

##############################################################################################
>>Clustering results - Representative structure - AffinityPropagation
Cluster		File_Name
0		19hcA.B99990004
1		19hcA.B99990023
2		19hcA.B99990027
3		19hcA.B99990046

>>Clustering results - Representative structure - DBSCAN
Cluster		File_Name
0		19hcA.B99990038.pdb

>>Clustering results - Representative structure - KMeans
Cluster		File_Name
0		19hcA.B99990006.pdb
1		19hcA.B99990025.pdb
2		19hcA.B99990017.pdb

>>Clustering results - Representative structure - MeanShift
Cluster		File_Name
0		19hcA.B99990045.pdb
1		19hcA.B99990034.pdb
2		19hcA.B99990023.pdb

>>Clustering results - Representative structure - SpectralClustering
Cluster		File_Name
0		19hcA.B99990046.pdb
1		19hcA.B99990025.pdb
2		19hcA.B99990006.pdb

>>Clustering results - Representative structure - Ward
Cluster		File_Name
0		19hcA.B99990045.pdb
1		19hcA.B99990006.pdb
##############################################################################################