>> Summary of successfully produced model

Filename                          molpdf     DOPE score  DOPE-HR score    GA341 score Normalized DOPE score-----------------------------------------------------------------------------------------------------------
1a8e_.B99990001.pdb           1903.98389   -38205.55078   -34396.58203        1.00000       -1.45887
1a8e_.B99990002.pdb           1944.52136   -38329.19922   -34608.07812        1.00000       -1.48548
1a8e_.B99990003.pdb           1930.97693   -38391.29688   -35024.25391        1.00000       -1.49885
1a8e_.B99990004.pdb           2025.28442   -38312.69922   -34800.87109        1.00000       -1.48193
1a8e_.B99990005.pdb           1791.25391   -38597.43750   -35599.34766        1.00000       -1.54323
1a8e_.B99990006.pdb           1869.13635   -38302.35938   -35208.91797        1.00000       -1.47971
1a8e_.B99990007.pdb           1844.55017   -38646.54688   -35428.68359        1.00000       -1.55380
1a8e_.B99990008.pdb           1952.23425   -38624.62500   -35541.57812        1.00000       -1.54908
1a8e_.B99990009.pdb           1992.70581   -38380.43359   -35204.54297        1.00000       -1.49651
1a8e_.B99990010.pdb           1897.99512   -38375.01562   -35000.08984        1.00000       -1.49535
1a8e_.B99990011.pdb           1776.31763   -38610.31641   -35518.41016        1.00000       -1.54600
1a8e_.B99990012.pdb           2004.36279   -38447.84375   -35049.19531        1.00000       -1.51102
1a8e_.B99990013.pdb           1914.68933   -38524.12109   -35286.25000        1.00000       -1.52744
1a8e_.B99990014.pdb           1879.39380   -38392.69141   -35283.24219        1.00000       -1.49915
1a8e_.B99990015.pdb           1965.67200   -38360.67969   -34959.22266        1.00000       -1.49226
1a8e_.B99990016.pdb           1963.48877   -38310.80469   -34901.50000        1.00000       -1.48152
1a8e_.B99990017.pdb           1869.59302   -38408.54688   -35168.03125        1.00000       -1.50256
1a8e_.B99990018.pdb           1822.87024   -38348.84375   -34839.51172        1.00000       -1.48971
1a8e_.B99990019.pdb           1989.50549   -38182.55469   -34816.49609        1.00000       -1.45392
1a8e_.B99990020.pdb           1887.40430   -38644.61719   -35671.01953        1.00000       -1.55338
1a8e_.B99990021.pdb           1840.09094   -38366.58203   -34789.80859        1.00000       -1.49353
1a8e_.B99990022.pdb           1924.19043   -38113.11719   -34562.20703        1.00000       -1.43897
1a8e_.B99990023.pdb           1885.83020   -38343.23047   -34776.83594        1.00000       -1.48850
1a8e_.B99990024.pdb           1880.57214   -38215.88672   -34473.16797        1.00000       -1.46109
1a8e_.B99990025.pdb           1762.70496   -38520.14062   -35365.06641        1.00000       -1.52659
1a8e_.B99990026.pdb           1910.82275   -38567.12500   -35419.45312        1.00000       -1.53670
1a8e_.B99990027.pdb           1939.18542   -38410.89062   -34902.92969        1.00000       -1.50307
1a8e_.B99990028.pdb           1921.00488   -38458.97266   -35189.07422        1.00000       -1.51342
1a8e_.B99990029.pdb           1860.05164   -38560.40234   -35068.01953        1.00000       -1.53525
1a8e_.B99990030.pdb           1894.18042   -38455.18359   -35018.45312        1.00000       -1.51260
1a8e_.B99990031.pdb           1794.13794   -38543.91016   -35062.23438        1.00000       -1.53170
1a8e_.B99990032.pdb           1801.85474   -38535.89062   -35479.16797        1.00000       -1.52998
1a8e_.B99990033.pdb           2045.24475   -38433.98047   -34971.73047        1.00000       -1.50804
1a8e_.B99990034.pdb           1931.64404   -38459.73438   -35109.58203        1.00000       -1.51358
1a8e_.B99990035.pdb           1842.88428   -38526.52734   -35203.41016        1.00000       -1.52796
1a8e_.B99990036.pdb           1874.80237   -38561.95312   -35403.83203        1.00000       -1.53559
1a8e_.B99990037.pdb           1836.84387   -38456.83203   -35134.48828        1.00000       -1.51296
1a8e_.B99990038.pdb           1905.37024   -38308.22266   -34704.66406        1.00000       -1.48097
1a8e_.B99990039.pdb           1785.44714   -38430.74609   -35129.51172        1.00000       -1.50734
1a8e_.B99990040.pdb           1799.59229   -38454.29688   -35172.31250        1.00000       -1.51241
1a8e_.B99990041.pdb           1973.17529   -38281.03125   -35190.88672        1.00000       -1.47512
1a8e_.B99990042.pdb           1871.13525   -38256.10156   -34871.01953        1.00000       -1.46975
1a8e_.B99990043.pdb           1846.05884   -38337.59766   -34754.20312        1.00000       -1.48729
1a8e_.B99990044.pdb           1849.60815   -38518.82031   -35421.34766        1.00000       -1.52630
1a8e_.B99990045.pdb           1986.76111   -38349.27734   -34943.70703        1.00000       -1.48981
1a8e_.B99990046.pdb           1855.71277   -38263.85156   -34926.99219        1.00000       -1.47142
1a8e_.B99990047.pdb           1906.41479   -38409.95703   -35318.16016        1.00000       -1.50287
1a8e_.B99990048.pdb           1837.65894   -38594.97656   -35397.52734        1.00000       -1.54270
1a8e_.B99990049.pdb           2032.31885   -38360.90625   -34686.73047        1.00000       -1.49231
1a8e_.B99990050.pdb           1917.29578   -38434.39062   -35175.79688        1.00000       -1.50813

>> Top model results:
molpdf: 1762.7049560546875 (file: 1a8e_.B99990025.pdb)
DOPE score: -38646.546875 (file: 1a8e_.B99990007.pdb)
GA341 score: 1.0 (file: 1a8e_.B99990013.pdb)
Normalized DOPE score: -1.5537975948884513 (file: 1a8e_.B99990007.pdb)

##############################################################################################
>>Clustering results - Representative structure - AffinityPropagation
Cluster		File_Name
0		1a8e_.B99990003
1		1a8e_.B99990012
2		1a8e_.B99990028
3		1a8e_.B99990039
4		1a8e_.B99990042

>>Clustering results - Representative structure - DBSCAN
Cluster		File_Name
0		1a8e_.B99990036.pdb
1		1a8e_.B99990012.pdb
2		1a8e_.B99990042.pdb
3		1a8e_.B99990028.pdb

>>Clustering results - Representative structure - KMeans
Cluster		File_Name
0		1a8e_.B99990042.pdb
1		1a8e_.B99990012.pdb
2		1a8e_.B99990036.pdb
3		1a8e_.B99990028.pdb

>>Clustering results - Representative structure - MeanShift
Cluster		File_Name
0		1a8e_.B99990042.pdb
1		1a8e_.B99990036.pdb
2		1a8e_.B99990012.pdb
3		1a8e_.B99990028.pdb

>>Clustering results - Representative structure - SpectralClustering
Cluster		File_Name
0		1a8e_.B99990046.pdb
1		1a8e_.B99990015.pdb

>>Clustering results - Representative structure - Ward
Cluster		File_Name
0		1a8e_.B99990036.pdb
1		1a8e_.B99990028.pdb
2		1a8e_.B99990042.pdb
3		1a8e_.B99990012.pdb
##############################################################################################

##############################################################################################
>>Clustering results - Representative structure - AffinityPropagation
Cluster		File_Name
0		1a8e_.B99990008
1		1a8e_.B99990015
2		1a8e_.B99990018
3		1a8e_.B99990024
4		1a8e_.B99990032
5		1a8e_.B99990037
6		1a8e_.B99990041

>>Clustering results - Representative structure - DBSCAN
Cluster		File_Name
0		1a8e_.B99990014.pdb

>>Clustering results - Representative structure - KMeans
Cluster		File_Name
0		1a8e_.B99990046.pdb
1		1a8e_.B99990035.pdb
2		1a8e_.B99990015.pdb

>>Clustering results - Representative structure - MeanShift
Cluster		File_Name
0		1a8e_.B99990017.pdb
1		1a8e_.B99990015.pdb

>>Clustering results - Representative structure - SpectralClustering
Cluster		File_Name
0		1a8e_.B99990036.pdb
1		1a8e_.B99990021.pdb
2		1a8e_.B99990015.pdb

>>Clustering results - Representative structure - Ward
Cluster		File_Name
0		1a8e_.B99990035.pdb
1		1a8e_.B99990046.pdb
2		1a8e_.B99990015.pdb
##############################################################################################