>> Summary of successfully produced model

Filename                          molpdf     DOPE score  DOPE-HR score    GA341 score Normalized DOPE score-----------------------------------------------------------------------------------------------------------
1a6m_.B99990001.pdb            430.94730   -18587.25977   -18568.75781        1.00000       -2.17488
1a6m_.B99990002.pdb            470.66736   -18805.24219   -18859.72656        1.00000       -2.27712
1a6m_.B99990003.pdb            520.95197   -18728.51758   -18890.75000        1.00000       -2.24113
1a6m_.B99990004.pdb            411.18845   -18808.97070   -19139.30664        1.00000       -2.27886
1a6m_.B99990005.pdb            408.92068   -18727.69141   -18890.08398        1.00000       -2.24074
1a6m_.B99990006.pdb            428.69662   -18506.10156   -18382.05273        1.00000       -2.13681
1a6m_.B99990007.pdb            461.34497   -18718.16797   -18807.53906        1.00000       -2.23628
1a6m_.B99990008.pdb            523.21729   -18656.33398   -18545.76758        1.00000       -2.20727
1a6m_.B99990009.pdb            421.56998   -18786.16016   -19066.93945        1.00000       -2.26817
1a6m_.B99990010.pdb            478.38702   -18550.03516   -18311.19336        1.00000       -2.15742
1a6m_.B99990011.pdb            406.52020   -18760.12891   -18952.00195        1.00000       -2.25596
1a6m_.B99990012.pdb            480.32031   -18657.33398   -18818.87891        1.00000       -2.20774
1a6m_.B99990013.pdb            460.42249   -18539.82617   -18551.11719        1.00000       -2.15263
1a6m_.B99990014.pdb            461.39380   -18732.06055   -18968.30469        1.00000       -2.24279
1a6m_.B99990015.pdb            398.22391   -18752.60938   -18839.24414        1.00000       -2.25243
1a6m_.B99990016.pdb            452.36261   -18776.97852   -19199.36328        1.00000       -2.26386
1a6m_.B99990017.pdb            439.39008   -18718.38672   -18915.89062        1.00000       -2.23638
1a6m_.B99990018.pdb            452.18765   -18678.16406   -18860.10938        1.00000       -2.21751
1a6m_.B99990019.pdb            473.92651   -18519.46484   -18587.88867        1.00000       -2.14308
1a6m_.B99990020.pdb            486.57367   -18571.01953   -18488.83984        1.00000       -2.16726
1a6m_.B99990021.pdb            403.15253   -18659.62695   -18876.63867        1.00000       -2.20882
1a6m_.B99990022.pdb            563.15802   -18493.91602   -18238.81055        1.00000       -2.13110
1a6m_.B99990023.pdb            414.81424   -18701.90039   -18860.47461        1.00000       -2.22865
1a6m_.B99990024.pdb            426.69690   -18707.29688   -18776.83398        1.00000       -2.23118
1a6m_.B99990025.pdb            441.52298   -18812.20312   -19043.40430        1.00000       -2.28038
1a6m_.B99990026.pdb            446.81763   -18581.98438   -18609.24219        1.00000       -2.17240
1a6m_.B99990027.pdb            435.91385   -18698.74414   -18890.61523        1.00000       -2.22717
1a6m_.B99990028.pdb            526.25610   -18677.06250   -18753.01562        1.00000       -2.21700
1a6m_.B99990029.pdb            472.18271   -18724.05078   -18772.22461        1.00000       -2.23904
1a6m_.B99990030.pdb            402.64066   -18785.77539   -19129.83008        1.00000       -2.26799
1a6m_.B99990031.pdb            439.31107   -18531.15820   -18470.98828        1.00000       -2.14857
1a6m_.B99990032.pdb            439.85925   -18675.11719   -18770.86523        1.00000       -2.21608
1a6m_.B99990033.pdb            432.39410   -18699.48633   -18740.19727        1.00000       -2.22751
1a6m_.B99990034.pdb            468.06915   -18440.10547   -18422.99414        1.00000       -2.10586
1a6m_.B99990035.pdb            456.84933   -18596.39844   -18732.73242        1.00000       -2.17916
1a6m_.B99990036.pdb            465.07281   -18636.08984   -18795.60938        1.00000       -2.19778
1a6m_.B99990037.pdb            436.83429   -18689.77930   -18726.43164        1.00000       -2.22296
1a6m_.B99990038.pdb            452.10770   -18697.53125   -18815.42578        1.00000       -2.22660
1a6m_.B99990039.pdb            474.01343   -18770.70508   -19055.13086        1.00000       -2.26092
1a6m_.B99990040.pdb            473.91577   -18574.78125   -18597.04883        1.00000       -2.16903
1a6m_.B99990041.pdb            446.94565   -18654.19922   -18762.40625        1.00000       -2.20627
1a6m_.B99990042.pdb            508.85126   -18483.50000   -18349.75977        1.00000       -2.12621
1a6m_.B99990043.pdb            483.35818   -18561.27148   -18426.88281        1.00000       -2.16269
1a6m_.B99990044.pdb            406.24292   -18800.90820   -18904.95508        1.00000       -2.27508
1a6m_.B99990045.pdb            416.17914   -18672.88867   -18672.93359        1.00000       -2.21504
1a6m_.B99990046.pdb            516.00739   -18549.26367   -18673.38867        1.00000       -2.15706
1a6m_.B99990047.pdb            431.72827   -18738.44922   -18941.08203        1.00000       -2.24579
1a6m_.B99990048.pdb            470.47205   -18571.47266   -18502.98633        1.00000       -2.16747
1a6m_.B99990049.pdb            533.46100   -18465.95117   -18097.79102        1.00000       -2.11798
1a6m_.B99990050.pdb            410.30670   -18672.56445   -18797.50781        1.00000       -2.21489

>> Top model results:
molpdf: 398.2239074707031 (file: 1a6m_.B99990015.pdb)
DOPE score: -18812.203125 (file: 1a6m_.B99990025.pdb)
GA341 score: 1.0 (file: 1a6m_.B99990007.pdb)
Normalized DOPE score: -2.2803801675030444 (file: 1a6m_.B99990025.pdb)

##############################################################################################
>>Clustering results - Representative structure - AffinityPropagation
Cluster		File_Name
0		1a6m_.B99990003
1		1a6m_.B99990005
2		1a6m_.B99990007
3		1a6m_.B99990008
4		1a6m_.B99990022
5		1a6m_.B99990029
6		1a6m_.B99990032

>>Clustering results - Representative structure - DBSCAN
Cluster		File_Name
0		1a6m_.B99990038.pdb
1		1a6m_.B99990020.pdb

>>Clustering results - Representative structure - KMeans
Cluster		File_Name
0		1a6m_.B99990038.pdb
1		1a6m_.B99990020.pdb

>>Clustering results - Representative structure - MeanShift
Cluster		File_Name
0		1a6m_.B99990038.pdb
1		1a6m_.B99990020.pdb

>>Clustering results - Representative structure - SpectralClustering
Cluster		File_Name
0		1a6m_.B99990020.pdb
1		1a6m_.B99990038.pdb

>>Clustering results - Representative structure - Ward
Cluster		File_Name
0		1a6m_.B99990038.pdb
1		1a6m_.B99990020.pdb
##############################################################################################

##############################################################################################
>>Clustering results - Representative structure - AffinityPropagation
Cluster		File_Name
0		1a6m_.B99990003
1		1a6m_.B99990010
2		1a6m_.B99990011
3		1a6m_.B99990033
4		1a6m_.B99990042
5		1a6m_.B99990048

>>Clustering results - Representative structure - DBSCAN
Cluster		File_Name
0		1a6m_.B99990033.pdb
1		1a6m_.B99990012.pdb

>>Clustering results - Representative structure - KMeans
Cluster		File_Name
0		1a6m_.B99990017.pdb
1		1a6m_.B99990043.pdb
2		1a6m_.B99990028.pdb

>>Clustering results - Representative structure - MeanShift
Cluster		File_Name
0		1a6m_.B99990032.pdb
1		1a6m_.B99990003.pdb
2		1a6m_.B99990022.pdb

>>Clustering results - Representative structure - SpectralClustering
Cluster		File_Name
0		1a6m_.B99990003.pdb
1		1a6m_.B99990017.pdb
2		1a6m_.B99990010.pdb
3		1a6m_.B99990043.pdb

>>Clustering results - Representative structure - Ward
Cluster		File_Name
0		1a6m_.B99990013.pdb
1		1a6m_.B99990047.pdb
2		1a6m_.B99990028.pdb
##############################################################################################