>> Summary of successfully produced model

Filename                          molpdf     DOPE score  DOPE-HR score    GA341 score Normalized DOPE score-----------------------------------------------------------------------------------------------------------
1a0cA.B99990001.pdb           2004.74109   -52067.01172   -48649.57812        1.00000       -1.03996
1a0cA.B99990002.pdb           1989.12598   -51833.24219   -48442.91406        1.00000       -1.00207
1a0cA.B99990003.pdb           2062.22388   -51786.63672   -48550.55469        1.00000       -0.99452
1a0cA.B99990004.pdb           2070.46069   -51504.62891   -47660.85938        1.00000       -0.94881
1a0cA.B99990005.pdb           1994.40637   -51809.48047   -49111.24609        1.00000       -0.99822
1a0cA.B99990006.pdb           1999.65039   -51961.36328   -48965.32031        1.00000       -1.02283
1a0cA.B99990007.pdb           2065.23071   -51831.82422   -48210.26562        1.00000       -1.00184
1a0cA.B99990008.pdb           2204.08984   -51525.44922   -48180.75000        1.00000       -0.95219
1a0cA.B99990009.pdb           2015.16516   -52123.40234   -49456.28125        1.00000       -1.04910
1a0cA.B99990010.pdb           2048.73242   -51566.89844   -48568.00000        1.00000       -0.95891
1a0cA.B99990011.pdb           2024.49573   -51895.02734   -48625.53516        1.00000       -1.01208
1a0cA.B99990012.pdb           2133.28760   -51863.20312   -48557.05078        1.00000       -1.00693
1a0cA.B99990013.pdb           2051.74829   -52136.07422   -49225.55859        1.00000       -1.05115
1a0cA.B99990014.pdb           2018.06812   -51804.82031   -48286.89453        1.00000       -0.99746
1a0cA.B99990015.pdb           2080.57739   -51968.29688   -49098.33594        1.00000       -1.02396
1a0cA.B99990016.pdb           2037.51379   -51854.06641   -48206.60156        1.00000       -1.00545
1a0cA.B99990017.pdb           2454.14502   -51688.08594   -47812.84766        1.00000       -0.97855
1a0cA.B99990018.pdb           2009.23047   -51888.35938   -48829.91406        1.00000       -1.01100
1a0cA.B99990019.pdb           2090.75806   -51788.36328   -48501.44141        1.00000       -0.99480
1a0cA.B99990020.pdb           2158.95947   -51944.39844   -48895.93750        1.00000       -1.02009
1a0cA.B99990021.pdb           2042.32080   -51808.81250   -48235.28516        1.00000       -0.99811
1a0cA.B99990022.pdb           2108.33740   -52087.55469   -49154.39844        1.00000       -1.04329
1a0cA.B99990023.pdb           2093.85669   -51194.53125   -47623.50781        1.00000       -0.89856
1a0cA.B99990024.pdb           2061.31763   -51702.95703   -48414.10938        1.00000       -0.98096
1a0cA.B99990025.pdb           1973.14917   -51910.76172   -48944.30078        1.00000       -1.01463
1a0cA.B99990026.pdb           2161.75513   -51675.22656   -48209.21094        1.00000       -0.97646
1a0cA.B99990027.pdb           2163.03809   -51132.73828   -46265.42578        1.00000       -0.88855
1a0cA.B99990028.pdb           1986.34265   -51855.08984   -48405.51953        1.00000       -1.00561
1a0cA.B99990029.pdb           2000.83655   -51208.57031   -47810.76953        1.00000       -0.90083
1a0cA.B99990030.pdb           2011.00110   -51644.68359   -48468.89453        1.00000       -0.97151
1a0cA.B99990031.pdb           2130.70361   -51658.41797   -47997.49609        1.00000       -0.97374
1a0cA.B99990032.pdb           2015.96631   -51682.94141   -47953.87891        1.00000       -0.97771
1a0cA.B99990033.pdb           1981.46179   -51942.08984   -49156.18750        1.00000       -1.01971
1a0cA.B99990034.pdb           2190.59790   -51796.44531   -48894.97266        1.00000       -0.99611
1a0cA.B99990035.pdb           1943.85413   -51558.13672   -48296.17188        1.00000       -0.95749
1a0cA.B99990036.pdb           1958.51746   -52042.42188   -48909.73828        1.00000       -1.03597
1a0cA.B99990037.pdb           1984.02783   -51848.83203   -48492.23047        1.00000       -1.00460
1a0cA.B99990038.pdb           2034.41406   -51835.35938   -48536.38672        1.00000       -1.00241
1a0cA.B99990039.pdb           1990.57776   -51473.05078   -47877.95703        1.00000       -0.94370
1a0cA.B99990040.pdb           2006.02356   -51480.25391   -47939.77344        1.00000       -0.94486
1a0cA.B99990041.pdb           2000.60999   -51474.50391   -47982.64844        1.00000       -0.94393
1a0cA.B99990042.pdb           1950.89233   -51988.83203   -48776.84766        1.00000       -1.02729
1a0cA.B99990043.pdb           2048.85034   -52296.61328   -49675.57812        1.00000       -1.07717
1a0cA.B99990044.pdb           1969.01355   -51753.00781   -48550.01953        1.00000       -0.98907
1a0cA.B99990045.pdb           1992.77063   -52049.28516   -48812.64453        1.00000       -1.03708
1a0cA.B99990046.pdb           2040.44214   -51871.73828   -48892.89062        1.00000       -1.00831
1a0cA.B99990047.pdb           2185.64136   -52088.11328   -49291.97266        1.00000       -1.04338
1a0cA.B99990048.pdb           1990.81824   -51721.30078   -48533.78125        1.00000       -0.98393
1a0cA.B99990049.pdb           2059.95337   -51195.17188   -47042.05078        1.00000       -0.89866
1a0cA.B99990050.pdb           2103.98096   -51710.51172   -48046.65234        1.00000       -0.98218

>> Top model results:
molpdf: 1943.8541259765625 (file: 1a0cA.B99990035.pdb)
DOPE score: -52296.61328125 (file: 1a0cA.B99990043.pdb)
GA341 score: 1.0 (file: 1a0cA.B99990024.pdb)
Normalized DOPE score: -1.0771661843031568 (file: 1a0cA.B99990043.pdb)

##############################################################################################
>>Clustering results - Representative structure - AffinityPropagation
Cluster		File_Name
0		1a0cA.B99990035

>>Clustering results - Representative structure - DBSCAN
Cluster		File_Name
0		1a0cA.B99990021.pdb
1		1a0cA.B99990030.pdb
2		1a0cA.B99990049.pdb

>>Clustering results - Representative structure - KMeans
Cluster		File_Name
0		1a0cA.B99990035.pdb
1		1a0cA.B99990049.pdb

>>Clustering results - Representative structure - MeanShift
Cluster		File_Name
0		1a0cA.B99990021.pdb
1		1a0cA.B99990030.pdb
2		1a0cA.B99990049.pdb

>>Clustering results - Representative structure - SpectralClustering
Cluster		File_Name
0		1a0cA.B99990035.pdb
1		1a0cA.B99990049.pdb

>>Clustering results - Representative structure - Ward
Cluster		File_Name
0		1a0cA.B99990035.pdb
1		1a0cA.B99990049.pdb
##############################################################################################

##############################################################################################
>>Clustering results - Representative structure - AffinityPropagation
Cluster		File_Name
0		1a0cA.B99990048
1		1a0cA.B99990049

>>Clustering results - Representative structure - DBSCAN
Cluster		File_Name
0		1a0cA.B99990003.pdb
1		1a0cA.B99990045.pdb
2		1a0cA.B99990035.pdb

>>Clustering results - Representative structure - KMeans
Cluster		File_Name
0		1a0cA.B99990041.pdb
1		1a0cA.B99990001.pdb
2		1a0cA.B99990024.pdb
3		1a0cA.B99990023.pdb
4		1a0cA.B99990037.pdb
5		1a0cA.B99990049.pdb

>>Clustering results - Representative structure - MeanShift
Cluster		File_Name
0		1a0cA.B99990038.pdb
1		1a0cA.B99990030.pdb
2		1a0cA.B99990049.pdb
3		1a0cA.B99990023.pdb

>>Clustering results - Representative structure - SpectralClustering
Cluster		File_Name
0		1a0cA.B99990045.pdb
1		1a0cA.B99990027.pdb
2		1a0cA.B99990037.pdb
3		1a0cA.B99990041.pdb
4		1a0cA.B99990024.pdb

>>Clustering results - Representative structure - Ward
Cluster		File_Name
0		1a0cA.B99990023.pdb
1		1a0cA.B99990021.pdb
2		1a0cA.B99990041.pdb
3		1a0cA.B99990036.pdb
4		1a0cA.B99990049.pdb
5		1a0cA.B99990046.pdb
##############################################################################################