>> Summary of successfully produced model

Filename                          molpdf     DOPE score  DOPE-HR score    GA341 score Normalized DOPE score-----------------------------------------------------------------------------------------------------------
16pk_.B99990001.pdb           2710.58276   -43825.35156   -33041.38281        1.00000       -0.74261
16pk_.B99990002.pdb           2623.59448   -43887.32422   -32578.14648        1.00000       -0.75319
16pk_.B99990003.pdb           2850.85425   -43278.16016   -32199.25977        1.00000       -0.64923
16pk_.B99990004.pdb           3607.25000   -43401.38281   -31421.18750        1.00000       -0.67026
16pk_.B99990005.pdb           3084.46899   -43253.74219   -31376.60352        1.00000       -0.64506
16pk_.B99990006.pdb           2723.57544   -43629.35938   -32518.36523        1.00000       -0.70917
16pk_.B99990007.pdb           2931.43506   -43385.58594   -31329.04688        1.00000       -0.66756
16pk_.B99990008.pdb           2776.36694   -44015.96094   -33556.89453        1.00000       -0.77514
16pk_.B99990009.pdb           2800.69336   -43067.82031   -31097.67578        1.00000       -0.61334
16pk_.B99990010.pdb           2727.21533   -43966.18359   -33494.95312        1.00000       -0.76665
16pk_.B99990011.pdb           2724.88257   -43997.04297   -32958.84766        1.00000       -0.77191
16pk_.B99990012.pdb           2661.34766   -44033.63281   -33030.30078        1.00000       -0.77816
16pk_.B99990013.pdb           2633.17847   -43640.53906   -32472.35938        1.00000       -0.71107
16pk_.B99990014.pdb           2708.91968   -43564.75391   -32585.55859        1.00000       -0.69814
16pk_.B99990015.pdb           3229.33740   -43257.00781   -31181.33398        1.00000       -0.64562
16pk_.B99990016.pdb           2863.79932   -43597.72656   -31683.62305        1.00000       -0.70377
16pk_.B99990017.pdb           2750.00269   -43621.91797   -31859.88672        1.00000       -0.70790
16pk_.B99990018.pdb           3079.78931   -43691.91406   -31599.52344        1.00000       -0.71984
16pk_.B99990019.pdb           2537.58081   -44213.04688   -33956.21094        1.00000       -0.80877
16pk_.B99990020.pdb           2994.06445   -43513.40234   -31263.98047        1.00000       -0.68938
16pk_.B99990021.pdb           2690.83423   -43593.11328   -32801.13672        1.00000       -0.70298
16pk_.B99990022.pdb           2804.89087   -43574.16406   -32241.05664        1.00000       -0.69975
16pk_.B99990023.pdb           3043.81738   -43781.71094   -31394.25781        1.00000       -0.73516
16pk_.B99990024.pdb           2684.75537   -43838.31641   -33116.59766        1.00000       -0.74482
16pk_.B99990025.pdb           2606.20972   -43960.83203   -33279.88672        1.00000       -0.76573
16pk_.B99990026.pdb           2800.54712   -43324.51562   -31302.98047        1.00000       -0.65714
16pk_.B99990027.pdb           2749.20166   -43364.72266   -32122.78906        1.00000       -0.66400
16pk_.B99990028.pdb           2699.87280   -43043.10938   -31687.81641        1.00000       -0.60912
16pk_.B99990029.pdb           2700.64819   -43533.31250   -32166.75195        1.00000       -0.69277
16pk_.B99990030.pdb           2804.47290   -43739.08203   -32240.50977        1.00000       -0.72789
16pk_.B99990031.pdb           2728.88647   -43621.98828   -32297.61328        1.00000       -0.70791
16pk_.B99990032.pdb           3355.29004   -43599.74219   -30349.22852        1.00000       -0.70411
16pk_.B99990033.pdb           2890.09302   -43024.67578   -30887.68750        1.00000       -0.60597
16pk_.B99990034.pdb           2905.74561   -43408.86719   -31209.41602        1.00000       -0.67154
16pk_.B99990035.pdb           2657.22974   -43573.20703   -32364.99609        1.00000       -0.69958
16pk_.B99990036.pdb           2615.03931   -43216.51172   -31549.59180        1.00000       -0.63871
16pk_.B99990037.pdb           2815.86670   -43635.91406   -31803.03711        1.00000       -0.71028
16pk_.B99990038.pdb           2616.78784   -43967.87500   -32843.73828        1.00000       -0.76693
16pk_.B99990039.pdb           2915.55542   -43811.54297   -32594.76367        1.00000       -0.74026
16pk_.B99990040.pdb           2965.52100   -43791.96484   -32137.66406        1.00000       -0.73691
16pk_.B99990041.pdb           3069.60767   -43546.01953   -31789.71875        1.00000       -0.69494
16pk_.B99990042.pdb           2968.20068   -43973.64453   -33233.66406        1.00000       -0.76792
16pk_.B99990043.pdb           2743.89673   -43489.46875   -31900.33008        1.00000       -0.68529
16pk_.B99990044.pdb           2750.21948   -43774.26172   -32394.77539        1.00000       -0.73389
16pk_.B99990045.pdb           2536.33105   -43694.83594   -32328.86719        1.00000       -0.72034
16pk_.B99990046.pdb           3043.15820   -43432.10547   -30781.15430        1.00000       -0.67550
16pk_.B99990047.pdb           2859.66113   -43638.00391   -31920.24219        1.00000       -0.71064
16pk_.B99990048.pdb           2672.69409   -43231.81250   -31892.58984        1.00000       -0.64132
16pk_.B99990049.pdb           2767.94238   -43461.96094   -31995.78320        1.00000       -0.68060
16pk_.B99990050.pdb           2707.93164   -43377.62500   -31396.68359        1.00000       -0.66621

>> Top model results:
molpdf: 2536.3310546875 (file: 16pk_.B99990045.pdb)
DOPE score: -44213.046875 (file: 16pk_.B99990019.pdb)
GA341 score: 1.0 (file: 16pk_.B99990033.pdb)
Normalized DOPE score: -0.808773882789749 (file: 16pk_.B99990019.pdb)

##############################################################################################
>>Clustering results - Representative structure - AffinityPropagation
Cluster		File_Name
0		16pk_.B99990016

>>Clustering results - Representative structure - DBSCAN
Cluster		File_Name
0		16pk_.B99990037.pdb
1		16pk_.B99990023.pdb
2		16pk_.B99990014.pdb

>>Clustering results - Representative structure - KMeans
Cluster		File_Name
0		16pk_.B99990023.pdb
1		16pk_.B99990037.pdb

>>Clustering results - Representative structure - MeanShift
Cluster		File_Name
0		16pk_.B99990037.pdb
1		16pk_.B99990027.pdb
2		16pk_.B99990020.pdb

>>Clustering results - Representative structure - SpectralClustering
Cluster		File_Name
0		16pk_.B99990037.pdb
1		16pk_.B99990023.pdb

>>Clustering results - Representative structure - Ward
Cluster		File_Name
0		16pk_.B99990037.pdb
1		16pk_.B99990040.pdb
##############################################################################################

##############################################################################################
>>Clustering results - Representative structure - AffinityPropagation
Cluster		File_Name
0		16pk_.B99990022
1		16pk_.B99990025
2		16pk_.B99990028
3		16pk_.B99990032
4		16pk_.B99990035
5		16pk_.B99990038
6		16pk_.B99990040
7		16pk_.B99990050

>>Clustering results - Representative structure - DBSCAN
Cluster		File_Name
0		16pk_.B99990029.pdb

>>Clustering results - Representative structure - KMeans
Cluster		File_Name
0		16pk_.B99990025.pdb
1		16pk_.B99990046.pdb
2		16pk_.B99990050.pdb
3		16pk_.B99990031.pdb
4		16pk_.B99990037.pdb
5		16pk_.B99990038.pdb
6		16pk_.B99990028.pdb

>>Clustering results - Representative structure - MeanShift
Cluster		File_Name
0		16pk_.B99990029.pdb

>>Clustering results - Representative structure - SpectralClustering
Cluster		File_Name
0		16pk_.B99990042.pdb
1		16pk_.B99990016.pdb
2		16pk_.B99990028.pdb
3		16pk_.B99990032.pdb
4		16pk_.B99990002.pdb
5		16pk_.B99990040.pdb

>>Clustering results - Representative structure - Ward
Cluster		File_Name
0		16pk_.B99990037.pdb
1		16pk_.B99990003.pdb
2		16pk_.B99990005.pdb
3		16pk_.B99990010.pdb
4		16pk_.B99990040.pdb
5		16pk_.B99990042.pdb
6		16pk_.B99990028.pdb
7		16pk_.B99990001.pdb
8		16pk_.B99990020.pdb
##############################################################################################