>> Summary of successfully produced model

Filename                          molpdf     DOPE score  DOPE-HR score    GA341 score Normalized DOPE score-----------------------------------------------------------------------------------------------------------
1a28A.B99990001.pdb            964.91150   -33642.30078   -30571.37500        1.00000       -1.71940
1a28A.B99990002.pdb            895.83905   -33966.25781   -31521.27930        1.00000       -1.81081
1a28A.B99990003.pdb            930.36353   -33865.09766   -30860.22461        1.00000       -1.78227
1a28A.B99990004.pdb            924.90247   -33756.57422   -30993.76562        1.00000       -1.75165
1a28A.B99990005.pdb            903.75916   -33911.73828   -31314.91016        1.00000       -1.79543
1a28A.B99990006.pdb           1097.52368   -33768.23438   -31077.55859        1.00000       -1.75494
1a28A.B99990007.pdb            924.09833   -33889.03906   -31215.30078        1.00000       -1.78902
1a28A.B99990008.pdb            925.97711   -33901.96484   -30969.88672        1.00000       -1.79267
1a28A.B99990009.pdb            989.79974   -33813.30078   -30790.89844        1.00000       -1.76765
1a28A.B99990010.pdb            945.46301   -33931.77344   -31216.06055        1.00000       -1.80108
1a28A.B99990011.pdb            886.54858   -34010.00391   -31470.52344        1.00000       -1.82315
1a28A.B99990012.pdb            938.39197   -34003.24609   -31120.77539        1.00000       -1.82125
1a28A.B99990013.pdb            923.21869   -33669.62891   -30491.87305        1.00000       -1.72711
1a28A.B99990014.pdb            944.51874   -33979.46875   -31058.00000        1.00000       -1.81454
1a28A.B99990015.pdb           1015.43335   -33992.55469   -31320.16797        1.00000       -1.81823
1a28A.B99990016.pdb            921.64343   -33854.33984   -31151.44336        1.00000       -1.77923
1a28A.B99990017.pdb            933.49408   -33869.91016   -31255.80664        1.00000       -1.78363
1a28A.B99990018.pdb            910.97552   -33961.17578   -30862.22070        1.00000       -1.80938
1a28A.B99990019.pdb            883.50598   -34124.52734   -31651.85742        1.00000       -1.85547
1a28A.B99990020.pdb            916.38214   -33796.84766   -30654.50000        1.00000       -1.76301
1a28A.B99990021.pdb            951.06323   -33947.52734   -30973.65430        1.00000       -1.80553
1a28A.B99990022.pdb            937.04022   -33986.00000   -31156.62305        1.00000       -1.81638
1a28A.B99990023.pdb            873.08441   -33843.64844   -31234.37891        1.00000       -1.77622
1a28A.B99990024.pdb            992.17059   -33798.98438   -30848.48438        1.00000       -1.76361
1a28A.B99990025.pdb            942.33014   -33919.57812   -31381.07422        1.00000       -1.79764
1a28A.B99990026.pdb            900.49652   -34048.67578   -31488.46289        1.00000       -1.83407
1a28A.B99990027.pdb            924.57349   -33976.84766   -31141.88672        1.00000       -1.81380
1a28A.B99990028.pdb           1009.90039   -33768.91406   -30891.91992        1.00000       -1.75513
1a28A.B99990029.pdb            929.07013   -33994.21875   -31447.41797        1.00000       -1.81870
1a28A.B99990030.pdb            932.76685   -33947.90625   -31075.56445        1.00000       -1.80563
1a28A.B99990031.pdb            901.91199   -34060.25000   -31265.59375        1.00000       -1.83733
1a28A.B99990032.pdb           1011.18121   -33925.58984   -31274.29102        1.00000       -1.79934
1a28A.B99990033.pdb            875.19702   -33840.60156   -30868.75586        1.00000       -1.77536
1a28A.B99990034.pdb            917.32983   -33734.42188   -30639.07422        1.00000       -1.74540
1a28A.B99990035.pdb            895.06671   -33829.33984   -30986.62109        1.00000       -1.77218
1a28A.B99990036.pdb            932.12970   -33729.86328   -30813.23633        1.00000       -1.74411
1a28A.B99990037.pdb            931.42230   -34026.99219   -31205.50000        1.00000       -1.82795
1a28A.B99990038.pdb            931.39886   -33836.38672   -30642.44531        1.00000       -1.77417
1a28A.B99990039.pdb            930.77448   -34030.39453   -31359.62305        1.00000       -1.82891
1a28A.B99990040.pdb            950.73438   -33978.01172   -31192.63477        1.00000       -1.81413
1a28A.B99990041.pdb           1025.45435   -33811.55469   -31041.61133        1.00000       -1.76716
1a28A.B99990042.pdb            918.86884   -33887.28906   -31205.16992        1.00000       -1.78853
1a28A.B99990043.pdb            981.54315   -34053.07422   -31301.40234        1.00000       -1.83531
1a28A.B99990044.pdb            898.91498   -33693.04297   -30662.27539        1.00000       -1.73372
1a28A.B99990045.pdb            875.58374   -33801.25781   -31075.95312        1.00000       -1.76425
1a28A.B99990046.pdb            916.04071   -33917.22656   -31118.32422        1.00000       -1.79698
1a28A.B99990047.pdb           1037.69324   -33908.54688   -31154.41406        1.00000       -1.79453
1a28A.B99990048.pdb           1051.39319   -33786.79688   -31066.75391        1.00000       -1.76017
1a28A.B99990049.pdb           1005.29614   -33856.20703   -31062.07422        1.00000       -1.77976
1a28A.B99990050.pdb            893.25580   -34106.60938   -31646.96875        1.00000       -1.85041

>> Top model results:
molpdf: 873.0844116210938 (file: 1a28A.B99990023.pdb)
DOPE score: -34124.52734375 (file: 1a28A.B99990019.pdb)
GA341 score: 1.0 (file: 1a28A.B99990028.pdb)
Normalized DOPE score: -1.8554677625771976 (file: 1a28A.B99990019.pdb)

##############################################################################################
>>Clustering results - Representative structure - AffinityPropagation
Cluster		File_Name
0		1a28A.B99990013
1		1a28A.B99990024
2		1a28A.B99990027
3		1a28A.B99990048

>>Clustering results - Representative structure - DBSCAN
Cluster		File_Name
0		1a28A.B99990040.pdb
1		1a28A.B99990027.pdb
2		1a28A.B99990024.pdb

>>Clustering results - Representative structure - KMeans
Cluster		File_Name
0		1a28A.B99990036.pdb
1		1a28A.B99990024.pdb

>>Clustering results - Representative structure - MeanShift
Cluster		File_Name
0		1a28A.B99990027.pdb
1		1a28A.B99990040.pdb
2		1a28A.B99990024.pdb

>>Clustering results - Representative structure - SpectralClustering
Cluster		File_Name
0		1a28A.B99990036.pdb
1		1a28A.B99990024.pdb

>>Clustering results - Representative structure - Ward
Cluster		File_Name
0		1a28A.B99990036.pdb
1		1a28A.B99990024.pdb
##############################################################################################

##############################################################################################
>>Clustering results - Representative structure - AffinityPropagation
Cluster		File_Name
0		1a28A.B99990020
1		1a28A.B99990026
2		1a28A.B99990028
3		1a28A.B99990030
4		1a28A.B99990040
5		1a28A.B99990049

>>Clustering results - Representative structure - DBSCAN
Cluster		File_Name
0		1a28A.B99990046.pdb
1		1a28A.B99990042.pdb

>>Clustering results - Representative structure - KMeans
Cluster		File_Name
0		1a28A.B99990035.pdb
1		1a28A.B99990030.pdb
2		1a28A.B99990012.pdb
3		1a28A.B99990026.pdb
4		1a28A.B99990001.pdb
5		1a28A.B99990020.pdb
6		1a28A.B99990003.pdb

>>Clustering results - Representative structure - MeanShift
Cluster		File_Name
0		1a28A.B99990021.pdb
1		1a28A.B99990006.pdb

>>Clustering results - Representative structure - SpectralClustering
Cluster		File_Name
0		1a28A.B99990030.pdb
1		1a28A.B99990049.pdb
2		1a28A.B99990050.pdb
3		1a28A.B99990028.pdb
4		1a28A.B99990036.pdb
5		1a28A.B99990040.pdb

>>Clustering results - Representative structure - Ward
Cluster		File_Name
0		1a28A.B99990014.pdb
1		1a28A.B99990040.pdb
2		1a28A.B99990001.pdb
3		1a28A.B99990041.pdb
4		1a28A.B99990050.pdb
5		1a28A.B99990020.pdb
6		1a28A.B99990049.pdb
##############################################################################################