>> Summary of successfully produced model

Filename                          molpdf     DOPE score  DOPE-HR score    GA341 score Normalized DOPE score-----------------------------------------------------------------------------------------------------------
1atb_.B99990001.pdb            281.13464    -2223.99634    -1758.18591        0.00442        1.12793
1atb_.B99990002.pdb            263.31253    -2336.08960    -2042.61401        0.00139        0.99988
1atb_.B99990003.pdb            279.04855    -2142.10059    -1863.63672        0.00107        1.22147
1atb_.B99990004.pdb            240.11263    -2310.10596    -2102.53955        0.00136        1.02956
1atb_.B99990005.pdb            280.88571    -2278.06104    -1837.47449        0.00150        1.06617
1atb_.B99990006.pdb            257.80353    -2253.57471    -2060.12061        0.00164        1.09414
1atb_.B99990007.pdb            329.12698    -2218.41382    -1691.80237        0.00153        1.13430
1atb_.B99990008.pdb            282.51465    -2138.40967    -1235.76648        0.00169        1.22569
1atb_.B99990009.pdb            274.22052    -2253.63794    -1859.01160        0.00060        1.09407
1atb_.B99990010.pdb            255.39825    -2291.57275    -1747.20752        0.00110        1.05073
1atb_.B99990011.pdb            247.29984    -2259.15552    -1956.03711        0.00148        1.08776
1atb_.B99990012.pdb            234.76097    -2414.19678    -2139.72021        0.00338        0.91066
1atb_.B99990013.pdb            250.23993    -2363.14673    -2204.62280        0.00131        0.96898
1atb_.B99990014.pdb            265.17639    -2147.90283    -1803.63672        0.00278        1.21485
1atb_.B99990015.pdb            333.21063    -2186.96606    -1792.72314        0.00191        1.17023
1atb_.B99990016.pdb            243.40236    -2233.09644    -1782.82153        0.00186        1.11753
1atb_.B99990017.pdb            302.60538    -2197.30151    -1490.06970        0.00122        1.15842
1atb_.B99990018.pdb            257.89789    -2213.68579    -1996.46094        0.00127        1.13970
1atb_.B99990019.pdb            235.12500    -2199.06274    -1792.99780        0.00119        1.15641
1atb_.B99990020.pdb            271.80859    -1994.14722    -1459.75964        0.00113        1.39048
1atb_.B99990021.pdb            280.20639    -2159.15796    -1905.82629        0.00173        1.20199
1atb_.B99990022.pdb            233.21147    -2281.98096    -2096.56372        0.00207        1.06169
1atb_.B99990023.pdb            294.98706    -2292.81934    -2069.01807        0.00217        1.04931
1atb_.B99990024.pdb            253.06761    -2232.31274    -1616.95068        0.00183        1.11843
1atb_.B99990025.pdb            286.79440    -2191.54663    -1750.86841        0.00184        1.16499
1atb_.B99990026.pdb            281.86185    -2299.90210    -1933.15881        0.00138        1.04122
1atb_.B99990027.pdb            231.80817    -2314.82129    -2120.21313        0.00127        1.02418
1atb_.B99990028.pdb            232.76714    -2368.20532    -2088.53223        0.00118        0.96320
1atb_.B99990029.pdb            271.31165    -2416.95874    -1982.89258        0.00241        0.90751
1atb_.B99990030.pdb            236.02124    -2416.60010    -2268.15991        0.00157        0.90792
1atb_.B99990031.pdb            276.53778    -2331.37012    -1671.01550        0.00107        1.00528
1atb_.B99990032.pdb            246.02647    -2180.07202    -1769.36145        0.00222        1.17810
1atb_.B99990033.pdb            276.08115    -2363.23218    -1942.32861        0.00238        0.96888
1atb_.B99990034.pdb            274.98257    -2314.99585    -2164.90527        0.00198        1.02398
1atb_.B99990035.pdb            270.49866    -2143.56567    -1516.94592        0.00142        1.21980
1atb_.B99990036.pdb            260.54272    -2417.94946    -2103.69238        0.00156        0.90638
1atb_.B99990037.pdb            320.10004    -2174.72900    -1652.80164        0.00380        1.18420
1atb_.B99990038.pdb            233.86320    -2301.40771    -2198.84766        0.00223        1.03950
1atb_.B99990039.pdb            243.32764    -2303.23560    -1876.77026        0.00159        1.03741
1atb_.B99990040.pdb            252.72585    -2411.51880    -1907.74658        0.00078        0.91372
1atb_.B99990041.pdb            235.22322    -2379.67944    -2105.08691        0.00176        0.95009
1atb_.B99990042.pdb            309.02036    -2233.65967    -1694.70813        0.00144        1.11689
1atb_.B99990043.pdb            231.86411    -2299.17212    -2106.12085        0.00265        1.04205
1atb_.B99990044.pdb            242.50072    -2324.06348    -2143.49341        0.00246        1.01362
1atb_.B99990045.pdb            235.11615    -2340.48926    -2046.60400        0.00133        0.99486
1atb_.B99990046.pdb            259.47009    -2135.27808    -1715.14294        0.00315        1.22927
1atb_.B99990047.pdb            263.55652    -2161.22241    -1662.75659        0.00192        1.19963
1atb_.B99990048.pdb            230.10805    -2378.63916    -2245.29907        0.00142        0.95128
1atb_.B99990049.pdb            283.11575    -2300.11548    -2075.82251        0.00143        1.04098
1atb_.B99990050.pdb            308.19678    -2319.89355    -1861.47583        0.00227        1.01838

>> Top model results:
molpdf: 230.10804748535156 (file: 1atb_.B99990048.pdb)
DOPE score: -2417.949462890625 (file: 1atb_.B99990036.pdb)
GA341 score: 0.0006037268321961164 (file: 1atb_.B99990009.pdb)
Normalized DOPE score: 0.9063770083090191 (file: 1atb_.B99990036.pdb)

##############################################################################################
>>Clustering results - Representative structure - AffinityPropagation
Cluster		File_Name
0		1atb_.B99990013
1		1atb_.B99990017
2		1atb_.B99990021
3		1atb_.B99990028
4		1atb_.B99990033
5		1atb_.B99990034
6		1atb_.B99990042

>>Clustering results - Representative structure - DBSCAN
Cluster		File_Name
0		1atb_.B99990011.pdb
1		1atb_.B99990025.pdb

>>Clustering results - Representative structure - KMeans
Cluster		File_Name
0		1atb_.B99990018.pdb
1		1atb_.B99990025.pdb

>>Clustering results - Representative structure - MeanShift
Cluster		File_Name
0		1atb_.B99990018.pdb
1		1atb_.B99990042.pdb
2		1atb_.B99990034.pdb

>>Clustering results - Representative structure - SpectralClustering
Cluster		File_Name
0		1atb_.B99990018.pdb
1		1atb_.B99990025.pdb

>>Clustering results - Representative structure - Ward
Cluster		File_Name
0		1atb_.B99990018.pdb
1		1atb_.B99990025.pdb
##############################################################################################

##############################################################################################
>>Clustering results - Representative structure - AffinityPropagation
Cluster		File_Name
0		1atb_.B99990003
1		1atb_.B99990007
2		1atb_.B99990008
3		1atb_.B99990010
4		1atb_.B99990013
5		1atb_.B99990034
6		1atb_.B99990040

>>Clustering results - Representative structure - DBSCAN
Cluster		File_Name
0		1atb_.B99990038.pdb
1		1atb_.B99990050.pdb

>>Clustering results - Representative structure - KMeans
Cluster		File_Name
0		1atb_.B99990010.pdb
1		1atb_.B99990042.pdb

>>Clustering results - Representative structure - MeanShift
Cluster		File_Name
0		1atb_.B99990010.pdb
1		1atb_.B99990007.pdb
2		1atb_.B99990034.pdb

>>Clustering results - Representative structure - SpectralClustering
Cluster		File_Name
0		1atb_.B99990010.pdb
1		1atb_.B99990042.pdb

>>Clustering results - Representative structure - Ward
Cluster		File_Name
0		1atb_.B99990010.pdb
1		1atb_.B99990042.pdb
##############################################################################################