>> Summary of successfully produced model

Filename                          molpdf     DOPE score  DOPE-HR score    GA341 score Normalized DOPE score-----------------------------------------------------------------------------------------------------------
1avaC.B99990001.pdb           1140.17004   -13810.63281   -11164.15234        0.99129        0.33665
1avaC.B99990002.pdb           1182.44910   -13821.13672   -11262.52441        0.99939        0.33254
1avaC.B99990003.pdb           1137.42737   -13579.95898   -10882.90820        0.99726        0.42691
1avaC.B99990004.pdb           1305.35608   -13782.29883   -11130.66113        0.98382        0.34774
1avaC.B99990005.pdb           1201.50488   -13470.08008   -10793.88672        0.99431        0.46990
1avaC.B99990006.pdb           1184.36072   -13689.07812   -10903.66016        0.99992        0.38421
1avaC.B99990007.pdb           1152.91772   -13407.55566   -10527.11914        0.97597        0.49437
1avaC.B99990008.pdb           1158.72449   -13563.43652   -10876.22656        0.98878        0.43338
1avaC.B99990009.pdb           1233.30994   -13452.14551   -10809.31055        0.95501        0.47692
1avaC.B99990010.pdb           1145.32068   -13774.15820   -11033.99316        0.95938        0.35092
1avaC.B99990011.pdb           1228.73682   -13724.89355   -11345.07031        0.96907        0.37020
1avaC.B99990012.pdb           1166.60059   -14142.64453   -11739.46484        0.99232        0.20674
1avaC.B99990013.pdb           1137.49475   -14065.68457   -11310.37891        0.97929        0.23686
1avaC.B99990014.pdb           1243.15503   -13955.54590   -11256.36914        0.98540        0.27995
1avaC.B99990015.pdb           1170.08057   -13531.86426   -10739.04395        0.99489        0.44573
1avaC.B99990016.pdb           1191.44934   -13664.35059   -11122.59473        0.98130        0.39389
1avaC.B99990017.pdb           1171.21423   -13672.17773   -10986.79102        0.91861        0.39083
1avaC.B99990018.pdb           1161.76770   -13729.97363   -11169.23438        0.94522        0.36821
1avaC.B99990019.pdb           1104.99927   -13523.39551   -10926.74707        0.99547        0.44904
1avaC.B99990020.pdb           1129.03491   -13539.40137   -10482.38867        0.96489        0.44278
1avaC.B99990021.pdb           1205.86987   -13218.02246   -10346.89551        0.94955        0.56853
1avaC.B99990022.pdb           1136.88379   -13763.23438   -11297.33105        0.94579        0.35520
1avaC.B99990023.pdb           1161.13904   -13428.66602   -10672.23242        0.95961        0.48611
1avaC.B99990024.pdb           1168.66968   -13649.04590   -11002.54492        0.99752        0.39988
1avaC.B99990025.pdb           1193.86255   -13561.16504   -10819.04688        0.93912        0.43426
1avaC.B99990026.pdb           1167.44019   -13518.25781   -10887.21973        0.99388        0.45105
1avaC.B99990027.pdb           1255.83325   -13593.72559   -11249.68164        0.96894        0.42152
1avaC.B99990028.pdb           1160.05859   -13884.02344   -11685.51465        0.94500        0.30794
1avaC.B99990029.pdb           1174.28333   -13561.01953   -11021.51660        0.99170        0.43432
1avaC.B99990030.pdb           1186.79883   -13633.66992   -10784.65430        0.96600        0.40590
1avaC.B99990031.pdb           1187.62439   -13800.09375   -11229.58105        0.96995        0.34078
1avaC.B99990032.pdb           1148.26086   -13571.89453   -10957.77930        0.95075        0.43007
1avaC.B99990033.pdb           1195.25281   -13565.30273   -10659.88281        0.94566        0.43265
1avaC.B99990034.pdb           1161.97705   -13704.50098   -11334.07324        0.99630        0.37818
1avaC.B99990035.pdb           1154.28186   -13480.12695   -10941.93945        0.97069        0.46597
1avaC.B99990036.pdb           1166.47046   -13416.15039   -10448.39746        0.95778        0.49101
1avaC.B99990037.pdb           1215.05933   -13708.95215   -10807.52832        0.95421        0.37644
1avaC.B99990038.pdb           1159.45911   -13561.35938   -10798.00391        0.98233        0.43419
1avaC.B99990039.pdb           1225.76318   -13787.26855   -10915.20996        0.97849        0.34580
1avaC.B99990040.pdb           1168.21875   -13621.63867   -11511.05664        0.98796        0.41060
1avaC.B99990041.pdb           1141.76416   -13500.07715   -10709.12207        0.95109        0.45817
1avaC.B99990042.pdb           1149.29248   -13741.11328   -11250.48828        0.95970        0.36385
1avaC.B99990043.pdb           1251.81238   -13643.02148   -10832.67188        0.82746        0.40224
1avaC.B99990044.pdb           1148.11536   -13711.37793   -11224.25781        0.92968        0.37549
1avaC.B99990045.pdb           1136.33875   -13793.12891   -11475.66797        0.98968        0.34350
1avaC.B99990046.pdb           1169.42749   -13533.31738   -11029.35449        0.98974        0.44516
1avaC.B99990047.pdb           1250.40942   -13463.87305   -10591.73145        0.95633        0.47233
1avaC.B99990048.pdb           1132.20813   -13506.26660   -11211.18262        0.99054        0.45575
1avaC.B99990049.pdb           1196.34253   -13713.35449   -11295.96191        0.98039        0.37472
1avaC.B99990050.pdb           1133.00659   -13466.97168   -11210.83008        0.99600        0.47112

>> Top model results:
molpdf: 1104.999267578125 (file: 1avaC.B99990019.pdb)
DOPE score: -14142.64453125 (file: 1avaC.B99990012.pdb)
GA341 score: 0.827460765838623 (file: 1avaC.B99990043.pdb)
Normalized DOPE score: 0.2067439127221001 (file: 1avaC.B99990012.pdb)

##############################################################################################
>>Clustering results - Representative structure - AffinityPropagation
Cluster		File_Name
0		1avaC.B99990010
1		1avaC.B99990020

>>Clustering results - Representative structure - DBSCAN
Cluster		File_Name
0		1avaC.B99990017.pdb
1		1avaC.B99990003.pdb
2		1avaC.B99990029.pdb

>>Clustering results - Representative structure - KMeans
Cluster		File_Name
0		1avaC.B99990026.pdb
1		1avaC.B99990017.pdb
2		1avaC.B99990046.pdb
3		1avaC.B99990049.pdb
4		1avaC.B99990021.pdb
5		1avaC.B99990020.pdb
6		1avaC.B99990002.pdb
7		1avaC.B99990012.pdb
8		1avaC.B99990039.pdb
9		1avaC.B99990023.pdb

>>Clustering results - Representative structure - MeanShift
Cluster		File_Name
0		1avaC.B99990030.pdb
1		1avaC.B99990026.pdb
2		1avaC.B99990013.pdb
3		1avaC.B99990021.pdb
4		1avaC.B99990039.pdb

>>Clustering results - Representative structure - SpectralClustering
Cluster		File_Name
0		1avaC.B99990026.pdb
1		1avaC.B99990043.pdb
2		1avaC.B99990041.pdb
3		1avaC.B99990031.pdb
4		1avaC.B99990020.pdb
5		1avaC.B99990022.pdb

>>Clustering results - Representative structure - Ward
Cluster		File_Name
0		1avaC.B99990008.pdb
1		1avaC.B99990041.pdb
2		1avaC.B99990026.pdb
3		1avaC.B99990049.pdb
4		1avaC.B99990031.pdb
5		1avaC.B99990039.pdb
6		1avaC.B99990012.pdb
7		1avaC.B99990021.pdb
##############################################################################################

##############################################################################################
>>Clustering results - Representative structure - AffinityPropagation
Cluster		File_Name
0		1avaC.B99990001
1		1avaC.B99990050

>>Clustering results - Representative structure - DBSCAN
Cluster		File_Name
0		1avaC.B99990024.pdb

>>Clustering results - Representative structure - KMeans
Cluster		File_Name
0		1avaC.B99990034.pdb
1		1avaC.B99990026.pdb
2		1avaC.B99990041.pdb
3		1avaC.B99990031.pdb
4		1avaC.B99990039.pdb
5		1avaC.B99990013.pdb
6		1avaC.B99990021.pdb
7		1avaC.B99990030.pdb

>>Clustering results - Representative structure - MeanShift
Cluster		File_Name
0		1avaC.B99990024.pdb
1		1avaC.B99990028.pdb
2		1avaC.B99990025.pdb
3		1avaC.B99990005.pdb

>>Clustering results - Representative structure - SpectralClustering
Cluster		File_Name
0		1avaC.B99990003.pdb
1		1avaC.B99990013.pdb
2		1avaC.B99990037.pdb
3		1avaC.B99990028.pdb
4		1avaC.B99990005.pdb
5		1avaC.B99990001.pdb
6		1avaC.B99990007.pdb
7		1avaC.B99990034.pdb
8		1avaC.B99990035.pdb

>>Clustering results - Representative structure - Ward
Cluster		File_Name
0		1avaC.B99990031.pdb
1		1avaC.B99990034.pdb
2		1avaC.B99990035.pdb
3		1avaC.B99990015.pdb
4		1avaC.B99990026.pdb
5		1avaC.B99990013.pdb
6		1avaC.B99990021.pdb
7		1avaC.B99990039.pdb
8		1avaC.B99990037.pdb
9		1avaC.B99990007.pdb
##############################################################################################