>> Summary of successfully produced model

Filename                          molpdf     DOPE score  DOPE-HR score    GA341 score Normalized DOPE score-----------------------------------------------------------------------------------------------------------
1a3k_.B99990001.pdb            846.75214   -13345.39941   -11029.63867        1.00000       -0.86442
1a3k_.B99990002.pdb            890.18463   -13257.75586   -10931.57129        1.00000       -0.81911
1a3k_.B99990003.pdb            844.89764   -13244.93164   -10741.93262        1.00000       -0.81248
1a3k_.B99990004.pdb            872.47852   -13115.30957   -10654.20703        1.00000       -0.74548
1a3k_.B99990005.pdb            790.46350   -13371.78809   -11177.84668        1.00000       -0.87806
1a3k_.B99990006.pdb            816.51270   -13833.30078   -11711.02832        1.00000       -1.11664
1a3k_.B99990007.pdb            843.22125   -13794.59570   -11810.45605        1.00000       -1.09663
1a3k_.B99990008.pdb            853.05798   -13454.32227   -11330.29395        1.00000       -0.92073
1a3k_.B99990009.pdb            884.39612   -13669.29785   -11815.48730        1.00000       -1.03186
1a3k_.B99990010.pdb            820.22925   -13607.30664   -11653.01172        1.00000       -0.99981
1a3k_.B99990011.pdb            919.72388   -13424.49316   -11293.23535        1.00000       -0.90531
1a3k_.B99990012.pdb            765.57135   -13235.85547   -10754.15625        1.00000       -0.80779
1a3k_.B99990013.pdb            904.10254   -13301.40234   -11293.73438        1.00000       -0.84167
1a3k_.B99990014.pdb            867.85266   -13769.40723   -11871.00586        1.00000       -1.08361
1a3k_.B99990015.pdb            889.04388   -13582.89355   -11728.61719        1.00000       -0.98719
1a3k_.B99990016.pdb            857.48138   -13453.96680   -11234.74609        1.00000       -0.92054
1a3k_.B99990017.pdb            789.99896   -13211.02734   -10965.71680        1.00000       -0.79496
1a3k_.B99990018.pdb            779.90271   -13690.24023   -11519.07812        1.00000       -1.04268
1a3k_.B99990019.pdb            834.71936   -13352.88477   -10829.62402        1.00000       -0.86829
1a3k_.B99990020.pdb            821.31287   -13205.56055   -10733.76465        1.00000       -0.79213
1a3k_.B99990021.pdb            787.03052   -13302.40234   -10874.96289        1.00000       -0.84219
1a3k_.B99990022.pdb            768.44733   -13575.90039   -11495.12305        1.00000       -0.98358
1a3k_.B99990023.pdb            804.38409   -13451.89844   -11374.03711        1.00000       -0.91947
1a3k_.B99990024.pdb            901.15906   -13543.91699   -11444.86719        1.00000       -0.96704
1a3k_.B99990025.pdb            923.88025   -13453.85254   -11289.13086        1.00000       -0.92048
1a3k_.B99990026.pdb            795.11646   -13359.71484   -11127.00488        1.00000       -0.87182
1a3k_.B99990027.pdb            820.07385   -13534.12500   -11294.38965        1.00000       -0.96198
1a3k_.B99990028.pdb            820.61176   -13230.81250   -10717.51562        1.00000       -0.80518
1a3k_.B99990029.pdb            859.66199   -13535.52539   -11642.91699        1.00000       -0.96270
1a3k_.B99990030.pdb            833.90210   -13693.90332   -11881.77832        1.00000       -1.04458
1a3k_.B99990031.pdb            806.82257   -13511.56543   -11262.46582        1.00000       -0.95032
1a3k_.B99990032.pdb            885.45142   -13696.50684   -11894.09473        1.00000       -1.04592
1a3k_.B99990033.pdb            826.94006   -13554.50977   -11613.82910        1.00000       -0.97252
1a3k_.B99990034.pdb            790.91138   -13172.17871   -10749.43945        1.00000       -0.77487
1a3k_.B99990035.pdb            944.69861   -13322.16309   -10908.97363        1.00000       -0.85241
1a3k_.B99990036.pdb            809.39380   -13214.24707   -10707.76855        1.00000       -0.79662
1a3k_.B99990037.pdb            858.14844   -13353.82129   -11139.27246        1.00000       -0.86877
1a3k_.B99990038.pdb            849.17896   -13291.16699   -10950.41309        1.00000       -0.83638
1a3k_.B99990039.pdb            812.57990   -13687.61816   -11785.36426        1.00000       -1.04133
1a3k_.B99990040.pdb            872.42413   -13684.53027   -11433.85352        1.00000       -1.03973
1a3k_.B99990041.pdb            790.15839   -13379.72656   -11124.65332        1.00000       -0.88216
1a3k_.B99990042.pdb            883.11981   -13214.88379   -10964.67969        1.00000       -0.79695
1a3k_.B99990043.pdb            850.36633   -13531.65137   -11460.19727        1.00000       -0.96070
1a3k_.B99990044.pdb            850.15179   -13306.16602   -10759.30859        1.00000       -0.84414
1a3k_.B99990045.pdb            778.43378   -13340.74512   -10893.52344        1.00000       -0.86201
1a3k_.B99990046.pdb            823.58130   -13639.59473   -11689.62988        1.00000       -1.01650
1a3k_.B99990047.pdb            757.86395   -13520.15625   -11389.30273        1.00000       -0.95476
1a3k_.B99990048.pdb            860.96405   -13407.15918   -10963.28125        1.00000       -0.89635
1a3k_.B99990049.pdb            869.98627   -13399.58789   -11277.69922        1.00000       -0.89243
1a3k_.B99990050.pdb            773.82239   -13254.72754   -10948.06738        1.00000       -0.81755

>> Top model results:
molpdf: 757.8639526367188 (file: 1a3k_.B99990047.pdb)
DOPE score: -13833.30078125 (file: 1a3k_.B99990006.pdb)
GA341 score: 0.9999999403953552 (file: 1a3k_.B99990013.pdb)
Normalized DOPE score: -1.1166374441531384 (file: 1a3k_.B99990006.pdb)

##############################################################################################
>>Clustering results - Representative structure - AffinityPropagation
Cluster		File_Name
0		1a3k_.B99990022
1		1a3k_.B99990035
2		1a3k_.B99990038
3		1a3k_.B99990039
4		1a3k_.B99990043

>>Clustering results - Representative structure - DBSCAN
Cluster		File_Name
0		1a3k_.B99990041.pdb
1		1a3k_.B99990019.pdb
2		1a3k_.B99990022.pdb
3		1a3k_.B99990024.pdb

>>Clustering results - Representative structure - KMeans
Cluster		File_Name
0		1a3k_.B99990022.pdb
1		1a3k_.B99990049.pdb

>>Clustering results - Representative structure - MeanShift
Cluster		File_Name
0		1a3k_.B99990049.pdb
1		1a3k_.B99990022.pdb

>>Clustering results - Representative structure - SpectralClustering
Cluster		File_Name
0		1a3k_.B99990022.pdb
1		1a3k_.B99990049.pdb

>>Clustering results - Representative structure - Ward
Cluster		File_Name
0		1a3k_.B99990049.pdb
1		1a3k_.B99990022.pdb
##############################################################################################

##############################################################################################
>>Clustering results - Representative structure - AffinityPropagation
Cluster		File_Name
0		1a3k_.B99990036
1		1a3k_.B99990037
2		1a3k_.B99990038
3		1a3k_.B99990039
4		1a3k_.B99990043
5		1a3k_.B99990046
6		1a3k_.B99990048

>>Clustering results - Representative structure - DBSCAN
Cluster		File_Name
0		1a3k_.B99990023.pdb

>>Clustering results - Representative structure - KMeans
Cluster		File_Name
0		1a3k_.B99990002.pdb
1		1a3k_.B99990030.pdb
2		1a3k_.B99990027.pdb
3		1a3k_.B99990038.pdb
4		1a3k_.B99990043.pdb
5		1a3k_.B99990025.pdb
6		1a3k_.B99990044.pdb
7		1a3k_.B99990009.pdb

>>Clustering results - Representative structure - MeanShift
Cluster		File_Name
0		1a3k_.B99990019.pdb
1		1a3k_.B99990022.pdb

>>Clustering results - Representative structure - SpectralClustering
Cluster		File_Name
0		1a3k_.B99990038.pdb
1		1a3k_.B99990003.pdb
2		1a3k_.B99990017.pdb
3		1a3k_.B99990009.pdb
4		1a3k_.B99990030.pdb
5		1a3k_.B99990043.pdb
6		1a3k_.B99990031.pdb
7		1a3k_.B99990049.pdb

>>Clustering results - Representative structure - Ward
Cluster		File_Name
0		1a3k_.B99990038.pdb
1		1a3k_.B99990017.pdb
2		1a3k_.B99990031.pdb
3		1a3k_.B99990009.pdb
4		1a3k_.B99990043.pdb
5		1a3k_.B99990049.pdb
6		1a3k_.B99990030.pdb
7		1a3k_.B99990003.pdb
8		1a3k_.B99990024.pdb
##############################################################################################