>> Summary of successfully produced model

Filename                          molpdf     DOPE score  DOPE-HR score    GA341 score Normalized DOPE score-----------------------------------------------------------------------------------------------------------
1ad2_.B99990001.pdb           1492.70679   -12196.80273    -9257.15820        0.00181        2.21343
1ad2_.B99990002.pdb           1368.22290   -12055.80762    -8528.66504        0.00271        2.25801
1ad2_.B99990003.pdb           1391.51489   -12079.53320    -9070.59277        0.00390        2.25051
1ad2_.B99990004.pdb           1373.82031   -12432.80957    -9507.69043        0.00177        2.13881
1ad2_.B99990005.pdb           1387.53174   -12228.94629    -9767.03223        0.00265        2.20327
1ad2_.B99990006.pdb           1352.89050   -12086.93066    -9113.40625        0.00417        2.24817
1ad2_.B99990007.pdb           1288.26086   -12098.31934    -8912.26855        0.00496        2.24457
1ad2_.B99990008.pdb           1371.60583   -11974.05273    -8722.91895        0.00397        2.28385
1ad2_.B99990009.pdb           1392.33325   -11846.84766    -8389.70605        0.00323        2.32407
1ad2_.B99990010.pdb           1408.01880   -11712.89746    -8515.52832        0.00735        2.36642
1ad2_.B99990011.pdb           1330.83313   -12476.18164    -9426.20703        0.00598        2.12510
1ad2_.B99990012.pdb           1465.45007   -12319.88965    -9012.26855        0.00239        2.17451
1ad2_.B99990013.pdb           1322.93652   -12687.68555    -9911.10742        0.00217        2.05823
1ad2_.B99990014.pdb           1455.43201   -12332.15527    -9933.32910        0.00310        2.17063
1ad2_.B99990015.pdb           1434.46521   -11958.04297    -8761.19043        0.00344        2.28892
1ad2_.B99990016.pdb           1384.72742   -12143.76172    -9386.22363        0.00308        2.23020
1ad2_.B99990017.pdb           1359.71960   -12307.30762    -9039.70801        0.00580        2.17849
1ad2_.B99990018.pdb           1417.83887   -12248.09766    -9207.21289        0.00461        2.19721
1ad2_.B99990019.pdb           1359.97559   -12146.85547    -9081.15430        0.00304        2.22922
1ad2_.B99990020.pdb           1376.65210   -12044.61328    -8947.25098        0.00195        2.26155
1ad2_.B99990021.pdb           1410.03967   -12026.69238    -8639.23145        0.00229        2.26721
1ad2_.B99990022.pdb           1441.13354   -12415.55859   -10068.67188        0.00510        2.14426
1ad2_.B99990023.pdb           1414.31482   -12077.67285    -9094.33301        0.00205        2.25109
1ad2_.B99990024.pdb           1353.18054   -11786.61523    -9119.40039        0.00143        2.34312
1ad2_.B99990025.pdb           1376.57275   -11863.48633    -9198.27734        0.00261        2.31881
1ad2_.B99990026.pdb           1428.05652   -11917.10645    -8705.67480        0.00230        2.30186
1ad2_.B99990027.pdb           1537.48254   -12150.29297    -8434.26074        0.00400        2.22813
1ad2_.B99990028.pdb           1355.85608   -11778.31055    -8530.40039        0.00286        2.34574
1ad2_.B99990029.pdb           1392.85876   -12192.33887    -9111.76074        0.00379        2.21484
1ad2_.B99990030.pdb           1338.77014   -12133.68066    -9269.02832        0.00403        2.23339
1ad2_.B99990031.pdb           1420.52100   -11830.00000    -8460.61133        0.00340        2.32940
1ad2_.B99990032.pdb           1425.28064   -12114.18359    -9072.65527        0.00211        2.23955
1ad2_.B99990033.pdb           1307.92163   -12120.94434    -8575.52637        0.00224        2.23741
1ad2_.B99990034.pdb           1333.19275   -12375.28418    -9563.71191        0.00348        2.15700
1ad2_.B99990035.pdb           1371.74951   -12269.79492    -9311.22754        0.00315        2.19035
1ad2_.B99990036.pdb           1312.23633   -12047.15820    -8540.64160        0.00428        2.26074
1ad2_.B99990037.pdb           1460.63062   -11931.22461    -9034.17383        0.00202        2.29740
1ad2_.B99990038.pdb           1481.54419   -12293.64062    -9696.87305        0.00355        2.18281
1ad2_.B99990039.pdb           1392.25464   -12112.11523    -9624.24414        0.00306        2.24020
1ad2_.B99990040.pdb           1408.52747   -11896.92383    -8676.09180        0.00300        2.30824
1ad2_.B99990041.pdb           1486.25073   -12582.84766   -10024.68457        0.00289        2.09137
1ad2_.B99990042.pdb           1346.41736   -12346.07812    -9048.66895        0.00340        2.16623
1ad2_.B99990043.pdb           1421.33899   -11723.56543    -8104.21729        0.00532        2.36305
1ad2_.B99990044.pdb           1505.10632   -12253.83789    -9645.92871        0.00206        2.19540
1ad2_.B99990045.pdb           1325.28845   -12082.18066    -9014.02148        0.00401        2.24967
1ad2_.B99990046.pdb           1366.30615   -12710.46094   -10050.27930        0.00170        2.05103
1ad2_.B99990047.pdb           1486.21667   -12615.00000    -9689.64160        0.00799        2.08121
1ad2_.B99990048.pdb           1394.15723   -12488.70703    -9389.28125        0.00248        2.12114
1ad2_.B99990049.pdb           1347.49561   -11822.32910    -8856.13867        0.00343        2.33182
1ad2_.B99990050.pdb           1480.90271   -12328.40137    -9272.11523        0.00410        2.17182

>> Top model results:
molpdf: 1288.2608642578125 (file: 1ad2_.B99990007.pdb)
DOPE score: -12710.4609375 (file: 1ad2_.B99990046.pdb)
GA341 score: 0.0014346290845423937 (file: 1ad2_.B99990024.pdb)
Normalized DOPE score: 2.0510263577279164 (file: 1ad2_.B99990046.pdb)

##############################################################################################
>>Clustering results - Representative structure - AffinityPropagation
Cluster		File_Name
0		1ad2_.B99990023

>>Clustering results - Representative structure - DBSCAN
Cluster		File_Name
0		1ad2_.B99990018.pdb
1		1ad2_.B99990008.pdb

>>Clustering results - Representative structure - KMeans
Cluster		File_Name
0		1ad2_.B99990045.pdb
1		1ad2_.B99990042.pdb
2		1ad2_.B99990001.pdb
3		1ad2_.B99990002.pdb
4		1ad2_.B99990004.pdb
5		1ad2_.B99990021.pdb
6		1ad2_.B99990025.pdb
7		1ad2_.B99990037.pdb
8		1ad2_.B99990013.pdb
9		1ad2_.B99990010.pdb

>>Clustering results - Representative structure - MeanShift
Cluster		File_Name
0		1ad2_.B99990029.pdb
1		1ad2_.B99990027.pdb
2		1ad2_.B99990037.pdb

>>Clustering results - Representative structure - SpectralClustering
Cluster		File_Name
0		1ad2_.B99990007.pdb
1		1ad2_.B99990020.pdb
2		1ad2_.B99990027.pdb
3		1ad2_.B99990044.pdb

>>Clustering results - Representative structure - Ward
Cluster		File_Name
0		1ad2_.B99990025.pdb
1		1ad2_.B99990010.pdb
2		1ad2_.B99990002.pdb
3		1ad2_.B99990013.pdb
4		1ad2_.B99990029.pdb
5		1ad2_.B99990001.pdb
6		1ad2_.B99990037.pdb
7		1ad2_.B99990004.pdb
8		1ad2_.B99990036.pdb
9		1ad2_.B99990042.pdb
##############################################################################################

##############################################################################################
>>Clustering results - Representative structure - AffinityPropagation
Cluster		File_Name
0		1ad2_.B99990004
1		1ad2_.B99990007
2		1ad2_.B99990013
3		1ad2_.B99990027
4		1ad2_.B99990039
5		1ad2_.B99990040

>>Clustering results - Representative structure - DBSCAN
Cluster		File_Name
0		1ad2_.B99990023.pdb

>>Clustering results - Representative structure - KMeans
Cluster		File_Name
0		1ad2_.B99990039.pdb
1		1ad2_.B99990007.pdb
2		1ad2_.B99990047.pdb
3		1ad2_.B99990038.pdb
4		1ad2_.B99990040.pdb
5		1ad2_.B99990027.pdb

>>Clustering results - Representative structure - MeanShift
Cluster		File_Name
0		1ad2_.B99990023.pdb

>>Clustering results - Representative structure - SpectralClustering
Cluster		File_Name
0		1ad2_.B99990040.pdb
1		1ad2_.B99990027.pdb
2		1ad2_.B99990039.pdb
3		1ad2_.B99990013.pdb
4		1ad2_.B99990004.pdb
5		1ad2_.B99990007.pdb

>>Clustering results - Representative structure - Ward
Cluster		File_Name
0		1ad2_.B99990042.pdb
1		1ad2_.B99990021.pdb
2		1ad2_.B99990007.pdb
3		1ad2_.B99990044.pdb
4		1ad2_.B99990013.pdb
##############################################################################################