>> Summary of successfully produced model

Filename                          molpdf     DOPE score  DOPE-HR score    GA341 score Normalized DOPE score-----------------------------------------------------------------------------------------------------------
1a0aA.B99990001.pdb            253.87920    -3267.52563    -2732.89355        0.00352        0.90102
1a0aA.B99990002.pdb            300.64670    -3188.21777    -2661.35205        0.00737        0.99018
1a0aA.B99990003.pdb            307.17505    -3168.53735    -2720.16577        0.00330        1.01230
1a0aA.B99990004.pdb            231.59045    -3322.64380    -2636.02075        0.00252        0.83906
1a0aA.B99990005.pdb            280.32181    -3251.40527    -2689.64062        0.00822        0.91914
1a0aA.B99990006.pdb            242.73413    -3105.77100    -2564.48560        0.00665        1.08286
1a0aA.B99990007.pdb            280.57333    -3324.84448    -2570.85254        0.00655        0.83659
1a0aA.B99990008.pdb            268.75937    -3261.08276    -2637.44238        0.00534        0.90827
1a0aA.B99990009.pdb            264.75613    -3323.56128    -3057.27637        0.00480        0.83803
1a0aA.B99990010.pdb            241.27048    -2969.30200    -2263.24658        0.00957        1.23627
1a0aA.B99990011.pdb            243.97401    -3153.31641    -2616.17749        0.00464        1.02941
1a0aA.B99990012.pdb            274.85324    -3307.30933    -2933.75366        0.00650        0.85630
1a0aA.B99990013.pdb            296.32141    -3282.75732    -2692.99316        0.00591        0.88390
1a0aA.B99990014.pdb            248.28197    -3278.18970    -2636.31738        0.00958        0.88903
1a0aA.B99990015.pdb            301.24863    -3123.68530    -2470.70312        0.01172        1.06272
1a0aA.B99990016.pdb            289.28400    -3361.44336    -2909.79956        0.00816        0.79545
1a0aA.B99990017.pdb            253.00575    -3191.07056    -2614.65332        0.00629        0.98697
1a0aA.B99990018.pdb            288.34924    -3089.39893    -2510.30249        0.00744        1.10126
1a0aA.B99990019.pdb            248.21527    -3211.88037    -2647.02295        0.00355        0.96358
1a0aA.B99990020.pdb            255.11272    -3451.51294    -2663.42700        0.00352        0.69419
1a0aA.B99990021.pdb            297.81778    -3043.57300    -2300.43726        0.00625        1.15278
1a0aA.B99990022.pdb            290.75497    -3151.87842    -2383.81494        0.00449        1.03103
1a0aA.B99990023.pdb            264.93631    -3025.31592    -2340.79761        0.00338        1.17330
1a0aA.B99990024.pdb            269.21329    -3256.23120    -2777.36206        0.00520        0.91372
1a0aA.B99990025.pdb            244.63785    -3166.44189    -2526.94263        0.00647        1.01466
1a0aA.B99990026.pdb            259.50330    -3226.18408    -2356.54175        0.00529        0.94750
1a0aA.B99990027.pdb            276.25760    -3243.37427    -2605.86426        0.00579        0.92817
1a0aA.B99990028.pdb            286.10748    -3297.36792    -2724.34302        0.00456        0.86748
1a0aA.B99990029.pdb            233.03387    -3077.77954    -2351.81250        0.01055        1.11433
1a0aA.B99990030.pdb            294.24387    -3360.85815    -2835.57812        0.00926        0.79610
1a0aA.B99990031.pdb            308.87759    -3155.78809    -2499.53589        0.00726        1.02663
1a0aA.B99990032.pdb            275.25046    -3191.04712    -2517.92480        0.00306        0.98700
1a0aA.B99990033.pdb            254.74347    -3336.95825    -2884.81226        0.00492        0.82297
1a0aA.B99990034.pdb            262.56302    -3108.60693    -2384.28735        0.00551        1.07967
1a0aA.B99990035.pdb            332.66565    -3137.88110    -2530.35522        0.00434        1.04676
1a0aA.B99990036.pdb            279.31180    -3162.72510    -2546.05786        0.00365        1.01883
1a0aA.B99990037.pdb            279.91333    -3313.16528    -2683.30029        0.00880        0.84972
1a0aA.B99990038.pdb            309.14920    -3158.87451    -2561.24951        0.00919        1.02316
1a0aA.B99990039.pdb            251.71916    -2995.29736    -2047.07178        0.00378        1.20705
1a0aA.B99990040.pdb            264.69522    -3180.56567    -2600.82104        0.00479        0.99878
1a0aA.B99990041.pdb            267.11612    -3081.98853    -2376.76855        0.00415        1.10959
1a0aA.B99990042.pdb            255.29393    -3059.71729    -2335.59570        0.00706        1.13463
1a0aA.B99990043.pdb            255.06836    -3117.19360    -2324.30127        0.00617        1.07002
1a0aA.B99990044.pdb            279.63226    -3050.68408    -2175.86816        0.00290        1.14479
1a0aA.B99990045.pdb            283.49670    -3214.61133    -2621.86987        0.00435        0.96051
1a0aA.B99990046.pdb            283.27869    -3144.59204    -2273.22241        0.00680        1.03922
1a0aA.B99990047.pdb            282.95694    -3200.29590    -2552.91919        0.01083        0.97660
1a0aA.B99990048.pdb            238.93565    -3161.16797    -2458.16309        0.00337        1.02058
1a0aA.B99990049.pdb            271.72577    -3214.85181    -2597.84790        0.00515        0.96024
1a0aA.B99990050.pdb            241.50525    -3282.72168    -2574.18506        0.00642        0.88394

>> Top model results:
molpdf: 231.5904541015625 (file: 1a0aA.B99990004.pdb)
DOPE score: -3451.512939453125 (file: 1a0aA.B99990020.pdb)
GA341 score: 0.002521079033613205 (file: 1a0aA.B99990004.pdb)
Normalized DOPE score: 0.6941932924211145 (file: 1a0aA.B99990020.pdb)

##############################################################################################
>>Clustering results - Representative structure - AffinityPropagation
Cluster		File_Name
0		1a0aA.B99990032

>>Clustering results - Representative structure - DBSCAN
Cluster		File_Name
0		1a0aA.B99990047.pdb
1		1a0aA.B99990015.pdb

>>Clustering results - Representative structure - KMeans
Cluster		File_Name
0		1a0aA.B99990048.pdb
1		1a0aA.B99990037.pdb
2		1a0aA.B99990035.pdb
3		1a0aA.B99990016.pdb
4		1a0aA.B99990042.pdb
5		1a0aA.B99990001.pdb
6		1a0aA.B99990047.pdb
7		1a0aA.B99990031.pdb
8		1a0aA.B99990010.pdb
9		1a0aA.B99990046.pdb

>>Clustering results - Representative structure - MeanShift
Cluster		File_Name
0		1a0aA.B99990047.pdb
1		1a0aA.B99990015.pdb
2		1a0aA.B99990035.pdb

>>Clustering results - Representative structure - SpectralClustering
Cluster		File_Name
0		1a0aA.B99990043.pdb
1		1a0aA.B99990035.pdb
2		1a0aA.B99990024.pdb

>>Clustering results - Representative structure - Ward
Cluster		File_Name
0		1a0aA.B99990042.pdb
1		1a0aA.B99990031.pdb
2		1a0aA.B99990016.pdb
3		1a0aA.B99990014.pdb
4		1a0aA.B99990047.pdb
5		1a0aA.B99990035.pdb
6		1a0aA.B99990010.pdb
7		1a0aA.B99990037.pdb
8		1a0aA.B99990048.pdb
9		1a0aA.B99990046.pdb
##############################################################################################

##############################################################################################
>>Clustering results - Representative structure - AffinityPropagation
Cluster		File_Name
0		1a0aA.B99990017

>>Clustering results - Representative structure - DBSCAN
Cluster		File_Name
0		1a0aA.B99990017.pdb

>>Clustering results - Representative structure - KMeans
Cluster		File_Name
0		1a0aA.B99990046.pdb
1		1a0aA.B99990050.pdb
2		1a0aA.B99990023.pdb
3		1a0aA.B99990031.pdb
4		1a0aA.B99990014.pdb
5		1a0aA.B99990035.pdb
6		1a0aA.B99990017.pdb
7		1a0aA.B99990013.pdb
8		1a0aA.B99990016.pdb
9		1a0aA.B99990006.pdb

>>Clustering results - Representative structure - MeanShift
Cluster		File_Name
0		1a0aA.B99990047.pdb
1		1a0aA.B99990031.pdb
2		1a0aA.B99990035.pdb

>>Clustering results - Representative structure - SpectralClustering
Cluster		File_Name
0		1a0aA.B99990016.pdb
1		1a0aA.B99990005.pdb
2		1a0aA.B99990038.pdb
3		1a0aA.B99990010.pdb
4		1a0aA.B99990013.pdb
5		1a0aA.B99990042.pdb
6		1a0aA.B99990034.pdb
7		1a0aA.B99990040.pdb

>>Clustering results - Representative structure - Ward
Cluster		File_Name
0		1a0aA.B99990003.pdb
1		1a0aA.B99990034.pdb
2		1a0aA.B99990046.pdb
3		1a0aA.B99990016.pdb
4		1a0aA.B99990035.pdb
5		1a0aA.B99990031.pdb
6		1a0aA.B99990005.pdb
7		1a0aA.B99990013.pdb
8		1a0aA.B99990010.pdb
##############################################################################################