>> Summary of successfully produced model

Filename                          molpdf     DOPE score  DOPE-HR score    GA341 score Normalized DOPE score-----------------------------------------------------------------------------------------------------------
1ak4C.B99990001.pdb            448.47223   -16144.23730   -15953.75195        1.00000       -2.05508
1ak4C.B99990002.pdb            582.10980   -16110.16699   -16000.84180        1.00000       -2.03844
1ak4C.B99990003.pdb            529.40424   -16017.16602   -15766.86914        1.00000       -1.99302
1ak4C.B99990004.pdb            481.19220   -16025.66699   -15671.09766        1.00000       -1.99717
1ak4C.B99990005.pdb            485.73389   -16048.21680   -15695.88281        1.00000       -2.00818
1ak4C.B99990006.pdb            455.83652   -15965.74316   -15695.64453        1.00000       -1.96790
1ak4C.B99990007.pdb            557.24402   -16037.99609   -15867.03027        1.00000       -2.00319
1ak4C.B99990008.pdb            443.46497   -16146.63379   -16096.58301        1.00000       -2.05625
1ak4C.B99990009.pdb            570.95905   -15992.16211   -15661.14160        1.00000       -1.98081
1ak4C.B99990010.pdb            520.22009   -16023.96777   -15676.08203        1.00000       -1.99634
1ak4C.B99990011.pdb            510.65567   -16071.80859   -15819.93164        1.00000       -2.01971
1ak4C.B99990012.pdb            534.95343   -16135.30566   -16039.54004        1.00000       -2.05072
1ak4C.B99990013.pdb            464.59167   -16097.93164   -15790.13184        1.00000       -2.03247
1ak4C.B99990014.pdb            448.21826   -16094.16113   -16041.70508        1.00000       -2.03062
1ak4C.B99990015.pdb            495.47528   -16144.89453   -15916.75879        1.00000       -2.05540
1ak4C.B99990016.pdb            605.72339   -15858.04199   -15306.97754        1.00000       -1.91530
1ak4C.B99990017.pdb            462.59802   -16029.40430   -15875.38379        1.00000       -1.99900
1ak4C.B99990018.pdb            449.30823   -16184.32910   -15960.85645        1.00000       -2.07466
1ak4C.B99990019.pdb            564.61731   -16059.78125   -15788.78906        1.00000       -2.01383
1ak4C.B99990020.pdb            451.57001   -16157.82129   -16186.50000        1.00000       -2.06172
1ak4C.B99990021.pdb            484.90170   -16128.37988   -15999.53320        1.00000       -2.04734
1ak4C.B99990022.pdb            483.14005   -16020.59180   -15839.29883        1.00000       -1.99469
1ak4C.B99990023.pdb            570.12280   -15912.96582   -15562.00293        1.00000       -1.94212
1ak4C.B99990024.pdb            490.52475   -16133.01172   -15947.50684        1.00000       -2.04960
1ak4C.B99990025.pdb            591.36469   -15936.20117   -15629.31055        1.00000       -1.95347
1ak4C.B99990026.pdb            466.19510   -16133.99414   -16013.77539        1.00000       -2.05008
1ak4C.B99990027.pdb            514.43536   -16013.33008   -15732.50195        1.00000       -1.99114
1ak4C.B99990028.pdb            492.64203   -15979.84863   -15723.57031        1.00000       -1.97479
1ak4C.B99990029.pdb            540.30432   -16142.05957   -15919.22461        1.00000       -2.05402
1ak4C.B99990030.pdb            468.34387   -16157.71875   -16194.62891        1.00000       -2.06167
1ak4C.B99990031.pdb            471.57446   -16068.73340   -15953.42188        1.00000       -2.01820
1ak4C.B99990032.pdb            524.42920   -16098.87012   -15760.57812        1.00000       -2.03292
1ak4C.B99990033.pdb            478.38962   -15989.31055   -15596.26367        1.00000       -1.97941
1ak4C.B99990034.pdb            467.79227   -16050.94629   -15881.28711        1.00000       -2.00952
1ak4C.B99990035.pdb            562.13025   -15932.65137   -15453.69434        1.00000       -1.95174
1ak4C.B99990036.pdb            434.02036   -16151.35352   -16112.69238        1.00000       -2.05856
1ak4C.B99990037.pdb            460.58969   -16024.39453   -15735.69922        1.00000       -1.99655
1ak4C.B99990038.pdb            449.56369   -16114.14160   -16047.50586        1.00000       -2.04038
1ak4C.B99990039.pdb            597.81213   -15991.79297   -15612.69434        1.00000       -1.98063
1ak4C.B99990040.pdb            547.02625   -16246.75098   -16146.44824        1.00000       -2.10515
1ak4C.B99990041.pdb            468.09915   -15919.72070   -15563.47949        1.00000       -1.94542
1ak4C.B99990042.pdb            610.00885   -15782.54102   -15204.94922        1.00000       -1.87842
1ak4C.B99990043.pdb            513.96307   -15952.88086   -15716.17383        1.00000       -1.96162
1ak4C.B99990044.pdb            537.62213   -16035.97168   -15694.98926        1.00000       -2.00220
1ak4C.B99990045.pdb            459.21875   -16126.08301   -16019.65039        1.00000       -2.04622
1ak4C.B99990046.pdb            557.36896   -16008.93555   -15549.03613        1.00000       -1.98900
1ak4C.B99990047.pdb            462.03021   -16098.01074   -15994.01562        1.00000       -2.03250
1ak4C.B99990048.pdb            512.88550   -15947.89453   -15633.97363        1.00000       -1.95918
1ak4C.B99990049.pdb            492.95166   -16024.98730   -15889.23047        1.00000       -1.99684
1ak4C.B99990050.pdb            441.39746   -16143.81250   -16075.08789        1.00000       -2.05488

>> Top model results:
molpdf: 434.0203552246094 (file: 1ak4C.B99990036.pdb)
DOPE score: -16246.7509765625 (file: 1ak4C.B99990040.pdb)
GA341 score: 1.0 (file: 1ak4C.B99990019.pdb)
Normalized DOPE score: -2.10515283860205 (file: 1ak4C.B99990040.pdb)

##############################################################################################
>>Clustering results - Representative structure - AffinityPropagation
Cluster		File_Name
0		1ak4C.B99990011

>>Clustering results - Representative structure - DBSCAN
Cluster		File_Name
0		1ak4C.B99990049.pdb
1		1ak4C.B99990046.pdb

>>Clustering results - Representative structure - KMeans
Cluster		File_Name
0		1ak4C.B99990017.pdb
1		1ak4C.B99990016.pdb
2		1ak4C.B99990035.pdb
3		1ak4C.B99990015.pdb
4		1ak4C.B99990025.pdb
5		1ak4C.B99990046.pdb
6		1ak4C.B99990032.pdb
7		1ak4C.B99990024.pdb
8		1ak4C.B99990008.pdb

>>Clustering results - Representative structure - MeanShift
Cluster		File_Name
0		1ak4C.B99990004.pdb
1		1ak4C.B99990023.pdb
2		1ak4C.B99990015.pdb
3		1ak4C.B99990025.pdb

>>Clustering results - Representative structure - SpectralClustering
Cluster		File_Name
0		1ak4C.B99990049.pdb
1		1ak4C.B99990023.pdb

>>Clustering results - Representative structure - Ward
Cluster		File_Name
0		1ak4C.B99990032.pdb
1		1ak4C.B99990027.pdb
2		1ak4C.B99990035.pdb
3		1ak4C.B99990008.pdb
4		1ak4C.B99990005.pdb
5		1ak4C.B99990025.pdb
6		1ak4C.B99990016.pdb
7		1ak4C.B99990024.pdb
8		1ak4C.B99990019.pdb
9		1ak4C.B99990017.pdb
##############################################################################################

##############################################################################################
>>Clustering results - Representative structure - AffinityPropagation
Cluster		File_Name
0		1ak4C.B99990007

>>Clustering results - Representative structure - DBSCAN
Cluster		File_Name
0		1ak4C.B99990018.pdb
1		1ak4C.B99990045.pdb
2		1ak4C.B99990007.pdb

>>Clustering results - Representative structure - KMeans
Cluster		File_Name
0		1ak4C.B99990026.pdb
1		1ak4C.B99990010.pdb
2		1ak4C.B99990019.pdb
3		1ak4C.B99990016.pdb

>>Clustering results - Representative structure - MeanShift
Cluster		File_Name
0		1ak4C.B99990013.pdb
1		1ak4C.B99990019.pdb
2		1ak4C.B99990016.pdb
3		1ak4C.B99990025.pdb

>>Clustering results - Representative structure - SpectralClustering
Cluster		File_Name
0		1ak4C.B99990010.pdb
1		1ak4C.B99990016.pdb
2		1ak4C.B99990026.pdb
3		1ak4C.B99990044.pdb

>>Clustering results - Representative structure - Ward
Cluster		File_Name
0		1ak4C.B99990010.pdb
1		1ak4C.B99990023.pdb
2		1ak4C.B99990026.pdb
3		1ak4C.B99990005.pdb
##############################################################################################