>> Summary of successfully produced model

Filename                          molpdf     DOPE score  DOPE-HR score    GA341 score Normalized DOPE score-----------------------------------------------------------------------------------------------------------
1auyA.B99990001.pdb            764.69647   -16359.76465   -15245.37012        1.00000       -0.82330
1auyA.B99990002.pdb            914.96588   -16177.75684   -14928.45508        1.00000       -0.74422
1auyA.B99990003.pdb            780.75549   -16260.92090   -14837.46484        1.00000       -0.78035
1auyA.B99990004.pdb            778.17035   -16108.36328   -14775.51562        1.00000       -0.71407
1auyA.B99990005.pdb            817.65802   -16130.83203   -14857.97461        1.00000       -0.72383
1auyA.B99990006.pdb            773.39270   -16140.60254   -14868.71094        1.00000       -0.72808
1auyA.B99990007.pdb            759.60535   -16258.21484   -15176.21094        1.00000       -0.77918
1auyA.B99990008.pdb            803.00812   -16186.36719   -14741.32910        1.00000       -0.74796
1auyA.B99990009.pdb            768.43103   -16158.07422   -15106.50684        1.00000       -0.73567
1auyA.B99990010.pdb            802.47644   -16099.98828   -14914.68848        1.00000       -0.71043
1auyA.B99990011.pdb            811.51477   -16265.37891   -15016.53027        1.00000       -0.78229
1auyA.B99990012.pdb            811.84521   -16205.69141   -15023.28418        1.00000       -0.75636
1auyA.B99990013.pdb            781.23749   -16078.95605   -14622.46094        1.00000       -0.70129
1auyA.B99990014.pdb            803.48468   -16249.74316   -14782.07129        1.00000       -0.77550
1auyA.B99990015.pdb            845.76569   -16070.93359   -14746.35547        1.00000       -0.69781
1auyA.B99990016.pdb            837.87659   -16093.07324   -14809.11914        1.00000       -0.70743
1auyA.B99990017.pdb            748.42877   -16127.74121   -14822.60352        1.00000       -0.72249
1auyA.B99990018.pdb            872.86780   -16091.20508   -14730.90137        1.00000       -0.70661
1auyA.B99990019.pdb            832.39160   -16081.74219   -14617.09082        1.00000       -0.70250
1auyA.B99990020.pdb            859.45935   -16008.09277   -14629.20312        1.00000       -0.67050
1auyA.B99990021.pdb            789.16589   -16202.36719   -14765.89258        1.00000       -0.75491
1auyA.B99990022.pdb            778.84235   -16106.71484   -14545.35254        1.00000       -0.71335
1auyA.B99990023.pdb            812.92554   -16220.69043   -14830.87891        1.00000       -0.76287
1auyA.B99990024.pdb            738.61200   -16298.00781   -14981.32129        1.00000       -0.79647
1auyA.B99990025.pdb            811.55841   -16186.83398   -15116.03613        1.00000       -0.74816
1auyA.B99990026.pdb            863.96173   -16132.34570   -14831.00195        1.00000       -0.72449
1auyA.B99990027.pdb            850.95325   -16151.67871   -15140.07617        1.00000       -0.73289
1auyA.B99990028.pdb            746.37781   -16259.34473   -15136.53223        1.00000       -0.77967
1auyA.B99990029.pdb            776.57837   -16217.93457   -15139.58691        1.00000       -0.76168
1auyA.B99990030.pdb            768.38666   -16407.29492   -15297.23145        1.00000       -0.84395
1auyA.B99990031.pdb            845.76160   -16059.07520   -14615.69824        1.00000       -0.69265
1auyA.B99990032.pdb            763.66882   -16222.74805   -15160.85742        1.00000       -0.76377
1auyA.B99990033.pdb            827.20636   -16175.60254   -15039.22754        1.00000       -0.74328
1auyA.B99990034.pdb            764.42712   -16232.87793   -15051.90039        1.00000       -0.76817
1auyA.B99990035.pdb            855.72162   -16106.78223   -14836.19531        1.00000       -0.71338
1auyA.B99990036.pdb            749.83081   -16305.59961   -15089.25488        1.00000       -0.79977
1auyA.B99990037.pdb            759.80035   -16107.23926   -14588.69922        1.00000       -0.71358
1auyA.B99990038.pdb            773.54016   -16303.26953   -15110.91895        1.00000       -0.79875
1auyA.B99990039.pdb            921.14685   -16046.29199   -14868.04395        1.00000       -0.68710
1auyA.B99990040.pdb            841.90662   -15887.42773   -14367.24414        1.00000       -0.61808
1auyA.B99990041.pdb            772.03571   -16185.50684   -15095.35352        1.00000       -0.74759
1auyA.B99990042.pdb            876.08594   -16181.60254   -15023.48828        1.00000       -0.74589
1auyA.B99990043.pdb            741.29132   -16122.36133   -14936.22754        1.00000       -0.72015
1auyA.B99990044.pdb            751.01062   -16137.25098   -14615.15234        1.00000       -0.72662
1auyA.B99990045.pdb            988.92847   -16026.39355   -14682.51367        1.00000       -0.67845
1auyA.B99990046.pdb            779.50061   -16146.58105   -14830.46582        1.00000       -0.73067
1auyA.B99990047.pdb            896.73877   -16113.00781   -14940.14062        1.00000       -0.71609
1auyA.B99990048.pdb            774.24072   -16154.38770   -14844.85254        1.00000       -0.73407
1auyA.B99990049.pdb            807.57843   -16179.41699   -14863.12695        1.00000       -0.74494
1auyA.B99990050.pdb            859.27930   -16314.75488   -15239.40234        1.00000       -0.80374

>> Top model results:
molpdf: 738.6119995117188 (file: 1auyA.B99990024.pdb)
DOPE score: -16407.294921875 (file: 1auyA.B99990030.pdb)
GA341 score: 1.0 (file: 1auyA.B99990017.pdb)
Normalized DOPE score: -0.843951513500532 (file: 1auyA.B99990030.pdb)

##############################################################################################
>>Clustering results - Representative structure - AffinityPropagation
Cluster		File_Name
0		1auyA.B99990018
1		1auyA.B99990049

>>Clustering results - Representative structure - DBSCAN
Cluster		File_Name
0		1auyA.B99990009.pdb
1		1auyA.B99990005.pdb
2		1auyA.B99990039.pdb

>>Clustering results - Representative structure - KMeans
Cluster		File_Name
0		1auyA.B99990039.pdb
1		1auyA.B99990049.pdb

>>Clustering results - Representative structure - MeanShift
Cluster		File_Name
0		1auyA.B99990009.pdb
1		1auyA.B99990005.pdb
2		1auyA.B99990045.pdb
3		1auyA.B99990018.pdb
4		1auyA.B99990025.pdb
5		1auyA.B99990030.pdb

>>Clustering results - Representative structure - SpectralClustering
Cluster		File_Name
0		1auyA.B99990049.pdb
1		1auyA.B99990039.pdb

>>Clustering results - Representative structure - Ward
Cluster		File_Name
0		1auyA.B99990049.pdb
1		1auyA.B99990039.pdb
##############################################################################################

##############################################################################################
>>Clustering results - Representative structure - AffinityPropagation
Cluster		File_Name
0		1auyA.B99990002

>>Clustering results - Representative structure - DBSCAN
Cluster		File_Name
0		1auyA.B99990002.pdb

>>Clustering results - Representative structure - KMeans
Cluster		File_Name
0		1auyA.B99990001.pdb
1		1auyA.B99990010.pdb
2		1auyA.B99990039.pdb
3		1auyA.B99990033.pdb
4		1auyA.B99990034.pdb
5		1auyA.B99990040.pdb
6		1auyA.B99990032.pdb
7		1auyA.B99990019.pdb

>>Clustering results - Representative structure - MeanShift
Cluster		File_Name
0		1auyA.B99990049.pdb
1		1auyA.B99990039.pdb
2		1auyA.B99990040.pdb

>>Clustering results - Representative structure - SpectralClustering
Cluster		File_Name
0		1auyA.B99990049.pdb
1		1auyA.B99990039.pdb

>>Clustering results - Representative structure - Ward
Cluster		File_Name
0		1auyA.B99990004.pdb
1		1auyA.B99990033.pdb
2		1auyA.B99990038.pdb
3		1auyA.B99990039.pdb
4		1auyA.B99990040.pdb
5		1auyA.B99990034.pdb
6		1auyA.B99990016.pdb
##############################################################################################