>> Summary of successfully produced model

Filename                          molpdf     DOPE score  DOPE-HR score    GA341 score Normalized DOPE score-----------------------------------------------------------------------------------------------------------
1ax8_.B99990001.pdb            995.12811   -15479.37891   -14972.48047        1.00000       -2.11901
1ax8_.B99990002.pdb            958.62115   -15512.99609   -14988.64355        1.00000       -2.13732
1ax8_.B99990003.pdb           1002.83124   -15516.96387   -15013.61230        1.00000       -2.13949
1ax8_.B99990004.pdb           1079.71082   -15333.21582   -14590.45605        1.00000       -2.03938
1ax8_.B99990005.pdb            968.31122   -15521.76953   -15033.31250        1.00000       -2.14210
1ax8_.B99990006.pdb           1004.62909   -15403.15820   -14985.01855        1.00000       -2.07749
1ax8_.B99990007.pdb           1006.60217   -15247.24902   -14304.42383        1.00000       -1.99255
1ax8_.B99990008.pdb            949.70215   -15472.96094   -15013.44629        1.00000       -2.11551
1ax8_.B99990009.pdb            993.81335   -15358.66211   -14764.18457        1.00000       -2.05325
1ax8_.B99990010.pdb           1051.98706   -15267.67871   -14449.06641        1.00000       -2.00368
1ax8_.B99990011.pdb            957.94037   -15520.18555   -14877.33691        1.00000       -2.14124
1ax8_.B99990012.pdb            978.73303   -15479.32617   -15034.81152        1.00000       -2.11898
1ax8_.B99990013.pdb            997.56311   -15430.41113   -14967.65527        1.00000       -2.09233
1ax8_.B99990014.pdb            976.54248   -15505.52832   -14951.70117        1.00000       -2.13326
1ax8_.B99990015.pdb            968.72241   -15490.76855   -15229.03613        1.00000       -2.12521
1ax8_.B99990016.pdb            996.47021   -15354.05176   -14626.44238        1.00000       -2.05073
1ax8_.B99990017.pdb            979.49042   -15410.84961   -14870.04297        1.00000       -2.08168
1ax8_.B99990018.pdb            980.60303   -15541.25977   -15080.09375        1.00000       -2.15272
1ax8_.B99990019.pdb            957.37512   -15435.72754   -14794.05762        1.00000       -2.09523
1ax8_.B99990020.pdb            971.82843   -15401.72949   -14761.75195        1.00000       -2.07671
1ax8_.B99990021.pdb            960.64374   -15530.33301   -15033.73828        1.00000       -2.14677
1ax8_.B99990022.pdb           1002.33508   -15300.69531   -14596.23145        1.00000       -2.02167
1ax8_.B99990023.pdb            967.08545   -15500.25488   -15073.89062        1.00000       -2.13038
1ax8_.B99990024.pdb            978.17694   -15477.16504   -15086.70605        1.00000       -2.11780
1ax8_.B99990025.pdb            945.44373   -15505.95215   -15055.00391        1.00000       -2.13349
1ax8_.B99990026.pdb            983.98651   -15427.69727   -14873.60449        1.00000       -2.09085
1ax8_.B99990027.pdb            993.50421   -15399.91602   -14543.67383        1.00000       -2.07572
1ax8_.B99990028.pdb            968.52631   -15578.63184   -15159.92871        1.00000       -2.17308
1ax8_.B99990029.pdb            951.24725   -15450.45703   -15022.29785        1.00000       -2.10325
1ax8_.B99990030.pdb            942.30206   -15560.15918   -15225.45020        1.00000       -2.16302
1ax8_.B99990031.pdb           1012.40253   -15326.51367   -14654.07422        1.00000       -2.03573
1ax8_.B99990032.pdb           1003.40448   -15255.77344   -14640.61328        1.00000       -1.99719
1ax8_.B99990033.pdb            957.76996   -15360.63379   -14796.52637        1.00000       -2.05432
1ax8_.B99990034.pdb            981.69421   -15402.49902   -14881.81738        1.00000       -2.07713
1ax8_.B99990035.pdb            991.55225   -15571.97266   -15167.88672        1.00000       -2.16945
1ax8_.B99990036.pdb            969.89929   -15594.25098   -15142.76465        1.00000       -2.18159
1ax8_.B99990037.pdb            986.10608   -15468.92676   -15103.32812        1.00000       -2.11332
1ax8_.B99990038.pdb           1011.82623   -15334.20605   -14606.21973        1.00000       -2.03992
1ax8_.B99990039.pdb            948.78241   -15564.25684   -15018.98926        1.00000       -2.16525
1ax8_.B99990040.pdb           1019.37396   -15375.02051   -14781.88477        1.00000       -2.06216
1ax8_.B99990041.pdb            973.64282   -15454.22363   -14978.79980        1.00000       -2.10531
1ax8_.B99990042.pdb           1008.30835   -15527.27344   -14932.19531        1.00000       -2.14510
1ax8_.B99990043.pdb            978.35309   -15466.62695   -15161.29980        1.00000       -2.11206
1ax8_.B99990044.pdb            982.50751   -15531.90137   -15004.65137        1.00000       -2.14762
1ax8_.B99990045.pdb            971.85461   -15479.35254   -15022.21289        1.00000       -2.11900
1ax8_.B99990046.pdb            993.77905   -15479.76172   -14983.20605        1.00000       -2.11922
1ax8_.B99990047.pdb           1000.92346   -15385.56152   -14829.00781        1.00000       -2.06790
1ax8_.B99990048.pdb           1042.43250   -15407.48926   -14912.22363        1.00000       -2.07985
1ax8_.B99990049.pdb            991.27905   -15533.02051   -15003.63184        1.00000       -2.14823
1ax8_.B99990050.pdb            976.80884   -15496.63867   -14965.29297        1.00000       -2.12841

>> Top model results:
molpdf: 942.3020629882812 (file: 1ax8_.B99990030.pdb)
DOPE score: -15594.2509765625 (file: 1ax8_.B99990036.pdb)
GA341 score: 1.0 (file: 1ax8_.B99990029.pdb)
Normalized DOPE score: -2.181590002794025 (file: 1ax8_.B99990036.pdb)

##############################################################################################
>>Clustering results - Representative structure - AffinityPropagation
Cluster		File_Name
0		1ax8_.B99990042

>>Clustering results - Representative structure - DBSCAN
Cluster		File_Name
0		1ax8_.B99990026.pdb
1		1ax8_.B99990037.pdb
2		1ax8_.B99990006.pdb

>>Clustering results - Representative structure - KMeans
Cluster		File_Name
0		1ax8_.B99990042.pdb
1		1ax8_.B99990026.pdb

>>Clustering results - Representative structure - MeanShift
Cluster		File_Name
0		1ax8_.B99990042.pdb
1		1ax8_.B99990026.pdb
2		1ax8_.B99990003.pdb

>>Clustering results - Representative structure - SpectralClustering
Cluster		File_Name
0		1ax8_.B99990042.pdb
1		1ax8_.B99990026.pdb

>>Clustering results - Representative structure - Ward
Cluster		File_Name
0		1ax8_.B99990026.pdb
1		1ax8_.B99990042.pdb
##############################################################################################

##############################################################################################
>>Clustering results - Representative structure - AffinityPropagation
Cluster		File_Name
0		1ax8_.B99990013

>>Clustering results - Representative structure - DBSCAN
Cluster		File_Name
0		1ax8_.B99990049.pdb
1		1ax8_.B99990006.pdb

>>Clustering results - Representative structure - KMeans
Cluster		File_Name
0		1ax8_.B99990009.pdb
1		1ax8_.B99990049.pdb
2		1ax8_.B99990006.pdb
3		1ax8_.B99990003.pdb
4		1ax8_.B99990007.pdb
5		1ax8_.B99990001.pdb
6		1ax8_.B99990046.pdb
7		1ax8_.B99990039.pdb
8		1ax8_.B99990028.pdb
9		1ax8_.B99990022.pdb

>>Clustering results - Representative structure - MeanShift
Cluster		File_Name
0		1ax8_.B99990044.pdb
1		1ax8_.B99990040.pdb
2		1ax8_.B99990026.pdb
3		1ax8_.B99990007.pdb
4		1ax8_.B99990046.pdb
5		1ax8_.B99990003.pdb
6		1ax8_.B99990039.pdb

>>Clustering results - Representative structure - SpectralClustering
Cluster		File_Name
0		1ax8_.B99990044.pdb
1		1ax8_.B99990046.pdb
2		1ax8_.B99990007.pdb
3		1ax8_.B99990050.pdb
4		1ax8_.B99990048.pdb
5		1ax8_.B99990032.pdb
6		1ax8_.B99990047.pdb

>>Clustering results - Representative structure - Ward
Cluster		File_Name
0		1ax8_.B99990044.pdb
1		1ax8_.B99990050.pdb
2		1ax8_.B99990048.pdb
3		1ax8_.B99990047.pdb
4		1ax8_.B99990046.pdb
5		1ax8_.B99990032.pdb
6		1ax8_.B99990007.pdb
##############################################################################################