>> Summary of successfully produced model

Filename                          molpdf     DOPE score  DOPE-HR score    GA341 score Normalized DOPE score-----------------------------------------------------------------------------------------------------------
1a12A.B99990001.pdb           2965.65796   -38109.42188   -30843.18164        1.00000       -0.39425
1a12A.B99990002.pdb           2766.26929   -37770.14453   -30381.93750        1.00000       -0.33433
1a12A.B99990003.pdb           2755.66479   -37843.53906   -30653.75781        1.00000       -0.34730
1a12A.B99990004.pdb           2804.15796   -37766.37891   -30265.84766        1.00000       -0.33367
1a12A.B99990005.pdb           3024.58496   -37165.41797   -28543.10938        1.00000       -0.22753
1a12A.B99990006.pdb           3182.55371   -36713.50391   -27398.47656        1.00000       -0.14772
1a12A.B99990007.pdb           2919.74023   -37772.81250   -29753.57617        1.00000       -0.33480
1a12A.B99990008.pdb           2883.50220   -37641.73828   -29599.88086        1.00000       -0.31166
1a12A.B99990009.pdb           2813.87524   -37611.10156   -29890.93750        1.00000       -0.30624
1a12A.B99990010.pdb           3026.21899   -37911.44922   -29995.92773        1.00000       -0.35929
1a12A.B99990011.pdb           2786.66016   -37347.76953   -28813.99023        1.00000       -0.25974
1a12A.B99990012.pdb           2996.66943   -37401.68359   -29444.18945        1.00000       -0.26926
1a12A.B99990013.pdb           2682.30786   -37883.54297   -30485.69531        1.00000       -0.35436
1a12A.B99990014.pdb           2873.17847   -37641.85156   -29897.52148        1.00000       -0.31168
1a12A.B99990015.pdb           2723.67383   -38157.07031   -30726.35156        1.00000       -0.40267
1a12A.B99990016.pdb           2879.00513   -37058.26172   -28780.96484        1.00000       -0.20861
1a12A.B99990017.pdb           2802.88184   -37701.54688   -30038.92578        1.00000       -0.32222
1a12A.B99990018.pdb           2978.18677   -38248.99219   -31154.15039        1.00000       -0.41890
1a12A.B99990019.pdb           3032.82666   -37886.16016   -30290.91211        1.00000       -0.35482
1a12A.B99990020.pdb           2707.53857   -37431.60547   -29798.90234        1.00000       -0.27454
1a12A.B99990021.pdb           2768.20630   -38301.78516   -30948.92383        1.00000       -0.42823
1a12A.B99990022.pdb           2676.45142   -37821.78906   -30351.19922        1.00000       -0.34345
1a12A.B99990023.pdb           2845.32129   -37334.09766   -28944.33008        1.00000       -0.25732
1a12A.B99990024.pdb           2886.12012   -37874.23438   -30655.97656        1.00000       -0.35272
1a12A.B99990025.pdb           2983.26196   -37730.01953   -29522.07227        1.00000       -0.32725
1a12A.B99990026.pdb           2876.79785   -37808.94531   -30091.76758        1.00000       -0.34119
1a12A.B99990027.pdb           2819.96338   -37873.96875   -30497.64844        1.00000       -0.35267
1a12A.B99990028.pdb           2830.08765   -37802.31641   -29647.33789        1.00000       -0.34002
1a12A.B99990029.pdb           2887.55127   -37833.40234   -30316.54492        1.00000       -0.34551
1a12A.B99990030.pdb           2739.94336   -38009.62891   -30807.80273        1.00000       -0.37663
1a12A.B99990031.pdb           3028.47388   -37326.89453   -28897.51367        1.00000       -0.25605
1a12A.B99990032.pdb           2726.72925   -37530.43359   -29590.90820        1.00000       -0.29200
1a12A.B99990033.pdb           3079.51904   -37532.04688   -29772.54688        1.00000       -0.29228
1a12A.B99990034.pdb           2751.04883   -37886.63281   -30190.78516        1.00000       -0.35491
1a12A.B99990035.pdb           2978.88916   -37193.97266   -28574.68164        1.00000       -0.23257
1a12A.B99990036.pdb           3049.87549   -37502.58203   -28867.95312        1.00000       -0.28708
1a12A.B99990037.pdb           3008.70044   -37177.55469   -28501.23828        1.00000       -0.22967
1a12A.B99990038.pdb           2905.86841   -37914.80469   -30422.21680        1.00000       -0.35988
1a12A.B99990039.pdb           2881.97095   -37798.94531   -29925.01953        1.00000       -0.33942
1a12A.B99990040.pdb           3020.27344   -37157.05469   -28997.58594        1.00000       -0.22605
1a12A.B99990041.pdb           3069.18848   -37347.30078   -29224.44922        1.00000       -0.25965
1a12A.B99990042.pdb           3021.81763   -37392.23438   -29215.08008        1.00000       -0.26759
1a12A.B99990043.pdb           2943.77100   -37329.40234   -29202.83984        1.00000       -0.25649
1a12A.B99990044.pdb           3112.38257   -37256.72266   -28934.31055        1.00000       -0.24366
1a12A.B99990045.pdb           2722.96216   -37800.05469   -30256.02539        1.00000       -0.33962
1a12A.B99990046.pdb           2954.28516   -37717.31250   -30116.38477        1.00000       -0.32500
1a12A.B99990047.pdb           3036.50708   -37249.50781   -28507.55664        1.00000       -0.24238
1a12A.B99990048.pdb           2740.75757   -37765.35156   -30732.05078        1.00000       -0.33349
1a12A.B99990049.pdb           3075.29614   -37095.85547   -28302.16602        1.00000       -0.21525
1a12A.B99990050.pdb           2735.08545   -38159.73438   -30881.96680        1.00000       -0.40314

>> Top model results:
molpdf: 2676.451416015625 (file: 1a12A.B99990022.pdb)
DOPE score: -38301.78515625 (file: 1a12A.B99990021.pdb)
GA341 score: 1.0 (file: 1a12A.B99990007.pdb)
Normalized DOPE score: -0.4282279086965778 (file: 1a12A.B99990021.pdb)

##############################################################################################
>>Clustering results - Representative structure - AffinityPropagation
Cluster		File_Name
0		1a12A.B99990007
1		1a12A.B99990010
2		1a12A.B99990018
3		1a12A.B99990031
4		1a12A.B99990041
5		1a12A.B99990045

>>Clustering results - Representative structure - DBSCAN
Cluster		File_Name
0		1a12A.B99990027.pdb
1		1a12A.B99990007.pdb
2		1a12A.B99990031.pdb
3		1a12A.B99990011.pdb
4		1a12A.B99990017.pdb

>>Clustering results - Representative structure - KMeans
Cluster		File_Name
0		1a12A.B99990045.pdb
1		1a12A.B99990036.pdb
2		1a12A.B99990018.pdb
3		1a12A.B99990039.pdb
4		1a12A.B99990007.pdb
5		1a12A.B99990035.pdb
6		1a12A.B99990031.pdb
7		1a12A.B99990049.pdb
8		1a12A.B99990027.pdb
9		1a12A.B99990001.pdb

>>Clustering results - Representative structure - MeanShift
Cluster		File_Name
0		1a12A.B99990032.pdb
1		1a12A.B99990030.pdb
2		1a12A.B99990047.pdb

>>Clustering results - Representative structure - SpectralClustering
Cluster		File_Name
0		1a12A.B99990018.pdb
1		1a12A.B99990028.pdb
2		1a12A.B99990005.pdb
3		1a12A.B99990019.pdb
4		1a12A.B99990031.pdb
5		1a12A.B99990007.pdb

>>Clustering results - Representative structure - Ward
Cluster		File_Name
0		1a12A.B99990036.pdb
1		1a12A.B99990049.pdb
2		1a12A.B99990035.pdb
3		1a12A.B99990018.pdb
4		1a12A.B99990045.pdb
5		1a12A.B99990022.pdb
6		1a12A.B99990031.pdb
7		1a12A.B99990001.pdb
8		1a12A.B99990007.pdb
9		1a12A.B99990027.pdb
##############################################################################################

##############################################################################################
>>Clustering results - Representative structure - AffinityPropagation
Cluster		File_Name
0		1a12A.B99990004
1		1a12A.B99990006
2		1a12A.B99990018
3		1a12A.B99990019
4		1a12A.B99990031
5		1a12A.B99990038
6		1a12A.B99990041

>>Clustering results - Representative structure - DBSCAN
Cluster		File_Name
0		1a12A.B99990032.pdb

>>Clustering results - Representative structure - KMeans
Cluster		File_Name
0		1a12A.B99990031.pdb
1		1a12A.B99990038.pdb
2		1a12A.B99990004.pdb

>>Clustering results - Representative structure - MeanShift
Cluster		File_Name
0		1a12A.B99990032.pdb
1		1a12A.B99990049.pdb

>>Clustering results - Representative structure - SpectralClustering
Cluster		File_Name
0		1a12A.B99990031.pdb
1		1a12A.B99990002.pdb

>>Clustering results - Representative structure - Ward
Cluster		File_Name
0		1a12A.B99990031.pdb
1		1a12A.B99990004.pdb
2		1a12A.B99990038.pdb
##############################################################################################