>> Summary of successfully produced model

Filename                          molpdf     DOPE score  DOPE-HR score    GA341 score Normalized DOPE score-----------------------------------------------------------------------------------------------------------
1a8i_.B99990001.pdb           4414.40039   -98828.47656   -88676.76562        1.00000       -0.93257
1a8i_.B99990002.pdb           4561.47559   -98936.96875   -88434.96875        1.00000       -0.94203
1a8i_.B99990003.pdb           4479.53662   -99056.08594   -88770.03125        1.00000       -0.95242
1a8i_.B99990004.pdb           4615.55371   -99049.65625   -89005.65625        1.00000       -0.95186
1a8i_.B99990005.pdb           4476.49414   -98656.92969   -87840.14062        1.00000       -0.91761
1a8i_.B99990006.pdb           4739.03662   -98451.39062   -87899.71875        1.00000       -0.89968
1a8i_.B99990007.pdb           4723.95703   -98082.23438   -87127.19531        1.00000       -0.86749
1a8i_.B99990008.pdb           4695.19141   -98535.90625   -86883.75781        1.00000       -0.90705
1a8i_.B99990009.pdb           4434.00732   -98822.53125   -87632.51562        1.00000       -0.93205
1a8i_.B99990010.pdb           4713.61426   -99014.67188   -88345.49219        1.00000       -0.94881
1a8i_.B99990011.pdb           4587.08545   -98882.44531   -88129.06250        1.00000       -0.93728
1a8i_.B99990012.pdb           4583.23535   -99410.90625   -88827.02344        1.00000       -0.98337
1a8i_.B99990013.pdb           4692.31543   -98819.79688   -88260.52344        1.00000       -0.93181
1a8i_.B99990014.pdb           4599.88672   -99061.28125   -88548.70312        1.00000       -0.95288
1a8i_.B99990015.pdb           4697.18555   -98814.30469   -87687.06250        1.00000       -0.93134
1a8i_.B99990016.pdb           4555.25488   -99154.63281   -89558.17969        1.00000       -0.96102
1a8i_.B99990017.pdb           4669.55811   -98984.43750   -88698.86719        1.00000       -0.94617
1a8i_.B99990018.pdb           4420.06592   -99311.65625   -89498.89844        1.00000       -0.97471
1a8i_.B99990019.pdb           4619.16016   -98264.04688   -86566.97656        1.00000       -0.88334
1a8i_.B99990020.pdb           4675.38037   -99349.71875   -89132.59375        1.00000       -0.97803
1a8i_.B99990021.pdb           4454.74023   -99119.14844   -88335.01562        1.00000       -0.95792
1a8i_.B99990022.pdb           4680.73926   -99010.76562   -88405.26562        1.00000       -0.94847
1a8i_.B99990023.pdb           4385.86865   -99233.22656   -89261.95312        1.00000       -0.96787
1a8i_.B99990024.pdb           4589.11279   -98249.46094   -87879.80469        1.00000       -0.88207
1a8i_.B99990025.pdb           4646.34277   -99003.12500   -88726.81250        1.00000       -0.94780
1a8i_.B99990026.pdb           4554.51611   -98725.47656   -87859.60938        1.00000       -0.92359
1a8i_.B99990027.pdb           4491.31641   -98974.35156   -88165.33594        1.00000       -0.94529
1a8i_.B99990028.pdb           4681.06348   -98335.41406   -87122.89062        1.00000       -0.88957
1a8i_.B99990029.pdb           4853.43799   -98330.69531   -87566.12500        1.00000       -0.88916
1a8i_.B99990030.pdb           4447.88330   -99275.78906   -89658.24219        1.00000       -0.97159
1a8i_.B99990031.pdb           4652.20703   -98639.96875   -87661.41406        1.00000       -0.91613
1a8i_.B99990032.pdb           4583.44189   -99197.04688   -88674.26562        1.00000       -0.96472
1a8i_.B99990033.pdb           4489.81885   -98511.79688   -88145.15625        1.00000       -0.90495
1a8i_.B99990034.pdb           4430.13232   -99173.70312   -88840.36719        1.00000       -0.96268
1a8i_.B99990035.pdb           5159.07520   -98204.36719   -87437.26562        1.00000       -0.87814
1a8i_.B99990036.pdb           4709.59033   -99117.22656   -89613.14844        1.00000       -0.95776
1a8i_.B99990037.pdb           4633.57227   -99344.31250   -89324.36719        1.00000       -0.97756
1a8i_.B99990038.pdb           4496.13818   -98975.03906   -88485.55469        1.00000       -0.94535
1a8i_.B99990039.pdb           4569.82080   -98866.45312   -89534.16406        1.00000       -0.93588
1a8i_.B99990040.pdb           4526.01367   -98964.55469   -88885.75781        1.00000       -0.94444
1a8i_.B99990041.pdb           4526.28223   -98494.87500   -87994.92188        1.00000       -0.90348
1a8i_.B99990042.pdb           4578.93359   -98867.10938   -87988.29688        1.00000       -0.93594
1a8i_.B99990043.pdb           4539.21436   -99629.19531   -89614.96094        1.00000       -1.00241
1a8i_.B99990044.pdb           4483.68359   -98902.12500   -88510.35938        1.00000       -0.93900
1a8i_.B99990045.pdb           4596.50098   -98440.82812   -87507.45312        1.00000       -0.89876
1a8i_.B99990046.pdb           4645.55176   -99445.30469   -89184.86719        1.00000       -0.98637
1a8i_.B99990047.pdb           4501.11865   -99509.51562   -89501.02344        1.00000       -0.99197
1a8i_.B99990048.pdb           5076.98682   -98225.58594   -87647.96875        1.00000       -0.87999
1a8i_.B99990049.pdb           4661.59912   -99159.96094   -88700.14844        1.00000       -0.96148
1a8i_.B99990050.pdb           4792.48486   -99139.93750   -89628.71875        1.00000       -0.95974

>> Top model results:
molpdf: 4385.86865234375 (file: 1a8i_.B99990023.pdb)
DOPE score: -99629.1953125 (file: 1a8i_.B99990043.pdb)
GA341 score: 1.0 (file: 1a8i_.B99990042.pdb)
Normalized DOPE score: -1.0024094302670086 (file: 1a8i_.B99990043.pdb)

##############################################################################################
>>Clustering results - Representative structure - AffinityPropagation
Cluster		File_Name
0		1a8i_.B99990003
1		1a8i_.B99990005
2		1a8i_.B99990007
3		1a8i_.B99990015
4		1a8i_.B99990016
5		1a8i_.B99990033

>>Clustering results - Representative structure - DBSCAN
Cluster		File_Name
0		1a8i_.B99990004.pdb
1		1a8i_.B99990005.pdb
2		1a8i_.B99990050.pdb
3		1a8i_.B99990045.pdb

>>Clustering results - Representative structure - KMeans
Cluster		File_Name
0		1a8i_.B99990015.pdb
1		1a8i_.B99990036.pdb

>>Clustering results - Representative structure - MeanShift
Cluster		File_Name
0		1a8i_.B99990015.pdb
1		1a8i_.B99990032.pdb
2		1a8i_.B99990046.pdb

>>Clustering results - Representative structure - SpectralClustering
Cluster		File_Name
0		1a8i_.B99990036.pdb
1		1a8i_.B99990015.pdb

>>Clustering results - Representative structure - Ward
Cluster		File_Name
0		1a8i_.B99990025.pdb
1		1a8i_.B99990003.pdb
2		1a8i_.B99990005.pdb
3		1a8i_.B99990039.pdb
4		1a8i_.B99990048.pdb
5		1a8i_.B99990017.pdb
6		1a8i_.B99990007.pdb
7		1a8i_.B99990032.pdb
8		1a8i_.B99990024.pdb
9		1a8i_.B99990046.pdb
##############################################################################################

##############################################################################################
>>Clustering results - Representative structure - AffinityPropagation
Cluster		File_Name
0		1a8i_.B99990001
1		1a8i_.B99990010
2		1a8i_.B99990016
3		1a8i_.B99990021
4		1a8i_.B99990023
5		1a8i_.B99990024
6		1a8i_.B99990042
7		1a8i_.B99990048

>>Clustering results - Representative structure - DBSCAN
Cluster		File_Name
0		1a8i_.B99990002.pdb

>>Clustering results - Representative structure - KMeans
Cluster		File_Name
0		1a8i_.B99990024.pdb
1		1a8i_.B99990004.pdb
2		1a8i_.B99990010.pdb
3		1a8i_.B99990037.pdb
4		1a8i_.B99990042.pdb
5		1a8i_.B99990039.pdb
6		1a8i_.B99990048.pdb
7		1a8i_.B99990013.pdb
8		1a8i_.B99990023.pdb

>>Clustering results - Representative structure - MeanShift
Cluster		File_Name
0		1a8i_.B99990003.pdb
1		1a8i_.B99990045.pdb

>>Clustering results - Representative structure - SpectralClustering
Cluster		File_Name
0		1a8i_.B99990033.pdb
1		1a8i_.B99990042.pdb
2		1a8i_.B99990039.pdb
3		1a8i_.B99990023.pdb
4		1a8i_.B99990048.pdb
5		1a8i_.B99990037.pdb
6		1a8i_.B99990010.pdb
7		1a8i_.B99990024.pdb
8		1a8i_.B99990004.pdb

>>Clustering results - Representative structure - Ward
Cluster		File_Name
0		1a8i_.B99990024.pdb
1		1a8i_.B99990048.pdb
2		1a8i_.B99990013.pdb
3		1a8i_.B99990037.pdb
4		1a8i_.B99990039.pdb
5		1a8i_.B99990023.pdb
6		1a8i_.B99990042.pdb
7		1a8i_.B99990004.pdb
8		1a8i_.B99990014.pdb
##############################################################################################