>> Summary of successfully produced model

Filename                          molpdf     DOPE score  DOPE-HR score    GA341 score Normalized DOPE score-----------------------------------------------------------------------------------------------------------
1adr_.B99990001.pdb            269.39764    -6377.37549    -5867.29834        1.00000       -1.02107
1adr_.B99990002.pdb            269.69086    -6291.58740    -5687.27344        1.00000       -0.94113
1adr_.B99990003.pdb            245.41579    -6452.65430    -5895.04346        1.00000       -1.09122
1adr_.B99990004.pdb            282.17505    -6346.36816    -5765.10742        1.00000       -0.99218
1adr_.B99990005.pdb            263.54080    -6335.76904    -5763.92920        1.00000       -0.98230
1adr_.B99990006.pdb            259.42963    -6455.68115    -5893.21582        1.00000       -1.09404
1adr_.B99990007.pdb            263.25256    -6282.05371    -5890.85938        1.00000       -0.93224
1adr_.B99990008.pdb            295.26221    -6164.63818    -5525.85303        1.00000       -0.82283
1adr_.B99990009.pdb            342.13235    -6257.00879    -5640.98633        0.99823       -0.90891
1adr_.B99990010.pdb            267.27957    -6386.81689    -5861.83740        1.00000       -1.02987
1adr_.B99990011.pdb            265.74484    -6315.76025    -5935.93994        0.99965       -0.96365
1adr_.B99990012.pdb            328.10861    -6379.45215    -5736.28857        0.99882       -1.02301
1adr_.B99990013.pdb            287.72791    -6415.01025    -6022.60889        1.00000       -1.05614
1adr_.B99990014.pdb            295.83154    -6257.89844    -5658.38086        0.99995       -0.90974
1adr_.B99990015.pdb            262.40555    -6291.78174    -5540.72607        1.00000       -0.94131
1adr_.B99990016.pdb            255.99034    -6357.07422    -5795.35938        0.99394       -1.00215
1adr_.B99990017.pdb            248.79356    -6227.16553    -5775.38232        1.00000       -0.88110
1adr_.B99990018.pdb            279.12286    -6300.03076    -5719.36670        1.00000       -0.94900
1adr_.B99990019.pdb            292.26938    -6342.47266    -5754.13184        0.99999       -0.98855
1adr_.B99990020.pdb            239.84689    -6422.30859    -5923.69092        0.99993       -1.06294
1adr_.B99990021.pdb            271.91107    -6469.71533    -5813.16260        1.00000       -1.10712
1adr_.B99990022.pdb            322.33939    -6195.77539    -5567.10693        1.00000       -0.85185
1adr_.B99990023.pdb            277.84033    -6416.70996    -6102.74170        1.00000       -1.05773
1adr_.B99990024.pdb            306.57242    -6196.81348    -5557.71631        1.00000       -0.85281
1adr_.B99990025.pdb            277.29813    -6325.11328    -5949.52930        1.00000       -0.97237
1adr_.B99990026.pdb            285.73114    -6183.67822    -5598.01953        0.99978       -0.84057
1adr_.B99990027.pdb            253.52794    -6353.41357    -5819.78857        1.00000       -0.99874
1adr_.B99990028.pdb            250.18607    -6329.43311    -5791.38770        1.00000       -0.97640
1adr_.B99990029.pdb            269.65359    -6320.55225    -5781.16748        1.00000       -0.96812
1adr_.B99990030.pdb            277.08163    -6203.71240    -5652.33838        1.00000       -0.85924
1adr_.B99990031.pdb            306.42773    -6278.74414    -5537.43164        0.99463       -0.92916
1adr_.B99990032.pdb            328.47977    -6424.10840    -5637.82471        0.98287       -1.06462
1adr_.B99990033.pdb            254.09059    -6080.19873    -5642.57031        0.99998       -0.74414
1adr_.B99990034.pdb            343.68613    -6390.38086    -5768.91211        1.00000       -1.03319
1adr_.B99990035.pdb            355.30319    -6330.30518    -5465.52393        0.99861       -0.97721
1adr_.B99990036.pdb            257.70581    -6392.25244    -5666.00439        1.00000       -1.03493
1adr_.B99990037.pdb            275.83975    -6296.69189    -5550.91455        1.00000       -0.94589
1adr_.B99990038.pdb            277.49625    -6285.93896    -5703.15039        1.00000       -0.93587
1adr_.B99990039.pdb            317.76273    -6442.89893    -5910.98584        0.99982       -1.08213
1adr_.B99990040.pdb            278.39651    -6398.92041    -5904.12158        1.00000       -1.04115
1adr_.B99990041.pdb            254.24867    -6399.45312    -5891.43359        1.00000       -1.04165
1adr_.B99990042.pdb            278.45087    -6264.90625    -5815.54736        1.00000       -0.91627
1adr_.B99990043.pdb            273.88373    -6372.53369    -5972.84033        1.00000       -1.01656
1adr_.B99990044.pdb            349.53342    -6329.60889    -5538.30957        1.00000       -0.97656
1adr_.B99990045.pdb            337.40201    -6258.61084    -5446.58740        1.00000       -0.91040
1adr_.B99990046.pdb            284.88800    -6460.07715    -5657.21777        1.00000       -1.09814
1adr_.B99990047.pdb            250.46622    -6435.38672    -5849.96094        1.00000       -1.07513
1adr_.B99990048.pdb            263.73871    -6401.97656    -6007.41113        0.99971       -1.04400
1adr_.B99990049.pdb            308.80692    -6309.92676    -5670.79834        1.00000       -0.95822
1adr_.B99990050.pdb            410.71341    -6275.06689    -5382.26172        1.00000       -0.92573

>> Top model results:
molpdf: 239.84689331054688 (file: 1adr_.B99990020.pdb)
DOPE score: -6469.71533203125 (file: 1adr_.B99990021.pdb)
GA341 score: 0.9828704595565796 (file: 1adr_.B99990032.pdb)
Normalized DOPE score: -1.107119717199857 (file: 1adr_.B99990021.pdb)

##############################################################################################
>>Clustering results - Representative structure - AffinityPropagation
Cluster		File_Name
0		1adr_.B99990002
1		1adr_.B99990022
2		1adr_.B99990023
3		1adr_.B99990026
4		1adr_.B99990043
5		1adr_.B99990049

>>Clustering results - Representative structure - DBSCAN
Cluster		File_Name
0		1adr_.B99990028.pdb
1		1adr_.B99990015.pdb
2		1adr_.B99990049.pdb

>>Clustering results - Representative structure - KMeans
Cluster		File_Name
0		1adr_.B99990017.pdb
1		1adr_.B99990049.pdb

>>Clustering results - Representative structure - MeanShift
Cluster		File_Name
0		1adr_.B99990017.pdb
1		1adr_.B99990049.pdb

>>Clustering results - Representative structure - SpectralClustering
Cluster		File_Name
0		1adr_.B99990017.pdb
1		1adr_.B99990049.pdb

>>Clustering results - Representative structure - Ward
Cluster		File_Name
0		1adr_.B99990017.pdb
1		1adr_.B99990049.pdb
##############################################################################################

##############################################################################################
>>Clustering results - Representative structure - AffinityPropagation
Cluster		File_Name
0		1adr_.B99990002
1		1adr_.B99990012
2		1adr_.B99990030
3		1adr_.B99990041
4		1adr_.B99990043
5		1adr_.B99990045

>>Clustering results - Representative structure - DBSCAN
Cluster		File_Name
0		1adr_.B99990029.pdb

>>Clustering results - Representative structure - KMeans
Cluster		File_Name
0		1adr_.B99990030.pdb
1		1adr_.B99990029.pdb
2		1adr_.B99990045.pdb
3		1adr_.B99990043.pdb
4		1adr_.B99990012.pdb
5		1adr_.B99990041.pdb

>>Clustering results - Representative structure - MeanShift
Cluster		File_Name
0		1adr_.B99990011.pdb
1		1adr_.B99990044.pdb

>>Clustering results - Representative structure - SpectralClustering
Cluster		File_Name
0		1adr_.B99990018.pdb
1		1adr_.B99990045.pdb
2		1adr_.B99990012.pdb
3		1adr_.B99990030.pdb
4		1adr_.B99990027.pdb
5		1adr_.B99990041.pdb

>>Clustering results - Representative structure - Ward
Cluster		File_Name
0		1adr_.B99990043.pdb
1		1adr_.B99990030.pdb
2		1adr_.B99990045.pdb
3		1adr_.B99990041.pdb
4		1adr_.B99990029.pdb
5		1adr_.B99990032.pdb
##############################################################################################