>> Summary of successfully produced model

Filename                          molpdf     DOPE score  DOPE-HR score    GA341 score Normalized DOPE score-----------------------------------------------------------------------------------------------------------
1a6jA.B99990001.pdb            681.85925   -16246.37109   -14807.56738        1.00000       -1.41151
1a6jA.B99990002.pdb            686.37177   -16267.01172   -15105.05469        1.00000       -1.42126
1a6jA.B99990003.pdb            649.05261   -16037.38184   -14565.43457        1.00000       -1.31284
1a6jA.B99990004.pdb            664.78033   -16004.58789   -14506.09961        1.00000       -1.29735
1a6jA.B99990005.pdb            685.44586   -16247.53516   -15029.52148        1.00000       -1.41206
1a6jA.B99990006.pdb            672.10162   -16364.15918   -14960.17480        1.00000       -1.46712
1a6jA.B99990007.pdb            675.77386   -16288.40723   -14827.73828        1.00000       -1.43136
1a6jA.B99990008.pdb            639.33350   -16600.64062   -15366.45801        1.00000       -1.57878
1a6jA.B99990009.pdb            671.64032   -16088.66895   -14706.85742        1.00000       -1.33705
1a6jA.B99990010.pdb            661.63611   -16302.47363   -14825.49805        1.00000       -1.43800
1a6jA.B99990011.pdb            626.31177   -16405.11719   -14945.15332        1.00000       -1.48646
1a6jA.B99990012.pdb            640.36096   -16232.74805   -14861.26758        1.00000       -1.40508
1a6jA.B99990013.pdb            693.55444   -16175.79492   -14607.67871        1.00000       -1.37819
1a6jA.B99990014.pdb            691.59753   -16281.83887   -14799.65430        1.00000       -1.42826
1a6jA.B99990015.pdb            680.69568   -16091.11035   -14750.87500        1.00000       -1.33821
1a6jA.B99990016.pdb            645.51764   -16287.43066   -14969.02148        1.00000       -1.43090
1a6jA.B99990017.pdb            727.58777   -16284.29883   -15013.61914        1.00000       -1.42942
1a6jA.B99990018.pdb            685.00458   -16387.72656   -15148.19141        1.00000       -1.47825
1a6jA.B99990019.pdb            668.07971   -16516.45117   -15246.94629        1.00000       -1.53903
1a6jA.B99990020.pdb            653.03156   -16391.95508   -15383.07129        1.00000       -1.48025
1a6jA.B99990021.pdb            681.19733   -16467.16211   -15327.10449        1.00000       -1.51576
1a6jA.B99990022.pdb            761.32330   -15966.75488   -14444.08789        1.00000       -1.27949
1a6jA.B99990023.pdb            656.51404   -16474.40430   -15136.69434        1.00000       -1.51917
1a6jA.B99990024.pdb            619.63684   -16631.00000   -15383.22949        1.00000       -1.59311
1a6jA.B99990025.pdb            684.58459   -16228.06348   -14867.51465        1.00000       -1.40287
1a6jA.B99990026.pdb            634.19714   -16359.20312   -15143.64844        1.00000       -1.46478
1a6jA.B99990027.pdb            729.97784   -16243.84863   -14871.10645        1.00000       -1.41032
1a6jA.B99990028.pdb            652.31128   -16290.06934   -14813.93262        1.00000       -1.43214
1a6jA.B99990029.pdb            630.17053   -16557.70898   -15359.35840        1.00000       -1.55851
1a6jA.B99990030.pdb            715.19745   -16276.50586   -14953.04883        1.00000       -1.42574
1a6jA.B99990031.pdb            707.92010   -16474.71289   -14913.82617        1.00000       -1.51932
1a6jA.B99990032.pdb            682.55719   -16309.59570   -15065.95020        1.00000       -1.44136
1a6jA.B99990033.pdb            643.86334   -16286.42188   -15140.14355        1.00000       -1.43042
1a6jA.B99990034.pdb            692.22046   -16346.69043   -15247.18164        1.00000       -1.45888
1a6jA.B99990035.pdb            666.09338   -16265.04688   -14895.82617        1.00000       -1.42033
1a6jA.B99990036.pdb            659.37561   -16146.04492   -14807.77734        1.00000       -1.36414
1a6jA.B99990037.pdb            693.25183   -16199.66113   -14482.37500        1.00000       -1.38946
1a6jA.B99990038.pdb            650.25269   -16134.87207   -14532.69141        1.00000       -1.35887
1a6jA.B99990039.pdb            651.56531   -16363.51172   -14916.37207        1.00000       -1.46682
1a6jA.B99990040.pdb            707.75769   -16432.96484   -15263.60645        1.00000       -1.49961
1a6jA.B99990041.pdb            660.58374   -16198.25586   -14921.17773        1.00000       -1.38879
1a6jA.B99990042.pdb            655.08887   -16217.34570   -14901.01855        1.00000       -1.39781
1a6jA.B99990043.pdb            632.26917   -16498.40234   -15181.05762        1.00000       -1.53051
1a6jA.B99990044.pdb            700.88147   -16185.35156   -14859.80176        1.00000       -1.38270
1a6jA.B99990045.pdb            697.98224   -16287.47656   -15013.15723        1.00000       -1.43092
1a6jA.B99990046.pdb            690.29541   -16440.02344   -15104.76270        1.00000       -1.50294
1a6jA.B99990047.pdb            698.33234   -16041.14746   -14421.95996        1.00000       -1.31462
1a6jA.B99990048.pdb            671.31390   -16219.51367   -14801.22559        1.00000       -1.39883
1a6jA.B99990049.pdb            688.61108   -16357.32617   -15107.67676        1.00000       -1.46390
1a6jA.B99990050.pdb            703.52045   -16189.09082   -14699.96484        1.00000       -1.38447

>> Top model results:
molpdf: 619.6368408203125 (file: 1a6jA.B99990024.pdb)
DOPE score: -16631.0 (file: 1a6jA.B99990024.pdb)
GA341 score: 1.0 (file: 1a6jA.B99990021.pdb)
Normalized DOPE score: -1.5931104315092997 (file: 1a6jA.B99990024.pdb)

##############################################################################################
>>Clustering results - Representative structure - AffinityPropagation
Cluster		File_Name
0		1a6jA.B99990042

>>Clustering results - Representative structure - DBSCAN
Cluster		File_Name
0		1a6jA.B99990016.pdb
1		1a6jA.B99990005.pdb
2		1a6jA.B99990013.pdb

>>Clustering results - Representative structure - KMeans
Cluster		File_Name
0		1a6jA.B99990016.pdb
1		1a6jA.B99990041.pdb
2		1a6jA.B99990022.pdb

>>Clustering results - Representative structure - MeanShift
Cluster		File_Name
0		1a6jA.B99990016.pdb
1		1a6jA.B99990005.pdb
2		1a6jA.B99990022.pdb
3		1a6jA.B99990033.pdb

>>Clustering results - Representative structure - SpectralClustering
Cluster		File_Name
0		1a6jA.B99990041.pdb
1		1a6jA.B99990049.pdb

>>Clustering results - Representative structure - Ward
Cluster		File_Name
0		1a6jA.B99990016.pdb
1		1a6jA.B99990041.pdb
2		1a6jA.B99990022.pdb
##############################################################################################

##############################################################################################
>>Clustering results - Representative structure - AffinityPropagation
Cluster		File_Name
0		1a6jA.B99990031
1		1a6jA.B99990044

>>Clustering results - Representative structure - DBSCAN
Cluster		File_Name
0		1a6jA.B99990001.pdb
1		1a6jA.B99990010.pdb
2		1a6jA.B99990045.pdb

>>Clustering results - Representative structure - KMeans
Cluster		File_Name
0		1a6jA.B99990046.pdb
1		1a6jA.B99990013.pdb
2		1a6jA.B99990008.pdb
3		1a6jA.B99990042.pdb
4		1a6jA.B99990005.pdb
5		1a6jA.B99990003.pdb
6		1a6jA.B99990039.pdb
7		1a6jA.B99990022.pdb
8		1a6jA.B99990033.pdb
9		1a6jA.B99990019.pdb

>>Clustering results - Representative structure - MeanShift
Cluster		File_Name
0		1a6jA.B99990006.pdb
1		1a6jA.B99990041.pdb
2		1a6jA.B99990033.pdb
3		1a6jA.B99990022.pdb

>>Clustering results - Representative structure - SpectralClustering
Cluster		File_Name
0		1a6jA.B99990023.pdb
1		1a6jA.B99990041.pdb
2		1a6jA.B99990008.pdb
3		1a6jA.B99990037.pdb
4		1a6jA.B99990026.pdb
5		1a6jA.B99990003.pdb
6		1a6jA.B99990035.pdb

>>Clustering results - Representative structure - Ward
Cluster		File_Name
0		1a6jA.B99990014.pdb
1		1a6jA.B99990032.pdb
2		1a6jA.B99990043.pdb
3		1a6jA.B99990009.pdb
4		1a6jA.B99990022.pdb
##############################################################################################