>> Summary of successfully produced model

Filename                          molpdf     DOPE score  DOPE-HR score    GA341 score Normalized DOPE score-----------------------------------------------------------------------------------------------------------
153l_.B99990001.pdb            767.26404   -19669.82617   -18627.92578        1.00000       -1.93502
153l_.B99990002.pdb            744.92261   -19912.06250   -19186.48047        1.00000       -2.02775
153l_.B99990003.pdb            763.94769   -19806.78125   -19090.46875        1.00000       -1.98745
153l_.B99990004.pdb            854.37140   -19709.31641   -18684.44336        1.00000       -1.95014
153l_.B99990005.pdb            814.87817   -19880.81641   -19280.31836        1.00000       -2.01579
153l_.B99990006.pdb            745.70477   -19853.75391   -19183.87891        1.00000       -2.00543
153l_.B99990007.pdb            943.92401   -19763.24219   -18660.42773        1.00000       -1.97078
153l_.B99990008.pdb            738.90942   -19853.00000   -19092.72656        1.00000       -2.00514
153l_.B99990009.pdb            738.71991   -19813.12891   -19126.34961        1.00000       -1.98988
153l_.B99990010.pdb            726.49078   -19781.00195   -18825.83594        1.00000       -1.97758
153l_.B99990011.pdb            790.24011   -19580.44531   -18443.54297        1.00000       -1.90080
153l_.B99990012.pdb            799.67725   -19616.42969   -18227.31641        1.00000       -1.91458
153l_.B99990013.pdb            838.52783   -19879.10547   -19151.11328        1.00000       -2.01513
153l_.B99990014.pdb            746.21375   -19846.57422   -19030.35742        1.00000       -2.00268
153l_.B99990015.pdb            777.24066   -19800.18164   -19113.81836        1.00000       -1.98492
153l_.B99990016.pdb            831.36206   -19793.84375   -18814.48047        1.00000       -1.98249
153l_.B99990017.pdb            715.82660   -19932.69922   -19290.39844        1.00000       -2.03565
153l_.B99990018.pdb            794.87469   -19835.64258   -19123.09570        1.00000       -1.99850
153l_.B99990019.pdb            866.18262   -19587.20312   -18524.69336        1.00000       -1.90339
153l_.B99990020.pdb            777.98438   -19808.92578   -19175.13477        1.00000       -1.98827
153l_.B99990021.pdb            814.29681   -19628.53320   -18960.76367        1.00000       -1.91921
153l_.B99990022.pdb            824.56848   -19829.23438   -19004.87891        1.00000       -1.99604
153l_.B99990023.pdb            760.90186   -19771.34766   -18928.52148        1.00000       -1.97388
153l_.B99990024.pdb            767.04059   -19725.80859   -18824.32227        1.00000       -1.95645
153l_.B99990025.pdb            735.44037   -19753.81836   -19054.70703        1.00000       -1.96717
153l_.B99990026.pdb            760.52631   -19577.49609   -18635.73828        1.00000       -1.89967
153l_.B99990027.pdb            764.82751   -19693.35742   -18838.05469        1.00000       -1.94403
153l_.B99990028.pdb            811.74371   -19445.00586   -18176.53320        1.00000       -1.84895
153l_.B99990029.pdb            792.34131   -19871.16211   -19144.43359        1.00000       -2.01209
153l_.B99990030.pdb            853.67090   -19671.01953   -18518.08789        1.00000       -1.93548
153l_.B99990031.pdb            767.56213   -19834.81641   -19080.98633        1.00000       -1.99818
153l_.B99990032.pdb            834.91425   -19675.73828   -18662.98633        1.00000       -1.93728
153l_.B99990033.pdb            731.06903   -19821.39648   -19116.86719        1.00000       -1.99304
153l_.B99990034.pdb            842.53149   -19600.22461   -18460.47070        1.00000       -1.90837
153l_.B99990035.pdb            808.91351   -19883.87695   -19138.02539        1.00000       -2.01696
153l_.B99990036.pdb            737.51373   -19771.90820   -19160.54102        1.00000       -1.97410
153l_.B99990037.pdb            779.79047   -19768.16602   -19046.38477        1.00000       -1.97266
153l_.B99990038.pdb           1013.63208   -19503.07031   -18564.90430        1.00000       -1.87118
153l_.B99990039.pdb            748.84753   -19819.43555   -19018.02148        1.00000       -1.99229
153l_.B99990040.pdb            823.34833   -19829.67578   -19176.97656        1.00000       -1.99621
153l_.B99990041.pdb            796.74042   -19665.33203   -19038.97461        1.00000       -1.93330
153l_.B99990042.pdb            735.98419   -20020.43945   -19494.53516        1.00000       -2.06924
153l_.B99990043.pdb            840.55475   -19787.66016   -19101.02734        1.00000       -1.98013
153l_.B99990044.pdb            808.34601   -19736.88086   -18758.42383        1.00000       -1.96069
153l_.B99990045.pdb            803.93115   -19662.02148   -18599.33594        1.00000       -1.93203
153l_.B99990046.pdb            735.28955   -19767.45117   -19043.97852        1.00000       -1.97239
153l_.B99990047.pdb            755.92542   -19815.65234   -19054.02148        1.00000       -1.99084
153l_.B99990048.pdb            946.07422   -19678.36914   -18798.56445        1.00000       -1.93829
153l_.B99990049.pdb            855.59210   -19778.13281   -18794.35352        1.00000       -1.97648
153l_.B99990050.pdb            756.74329   -19659.80078   -18544.79492        1.00000       -1.93118

>> Top model results:
molpdf: 715.8265991210938 (file: 153l_.B99990017.pdb)
DOPE score: -20020.439453125 (file: 153l_.B99990042.pdb)
GA341 score: 1.0 (file: 153l_.B99990019.pdb)
Normalized DOPE score: -2.0692400095710197 (file: 153l_.B99990042.pdb)

##############################################################################################
>>Clustering results - Representative structure - AffinityPropagation
Cluster		File_Name
0		153l_.B99990041

>>Clustering results - Representative structure - DBSCAN
Cluster		File_Name
0		153l_.B99990018.pdb
1		153l_.B99990029.pdb
2		153l_.B99990019.pdb

>>Clustering results - Representative structure - KMeans
Cluster		File_Name
0		153l_.B99990011.pdb
1		153l_.B99990002.pdb

>>Clustering results - Representative structure - MeanShift
Cluster		File_Name
0		153l_.B99990018.pdb
1		153l_.B99990029.pdb
2		153l_.B99990002.pdb
3		153l_.B99990048.pdb

>>Clustering results - Representative structure - SpectralClustering
Cluster		File_Name
0		153l_.B99990011.pdb
1		153l_.B99990002.pdb

>>Clustering results - Representative structure - Ward
Cluster		File_Name
0		153l_.B99990011.pdb
1		153l_.B99990002.pdb
##############################################################################################

##############################################################################################
>>Clustering results - Representative structure - AffinityPropagation
Cluster		File_Name
0		153l_.B99990002
1		153l_.B99990003
2		153l_.B99990004
3		153l_.B99990017
4		153l_.B99990019
5		153l_.B99990022
6		153l_.B99990030
7		153l_.B99990035

>>Clustering results - Representative structure - DBSCAN
Cluster		File_Name
0		153l_.B99990031.pdb
1		153l_.B99990021.pdb
2		153l_.B99990027.pdb

>>Clustering results - Representative structure - KMeans
Cluster		File_Name
0		153l_.B99990011.pdb
1		153l_.B99990022.pdb
2		153l_.B99990020.pdb
3		153l_.B99990002.pdb
4		153l_.B99990030.pdb
5		153l_.B99990041.pdb
6		153l_.B99990017.pdb
7		153l_.B99990028.pdb

>>Clustering results - Representative structure - MeanShift
Cluster		File_Name
0		153l_.B99990003.pdb
1		153l_.B99990045.pdb
2		153l_.B99990022.pdb
3		153l_.B99990030.pdb
4		153l_.B99990028.pdb
5		153l_.B99990002.pdb
6		153l_.B99990017.pdb

>>Clustering results - Representative structure - SpectralClustering
Cluster		File_Name
0		153l_.B99990031.pdb
1		153l_.B99990028.pdb
2		153l_.B99990002.pdb
3		153l_.B99990030.pdb
4		153l_.B99990022.pdb
5		153l_.B99990045.pdb

>>Clustering results - Representative structure - Ward
Cluster		File_Name
0		153l_.B99990020.pdb
1		153l_.B99990041.pdb
2		153l_.B99990030.pdb
3		153l_.B99990002.pdb
4		153l_.B99990022.pdb
5		153l_.B99990011.pdb
6		153l_.B99990017.pdb
7		153l_.B99990028.pdb
##############################################################################################