>> Summary of successfully produced model

Filename                          molpdf     DOPE score  DOPE-HR score    GA341 score Normalized DOPE score-----------------------------------------------------------------------------------------------------------
1a4sA.B99990001.pdb           2535.73584   -55330.76953   -49221.21484        1.00000       -0.70663
1a4sA.B99990002.pdb           2482.55713   -55571.87500   -49357.75391        1.00000       -0.74058
1a4sA.B99990003.pdb           2410.86646   -55918.28516   -49939.28906        1.00000       -0.78936
1a4sA.B99990004.pdb           2470.77979   -55160.19141   -49091.73438        1.00000       -0.68262
1a4sA.B99990005.pdb           2406.07397   -55629.98047   -49474.28516        1.00000       -0.74876
1a4sA.B99990006.pdb           2634.25830   -55507.36328   -49123.60156        1.00000       -0.73150
1a4sA.B99990007.pdb           2327.35327   -55291.25000   -49124.07812        1.00000       -0.70107
1a4sA.B99990008.pdb           2569.31787   -55248.69531   -48763.89062        1.00000       -0.69508
1a4sA.B99990009.pdb           2393.39746   -55582.23047   -49755.58203        1.00000       -0.74204
1a4sA.B99990010.pdb           2338.87500   -55326.00391   -49405.79297        1.00000       -0.70596
1a4sA.B99990011.pdb           2439.94531   -55130.91797   -48630.36719        1.00000       -0.67850
1a4sA.B99990012.pdb           2360.74683   -55620.32422   -49326.23047        1.00000       -0.74740
1a4sA.B99990013.pdb           2356.07324   -55280.93359   -49034.72656        1.00000       -0.69962
1a4sA.B99990014.pdb           2581.77930   -55380.94531   -49147.86719        1.00000       -0.71370
1a4sA.B99990015.pdb           2536.10205   -55653.96875   -49747.03125        1.00000       -0.75214
1a4sA.B99990016.pdb           2487.18604   -55360.84766   -49137.24219        1.00000       -0.71087
1a4sA.B99990017.pdb           2392.58569   -55941.05859   -50026.10156        1.00000       -0.79256
1a4sA.B99990018.pdb           2439.62769   -55211.24609   -48653.14453        1.00000       -0.68981
1a4sA.B99990019.pdb           2422.18286   -55411.85156   -48843.67188        1.00000       -0.71805
1a4sA.B99990020.pdb           2651.01440   -55563.40625   -49252.50000        1.00000       -0.73939
1a4sA.B99990021.pdb           2316.66113   -55888.57031   -49603.85938        1.00000       -0.78517
1a4sA.B99990022.pdb           2572.81812   -55403.42188   -49291.58594        1.00000       -0.71686
1a4sA.B99990023.pdb           2536.92554   -55327.74609   -49138.95703        1.00000       -0.70621
1a4sA.B99990024.pdb           2318.53027   -55836.54297   -50070.16016        1.00000       -0.77785
1a4sA.B99990025.pdb           2406.73657   -55556.17969   -49204.53125        1.00000       -0.73837
1a4sA.B99990026.pdb           2393.07397   -55335.95703   -49007.43750        1.00000       -0.70736
1a4sA.B99990027.pdb           2477.10986   -55152.45312   -49061.71875        1.00000       -0.68153
1a4sA.B99990028.pdb           2399.94971   -55232.97266   -48787.46094        1.00000       -0.69286
1a4sA.B99990029.pdb           2639.83032   -55114.84375   -48801.42578        1.00000       -0.67623
1a4sA.B99990030.pdb           2464.28735   -55384.20703   -49088.89062        1.00000       -0.71416
1a4sA.B99990031.pdb           2410.36792   -55291.31250   -48616.09766        1.00000       -0.70108
1a4sA.B99990032.pdb           2507.12769   -55788.89844   -49955.27734        1.00000       -0.77114
1a4sA.B99990033.pdb           2462.17725   -55147.28906   -48401.08594        1.00000       -0.68080
1a4sA.B99990034.pdb           2363.77563   -55696.46094   -50008.04297        1.00000       -0.75812
1a4sA.B99990035.pdb           2410.91431   -55321.35156   -48832.70312        1.00000       -0.70531
1a4sA.B99990036.pdb           2344.66064   -55279.53516   -49050.82422        1.00000       -0.69942
1a4sA.B99990037.pdb           2355.75146   -55756.74219   -50125.76172        1.00000       -0.76661
1a4sA.B99990038.pdb           2616.22266   -55615.21875   -48647.68750        1.00000       -0.74668
1a4sA.B99990039.pdb           2410.29004   -55359.20703   -49581.27344        1.00000       -0.71064
1a4sA.B99990040.pdb           2370.35034   -55518.53516   -49568.39453        1.00000       -0.73307
1a4sA.B99990041.pdb           2531.46338   -55649.23438   -49597.91797        1.00000       -0.75147
1a4sA.B99990042.pdb           2489.23462   -55319.06641   -48267.66016        1.00000       -0.70499
1a4sA.B99990043.pdb           2417.10938   -55452.48047   -49500.10547        1.00000       -0.72377
1a4sA.B99990044.pdb           2472.12573   -55453.81250   -49020.14453        1.00000       -0.72396
1a4sA.B99990045.pdb           2404.07202   -55433.03125   -48879.20312        1.00000       -0.72103
1a4sA.B99990046.pdb           2427.39966   -55460.04297   -49289.71094        1.00000       -0.72484
1a4sA.B99990047.pdb           2421.68018   -55526.99219   -49799.79297        1.00000       -0.73426
1a4sA.B99990048.pdb           2476.48730   -55518.07812   -49261.99219        1.00000       -0.73301
1a4sA.B99990049.pdb           2413.10205   -55840.87109   -50091.03516        1.00000       -0.77846
1a4sA.B99990050.pdb           2372.17554   -55422.41016   -49100.09375        1.00000       -0.71954

>> Top model results:
molpdf: 2316.6611328125 (file: 1a4sA.B99990021.pdb)
DOPE score: -55941.05859375 (file: 1a4sA.B99990017.pdb)
GA341 score: 1.0 (file: 1a4sA.B99990041.pdb)
Normalized DOPE score: -0.7925615102921308 (file: 1a4sA.B99990017.pdb)

##############################################################################################
>>Clustering results - Representative structure - AffinityPropagation
Cluster		File_Name
0		1a4sA.B99990010

>>Clustering results - Representative structure - DBSCAN
Cluster		File_Name
0		1a4sA.B99990043.pdb
1		1a4sA.B99990005.pdb
2		1a4sA.B99990016.pdb
3		1a4sA.B99990035.pdb
4		1a4sA.B99990034.pdb

>>Clustering results - Representative structure - KMeans
Cluster		File_Name
0		1a4sA.B99990037.pdb
1		1a4sA.B99990016.pdb
2		1a4sA.B99990035.pdb
3		1a4sA.B99990043.pdb
4		1a4sA.B99990019.pdb
5		1a4sA.B99990047.pdb

>>Clustering results - Representative structure - MeanShift
Cluster		File_Name
0		1a4sA.B99990048.pdb
1		1a4sA.B99990016.pdb
2		1a4sA.B99990047.pdb

>>Clustering results - Representative structure - SpectralClustering
Cluster		File_Name
0		1a4sA.B99990048.pdb
1		1a4sA.B99990045.pdb

>>Clustering results - Representative structure - Ward
Cluster		File_Name
0		1a4sA.B99990043.pdb
1		1a4sA.B99990037.pdb
2		1a4sA.B99990016.pdb
3		1a4sA.B99990035.pdb
4		1a4sA.B99990019.pdb
5		1a4sA.B99990047.pdb
##############################################################################################

##############################################################################################
>>Clustering results - Representative structure - AffinityPropagation
Cluster		File_Name
0		1a4sA.B99990014
1		1a4sA.B99990018
2		1a4sA.B99990021
3		1a4sA.B99990025
4		1a4sA.B99990034
5		1a4sA.B99990046

>>Clustering results - Representative structure - DBSCAN
Cluster		File_Name
0		1a4sA.B99990038.pdb

>>Clustering results - Representative structure - KMeans
Cluster		File_Name
0		1a4sA.B99990013.pdb
1		1a4sA.B99990003.pdb

>>Clustering results - Representative structure - MeanShift
Cluster		File_Name
0		1a4sA.B99990013.pdb
1		1a4sA.B99990003.pdb

>>Clustering results - Representative structure - SpectralClustering
Cluster		File_Name
0		1a4sA.B99990010.pdb
1		1a4sA.B99990049.pdb

>>Clustering results - Representative structure - Ward
Cluster		File_Name
0		1a4sA.B99990010.pdb
1		1a4sA.B99990003.pdb
##############################################################################################