>> Summary of successfully produced model

Filename                          molpdf     DOPE score  DOPE-HR score    GA341 score Normalized DOPE score-----------------------------------------------------------------------------------------------------------
1air_.B99990001.pdb           3119.68799   -31580.23242   -22936.34375        0.99958       -0.23725
1air_.B99990002.pdb           3058.60620   -31638.94531   -23796.30273        0.99874       -0.24907
1air_.B99990003.pdb           3009.74658   -31699.52930   -23122.45508        0.99848       -0.26126
1air_.B99990004.pdb           3067.68994   -31582.72070   -23046.80469        0.99887       -0.23775
1air_.B99990005.pdb           3039.98120   -31300.56641   -22508.73047        0.99951       -0.18099
1air_.B99990006.pdb           3027.85327   -31372.98633   -21855.56445        0.99936       -0.19556
1air_.B99990007.pdb           2999.89478   -32094.46875   -24350.86719        0.99684       -0.34072
1air_.B99990008.pdb           2885.66992   -31980.78516   -23485.38086        0.99957       -0.31784
1air_.B99990009.pdb           3126.93701   -32321.98633   -24206.58398        0.99900       -0.38649
1air_.B99990010.pdb           3163.61914   -31842.67188   -23333.96094        0.99815       -0.29006
1air_.B99990011.pdb           2972.27783   -31476.20898   -22953.40234        0.99873       -0.21632
1air_.B99990012.pdb           3125.96069   -31511.42773   -23487.70117        0.99638       -0.22341
1air_.B99990013.pdb           2963.65576   -31900.58203   -23346.43164        0.99937       -0.30171
1air_.B99990014.pdb           3174.64209   -31381.59961   -22442.62305        0.99646       -0.19729
1air_.B99990015.pdb           3060.36060   -31801.89062   -23782.93555        0.99732       -0.28185
1air_.B99990016.pdb           3072.31201   -31500.22266   -22884.50586        0.99985       -0.22116
1air_.B99990017.pdb           3209.55054   -31976.15625   -23296.31445        0.99988       -0.31691
1air_.B99990018.pdb           3002.38110   -31818.71289   -23245.14648        0.99961       -0.28524
1air_.B99990019.pdb           3067.48291   -31922.85156   -23657.63086        0.99776       -0.30619
1air_.B99990020.pdb           3179.98071   -31537.86133   -22823.29297        0.99919       -0.22873
1air_.B99990021.pdb           3070.43872   -32193.52344   -24489.85742        0.99932       -0.36065
1air_.B99990022.pdb           3032.59448   -31600.25195   -23719.39648        0.99948       -0.24128
1air_.B99990023.pdb           3022.42480   -31830.47852   -23807.08008        0.99999       -0.28760
1air_.B99990024.pdb           2978.70117   -31602.47461   -23439.69922        0.99814       -0.24173
1air_.B99990025.pdb           3142.09106   -31710.50391   -23523.30273        0.99858       -0.26346
1air_.B99990026.pdb           2927.17285   -31487.73633   -23132.21484        1.00000       -0.21864
1air_.B99990027.pdb           3179.17969   -32139.41016   -23566.49414        0.99602       -0.34976
1air_.B99990028.pdb           3153.81763   -31730.86328   -23649.06445        0.99987       -0.26756
1air_.B99990029.pdb           3132.77979   -31352.70898   -21709.63477        0.99158       -0.19148
1air_.B99990030.pdb           3110.78101   -31620.47656   -23432.56250        0.99760       -0.24535
1air_.B99990031.pdb           3178.27222   -32185.90625   -24424.57422        1.00000       -0.35911
1air_.B99990032.pdb           3032.75757   -31658.83984   -22960.22070        0.99733       -0.25307
1air_.B99990033.pdb           3143.66016   -31579.19727   -23183.36914        0.99966       -0.23705
1air_.B99990034.pdb           3059.99146   -31854.73047   -23532.89062        0.97165       -0.29248
1air_.B99990035.pdb           2928.71655   -31523.98828   -23476.95117        0.98896       -0.22594
1air_.B99990036.pdb           3203.37891   -31792.03906   -22995.65820        0.99887       -0.27987
1air_.B99990037.pdb           3013.56787   -31269.44336   -22047.02930        0.99998       -0.17472
1air_.B99990038.pdb           3098.08740   -31389.02344   -22451.85352        0.99927       -0.19878
1air_.B99990039.pdb           3213.14209   -31706.29883   -23360.88867        0.99992       -0.26262
1air_.B99990040.pdb           3019.70874   -31638.68750   -23163.85938        0.99557       -0.24902
1air_.B99990041.pdb           3036.61353   -32015.25391   -23897.77148        1.00000       -0.32478
1air_.B99990042.pdb           3103.57495   -31130.79883   -22501.13281        0.99988       -0.14683
1air_.B99990043.pdb           3111.36475   -31356.74023   -22221.60938        0.99095       -0.19229
1air_.B99990044.pdb           3261.82104   -31749.38672   -23744.49609        0.99792       -0.27129
1air_.B99990045.pdb           3067.76904   -31258.93750   -22033.86719        0.98282       -0.17261
1air_.B99990046.pdb           3083.13721   -32021.18555   -23745.82227        0.99759       -0.32597
1air_.B99990047.pdb           2947.15771   -31586.88672   -23255.45703        0.99950       -0.23859
1air_.B99990048.pdb           3124.05591   -31935.41016   -23637.77539        0.98855       -0.30871
1air_.B99990049.pdb           3118.73999   -31708.40430   -23260.97266        1.00000       -0.26304
1air_.B99990050.pdb           2984.04614   -32077.28711   -24078.64258        0.99979       -0.33726

>> Top model results:
molpdf: 2885.669921875 (file: 1air_.B99990008.pdb)
DOPE score: -32321.986328125 (file: 1air_.B99990009.pdb)
GA341 score: 0.9716528654098511 (file: 1air_.B99990034.pdb)
Normalized DOPE score: -0.38649315192058203 (file: 1air_.B99990009.pdb)

##############################################################################################
>>Clustering results - Representative structure - AffinityPropagation
Cluster		File_Name
0		1air_.B99990025

>>Clustering results - Representative structure - DBSCAN
Cluster		File_Name
0		1air_.B99990047.pdb
1		1air_.B99990017.pdb
2		1air_.B99990036.pdb

>>Clustering results - Representative structure - KMeans
Cluster		File_Name
0		1air_.B99990041.pdb
1		1air_.B99990035.pdb

>>Clustering results - Representative structure - MeanShift
Cluster		File_Name
0		1air_.B99990033.pdb
1		1air_.B99990050.pdb
2		1air_.B99990019.pdb

>>Clustering results - Representative structure - SpectralClustering
Cluster		File_Name
0		1air_.B99990033.pdb
1		1air_.B99990041.pdb

>>Clustering results - Representative structure - Ward
Cluster		File_Name
0		1air_.B99990033.pdb
1		1air_.B99990050.pdb
##############################################################################################

##############################################################################################
>>Clustering results - Representative structure - AffinityPropagation
Cluster		File_Name
0		1air_.B99990025

>>Clustering results - Representative structure - DBSCAN
Cluster		File_Name
0		1air_.B99990025.pdb

>>Clustering results - Representative structure - KMeans
Cluster		File_Name
0		1air_.B99990038.pdb
1		1air_.B99990015.pdb
2		1air_.B99990031.pdb
3		1air_.B99990030.pdb

>>Clustering results - Representative structure - MeanShift
Cluster		File_Name
0		1air_.B99990003.pdb
1		1air_.B99990019.pdb

>>Clustering results - Representative structure - SpectralClustering
Cluster		File_Name
0		1air_.B99990024.pdb
1		1air_.B99990031.pdb
2		1air_.B99990006.pdb
3		1air_.B99990048.pdb

>>Clustering results - Representative structure - Ward
Cluster		File_Name
0		1air_.B99990033.pdb
1		1air_.B99990039.pdb
2		1air_.B99990012.pdb
3		1air_.B99990031.pdb
4		1air_.B99990045.pdb
5		1air_.B99990019.pdb
6		1air_.B99990017.pdb
7		1air_.B99990029.pdb
##############################################################################################