>> Summary of successfully produced model

Filename                          molpdf     DOPE score  DOPE-HR score    GA341 score Normalized DOPE score-----------------------------------------------------------------------------------------------------------
1allA.B99990001.pdb            640.38385   -17563.79102   -17782.85352        1.00000       -1.66966
1allA.B99990002.pdb            641.81030   -17297.77344   -17406.92578        1.00000       -1.55191
1allA.B99990003.pdb            646.18243   -17238.91406   -17231.27344        1.00000       -1.52585
1allA.B99990004.pdb            654.43799   -17346.28125   -17296.83984        1.00000       -1.57338
1allA.B99990005.pdb            582.28766   -17350.77539   -17490.01562        1.00000       -1.57537
1allA.B99990006.pdb            643.06030   -17229.00781   -17123.02734        1.00000       -1.52147
1allA.B99990007.pdb            601.24011   -17330.43555   -17433.69336        1.00000       -1.56636
1allA.B99990008.pdb            595.06519   -17419.82422   -17509.75586        1.00000       -1.60593
1allA.B99990009.pdb            639.97180   -17380.64453   -17486.22461        1.00000       -1.58859
1allA.B99990010.pdb            651.52954   -17296.02930   -17415.85352        1.00000       -1.55114
1allA.B99990011.pdb            636.63275   -17237.12891   -17182.70117        1.00000       -1.52506
1allA.B99990012.pdb            634.71625   -17530.81836   -17737.68359        1.00000       -1.65506
1allA.B99990013.pdb            605.93982   -17398.15234   -17683.88281        1.00000       -1.59634
1allA.B99990014.pdb            646.63751   -17273.97852   -17343.02344        1.00000       -1.54137
1allA.B99990015.pdb            626.74432   -17382.72656   -17642.83398        1.00000       -1.58951
1allA.B99990016.pdb            677.94403   -17081.65820   -16639.32812        1.00000       -1.45625
1allA.B99990017.pdb            642.87830   -17209.75000   -17014.41211        1.00000       -1.51295
1allA.B99990018.pdb            538.76465   -17489.87305   -17764.28125        1.00000       -1.63694
1allA.B99990019.pdb            651.30811   -17375.14258   -17429.26367        1.00000       -1.58615
1allA.B99990020.pdb            645.45966   -17221.51172   -17135.78711        1.00000       -1.51815
1allA.B99990021.pdb            563.92377   -17299.16797   -17433.51953        1.00000       -1.55252
1allA.B99990022.pdb            564.51703   -17318.15820   -17458.14648        1.00000       -1.56093
1allA.B99990023.pdb            611.54584   -17346.16211   -17339.54688        1.00000       -1.57333
1allA.B99990024.pdb            690.79370   -17310.96875   -17148.50781        1.00000       -1.55775
1allA.B99990025.pdb            573.76941   -17321.99609   -17371.84180        1.00000       -1.56263
1allA.B99990026.pdb            590.59558   -17330.26953   -17246.35352        1.00000       -1.56629
1allA.B99990027.pdb            573.84027   -17408.13086   -17582.87109        1.00000       -1.60076
1allA.B99990028.pdb            578.17072   -17429.13672   -17664.69531        1.00000       -1.61005
1allA.B99990029.pdb            650.66510   -17190.56250   -17103.97656        1.00000       -1.50445
1allA.B99990030.pdb            619.82275   -17351.74414   -17426.15625        1.00000       -1.57580
1allA.B99990031.pdb            593.53473   -17283.45312   -17316.44141        1.00000       -1.54557
1allA.B99990032.pdb            580.22058   -17334.29102   -17369.98047        1.00000       -1.56807
1allA.B99990033.pdb            600.68414   -17321.19727   -17378.66406        1.00000       -1.56228
1allA.B99990034.pdb            669.80573   -17253.15820   -17169.13281        1.00000       -1.53216
1allA.B99990035.pdb            620.47668   -17269.44922   -17066.76953        1.00000       -1.53937
1allA.B99990036.pdb            645.98328   -17189.09766   -17181.55664        1.00000       -1.50380
1allA.B99990037.pdb            599.91174   -17301.11133   -17659.15430        1.00000       -1.55338
1allA.B99990038.pdb            700.20166   -17241.61328   -17162.54297        1.00000       -1.52705
1allA.B99990039.pdb            592.39069   -17460.58008   -17618.07422        1.00000       -1.62397
1allA.B99990040.pdb            636.37402   -17403.65820   -17531.05078        1.00000       -1.59878
1allA.B99990041.pdb            588.36346   -17394.51367   -17489.11328        1.00000       -1.59473
1allA.B99990042.pdb            727.33649   -17345.32422   -17390.24805        1.00000       -1.57295
1allA.B99990043.pdb            690.38519   -17091.94531   -16932.45312        1.00000       -1.46080
1allA.B99990044.pdb            594.24634   -17262.58594   -17341.86523        1.00000       -1.53633
1allA.B99990045.pdb            637.58661   -17236.22852   -17053.74414        1.00000       -1.52467
1allA.B99990046.pdb            643.64868   -17405.91016   -17576.47461        1.00000       -1.59977
1allA.B99990047.pdb            570.89111   -17353.91602   -17475.79492        1.00000       -1.57676
1allA.B99990048.pdb            573.84167   -17378.09375   -17494.89258        1.00000       -1.58746
1allA.B99990049.pdb            611.36664   -17214.06836   -17209.85938        1.00000       -1.51486
1allA.B99990050.pdb            682.41693   -17269.62109   -17403.68164        1.00000       -1.53945

>> Top model results:
molpdf: 538.7646484375 (file: 1allA.B99990018.pdb)
DOPE score: -17563.791015625 (file: 1allA.B99990001.pdb)
GA341 score: 1.0 (file: 1allA.B99990003.pdb)
Normalized DOPE score: -1.6696558296375958 (file: 1allA.B99990001.pdb)

##############################################################################################
>>Clustering results - Representative structure - AffinityPropagation
Cluster		File_Name
0		1allA.B99990035

>>Clustering results - Representative structure - DBSCAN
Cluster		File_Name
0		1allA.B99990009.pdb
1		1allA.B99990030.pdb
2		1allA.B99990034.pdb

>>Clustering results - Representative structure - KMeans
Cluster		File_Name
0		1allA.B99990030.pdb
1		1allA.B99990050.pdb

>>Clustering results - Representative structure - MeanShift
Cluster		File_Name
0		1allA.B99990030.pdb
1		1allA.B99990049.pdb
2		1allA.B99990024.pdb
3		1allA.B99990046.pdb

>>Clustering results - Representative structure - SpectralClustering
Cluster		File_Name
0		1allA.B99990030.pdb
1		1allA.B99990050.pdb

>>Clustering results - Representative structure - Ward
Cluster		File_Name
0		1allA.B99990030.pdb
1		1allA.B99990050.pdb
##############################################################################################

##############################################################################################
>>Clustering results - Representative structure - AffinityPropagation
Cluster		File_Name
0		1allA.B99990026

>>Clustering results - Representative structure - DBSCAN
Cluster		File_Name
0		1allA.B99990007.pdb
1		1allA.B99990026.pdb

>>Clustering results - Representative structure - KMeans
Cluster		File_Name
0		1allA.B99990034.pdb
1		1allA.B99990019.pdb
2		1allA.B99990008.pdb
3		1allA.B99990045.pdb
4		1allA.B99990026.pdb
5		1allA.B99990046.pdb
6		1allA.B99990018.pdb
7		1allA.B99990020.pdb
8		1allA.B99990016.pdb
9		1allA.B99990049.pdb

>>Clustering results - Representative structure - MeanShift
Cluster		File_Name
0		1allA.B99990005.pdb
1		1allA.B99990034.pdb
2		1allA.B99990029.pdb
3		1allA.B99990049.pdb
4		1allA.B99990046.pdb

>>Clustering results - Representative structure - SpectralClustering
Cluster		File_Name
0		1allA.B99990050.pdb
1		1allA.B99990008.pdb
2		1allA.B99990016.pdb
3		1allA.B99990049.pdb
4		1allA.B99990018.pdb
5		1allA.B99990026.pdb
6		1allA.B99990019.pdb
7		1allA.B99990045.pdb

>>Clustering results - Representative structure - Ward
Cluster		File_Name
0		1allA.B99990026.pdb
1		1allA.B99990018.pdb
2		1allA.B99990034.pdb
3		1allA.B99990008.pdb
4		1allA.B99990049.pdb
5		1allA.B99990016.pdb
6		1allA.B99990046.pdb
7		1allA.B99990045.pdb
8		1allA.B99990019.pdb
9		1allA.B99990020.pdb
##############################################################################################