>> Summary of successfully produced model

Filename                          molpdf     DOPE score  DOPE-HR score    GA341 score Normalized DOPE score-----------------------------------------------------------------------------------------------------------
6abu.B99990001.pdb            6610.63574   -66825.63281   -39612.23828        0.00000        3.68066
6abu.B99990002.pdb            6550.76807   -67727.66406   -13128.80371        0.00000        3.63167
6abu.B99990003.pdb            6183.12402   -67566.15625   -15800.03320        0.00000        3.64044
6abu.B99990004.pdb            6005.89014   -68091.03125   -19637.42773        0.00000        3.61193
6abu.B99990005.pdb            6628.97852   -70033.02344   -32167.52734        0.00000        3.50646
6abu.B99990006.pdb            7122.90381   -62976.13672   -10414.02930        0.00000        3.88973
6abu.B99990007.pdb            6092.98584   -66979.00781   -29943.32031        0.00000        3.67233
6abu.B99990008.pdb            6259.11572   -70215.57031   -35222.21484        0.00000        3.49655
6abu.B99990009.pdb            6334.34521   -64705.00391   -19873.23633        0.00000        3.79583
6abu.B99990010.pdb            7089.08008   -67808.53125    -4467.08691        0.00000        3.62728
6abu.B99990011.pdb            6059.47021   -67797.32812   -44808.23438        0.00000        3.62789
6abu.B99990012.pdb            6650.23438   -70135.53125   -22756.94531        0.00000        3.50090
6abu.B99990013.pdb            5355.43750   -66513.75781   -30527.45117        0.00000        3.69760
6abu.B99990014.pdb            6198.35840   -68190.87500   -15800.36230        0.00000        3.60651
6abu.B99990015.pdb            5533.30566   -67591.65625   -34934.04688        0.00000        3.63906
6abu.B99990016.pdb            6635.39355   -74095.78906   -31916.43750        0.00000        3.28581
6abu.B99990017.pdb            6718.85986   -73227.45312   -14296.89648        0.00000        3.33297
6abu.B99990018.pdb            6586.25049   -74567.87500   -27751.48633        0.00000        3.26017
6abu.B99990019.pdb            5466.60059   -68845.69531   -42555.87109        0.00000        3.57095
6abu.B99990020.pdb            5919.00635   -66563.51562   -35137.41797        0.00000        3.69489
6abu.B99990021.pdb            6496.86914   -69251.98438   -11492.36133        0.00000        3.54888
6abu.B99990022.pdb            6153.56934   -63760.43359   -20747.35547        0.00000        3.84713
6abu.B99990023.pdb            5629.01270   -66926.96094   -33240.57812        0.00000        3.67516
6abu.B99990024.pdb            6009.57422   -68801.00000   -34197.82812        0.00000        3.57337
6abu.B99990025.pdb            6211.04297   -67812.24219   -30714.27344        0.00000        3.62708
6abu.B99990026.pdb            5769.60156   -68521.95312   -21992.56250        0.00000        3.58853
6abu.B99990027.pdb            6220.66064   -68275.85938   -14922.97852        0.00000        3.60190
6abu.B99990028.pdb            5524.13281   -63169.44141   -33260.01172        0.00000        3.87923
6abu.B99990029.pdb            6413.66602   -71406.13281   -19626.86328        0.00000        3.43189
6abu.B99990030.pdb            7184.21289   -66839.85938   -10040.95410        0.00000        3.67989
6abu.B99990031.pdb            5271.65723   -66971.47656   -38647.03125        0.00000        3.67274
6abu.B99990032.pdb            5610.86768   -67058.10156   -44350.06641        0.00000        3.66803
6abu.B99990033.pdb            6396.16553   -66702.46875   -11228.26660        0.00000        3.68735
6abu.B99990034.pdb            6056.77246   -62728.63672   -16430.49023        0.00000        3.90317
6abu.B99990035.pdb            5433.39893   -62917.55078   -21315.44922        0.00000        3.89291
6abu.B99990036.pdb            5369.81494   -69298.81250   -37278.98047        0.00000        3.54634
6abu.B99990037.pdb            7565.70605   -71116.46094     2326.36353        0.00000        3.44762
6abu.B99990038.pdb            7699.38428   -65093.87891   -20703.84375        0.00000        3.77471
6abu.B99990039.pdb            6467.82129   -67092.65625   -18971.36328        0.00000        3.66616
6abu.B99990040.pdb            6991.19873   -72172.94531   -23896.19727        0.00000        3.39024
6abu.B99990041.pdb            5482.69824   -68275.39062   -42094.78906        0.00000        3.60192
6abu.B99990042.pdb            5885.41895   -67989.64844   -20369.05664        0.00000        3.61744
6abu.B99990043.pdb            5036.05176   -64302.79297   -46985.48047        0.00000        3.81768
6abu.B99990044.pdb            6385.52979   -70623.71875   -23257.87109        0.00000        3.47438
6abu.B99990045.pdb            6054.38281   -67820.09375   -34425.71484        0.00000        3.62665
6abu.B99990046.pdb            6423.42041   -65526.14844   -12541.64453        0.00000        3.75124
6abu.B99990047.pdb            6647.18213   -64163.01953   -22743.89844        0.00000        3.82527
6abu.B99990048.pdb            6314.70264   -67510.66406    -9832.83496        0.00000        3.64345
6abu.B99990049.pdb            5922.02002   -60982.49609   -23435.09570        0.00000        3.99801
6abu.B99990050.pdb            7111.35889   -68056.18750    -3480.11230        0.00000        3.61383

>> Top model results:
molpdf: 5036.0517578125 (file: 6abu.B99990043.pdb)
DOPE score: -74567.875 (file: 6abu.B99990018.pdb)
GA341 score: 0.0 (file: 6abu.B99990043.pdb)
Normalized DOPE score: 3.2601700509635974 (file: 6abu.B99990018.pdb)

##############################################################################################
>>Clustering results - Representative structure - AffinityPropagation
Cluster		File_Name
0		6abu.B99990005
1		6abu.B99990010
2		6abu.B99990015
3		6abu.B99990022
4		6abu.B99990032
5		6abu.B99990039

>>Clustering results - Representative structure - DBSCAN
Cluster		File_Name
0		6abu.B99990003.pdb
1		6abu.B99990020.pdb
2		6abu.B99990005.pdb

>>Clustering results - Representative structure - KMeans
Cluster		File_Name
0		6abu.B99990020.pdb
1		6abu.B99990039.pdb

>>Clustering results - Representative structure - MeanShift
Cluster		File_Name
0		6abu.B99990004.pdb
1		6abu.B99990020.pdb
2		6abu.B99990010.pdb

>>Clustering results - Representative structure - SpectralClustering
Cluster		File_Name
0		6abu.B99990039.pdb
1		6abu.B99990015.pdb

>>Clustering results - Representative structure - Ward
Cluster		File_Name
0		6abu.B99990039.pdb
1		6abu.B99990020.pdb
##############################################################################################

##############################################################################################
>>Clustering results - Representative structure - AffinityPropagation
Cluster		File_Name
0		6abu.B99990010
1		6abu.B99990011
2		6abu.B99990022
3		6abu.B99990025
4		6abu.B99990028
5		6abu.B99990040
6		6abu.B99990048

>>Clustering results - Representative structure - DBSCAN
Cluster		File_Name
0		6abu.B99990042.pdb

>>Clustering results - Representative structure - KMeans
Cluster		File_Name
0		6abu.B99990010.pdb
1		6abu.B99990011.pdb
2		6abu.B99990022.pdb
3		6abu.B99990005.pdb
4		6abu.B99990040.pdb
5		6abu.B99990030.pdb
6		6abu.B99990028.pdb
7		6abu.B99990042.pdb

>>Clustering results - Representative structure - MeanShift
Cluster		File_Name
0		6abu.B99990042.pdb
1		6abu.B99990010.pdb

>>Clustering results - Representative structure - SpectralClustering
Cluster		File_Name
0		6abu.B99990016.pdb
1		6abu.B99990026.pdb
2		6abu.B99990028.pdb
3		6abu.B99990022.pdb
4		6abu.B99990010.pdb
5		6abu.B99990029.pdb
6		6abu.B99990048.pdb
7		6abu.B99990011.pdb

>>Clustering results - Representative structure - Ward
Cluster		File_Name
0		6abu.B99990028.pdb
1		6abu.B99990025.pdb
2		6abu.B99990011.pdb
3		6abu.B99990022.pdb
4		6abu.B99990029.pdb
5		6abu.B99990030.pdb
6		6abu.B99990006.pdb
7		6abu.B99990037.pdb
8		6abu.B99990016.pdb
9		6abu.B99990010.pdb
##############################################################################################