>> Summary of successfully produced model

Filename                          molpdf     DOPE score  DOPE-HR score    GA341 score Normalized DOPE score-----------------------------------------------------------------------------------------------------------
1a0tP.B99990001.pdb           2478.80347   -39579.85156   -37261.26953        1.00000       -0.13412
1a0tP.B99990002.pdb           2324.41528   -39557.42969   -36850.15625        1.00000       -0.13027
1a0tP.B99990003.pdb           2692.37988   -39096.76172   -35765.78516        1.00000       -0.05128
1a0tP.B99990004.pdb           2280.61353   -39559.99219   -36990.21875        1.00000       -0.13071
1a0tP.B99990005.pdb           2518.79004   -39235.05078   -36103.58594        1.00000       -0.07499
1a0tP.B99990006.pdb           2520.65503   -39365.64453   -36261.83203        1.00000       -0.09739
1a0tP.B99990007.pdb           2357.88501   -39600.30078   -37078.05859        1.00000       -0.13763
1a0tP.B99990008.pdb           2366.05493   -39502.21875   -36783.98047        1.00000       -0.12081
1a0tP.B99990009.pdb           2265.01221   -39595.75391   -37130.47656        1.00000       -0.13685
1a0tP.B99990010.pdb           2328.49536   -39266.75781   -36258.11719        1.00000       -0.08043
1a0tP.B99990011.pdb           2444.08154   -39417.00391   -36295.95312        1.00000       -0.10619
1a0tP.B99990012.pdb           2367.86401   -39755.67969   -37257.21875        1.00000       -0.16427
1a0tP.B99990013.pdb           2295.44116   -39394.20703   -36494.71484        1.00000       -0.10229
1a0tP.B99990014.pdb           2384.68555   -39381.27734   -36459.91797        1.00000       -0.10007
1a0tP.B99990015.pdb           2400.56543   -39379.50000   -36821.21484        1.00000       -0.09976
1a0tP.B99990016.pdb           2380.41187   -39601.62891   -37019.78516        1.00000       -0.13785
1a0tP.B99990017.pdb           2470.50879   -39478.54297   -36558.12891        1.00000       -0.11675
1a0tP.B99990018.pdb           2491.00415   -39417.91797   -36362.09375        1.00000       -0.10635
1a0tP.B99990019.pdb           2353.89990   -39552.94141   -37113.81641        1.00000       -0.12951
1a0tP.B99990020.pdb           2339.35278   -39518.06641   -36557.38281        1.00000       -0.12352
1a0tP.B99990021.pdb           2501.81567   -39450.06641   -36665.17188        1.00000       -0.11186
1a0tP.B99990022.pdb           2389.74707   -39371.12109   -36742.44922        1.00000       -0.09833
1a0tP.B99990023.pdb           2331.61182   -39601.44922   -36855.96094        1.00000       -0.13782
1a0tP.B99990024.pdb           2242.54688   -39640.56250   -37248.46484        1.00000       -0.14453
1a0tP.B99990025.pdb           2244.72119   -39548.58203   -37126.58594        1.00000       -0.12876
1a0tP.B99990026.pdb           2247.62817   -39653.60156   -37238.45312        1.00000       -0.14677
1a0tP.B99990027.pdb           2326.87769   -39436.70703   -36820.33594        1.00000       -0.10957
1a0tP.B99990028.pdb           2317.08667   -39656.09766   -37184.66797        1.00000       -0.14719
1a0tP.B99990029.pdb           2356.30469   -39619.12891   -37006.06641        1.00000       -0.14085
1a0tP.B99990030.pdb           2370.00439   -39394.77344   -36455.31250        1.00000       -0.10238
1a0tP.B99990031.pdb           2325.05542   -39281.15234   -36191.18359        1.00000       -0.08290
1a0tP.B99990032.pdb           2320.58838   -39473.58594   -36807.79688        1.00000       -0.11590
1a0tP.B99990033.pdb           2314.26709   -39384.82422   -36705.74219        1.00000       -0.10068
1a0tP.B99990034.pdb           2523.79346   -39374.87109   -36579.65234        1.00000       -0.09897
1a0tP.B99990035.pdb           2496.06665   -39358.14062   -36537.87891        1.00000       -0.09610
1a0tP.B99990036.pdb           2433.00269   -39460.67969   -36765.40625        1.00000       -0.11368
1a0tP.B99990037.pdb           2445.89771   -39586.43750   -36662.00781        1.00000       -0.13525
1a0tP.B99990038.pdb           2635.27393   -39482.62500   -36438.46484        1.00000       -0.11745
1a0tP.B99990039.pdb           2328.23022   -39466.08984   -36566.33203        1.00000       -0.11461
1a0tP.B99990040.pdb           2238.13306   -39672.92969   -37439.53516        1.00000       -0.15008
1a0tP.B99990041.pdb           2367.27295   -39571.75391   -37130.15625        1.00000       -0.13273
1a0tP.B99990042.pdb           2302.74194   -39651.43359   -37075.01562        1.00000       -0.14639
1a0tP.B99990043.pdb           2268.68848   -39387.92969   -36433.64844        1.00000       -0.10121
1a0tP.B99990044.pdb           2377.17310   -39438.94141   -36649.90234        1.00000       -0.10996
1a0tP.B99990045.pdb           2701.25830   -39307.51953   -36344.40625        1.00000       -0.08742
1a0tP.B99990046.pdb           2382.47241   -39385.30078   -36654.94141        1.00000       -0.10076
1a0tP.B99990047.pdb           2317.64673   -39380.96094   -36426.10156        1.00000       -0.10001
1a0tP.B99990048.pdb           2223.36743   -39399.64844   -36770.15234        1.00000       -0.10322
1a0tP.B99990049.pdb           2302.22827   -39506.94531   -37079.80859        1.00000       -0.12162
1a0tP.B99990050.pdb           2415.08203   -38919.26172   -35390.25781        1.00000       -0.02084

>> Top model results:
molpdf: 2223.367431640625 (file: 1a0tP.B99990048.pdb)
DOPE score: -39755.6796875 (file: 1a0tP.B99990012.pdb)
GA341 score: 1.0 (file: 1a0tP.B99990028.pdb)
Normalized DOPE score: -0.16427082012400598 (file: 1a0tP.B99990012.pdb)

##############################################################################################
>>Clustering results - Representative structure - AffinityPropagation
Cluster		File_Name
0		1a0tP.B99990017

>>Clustering results - Representative structure - DBSCAN
Cluster		File_Name
0		1a0tP.B99990008.pdb
1		1a0tP.B99990021.pdb

>>Clustering results - Representative structure - KMeans
Cluster		File_Name
0		1a0tP.B99990023.pdb
1		1a0tP.B99990048.pdb
2		1a0tP.B99990006.pdb
3		1a0tP.B99990018.pdb
4		1a0tP.B99990037.pdb
5		1a0tP.B99990005.pdb

>>Clustering results - Representative structure - MeanShift
Cluster		File_Name
0		1a0tP.B99990032.pdb
1		1a0tP.B99990037.pdb
2		1a0tP.B99990006.pdb
3		1a0tP.B99990018.pdb

>>Clustering results - Representative structure - SpectralClustering
Cluster		File_Name
0		1a0tP.B99990014.pdb
1		1a0tP.B99990027.pdb
2		1a0tP.B99990023.pdb

>>Clustering results - Representative structure - Ward
Cluster		File_Name
0		1a0tP.B99990023.pdb
1		1a0tP.B99990005.pdb
2		1a0tP.B99990048.pdb
3		1a0tP.B99990006.pdb
4		1a0tP.B99990018.pdb
5		1a0tP.B99990037.pdb
##############################################################################################

##############################################################################################
>>Clustering results - Representative structure - AffinityPropagation
Cluster		File_Name
0		1a0tP.B99990001
1		1a0tP.B99990003
2		1a0tP.B99990006
3		1a0tP.B99990013
4		1a0tP.B99990029
5		1a0tP.B99990038
6		1a0tP.B99990042
7		1a0tP.B99990050

>>Clustering results - Representative structure - DBSCAN
Cluster		File_Name
0		1a0tP.B99990013.pdb
1		1a0tP.B99990039.pdb

>>Clustering results - Representative structure - KMeans
Cluster		File_Name
0		1a0tP.B99990013.pdb
1		1a0tP.B99990006.pdb
2		1a0tP.B99990042.pdb
3		1a0tP.B99990003.pdb
4		1a0tP.B99990038.pdb
5		1a0tP.B99990029.pdb
6		1a0tP.B99990001.pdb

>>Clustering results - Representative structure - MeanShift
Cluster		File_Name
0		1a0tP.B99990032.pdb
1		1a0tP.B99990038.pdb
2		1a0tP.B99990027.pdb
3		1a0tP.B99990003.pdb
4		1a0tP.B99990018.pdb

>>Clustering results - Representative structure - SpectralClustering
Cluster		File_Name
0		1a0tP.B99990029.pdb
1		1a0tP.B99990032.pdb
2		1a0tP.B99990006.pdb
3		1a0tP.B99990003.pdb
4		1a0tP.B99990001.pdb
5		1a0tP.B99990038.pdb
6		1a0tP.B99990047.pdb

>>Clustering results - Representative structure - Ward
Cluster		File_Name
0		1a0tP.B99990013.pdb
1		1a0tP.B99990038.pdb
2		1a0tP.B99990042.pdb
3		1a0tP.B99990003.pdb
4		1a0tP.B99990006.pdb
5		1a0tP.B99990037.pdb
6		1a0tP.B99990029.pdb
##############################################################################################