>> Summary of successfully produced model

Filename                          molpdf     DOPE score  DOPE-HR score    GA341 score Normalized DOPE score-----------------------------------------------------------------------------------------------------------
1aop_.B99990001.pdb           2575.12109   -49801.12500   -43137.78516        1.00000       -0.78105
1aop_.B99990002.pdb           2559.80054   -49947.23828   -44687.85156        1.00000       -0.80374
1aop_.B99990003.pdb           2895.28418   -49681.81250   -43167.81250        1.00000       -0.76252
1aop_.B99990004.pdb           2657.10376   -49283.19141   -42629.83203        1.00000       -0.70061
1aop_.B99990005.pdb           2541.79419   -50151.14062   -44212.32031        1.00000       -0.83541
1aop_.B99990006.pdb           2574.32983   -50329.72266   -44192.43750        1.00000       -0.86315
1aop_.B99990007.pdb           2579.73291   -50368.96094   -44732.30859        1.00000       -0.86924
1aop_.B99990008.pdb           2587.99512   -49764.44141   -43522.38281        1.00000       -0.77535
1aop_.B99990009.pdb           2553.79492   -50236.37891   -45327.78906        1.00000       -0.84865
1aop_.B99990010.pdb           2435.52930   -49977.44531   -43564.07812        1.00000       -0.80843
1aop_.B99990011.pdb           2583.39258   -49987.69141   -44065.60156        1.00000       -0.81002
1aop_.B99990012.pdb           2610.85645   -49997.55078   -44353.91406        1.00000       -0.81156
1aop_.B99990013.pdb           2448.92041   -50509.46094   -45518.40234        1.00000       -0.89106
1aop_.B99990014.pdb           2561.73315   -49633.67188   -42423.87500        1.00000       -0.75504
1aop_.B99990015.pdb           2867.33545   -50156.17969   -44308.22266        1.00000       -0.83619
1aop_.B99990016.pdb           2579.26294   -49899.82031   -43781.51953        1.00000       -0.79638
1aop_.B99990017.pdb           2644.41846   -50137.00781   -43534.87500        1.00000       -0.83321
1aop_.B99990018.pdb           2432.68896   -49782.82031   -43530.59375        1.00000       -0.77821
1aop_.B99990019.pdb           2448.36133   -50040.05469   -44049.87500        1.00000       -0.81816
1aop_.B99990020.pdb           2589.55273   -50135.46875   -44032.63672        1.00000       -0.83298
1aop_.B99990021.pdb           2656.37671   -50107.17578   -44066.57812        1.00000       -0.82858
1aop_.B99990022.pdb           2538.67188   -50104.84375   -43446.80078        1.00000       -0.82822
1aop_.B99990023.pdb           2537.77173   -49919.26562   -43836.99219        1.00000       -0.79940
1aop_.B99990024.pdb           2648.60156   -49954.62109   -43919.64062        1.00000       -0.80489
1aop_.B99990025.pdb           2553.33252   -49659.37109   -42956.24219        1.00000       -0.75903
1aop_.B99990026.pdb           2513.32056   -50192.01172   -44107.70312        1.00000       -0.84176
1aop_.B99990027.pdb           2520.08691   -50179.99219   -44833.07031        1.00000       -0.83989
1aop_.B99990028.pdb           2483.78784   -49595.08203   -43043.12891        1.00000       -0.74905
1aop_.B99990029.pdb           2579.20728   -50233.19922   -44736.73047        1.00000       -0.84815
1aop_.B99990030.pdb           2755.47241   -49918.67578   -43970.30469        1.00000       -0.79931
1aop_.B99990031.pdb           2729.41895   -49643.48828   -43227.29297        1.00000       -0.75657
1aop_.B99990032.pdb           2728.29077   -49700.80469   -43830.52734        1.00000       -0.76547
1aop_.B99990033.pdb           2799.60327   -49347.20703   -42766.68750        1.00000       -0.71055
1aop_.B99990034.pdb           2850.45142   -49463.14844   -42495.08984        1.00000       -0.72856
1aop_.B99990035.pdb           2591.49316   -49860.84766   -43814.91406        1.00000       -0.79032
1aop_.B99990036.pdb           2772.49780   -49532.35938   -43202.12109        1.00000       -0.73931
1aop_.B99990037.pdb           2429.68018   -50245.94531   -44738.40234        1.00000       -0.85013
1aop_.B99990038.pdb           2737.20947   -50113.37891   -43694.29688        1.00000       -0.82955
1aop_.B99990039.pdb           2663.77661   -49523.21484   -43075.85547        1.00000       -0.73789
1aop_.B99990040.pdb           3043.24927   -50193.45703   -43297.08984        1.00000       -0.84198
1aop_.B99990041.pdb           2680.46021   -49973.50000   -44038.54688        1.00000       -0.80782
1aop_.B99990042.pdb           2489.41602   -50005.29688   -44690.36719        1.00000       -0.81276
1aop_.B99990043.pdb           2657.08862   -50216.46094   -44667.56250        1.00000       -0.84555
1aop_.B99990044.pdb           2516.95288   -49689.47266   -43196.39453        1.00000       -0.76371
1aop_.B99990045.pdb           2669.86353   -50559.35547   -45211.98828        1.00000       -0.89881
1aop_.B99990046.pdb           2618.53857   -49672.99609   -43498.01172        1.00000       -0.76115
1aop_.B99990047.pdb           2656.81299   -49978.17578   -43836.81250        1.00000       -0.80855
1aop_.B99990048.pdb           2573.15405   -50865.22656   -45896.09766        1.00000       -0.94631
1aop_.B99990049.pdb           2717.27856   -49632.17969   -43233.69531        1.00000       -0.75481
1aop_.B99990050.pdb           2533.97632   -49529.41406   -42744.78906        1.00000       -0.73885

>> Top model results:
molpdf: 2429.68017578125 (file: 1aop_.B99990037.pdb)
DOPE score: -50865.2265625 (file: 1aop_.B99990048.pdb)
GA341 score: 1.0 (file: 1aop_.B99990012.pdb)
Normalized DOPE score: -0.9463148435655538 (file: 1aop_.B99990048.pdb)

##############################################################################################
>>Clustering results - Representative structure - AffinityPropagation
Cluster		File_Name
0		1aop_.B99990012

>>Clustering results - Representative structure - DBSCAN
Cluster		File_Name
0		1aop_.B99990016.pdb
1		1aop_.B99990042.pdb

>>Clustering results - Representative structure - KMeans
Cluster		File_Name
0		1aop_.B99990037.pdb
1		1aop_.B99990012.pdb
2		1aop_.B99990040.pdb
3		1aop_.B99990038.pdb
4		1aop_.B99990050.pdb
5		1aop_.B99990028.pdb
6		1aop_.B99990048.pdb
7		1aop_.B99990005.pdb
8		1aop_.B99990022.pdb
9		1aop_.B99990025.pdb

>>Clustering results - Representative structure - MeanShift
Cluster		File_Name
0		1aop_.B99990016.pdb
1		1aop_.B99990040.pdb

>>Clustering results - Representative structure - SpectralClustering
Cluster		File_Name
0		1aop_.B99990018.pdb
1		1aop_.B99990011.pdb

>>Clustering results - Representative structure - Ward
Cluster		File_Name
0		1aop_.B99990032.pdb
1		1aop_.B99990006.pdb
2		1aop_.B99990038.pdb
3		1aop_.B99990031.pdb
4		1aop_.B99990026.pdb
5		1aop_.B99990040.pdb
6		1aop_.B99990048.pdb
7		1aop_.B99990050.pdb
8		1aop_.B99990012.pdb
##############################################################################################

##############################################################################################
>>Clustering results - Representative structure - AffinityPropagation
Cluster		File_Name
0		1aop_.B99990016

>>Clustering results - Representative structure - DBSCAN
Cluster		File_Name
0		1aop_.B99990016.pdb

>>Clustering results - Representative structure - KMeans
Cluster		File_Name
0		1aop_.B99990006.pdb
1		1aop_.B99990050.pdb
2		1aop_.B99990021.pdb
3		1aop_.B99990040.pdb
4		1aop_.B99990048.pdb
5		1aop_.B99990044.pdb

>>Clustering results - Representative structure - MeanShift
Cluster		File_Name
0		1aop_.B99990023.pdb
1		1aop_.B99990040.pdb

>>Clustering results - Representative structure - SpectralClustering
Cluster		File_Name
0		1aop_.B99990021.pdb
1		1aop_.B99990048.pdb
2		1aop_.B99990006.pdb
3		1aop_.B99990049.pdb
4		1aop_.B99990044.pdb

>>Clustering results - Representative structure - Ward
Cluster		File_Name
0		1aop_.B99990022.pdb
1		1aop_.B99990049.pdb
2		1aop_.B99990006.pdb
3		1aop_.B99990044.pdb
4		1aop_.B99990040.pdb
5		1aop_.B99990048.pdb
##############################################################################################