>> Summary of successfully produced model

Filename                          molpdf     DOPE score  DOPE-HR score    GA341 score Normalized DOPE score-----------------------------------------------------------------------------------------------------------
1a4yA.B99990001.pdb           2601.33521   -55797.67969   -49539.18750        1.00000       -1.38491
1a4yA.B99990002.pdb           2535.12988   -55758.14062   -49840.33203        1.00000       -1.37883
1a4yA.B99990003.pdb           2640.76416   -55810.28125   -49562.24609        1.00000       -1.38686
1a4yA.B99990004.pdb           2623.06128   -56065.93359   -50149.82812        1.00000       -1.42622
1a4yA.B99990005.pdb           2627.83838   -55892.85156   -50234.85938        1.00000       -1.39957
1a4yA.B99990006.pdb           2630.17285   -55767.83203   -49788.87109        1.00000       -1.38032
1a4yA.B99990007.pdb           2591.89600   -55675.16016   -49686.91016        1.00000       -1.36605
1a4yA.B99990008.pdb           2632.91235   -55687.18359   -49925.71875        1.00000       -1.36790
1a4yA.B99990009.pdb           2672.71582   -55525.09375   -49595.14844        1.00000       -1.34295
1a4yA.B99990010.pdb           2658.43750   -55781.59766   -49228.94531        1.00000       -1.38244
1a4yA.B99990011.pdb           2660.48999   -55990.91016   -50033.50391        1.00000       -1.41466
1a4yA.B99990012.pdb           2558.55518   -56049.23047   -50382.72656        1.00000       -1.42364
1a4yA.B99990013.pdb           2636.35278   -55996.83203   -49959.51172        1.00000       -1.41558
1a4yA.B99990014.pdb           2707.89087   -55885.86328   -49947.47266        1.00000       -1.39849
1a4yA.B99990015.pdb           2602.15967   -55737.31250   -49759.16797        1.00000       -1.37562
1a4yA.B99990016.pdb           2638.24341   -55584.58984   -49111.34375        1.00000       -1.35211
1a4yA.B99990017.pdb           2629.98315   -55723.26172   -49618.07812        1.00000       -1.37346
1a4yA.B99990018.pdb           2657.01660   -56013.30078   -49810.58203        1.00000       -1.41811
1a4yA.B99990019.pdb           2562.29785   -55834.01562   -49582.91797        1.00000       -1.39051
1a4yA.B99990020.pdb           2586.18433   -55773.14844   -49766.11328        1.00000       -1.38114
1a4yA.B99990021.pdb           2696.16235   -55684.75781   -49251.86719        1.00000       -1.36753
1a4yA.B99990022.pdb           2507.83765   -55958.30078   -50110.29688        1.00000       -1.40964
1a4yA.B99990023.pdb           2618.72461   -55693.82812   -49655.38281        1.00000       -1.36893
1a4yA.B99990024.pdb           2642.44727   -55869.97656   -50228.99609        1.00000       -1.39605
1a4yA.B99990025.pdb           2649.39258   -55947.80469   -50329.00781        1.00000       -1.40803
1a4yA.B99990026.pdb           2760.62280   -55872.51562   -49766.30859        1.00000       -1.39644
1a4yA.B99990027.pdb           2539.72705   -55889.01562   -49930.19531        1.00000       -1.39898
1a4yA.B99990028.pdb           2601.10913   -55825.19141   -49901.71484        1.00000       -1.38915
1a4yA.B99990029.pdb           2665.75415   -55877.76172   -50133.66797        1.00000       -1.39724
1a4yA.B99990030.pdb           2679.30029   -55928.85156   -49804.04688        1.00000       -1.40511
1a4yA.B99990031.pdb           2602.69727   -55579.00781   -49151.05469        1.00000       -1.35125
1a4yA.B99990032.pdb           2697.85498   -55784.66016   -49775.08594        1.00000       -1.38291
1a4yA.B99990033.pdb           2651.91724   -56057.51172   -50122.22656        1.00000       -1.42492
1a4yA.B99990034.pdb           2633.56445   -55480.38281   -48969.16406        1.00000       -1.33606
1a4yA.B99990035.pdb           2681.62817   -55857.56250   -49811.48828        1.00000       -1.39413
1a4yA.B99990036.pdb           2767.66699   -55587.74219   -49330.90234        1.00000       -1.35259
1a4yA.B99990037.pdb           2683.36865   -55589.21875   -49052.81641        1.00000       -1.35282
1a4yA.B99990038.pdb           2738.28809   -55774.97656   -49797.19141        1.00000       -1.38142
1a4yA.B99990039.pdb           2617.63745   -55771.23438   -49936.40234        1.00000       -1.38084
1a4yA.B99990040.pdb           2613.69775   -55785.47656   -49933.48047        1.00000       -1.38304
1a4yA.B99990041.pdb           2732.73584   -55850.28125   -49605.25000        1.00000       -1.39301
1a4yA.B99990042.pdb           2795.99170   -56178.80078   -50310.55078        1.00000       -1.44359
1a4yA.B99990043.pdb           2731.77197   -55804.19922   -49894.42188        1.00000       -1.38592
1a4yA.B99990044.pdb           2693.83350   -55142.81641   -48722.37500        1.00000       -1.28409
1a4yA.B99990045.pdb           2644.62158   -55883.63672   -49849.87891        1.00000       -1.39815
1a4yA.B99990046.pdb           2619.02246   -55792.50000   -49743.82031        1.00000       -1.38412
1a4yA.B99990047.pdb           2666.65405   -55849.05078   -49867.38281        1.00000       -1.39282
1a4yA.B99990048.pdb           2588.70483   -55942.99609   -49957.60547        1.00000       -1.40729
1a4yA.B99990049.pdb           2646.39380   -56046.28125   -50301.02734        1.00000       -1.42319
1a4yA.B99990050.pdb           2756.92432   -55575.47266   -49513.15625        1.00000       -1.35070

>> Top model results:
molpdf: 2507.837646484375 (file: 1a4yA.B99990022.pdb)
DOPE score: -56178.80078125 (file: 1a4yA.B99990042.pdb)
GA341 score: 1.0 (file: 1a4yA.B99990045.pdb)
Normalized DOPE score: -1.4435923335399927 (file: 1a4yA.B99990042.pdb)

##############################################################################################
>>Clustering results - Representative structure - AffinityPropagation
Cluster		File_Name
0		1a4yA.B99990008

>>Clustering results - Representative structure - DBSCAN
Cluster		File_Name
0		1a4yA.B99990045.pdb
1		1a4yA.B99990046.pdb
2		1a4yA.B99990047.pdb
3		1a4yA.B99990036.pdb

>>Clustering results - Representative structure - KMeans
Cluster		File_Name
0		1a4yA.B99990046.pdb
1		1a4yA.B99990047.pdb
2		1a4yA.B99990045.pdb
3		1a4yA.B99990036.pdb

>>Clustering results - Representative structure - MeanShift
Cluster		File_Name
0		1a4yA.B99990047.pdb
1		1a4yA.B99990046.pdb
2		1a4yA.B99990045.pdb
3		1a4yA.B99990036.pdb

>>Clustering results - Representative structure - SpectralClustering
Cluster		File_Name
0		1a4yA.B99990011.pdb
1		1a4yA.B99990010.pdb

>>Clustering results - Representative structure - Ward
Cluster		File_Name
0		1a4yA.B99990047.pdb
1		1a4yA.B99990045.pdb
2		1a4yA.B99990046.pdb
3		1a4yA.B99990036.pdb
##############################################################################################

##############################################################################################
>>Clustering results - Representative structure - AffinityPropagation
Cluster		File_Name
0		1a4yA.B99990019

>>Clustering results - Representative structure - DBSCAN
Cluster		File_Name
0		1a4yA.B99990006.pdb
1		1a4yA.B99990019.pdb

>>Clustering results - Representative structure - KMeans
Cluster		File_Name
0		1a4yA.B99990049.pdb
1		1a4yA.B99990006.pdb
2		1a4yA.B99990022.pdb
3		1a4yA.B99990044.pdb
4		1a4yA.B99990038.pdb
5		1a4yA.B99990031.pdb
6		1a4yA.B99990011.pdb
7		1a4yA.B99990002.pdb
8		1a4yA.B99990009.pdb

>>Clustering results - Representative structure - MeanShift
Cluster		File_Name
0		1a4yA.B99990040.pdb
1		1a4yA.B99990010.pdb
2		1a4yA.B99990034.pdb

>>Clustering results - Representative structure - SpectralClustering
Cluster		File_Name
0		1a4yA.B99990002.pdb
1		1a4yA.B99990025.pdb
2		1a4yA.B99990011.pdb
3		1a4yA.B99990010.pdb
4		1a4yA.B99990018.pdb
5		1a4yA.B99990037.pdb
6		1a4yA.B99990033.pdb
7		1a4yA.B99990006.pdb

>>Clustering results - Representative structure - Ward
Cluster		File_Name
0		1a4yA.B99990022.pdb
1		1a4yA.B99990021.pdb
2		1a4yA.B99990009.pdb
3		1a4yA.B99990018.pdb
4		1a4yA.B99990006.pdb
5		1a4yA.B99990044.pdb
6		1a4yA.B99990046.pdb
7		1a4yA.B99990011.pdb
8		1a4yA.B99990016.pdb
9		1a4yA.B99990001.pdb
##############################################################################################