>> Summary of successfully produced model

Filename                          molpdf     DOPE score  DOPE-HR score    GA341 score Normalized DOPE score-----------------------------------------------------------------------------------------------------------
1aqcA.B99990001.pdb           1213.36438   -10297.83691    -7898.82275        1.00000        0.37496
1aqcA.B99990002.pdb           1099.51880   -10373.31738    -8114.05273        0.99968        0.33078
1aqcA.B99990003.pdb           1229.33276   -10462.11133    -8469.89160        1.00000        0.27881
1aqcA.B99990004.pdb           1093.30017   -10489.61328    -8617.27148        1.00000        0.26271
1aqcA.B99990005.pdb           1068.28821   -10483.73438    -8665.62695        0.99994        0.26615
1aqcA.B99990006.pdb           1073.31714   -10303.26074    -8284.72949        0.99981        0.37178
1aqcA.B99990007.pdb           1069.15503   -10331.15332    -8298.40820        0.99987        0.35546
1aqcA.B99990008.pdb           1095.25037   -10213.38086    -8037.23682        0.99943        0.42439
1aqcA.B99990009.pdb           1095.94250   -10524.89355    -8505.90723        0.99990        0.24206
1aqcA.B99990010.pdb           1073.78967   -10257.22656    -8187.42773        0.99907        0.39873
1aqcA.B99990011.pdb           1555.90479   -10184.76855    -7704.98193        0.99967        0.44114
1aqcA.B99990012.pdb           1145.43018   -10488.49902    -8558.83203        0.99954        0.26336
1aqcA.B99990013.pdb           1132.84973   -10415.95801    -8310.45215        0.99971        0.30582
1aqcA.B99990014.pdb           1119.91724   -10407.93848    -8429.72266        0.99985        0.31052
1aqcA.B99990015.pdb           1090.29187   -10560.49805    -8194.83008        0.99994        0.22122
1aqcA.B99990016.pdb           1092.53674   -10517.64844    -8521.25879        0.99966        0.24630
1aqcA.B99990017.pdb           1125.69434   -10657.27148    -8743.97754        0.99803        0.16458
1aqcA.B99990018.pdb           1120.07080   -10409.26074    -8495.33691        0.99988        0.30974
1aqcA.B99990019.pdb           1097.28882   -10503.31055    -8446.05664        0.99987        0.25469
1aqcA.B99990020.pdb           1098.42444   -10466.96387    -8322.21973        0.99508        0.27597
1aqcA.B99990021.pdb           1145.08838   -10515.35449    -8395.89160        0.99981        0.24764
1aqcA.B99990022.pdb           1146.93848   -10599.78418    -8874.26953        0.99921        0.19823
1aqcA.B99990023.pdb           1083.72803   -10646.03711    -8737.38379        0.99864        0.17116
1aqcA.B99990024.pdb           1112.60864   -10526.06836    -8371.32520        0.99994        0.24137
1aqcA.B99990025.pdb           1206.12622   -10463.29785    -8179.51367        0.99960        0.27811
1aqcA.B99990026.pdb           1088.85632   -10444.70508    -8369.28027        0.99806        0.28900
1aqcA.B99990027.pdb           1144.66260   -10314.07715    -8110.18213        0.99973        0.36545
1aqcA.B99990028.pdb           1143.70935   -10269.30371    -8163.77881        0.99910        0.39166
1aqcA.B99990029.pdb           1093.28931   -10428.61816    -8269.26562        0.99815        0.29841
1aqcA.B99990030.pdb           1104.30750   -10334.03809    -8050.82373        0.99919        0.35377
1aqcA.B99990031.pdb           1155.36218   -10389.44531    -8187.08789        0.99971        0.32134
1aqcA.B99990032.pdb           1134.92102   -10353.39941    -8283.12598        0.99985        0.34244
1aqcA.B99990033.pdb           1073.49768   -10436.78516    -8437.53223        0.99964        0.29363
1aqcA.B99990034.pdb           1127.36230   -10470.84277    -8410.10547        0.99991        0.27370
1aqcA.B99990035.pdb           1097.63501   -10397.75391    -8148.46924        0.99954        0.31648
1aqcA.B99990036.pdb           1164.85425   -10493.66211    -8574.35547        0.99942        0.26034
1aqcA.B99990037.pdb           1097.48425   -10359.88281    -8195.29980        0.99978        0.33864
1aqcA.B99990038.pdb           1145.93799   -10591.45020    -8772.91602        0.99994        0.20311
1aqcA.B99990039.pdb           1116.99158   -10535.47559    -8603.96387        0.99897        0.23587
1aqcA.B99990040.pdb           1096.79858   -10514.57910    -8596.40723        0.99997        0.24810
1aqcA.B99990041.pdb           1109.37427   -10491.99023    -8583.05664        0.99987        0.26132
1aqcA.B99990042.pdb           1116.46948   -10479.86133    -8490.53809        0.99981        0.26842
1aqcA.B99990043.pdb           1156.75378   -10554.07812    -8681.17578        0.99973        0.22498
1aqcA.B99990044.pdb           1087.79089   -10479.34180    -8472.86523        0.99812        0.26872
1aqcA.B99990045.pdb           1166.92358   -10490.18359    -8403.79395        0.99989        0.26238
1aqcA.B99990046.pdb           1120.49268   -10534.41797    -8387.91016        0.99974        0.23649
1aqcA.B99990047.pdb           1173.68835   -10373.37402    -8115.08594        0.99985        0.33075
1aqcA.B99990048.pdb           1176.93176   -10490.10938    -8302.87402        0.99994        0.26242
1aqcA.B99990049.pdb           1109.18542   -10503.86133    -8503.03711        0.99984        0.25437
1aqcA.B99990050.pdb           1142.69006   -10396.43652    -8122.68945        0.99983        0.31725

>> Top model results:
molpdf: 1068.2882080078125 (file: 1aqcA.B99990005.pdb)
DOPE score: -10657.271484375 (file: 1aqcA.B99990017.pdb)
GA341 score: 0.9950780272483826 (file: 1aqcA.B99990020.pdb)
Normalized DOPE score: 0.1645804018456308 (file: 1aqcA.B99990017.pdb)

##############################################################################################
>>Clustering results - Representative structure - AffinityPropagation
Cluster		File_Name
0		1aqcA.B99990033

>>Clustering results - Representative structure - DBSCAN
Cluster		File_Name
0		1aqcA.B99990044.pdb
1		1aqcA.B99990012.pdb
2		1aqcA.B99990016.pdb
3		1aqcA.B99990014.pdb

>>Clustering results - Representative structure - KMeans
Cluster		File_Name
0		1aqcA.B99990036.pdb
1		1aqcA.B99990042.pdb
2		1aqcA.B99990027.pdb
3		1aqcA.B99990006.pdb

>>Clustering results - Representative structure - MeanShift
Cluster		File_Name
0		1aqcA.B99990048.pdb
1		1aqcA.B99990008.pdb
2		1aqcA.B99990028.pdb
3		1aqcA.B99990010.pdb

>>Clustering results - Representative structure - SpectralClustering
Cluster		File_Name
0		1aqcA.B99990006.pdb
1		1aqcA.B99990042.pdb
2		1aqcA.B99990027.pdb
3		1aqcA.B99990036.pdb

>>Clustering results - Representative structure - Ward
Cluster		File_Name
0		1aqcA.B99990006.pdb
1		1aqcA.B99990042.pdb
2		1aqcA.B99990027.pdb
3		1aqcA.B99990036.pdb
##############################################################################################

##############################################################################################
>>Clustering results - Representative structure - AffinityPropagation
Cluster		File_Name
0		1aqcA.B99990048

>>Clustering results - Representative structure - DBSCAN
Cluster		File_Name
0		1aqcA.B99990049.pdb
1		1aqcA.B99990013.pdb

>>Clustering results - Representative structure - KMeans
Cluster		File_Name
0		1aqcA.B99990027.pdb
1		1aqcA.B99990021.pdb
2		1aqcA.B99990002.pdb
3		1aqcA.B99990012.pdb
4		1aqcA.B99990011.pdb

>>Clustering results - Representative structure - MeanShift
Cluster		File_Name
0		1aqcA.B99990048.pdb
1		1aqcA.B99990028.pdb
2		1aqcA.B99990011.pdb

>>Clustering results - Representative structure - SpectralClustering
Cluster		File_Name
0		1aqcA.B99990021.pdb
1		1aqcA.B99990027.pdb
2		1aqcA.B99990012.pdb
3		1aqcA.B99990010.pdb

>>Clustering results - Representative structure - Ward
Cluster		File_Name
0		1aqcA.B99990039.pdb
1		1aqcA.B99990047.pdb
2		1aqcA.B99990016.pdb
3		1aqcA.B99990027.pdb
4		1aqcA.B99990013.pdb
5		1aqcA.B99990011.pdb
6		1aqcA.B99990019.pdb
7		1aqcA.B99990023.pdb
##############################################################################################