>> Summary of successfully produced model

Filename                          molpdf     DOPE score  DOPE-HR score    GA341 score Normalized DOPE score-----------------------------------------------------------------------------------------------------------
1al01.B99990001.pdb            632.14709   -16085.22266   -14973.94727        1.00000       -1.21663
1al01.B99990002.pdb            651.90662   -15976.50195   -15244.38770        1.00000       -1.16278
1al01.B99990003.pdb            618.30060   -16043.63965   -15270.10938        1.00000       -1.19603
1al01.B99990004.pdb            664.56805   -15930.25879   -14844.46094        1.00000       -1.13988
1al01.B99990005.pdb            676.29486   -16087.07422   -15172.91699        1.00000       -1.21754
1al01.B99990006.pdb            603.73468   -15920.95215   -14914.08594        1.00000       -1.13527
1al01.B99990007.pdb            690.04297   -16119.54395   -15247.08496        1.00000       -1.23362
1al01.B99990008.pdb            598.33203   -16109.53125   -15150.77441        1.00000       -1.22866
1al01.B99990009.pdb            617.61871   -16069.16992   -15144.23633        1.00000       -1.20868
1al01.B99990010.pdb            646.43530   -16061.57422   -15216.59863        1.00000       -1.20491
1al01.B99990011.pdb            608.36694   -16038.89160   -15085.05762        1.00000       -1.19368
1al01.B99990012.pdb            643.69751   -16153.50586   -15279.80273        1.00000       -1.25044
1al01.B99990013.pdb            655.93811   -16064.94434   -15180.85645        1.00000       -1.20658
1al01.B99990014.pdb            633.37238   -15992.19922   -15156.83594        1.00000       -1.17056
1al01.B99990015.pdb            729.12744   -15952.30273   -14898.02246        1.00000       -1.15080
1al01.B99990016.pdb            654.53168   -16138.40918   -15250.84863        1.00000       -1.24297
1al01.B99990017.pdb            621.18018   -16067.74707   -15273.94727        1.00000       -1.20797
1al01.B99990018.pdb            759.92450   -15997.25391   -14811.83594        1.00000       -1.17306
1al01.B99990019.pdb            772.93549   -15994.16211   -14983.30566        1.00000       -1.17153
1al01.B99990020.pdb            659.36261   -15923.36914   -15028.52832        1.00000       -1.13647
1al01.B99990021.pdb            665.84821   -16012.64941   -15195.47168        1.00000       -1.18068
1al01.B99990022.pdb            617.78058   -16147.55762   -15336.34180        1.00000       -1.24750
1al01.B99990023.pdb            638.46313   -16198.60742   -15487.04199        1.00000       -1.27278
1al01.B99990024.pdb            596.20898   -15996.32422   -15206.09473        1.00000       -1.17260
1al01.B99990025.pdb            661.78125   -16273.32910   -15527.28809        1.00000       -1.30979
1al01.B99990026.pdb            626.29358   -16097.57422   -15255.40918        1.00000       -1.22274
1al01.B99990027.pdb            662.73840   -16167.82324   -15421.51758        1.00000       -1.25753
1al01.B99990028.pdb            660.63910   -16161.86133   -15147.58887        1.00000       -1.25458
1al01.B99990029.pdb            697.72675   -16021.69141   -15018.58691        1.00000       -1.18516
1al01.B99990030.pdb            690.59601   -16163.48438   -15590.70801        1.00000       -1.25539
1al01.B99990031.pdb            648.66864   -15930.83496   -14857.58887        1.00000       -1.14016
1al01.B99990032.pdb            630.14362   -16105.15332   -15389.26758        1.00000       -1.22650
1al01.B99990033.pdb            734.57013   -16021.34375   -14996.30957        1.00000       -1.18499
1al01.B99990034.pdb            602.73145   -15930.12695   -14807.70410        1.00000       -1.13981
1al01.B99990035.pdb            690.95233   -16011.30664   -15170.92188        1.00000       -1.18002
1al01.B99990036.pdb            652.17584   -16035.31250   -15221.09180        1.00000       -1.19191
1al01.B99990037.pdb            609.85913   -16128.42188   -15110.82715        1.00000       -1.23802
1al01.B99990038.pdb            649.02020   -16119.51172   -15157.24219        1.00000       -1.23361
1al01.B99990039.pdb            690.38983   -16121.38379   -15472.77148        1.00000       -1.23453
1al01.B99990040.pdb            668.70697   -16070.13672   -15033.09766        1.00000       -1.20915
1al01.B99990041.pdb            646.51514   -16039.35938   -15275.20898        1.00000       -1.19391
1al01.B99990042.pdb            593.04529   -16155.66309   -15533.25977        1.00000       -1.25151
1al01.B99990043.pdb            621.90387   -16248.08203   -15414.24023        1.00000       -1.29728
1al01.B99990044.pdb            646.23877   -16120.87793   -15168.01562        1.00000       -1.23428
1al01.B99990045.pdb            696.67633   -15911.44629   -14881.85449        1.00000       -1.13056
1al01.B99990046.pdb            685.94922   -16123.42188   -15150.79590        1.00000       -1.23554
1al01.B99990047.pdb            622.57733   -16159.59082   -15313.20410        1.00000       -1.25346
1al01.B99990048.pdb            623.00677   -16034.19727   -15368.47266        1.00000       -1.19136
1al01.B99990049.pdb            671.39612   -16091.81738   -15175.75000        1.00000       -1.21989
1al01.B99990050.pdb            556.98883   -16072.60938   -14904.32324        1.00000       -1.21038

>> Top model results:
molpdf: 556.9888305664062 (file: 1al01.B99990050.pdb)
DOPE score: -16273.3291015625 (file: 1al01.B99990025.pdb)
GA341 score: 1.0 (file: 1al01.B99990026.pdb)
Normalized DOPE score: -1.3097866576724733 (file: 1al01.B99990025.pdb)

##############################################################################################
>>Clustering results - Representative structure - AffinityPropagation
Cluster		File_Name
0		1al01.B99990015
1		1al01.B99990016

>>Clustering results - Representative structure - DBSCAN
Cluster		File_Name
0		1al01.B99990001.pdb
1		1al01.B99990049.pdb
2		1al01.B99990015.pdb

>>Clustering results - Representative structure - KMeans
Cluster		File_Name
0		1al01.B99990014.pdb
1		1al01.B99990030.pdb
2		1al01.B99990018.pdb

>>Clustering results - Representative structure - MeanShift
Cluster		File_Name
0		1al01.B99990014.pdb
1		1al01.B99990030.pdb
2		1al01.B99990018.pdb
3		1al01.B99990031.pdb

>>Clustering results - Representative structure - SpectralClustering
Cluster		File_Name
0		1al01.B99990030.pdb
1		1al01.B99990014.pdb

>>Clustering results - Representative structure - Ward
Cluster		File_Name
0		1al01.B99990014.pdb
1		1al01.B99990030.pdb
2		1al01.B99990018.pdb
##############################################################################################

##############################################################################################
>>Clustering results - Representative structure - AffinityPropagation
Cluster		File_Name
0		1al01.B99990006
1		1al01.B99990023
2		1al01.B99990030
3		1al01.B99990031
4		1al01.B99990032
5		1al01.B99990036
6		1al01.B99990049

>>Clustering results - Representative structure - DBSCAN
Cluster		File_Name
0		1al01.B99990005.pdb

>>Clustering results - Representative structure - KMeans
Cluster		File_Name
0		1al01.B99990012.pdb
1		1al01.B99990001.pdb
2		1al01.B99990019.pdb
3		1al01.B99990027.pdb
4		1al01.B99990006.pdb

>>Clustering results - Representative structure - MeanShift
Cluster		File_Name
0		1al01.B99990009.pdb
1		1al01.B99990044.pdb
2		1al01.B99990019.pdb

>>Clustering results - Representative structure - SpectralClustering
Cluster		File_Name
0		1al01.B99990030.pdb
1		1al01.B99990048.pdb
2		1al01.B99990031.pdb
3		1al01.B99990023.pdb
4		1al01.B99990049.pdb
5		1al01.B99990006.pdb

>>Clustering results - Representative structure - Ward
Cluster		File_Name
0		1al01.B99990012.pdb
1		1al01.B99990019.pdb
2		1al01.B99990036.pdb
3		1al01.B99990022.pdb
4		1al01.B99990006.pdb
##############################################################################################