>> Summary of successfully produced model

Filename                          molpdf     DOPE score  DOPE-HR score    GA341 score Normalized DOPE score-----------------------------------------------------------------------------------------------------------
6ji0.B99990001.pdb           47043.48047  -346849.25000  -209716.14062        1.00000        1.11255
6ji0.B99990002.pdb           47811.00000  -340873.65625  -201168.26562        1.00000        1.23430
6ji0.B99990003.pdb           47267.03516  -344191.31250  -204749.31250        1.00000        1.16671
6ji0.B99990004.pdb           48095.84375  -346093.62500  -204820.09375        1.00000        1.12795
6ji0.B99990005.pdb           48107.70703  -347314.56250  -212948.98438        1.00000        1.10307
6ji0.B99990006.pdb           46730.59375  -346429.12500  -211520.57812        1.00000        1.12111
6ji0.B99990007.pdb           47760.30469  -351576.37500  -221256.42188        1.00000        1.01624
6ji0.B99990008.pdb           47085.31641  -345574.87500  -210800.75000        1.00000        1.13852
6ji0.B99990009.pdb           47215.76172  -346136.84375  -209456.64062        1.00000        1.12707
6ji0.B99990010.pdb           48325.83984  -348353.25000  -206098.64062        1.00000        1.08191
6ji0.B99990011.pdb           47086.66797  -346354.75000  -209931.32812        1.00000        1.12263
6ji0.B99990012.pdb           48606.53516  -340591.18750  -197441.14062        1.00000        1.24006
6ji0.B99990013.pdb           47520.26172  -341689.25000  -198858.73438        1.00000        1.21768
6ji0.B99990014.pdb           46707.39062  -348946.93750  -216818.18750        1.00000        1.06981
6ji0.B99990015.pdb           47327.87891  -349748.40625  -221177.17188        1.00000        1.05348
6ji0.B99990016.pdb           48146.91406  -344208.21875  -201160.60938        1.00000        1.16636
6ji0.B99990017.pdb           46667.85938  -344678.56250  -206963.59375        1.00000        1.15678
6ji0.B99990018.pdb           48469.12500  -348769.46875  -217056.21875        1.00000        1.07343
6ji0.B99990019.pdb           48401.69141  -344588.53125  -203812.31250        1.00000        1.15861
6ji0.B99990020.pdb           48007.94531  -347912.75000  -214310.46875        1.00000        1.09088
6ji0.B99990021.pdb           48226.21484  -346939.59375  -213378.46875        1.00000        1.11071
6ji0.B99990022.pdb           47348.31641  -349097.21875  -215213.40625        1.00000        1.06675
6ji0.B99990023.pdb           47255.38281  -345097.53125  -205963.09375        1.00000        1.14824
6ji0.B99990024.pdb           47522.14844  -340376.37500  -195801.75000        1.00000        1.24443
6ji0.B99990025.pdb           46589.81250  -345207.40625  -207054.34375        1.00000        1.14600
6ji0.B99990026.pdb           47052.07812  -344249.59375  -207503.53125        1.00000        1.16552
6ji0.B99990027.pdb           48058.07812  -344737.43750  -202227.93750        1.00000        1.15558
6ji0.B99990028.pdb           47214.75391  -348542.37500  -212252.50000        1.00000        1.07805
6ji0.B99990029.pdb           47470.42188  -348691.96875  -213362.53125        1.00000        1.07501
6ji0.B99990030.pdb           47110.97656  -346488.59375  -210784.17188        1.00000        1.11990
6ji0.B99990031.pdb           48365.49219  -342505.90625  -202432.40625        1.00000        1.20104
6ji0.B99990032.pdb           46940.04297  -346481.62500  -207834.62500        1.00000        1.12004
6ji0.B99990033.pdb           46993.98047  -342242.15625  -198599.78125        1.00000        1.20642
6ji0.B99990034.pdb           46864.67969  -346648.28125  -213520.23438        1.00000        1.11665
6ji0.B99990035.pdb           47107.27734  -345095.00000  -205984.46875        1.00000        1.14829
6ji0.B99990036.pdb           48064.91016  -349256.03125  -213879.78125        1.00000        1.06351
6ji0.B99990037.pdb           46863.73438  -347619.40625  -212002.23438        1.00000        1.09686
6ji0.B99990038.pdb           47029.37500  -344437.03125  -205327.48438        1.00000        1.16170
6ji0.B99990039.pdb           47324.59766  -343803.96875  -208670.90625        1.00000        1.17460
6ji0.B99990040.pdb           47081.94531  -342861.09375  -202772.26562        1.00000        1.19381
6ji0.B99990041.pdb           48396.60938  -350022.90625  -216231.18750        1.00000        1.04789
6ji0.B99990042.pdb           47839.79297  -349515.68750  -217314.54688        1.00000        1.05822
6ji0.B99990043.pdb           47801.50391  -349252.56250  -213747.67188        1.00000        1.06359
6ji0.B99990044.pdb           47299.82031  -341556.59375  -198232.82812        1.00000        1.22039
6ji0.B99990045.pdb           47600.04688  -348895.53125  -214883.26562        1.00000        1.07086
6ji0.B99990046.pdb           47189.64453  -343636.31250  -201332.39062        1.00000        1.17801
6ji0.B99990047.pdb           48263.21094  -346020.62500  -207890.87500        1.00000        1.12943
6ji0.B99990048.pdb           49656.40234  -349957.65625  -215928.51562        1.00000        1.04922
6ji0.B99990049.pdb           46382.46094  -346478.28125  -211688.60938        1.00000        1.12011
6ji0.B99990050.pdb           48250.55859  -346128.84375  -207561.87500        1.00000        1.12723

>> Top model results:
molpdf: 46382.4609375 (file: 6ji0.B99990049.pdb)
DOPE score: -351576.375 (file: 6ji0.B99990007.pdb)
GA341 score: 1.0 (file: 6ji0.B99990039.pdb)
Normalized DOPE score: 1.0162389548158621 (file: 6ji0.B99990007.pdb)

##############################################################################################
>>Clustering results - Representative structure - AffinityPropagation
Cluster		File_Name
0		6ji0.B99990006
1		6ji0.B99990022
2		6ji0.B99990026
3		6ji0.B99990041
4		6ji0.B99990044
5		6ji0.B99990050

>>Clustering results - Representative structure - DBSCAN
Cluster		File_Name
0		6ji0.B99990009.pdb

>>Clustering results - Representative structure - KMeans
Cluster		File_Name
0		6ji0.B99990014.pdb
1		6ji0.B99990044.pdb
2		6ji0.B99990006.pdb
3		6ji0.B99990026.pdb
4		6ji0.B99990048.pdb
5		6ji0.B99990008.pdb

>>Clustering results - Representative structure - MeanShift
Cluster		File_Name
0		6ji0.B99990005.pdb
1		6ji0.B99990046.pdb

>>Clustering results - Representative structure - SpectralClustering
Cluster		File_Name
0		6ji0.B99990029.pdb
1		6ji0.B99990046.pdb

>>Clustering results - Representative structure - Ward
Cluster		File_Name
0		6ji0.B99990045.pdb
1		6ji0.B99990006.pdb
2		6ji0.B99990046.pdb
3		6ji0.B99990041.pdb
4		6ji0.B99990030.pdb
5		6ji0.B99990044.pdb
6		6ji0.B99990023.pdb
7		6ji0.B99990036.pdb
8		6ji0.B99990017.pdb
9		6ji0.B99990039.pdb
##############################################################################################

##############################################################################################
>>Clustering results - Representative structure - AffinityPropagation
Cluster		File_Name
0		6ji0.B99990001
1		6ji0.B99990008
2		6ji0.B99990014
3		6ji0.B99990023
4		6ji0.B99990036
5		6ji0.B99990042
6		6ji0.B99990044

>>Clustering results - Representative structure - DBSCAN
Cluster		File_Name
0		6ji0.B99990009.pdb

>>Clustering results - Representative structure - KMeans
Cluster		File_Name
0		6ji0.B99990028.pdb
1		6ji0.B99990044.pdb
2		6ji0.B99990025.pdb
3		6ji0.B99990023.pdb
4		6ji0.B99990014.pdb
5		6ji0.B99990042.pdb

>>Clustering results - Representative structure - MeanShift
Cluster		File_Name
0		6ji0.B99990009.pdb

>>Clustering results - Representative structure - SpectralClustering
Cluster		File_Name
0		6ji0.B99990014.pdb
1		6ji0.B99990041.pdb
2		6ji0.B99990023.pdb
3		6ji0.B99990032.pdb
4		6ji0.B99990043.pdb
5		6ji0.B99990044.pdb

>>Clustering results - Representative structure - Ward
Cluster		File_Name
0		6ji0.B99990028.pdb
1		6ji0.B99990050.pdb
2		6ji0.B99990045.pdb
3		6ji0.B99990044.pdb
4		6ji0.B99990023.pdb
5		6ji0.B99990042.pdb
##############################################################################################