>> Summary of successfully produced model

Filename                          molpdf     DOPE score  DOPE-HR score    GA341 score Normalized DOPE score-----------------------------------------------------------------------------------------------------------
1a73A.B99990001.pdb            541.28198    -6620.22949    -4216.55127        0.00000        2.99482
1a73A.B99990002.pdb           1079.66882    -5182.41260     1343.99463        0.00000        3.62339
1a73A.B99990003.pdb            572.49359    -6588.09277    -5275.67383        0.00000        3.00887
1a73A.B99990004.pdb            521.17151    -6425.22754    -5917.78223        0.00000        3.08007
1a73A.B99990005.pdb            556.85992    -5581.78613    -4948.78076        0.00000        3.44880
1a73A.B99990006.pdb            636.20050    -6341.51074    -3376.43140        0.00000        3.11667
1a73A.B99990007.pdb           1032.41272    -4469.18555       85.21391        0.00000        3.93520
1a73A.B99990008.pdb            576.00037    -5392.80859    -4872.68848        0.00000        3.53142
1a73A.B99990009.pdb            818.43848    -6342.11279     -967.96216        0.00000        3.11641
1a73A.B99990010.pdb            530.35052    -5610.55908    -5178.24512        0.00000        3.43622
1a73A.B99990011.pdb            500.66418    -5792.74756    -5405.17285        0.00000        3.35657
1a73A.B99990012.pdb            676.97986    -6262.44092    -4341.58398        0.00000        3.15124
1a73A.B99990013.pdb            570.62512    -5292.24707    -4959.35010        0.00000        3.57538
1a73A.B99990014.pdb            606.61438    -6424.30908    -4750.99902        0.00000        3.08047
1a73A.B99990015.pdb            575.53088    -7446.57422    -5229.29980        0.00000        2.63357
1a73A.B99990016.pdb            506.18808    -5749.04980    -5023.63525        0.00000        3.37568
1a73A.B99990017.pdb            532.36835    -6171.64453    -5536.64844        0.00000        3.19093
1a73A.B99990018.pdb            933.03400    -4306.47900      624.75977        0.00000        4.00633
1a73A.B99990019.pdb            573.62933    -6838.56152    -5398.58203        0.00000        2.89938
1a73A.B99990020.pdb            655.55896    -6952.18701    -5655.59473        0.00000        2.84970
1a73A.B99990021.pdb            594.03113    -5935.25098    -5211.37012        0.00000        3.29428
1a73A.B99990022.pdb            532.01105    -7174.76807    -6359.67432        0.00000        2.75240
1a73A.B99990023.pdb            534.76105    -5644.85205    -5118.52637        0.00000        3.42123
1a73A.B99990024.pdb            534.67499    -6087.93799    -5648.69580        0.00000        3.22753
1a73A.B99990025.pdb            601.11090    -5425.57373    -4901.80566        0.00000        3.51709
1a73A.B99990026.pdb            502.82300    -5926.72412    -5556.28906        0.00000        3.29800
1a73A.B99990027.pdb            683.45056    -7839.02148    -4219.14893        0.00000        2.46200
1a73A.B99990028.pdb            586.93286    -6304.00391    -5251.06104        0.00000        3.13307
1a73A.B99990029.pdb            618.94897    -6889.30029    -5378.86133        0.00000        2.87719
1a73A.B99990030.pdb            525.62482    -6099.86523    -5359.16211        0.00000        3.22231
1a73A.B99990031.pdb            575.11621    -5552.02930    -5185.21094        0.00000        3.46181
1a73A.B99990032.pdb            595.85663    -6419.21338    -4416.38867        0.00000        3.08270
1a73A.B99990033.pdb            574.55841    -6393.69678    -5263.90625        0.00000        3.09386
1a73A.B99990034.pdb            513.55817    -6347.84229    -5325.12402        0.00000        3.11390
1a73A.B99990035.pdb            728.64172    -6466.84473    -2323.18164        0.00000        3.06188
1a73A.B99990036.pdb            572.30688    -6994.63623    -4461.63330        0.00000        2.83114
1a73A.B99990037.pdb            539.09723    -5740.40723    -5512.32812        0.00000        3.37946
1a73A.B99990038.pdb            572.26550    -5511.03125    -5151.84521        0.00000        3.47973
1a73A.B99990039.pdb            653.56378    -5256.46045    -3699.11719        0.00000        3.59102
1a73A.B99990040.pdb            607.80591    -6435.04346    -4847.40576        0.00000        3.07578
1a73A.B99990041.pdb            532.70593    -5767.35742    -5409.91113        0.00000        3.36767
1a73A.B99990042.pdb            650.35858    -7773.85742    -3413.42480        0.00000        2.49049
1a73A.B99990043.pdb            514.77905    -7101.62256    -6389.83350        0.00000        2.78437
1a73A.B99990044.pdb            623.04205    -5918.48242    -5146.04248        0.00000        3.30161
1a73A.B99990045.pdb            560.99860    -5868.12012    -5167.56787        0.00000        3.32362
1a73A.B99990046.pdb            573.77521    -6421.49170    -4859.77246        0.00000        3.08171
1a73A.B99990047.pdb            680.02319    -6491.40625    -2636.47461        0.00000        3.05114
1a73A.B99990048.pdb            534.39368    -5861.91162    -5156.50439        0.00000        3.32634
1a73A.B99990049.pdb            540.23462    -5539.46289    -5073.97803        0.00000        3.46730
1a73A.B99990050.pdb            556.74756    -6671.93164    -6106.44727        0.00000        2.97222

>> Top model results:
molpdf: 500.6641845703125 (file: 1a73A.B99990011.pdb)
DOPE score: -7839.021484375 (file: 1a73A.B99990027.pdb)
GA341 score: 0.0 (file: 1a73A.B99990031.pdb)
Normalized DOPE score: 2.462004808364293 (file: 1a73A.B99990027.pdb)

##############################################################################################
>>Clustering results - Representative structure - AffinityPropagation
Cluster		File_Name
0		1a73A.B99990040

>>Clustering results - Representative structure - DBSCAN
Cluster		File_Name
0		1a73A.B99990021.pdb
1		1a73A.B99990006.pdb

>>Clustering results - Representative structure - KMeans
Cluster		File_Name
0		1a73A.B99990028.pdb
1		1a73A.B99990002.pdb

>>Clustering results - Representative structure - MeanShift
Cluster		File_Name
0		1a73A.B99990030.pdb
1		1a73A.B99990047.pdb
2		1a73A.B99990002.pdb
3		1a73A.B99990027.pdb
4		1a73A.B99990018.pdb

>>Clustering results - Representative structure - SpectralClustering
Cluster		File_Name
0		1a73A.B99990028.pdb
1		1a73A.B99990002.pdb

>>Clustering results - Representative structure - Ward
Cluster		File_Name
0		1a73A.B99990028.pdb
1		1a73A.B99990009.pdb
##############################################################################################

##############################################################################################
>>Clustering results - Representative structure - AffinityPropagation
Cluster		File_Name
0		1a73A.B99990032

>>Clustering results - Representative structure - DBSCAN
Cluster		File_Name
0		1a73A.B99990016.pdb
1		1a73A.B99990032.pdb

>>Clustering results - Representative structure - KMeans
Cluster		File_Name
0		1a73A.B99990002.pdb
1		1a73A.B99990033.pdb

>>Clustering results - Representative structure - MeanShift
Cluster		File_Name
0		1a73A.B99990021.pdb
1		1a73A.B99990047.pdb
2		1a73A.B99990015.pdb
3		1a73A.B99990007.pdb
4		1a73A.B99990018.pdb

>>Clustering results - Representative structure - SpectralClustering
Cluster		File_Name
0		1a73A.B99990033.pdb
1		1a73A.B99990007.pdb

>>Clustering results - Representative structure - Ward
Cluster		File_Name
0		1a73A.B99990033.pdb
1		1a73A.B99990007.pdb
##############################################################################################