>> Summary of successfully produced model

Filename                          molpdf     DOPE score  DOPE-HR score    GA341 score Normalized DOPE score-----------------------------------------------------------------------------------------------------------
1aco_.B99990001.pdb           3686.25024   -91076.82031   -88185.94531        1.00000       -1.72723
1aco_.B99990002.pdb           3584.77783   -91363.46094   -88689.01562        1.00000       -1.75419
1aco_.B99990003.pdb           3473.25854   -91157.21094   -88051.02344        1.00000       -1.73479
1aco_.B99990004.pdb           3497.65430   -91171.47656   -88036.70312        1.00000       -1.73614
1aco_.B99990005.pdb           3841.97778   -90790.80469   -87540.17188        1.00000       -1.70033
1aco_.B99990006.pdb           3666.46777   -91047.82812   -87791.28125        1.00000       -1.72451
1aco_.B99990007.pdb           3548.70117   -91129.32812   -87962.61719        1.00000       -1.73217
1aco_.B99990008.pdb           3731.96533   -90791.61719   -87736.96875        1.00000       -1.70041
1aco_.B99990009.pdb           3732.77344   -90956.29688   -87723.46875        1.00000       -1.71590
1aco_.B99990010.pdb           3699.91699   -91071.77344   -87762.02344        1.00000       -1.72676
1aco_.B99990011.pdb           3973.88550   -90694.62500   -86709.64844        1.00000       -1.69129
1aco_.B99990012.pdb           3885.87793   -90556.91406   -86600.53125        1.00000       -1.67834
1aco_.B99990013.pdb           3612.00342   -91282.03125   -88200.78125        1.00000       -1.74653
1aco_.B99990014.pdb           3930.72900   -90421.74219   -86050.13281        1.00000       -1.66562
1aco_.B99990015.pdb           3610.91260   -91405.06250   -88744.87500        1.00000       -1.75811
1aco_.B99990016.pdb           3518.26782   -91285.39062   -88253.56250        1.00000       -1.74685
1aco_.B99990017.pdb           3622.57324   -91194.94531   -88395.48438        1.00000       -1.73834
1aco_.B99990018.pdb           3678.41846   -91250.14062   -88047.03125        1.00000       -1.74353
1aco_.B99990019.pdb           3726.48633   -91205.85938   -88005.84375        1.00000       -1.73937
1aco_.B99990020.pdb           3725.88745   -90829.29688   -87307.71094        1.00000       -1.70395
1aco_.B99990021.pdb           3588.12329   -91054.34375   -87414.74219        1.00000       -1.72512
1aco_.B99990022.pdb           3570.89966   -91079.82812   -88042.44531        1.00000       -1.72752
1aco_.B99990023.pdb           3640.19531   -91230.18750   -88242.00781        1.00000       -1.74166
1aco_.B99990024.pdb           3633.68726   -91222.10156   -88153.60938        1.00000       -1.74090
1aco_.B99990025.pdb           3557.38599   -91206.33594   -88639.58594        1.00000       -1.73941
1aco_.B99990026.pdb           3863.49121   -90833.95312   -87030.59375        1.00000       -1.70439
1aco_.B99990027.pdb           3636.37769   -91164.10938   -88007.21094        1.00000       -1.73544
1aco_.B99990028.pdb           3991.32983   -91179.65625   -88252.21094        1.00000       -1.73691
1aco_.B99990029.pdb           3571.98901   -91153.79688   -88139.41406        1.00000       -1.73447
1aco_.B99990030.pdb           3551.21826   -91178.98438   -88056.85938        1.00000       -1.73684
1aco_.B99990031.pdb           3537.45190   -91160.60938   -88255.29688        1.00000       -1.73511
1aco_.B99990032.pdb           3477.09692   -91165.59375   -88229.78906        1.00000       -1.73558
1aco_.B99990033.pdb           3663.90234   -91255.85156   -88086.21094        1.00000       -1.74407
1aco_.B99990034.pdb           3915.51831   -90806.73438   -86701.83594        1.00000       -1.70183
1aco_.B99990035.pdb           3538.01807   -91031.21875   -88308.79688        1.00000       -1.72294
1aco_.B99990036.pdb           3992.84790   -90701.17188   -86203.37500        1.00000       -1.69190
1aco_.B99990037.pdb           3447.85693   -91056.10156   -87950.95312        1.00000       -1.72528
1aco_.B99990038.pdb           3681.40381   -91127.59375   -87942.32031        1.00000       -1.73201
1aco_.B99990039.pdb           3739.34009   -90903.57812   -87512.03906        1.00000       -1.71094
1aco_.B99990040.pdb           3488.15552   -91433.18750   -88729.31250        1.00000       -1.76075
1aco_.B99990041.pdb           3500.15381   -91072.07031   -88069.00781        1.00000       -1.72679
1aco_.B99990042.pdb           3777.09033   -90776.54688   -87312.60938        1.00000       -1.69899
1aco_.B99990043.pdb           3655.74780   -90802.64844   -86977.03125        1.00000       -1.70145
1aco_.B99990044.pdb           3494.27588   -91181.03125   -88184.51562        1.00000       -1.73703
1aco_.B99990045.pdb           3497.58667   -91222.47656   -88202.53906        1.00000       -1.74093
1aco_.B99990046.pdb           3404.53467   -91447.35156   -88782.51562        1.00000       -1.76208
1aco_.B99990047.pdb           3604.74048   -91080.97656   -87769.25781        1.00000       -1.72762
1aco_.B99990048.pdb           3749.24854   -91069.54688   -87828.42969        1.00000       -1.72655
1aco_.B99990049.pdb           3575.04346   -91067.29688   -88223.53906        1.00000       -1.72634
1aco_.B99990050.pdb           3746.29663   -90830.86719   -87297.05469        1.00000       -1.70410

>> Top model results:
molpdf: 3404.53466796875 (file: 1aco_.B99990046.pdb)
DOPE score: -91447.3515625 (file: 1aco_.B99990046.pdb)
GA341 score: 1.0 (file: 1aco_.B99990039.pdb)
Normalized DOPE score: -1.7620828858288446 (file: 1aco_.B99990046.pdb)

##############################################################################################
>>Clustering results - Representative structure - AffinityPropagation
Cluster		File_Name
0		1aco_.B99990018
1		1aco_.B99990050

>>Clustering results - Representative structure - DBSCAN
Cluster		File_Name
0		1aco_.B99990001.pdb
1		1aco_.B99990029.pdb
2		1aco_.B99990038.pdb
3		1aco_.B99990020.pdb
4		1aco_.B99990026.pdb

>>Clustering results - Representative structure - KMeans
Cluster		File_Name
0		1aco_.B99990023.pdb
1		1aco_.B99990039.pdb

>>Clustering results - Representative structure - MeanShift
Cluster		File_Name
0		1aco_.B99990023.pdb
1		1aco_.B99990039.pdb
2		1aco_.B99990050.pdb
3		1aco_.B99990012.pdb

>>Clustering results - Representative structure - SpectralClustering
Cluster		File_Name
0		1aco_.B99990027.pdb
1		1aco_.B99990039.pdb

>>Clustering results - Representative structure - Ward
Cluster		File_Name
0		1aco_.B99990027.pdb
1		1aco_.B99990039.pdb
##############################################################################################

##############################################################################################
>>Clustering results - Representative structure - AffinityPropagation
Cluster		File_Name
0		1aco_.B99990005
1		1aco_.B99990010
2		1aco_.B99990024
3		1aco_.B99990031
4		1aco_.B99990035
5		1aco_.B99990036
6		1aco_.B99990040

>>Clustering results - Representative structure - DBSCAN
Cluster		File_Name
0		1aco_.B99990004.pdb
1		1aco_.B99990006.pdb

>>Clustering results - Representative structure - KMeans
Cluster		File_Name
0		1aco_.B99990019.pdb
1		1aco_.B99990034.pdb

>>Clustering results - Representative structure - MeanShift
Cluster		File_Name
0		1aco_.B99990029.pdb
1		1aco_.B99990034.pdb

>>Clustering results - Representative structure - SpectralClustering
Cluster		File_Name
0		1aco_.B99990034.pdb
1		1aco_.B99990019.pdb

>>Clustering results - Representative structure - Ward
Cluster		File_Name
0		1aco_.B99990019.pdb
1		1aco_.B99990034.pdb
##############################################################################################