>> Summary of successfully produced model

Filename                          molpdf     DOPE score  DOPE-HR score    GA341 score Normalized DOPE score-----------------------------------------------------------------------------------------------------------
1a53_.B99990001.pdb           1082.94482   -32491.05664   -32060.02148        1.00000       -2.45471
1a53_.B99990002.pdb           1046.35559   -32360.18164   -31846.78125        1.00000       -2.41719
1a53_.B99990003.pdb           1157.08423   -32246.66016   -31694.44336        1.00000       -2.38464
1a53_.B99990004.pdb           1048.39453   -32321.02930   -32070.23438        1.00000       -2.40596
1a53_.B99990005.pdb           1086.78625   -32262.57617   -31804.67578        1.00000       -2.38920
1a53_.B99990006.pdb           1069.60950   -32460.64062   -32087.25391        1.00000       -2.44599
1a53_.B99990007.pdb           1093.12134   -32462.59766   -32289.09180        1.00000       -2.44655
1a53_.B99990008.pdb           1195.59924   -32282.23438   -31707.30664        1.00000       -2.39484
1a53_.B99990009.pdb           1086.09033   -32536.87695   -32308.06445        1.00000       -2.46785
1a53_.B99990010.pdb           1052.94727   -32448.45312   -32052.55859        1.00000       -2.44250
1a53_.B99990011.pdb           1028.06714   -32360.15039   -32120.55273        1.00000       -2.41718
1a53_.B99990012.pdb           1057.78418   -32494.35742   -32128.23047        1.00000       -2.45566
1a53_.B99990013.pdb           1099.09656   -32412.62109   -32289.10547        1.00000       -2.43222
1a53_.B99990014.pdb           1116.57678   -32525.32031   -32169.57031        1.00000       -2.46454
1a53_.B99990015.pdb           1012.20667   -32504.48242   -32362.95703        1.00000       -2.45856
1a53_.B99990016.pdb           1099.71680   -32351.61914   -31814.71680        1.00000       -2.41473
1a53_.B99990017.pdb           1037.65344   -32229.45898   -31667.02930        1.00000       -2.37970
1a53_.B99990018.pdb           1063.18970   -32192.60352   -31663.51367        1.00000       -2.36914
1a53_.B99990019.pdb           1072.68604   -32413.96680   -32221.99023        1.00000       -2.43261
1a53_.B99990020.pdb            956.77606   -32662.43359   -32669.36914        1.00000       -2.50385
1a53_.B99990021.pdb           1070.66870   -32619.69336   -32403.59180        1.00000       -2.49159
1a53_.B99990022.pdb           1091.20459   -32344.91211   -31888.08984        1.00000       -2.41281
1a53_.B99990023.pdb           1062.89331   -32536.79883   -32711.92969        1.00000       -2.46783
1a53_.B99990024.pdb           1086.25122   -32411.58789   -32013.30469        1.00000       -2.43193
1a53_.B99990025.pdb           1125.74841   -32449.94336   -32104.83984        1.00000       -2.44292
1a53_.B99990026.pdb           1045.27856   -32614.18750   -32510.28516        1.00000       -2.49002
1a53_.B99990027.pdb           1061.99622   -32392.92969   -31922.16602        1.00000       -2.42658
1a53_.B99990028.pdb           1063.44800   -32423.25000   -32201.58984        1.00000       -2.43527
1a53_.B99990029.pdb           1165.92261   -32453.39844   -32184.50000        1.00000       -2.44391
1a53_.B99990030.pdb           1121.21216   -32290.34961   -31777.03516        1.00000       -2.39716
1a53_.B99990031.pdb           1028.76501   -32650.24609   -32486.39844        1.00000       -2.50036
1a53_.B99990032.pdb           1054.57788   -32606.92773   -32413.19336        1.00000       -2.48793
1a53_.B99990033.pdb           1142.20422   -32235.76758   -31745.79688        1.00000       -2.38151
1a53_.B99990034.pdb           1018.18506   -32524.42383   -32353.29297        1.00000       -2.46428
1a53_.B99990035.pdb           1041.46533   -32427.62109   -32241.04883        1.00000       -2.43652
1a53_.B99990036.pdb           1041.31946   -32313.81055   -31940.18359        1.00000       -2.40389
1a53_.B99990037.pdb           1141.34863   -32373.48633   -32012.14844        1.00000       -2.42100
1a53_.B99990038.pdb           1002.14539   -32544.65430   -32593.87891        1.00000       -2.47008
1a53_.B99990039.pdb           1006.65143   -32663.16992   -32779.53516        1.00000       -2.50406
1a53_.B99990040.pdb           1024.74524   -32489.85352   -32301.15430        1.00000       -2.45437
1a53_.B99990041.pdb           1032.72083   -32572.40625   -32272.76758        1.00000       -2.47804
1a53_.B99990042.pdb           1052.37524   -32437.71289   -32127.47070        1.00000       -2.43942
1a53_.B99990043.pdb           1090.67871   -32492.86133   -32231.08008        1.00000       -2.45523
1a53_.B99990044.pdb           1067.33362   -32592.23633   -32430.04688        1.00000       -2.48372
1a53_.B99990045.pdb            990.52734   -32545.01562   -32385.44727        1.00000       -2.47018
1a53_.B99990046.pdb           1041.01794   -32399.90039   -31913.71680        1.00000       -2.42857
1a53_.B99990047.pdb           1120.78296   -32366.88477   -31932.45508        1.00000       -2.41911
1a53_.B99990048.pdb           1114.88330   -32200.58398   -31632.17969        1.00000       -2.37142
1a53_.B99990049.pdb           1046.44043   -32374.81836   -31986.14844        1.00000       -2.42138
1a53_.B99990050.pdb           1053.99048   -32538.84570   -32362.54883        1.00000       -2.46841

>> Top model results:
molpdf: 956.7760620117188 (file: 1a53_.B99990020.pdb)
DOPE score: -32663.169921875 (file: 1a53_.B99990039.pdb)
GA341 score: 1.0 (file: 1a53_.B99990008.pdb)
Normalized DOPE score: -2.50406074471378 (file: 1a53_.B99990039.pdb)

##############################################################################################
>>Clustering results - Representative structure - AffinityPropagation
Cluster		File_Name
0		1a53_.B99990006

>>Clustering results - Representative structure - DBSCAN
Cluster		File_Name
0		1a53_.B99990006.pdb
1		1a53_.B99990001.pdb

>>Clustering results - Representative structure - KMeans
Cluster		File_Name
0		1a53_.B99990006.pdb
1		1a53_.B99990001.pdb

>>Clustering results - Representative structure - MeanShift
Cluster		File_Name
0		1a53_.B99990006.pdb
1		1a53_.B99990001.pdb

>>Clustering results - Representative structure - SpectralClustering
Cluster		File_Name
0		1a53_.B99990006.pdb
1		1a53_.B99990001.pdb

>>Clustering results - Representative structure - Ward
Cluster		File_Name
0		1a53_.B99990006.pdb
1		1a53_.B99990001.pdb
##############################################################################################