>> Summary of successfully produced model

Filename                          molpdf     DOPE score  DOPE-HR score    GA341 score Normalized DOPE score-----------------------------------------------------------------------------------------------------------
1akhA.B99990001.pdb            458.91217     -959.95209     1117.51270        0.00000        3.38411
1akhA.B99990002.pdb            187.59460    -1569.60327    -1495.23584        0.00000        2.50296
1akhA.B99990003.pdb            180.04391    -1443.36719    -1302.39746        0.00000        2.68541
1akhA.B99990004.pdb            196.51247    -1480.66125     -952.30499        0.00000        2.63151
1akhA.B99990005.pdb            167.51381    -1523.67932    -1504.23242        0.00000        2.56933
1akhA.B99990006.pdb            212.68933    -1484.22046    -1376.59644        0.00000        2.62636
1akhA.B99990007.pdb            175.92677    -1353.46472    -1276.98682        0.00000        2.81535
1akhA.B99990008.pdb            190.08885    -1380.28162    -1083.95691        0.00000        2.77659
1akhA.B99990009.pdb            214.80585    -1536.43115    -1313.73645        0.00000        2.55090
1akhA.B99990010.pdb            210.06171    -1565.66199     -387.44498        0.00000        2.50865
1akhA.B99990011.pdb            173.14317    -1506.88916    -1043.44043        0.00000        2.59360
1akhA.B99990012.pdb            180.87631    -1631.45728    -1180.27234        0.00000        2.41356
1akhA.B99990013.pdb            200.50391    -1558.24500    -1096.94714        0.00000        2.51937
1akhA.B99990014.pdb            217.85165    -1285.76550     -114.56653        0.00000        2.91320
1akhA.B99990015.pdb            179.11728    -1578.46484    -1468.27917        0.00000        2.49015
1akhA.B99990016.pdb            194.14371    -1569.55920    -1492.58032        0.00000        2.50302
1akhA.B99990017.pdb            192.03078    -1353.59253    -1152.96375        0.00000        2.81516
1akhA.B99990018.pdb            204.60710    -1835.18652    -1573.43213        0.00000        2.11910
1akhA.B99990019.pdb            203.15186    -1578.38940    -1498.98682        0.00000        2.49026
1akhA.B99990020.pdb            202.81770    -1442.97559    -1049.60120        0.00000        2.68598
1akhA.B99990021.pdb            193.99339    -1497.80249    -1309.35291        0.00000        2.60673
1akhA.B99990022.pdb            219.11305    -1755.15906     -451.94153        0.00000        2.23477
1akhA.B99990023.pdb            185.99274    -1525.65723    -1431.32996        0.00000        2.56647
1akhA.B99990024.pdb            205.74808    -1656.88989    -1288.29480        0.00000        2.37680
1akhA.B99990025.pdb            186.61079    -1576.63000    -1318.58215        0.00000        2.49280
1akhA.B99990026.pdb            193.47694    -1469.15735    -1205.84888        0.00000        2.64813
1akhA.B99990027.pdb            181.71295    -1712.59949    -1294.95166        0.00000        2.29628
1akhA.B99990028.pdb            230.43262    -1345.04248     -578.14111        0.00000        2.82752
1akhA.B99990029.pdb            232.06216    -1400.45203     -511.60913        0.00000        2.74744
1akhA.B99990030.pdb            197.13435    -1470.22632    -1438.04773        0.00000        2.64659
1akhA.B99990031.pdb            172.72469    -1586.36011    -1447.38733        0.00000        2.47874
1akhA.B99990032.pdb            183.56093    -1606.46216    -1510.80261        0.00000        2.44968
1akhA.B99990033.pdb            191.59187    -1621.73865    -1380.39966        0.00000        2.42760
1akhA.B99990034.pdb            184.48692    -1657.09399    -1500.87598        0.00000        2.37650
1akhA.B99990035.pdb            191.48422    -1686.73401    -1356.34900        0.00000        2.33366
1akhA.B99990036.pdb            245.26674    -1539.29651     -563.33533        0.00000        2.54676
1akhA.B99990037.pdb            231.63573    -1442.40320      133.20532        0.00000        2.68680
1akhA.B99990038.pdb            186.40154    -1602.77014    -1376.98401        0.00000        2.45502
1akhA.B99990039.pdb            279.70120    -1182.81714     1119.47961        0.00000        3.06199
1akhA.B99990040.pdb            182.60770    -1506.32031    -1322.86938        0.00000        2.59442
1akhA.B99990041.pdb            207.25955    -1226.12024        3.35683        0.00000        2.99940
1akhA.B99990042.pdb            187.40643    -1486.01440    -1255.26294        0.00000        2.62377
1akhA.B99990043.pdb            225.37352    -1574.42529    -1160.17017        0.00000        2.49599
1akhA.B99990044.pdb            196.78191    -1399.92712    -1005.01019        0.00000        2.74820
1akhA.B99990045.pdb            424.76242    -1129.33081     1367.64197        0.00000        3.13930
1akhA.B99990046.pdb            174.47621    -1614.91492    -1523.16687        0.00000        2.43747
1akhA.B99990047.pdb            182.14868    -1358.77600    -1148.19495        0.00000        2.80767
1akhA.B99990048.pdb            180.98758    -1552.66406    -1248.29651        0.00000        2.52744
1akhA.B99990049.pdb            181.70702    -1389.70886    -1274.60376        0.00000        2.76296
1akhA.B99990050.pdb            167.02951    -1797.31201    -1593.81592        0.00000        2.17384

>> Top model results:
molpdf: 167.02951049804688 (file: 1akhA.B99990050.pdb)
DOPE score: -1835.1865234375 (file: 1akhA.B99990018.pdb)
GA341 score: 0.0 (file: 1akhA.B99990016.pdb)
Normalized DOPE score: 2.1190985188475984 (file: 1akhA.B99990018.pdb)

##############################################################################################
>>Clustering results - Representative structure - AffinityPropagation
Cluster		File_Name
0		1akhA.B99990001
1		1akhA.B99990029
2		1akhA.B99990042
3		1akhA.B99990045

>>Clustering results - Representative structure - DBSCAN
Cluster		File_Name
0		1akhA.B99990040.pdb
1		1akhA.B99990028.pdb

>>Clustering results - Representative structure - KMeans
Cluster		File_Name
0		1akhA.B99990040.pdb
1		1akhA.B99990045.pdb
2		1akhA.B99990014.pdb

>>Clustering results - Representative structure - MeanShift
Cluster		File_Name
0		1akhA.B99990040.pdb
1		1akhA.B99990028.pdb
2		1akhA.B99990041.pdb
3		1akhA.B99990001.pdb
4		1akhA.B99990039.pdb
5		1akhA.B99990045.pdb

>>Clustering results - Representative structure - SpectralClustering
Cluster		File_Name
0		1akhA.B99990040.pdb
1		1akhA.B99990045.pdb
2		1akhA.B99990014.pdb

>>Clustering results - Representative structure - Ward
Cluster		File_Name
0		1akhA.B99990040.pdb
1		1akhA.B99990014.pdb
2		1akhA.B99990045.pdb
##############################################################################################

##############################################################################################
>>Clustering results - Representative structure - AffinityPropagation
Cluster		File_Name
0		1akhA.B99990001
1		1akhA.B99990008
2		1akhA.B99990012
3		1akhA.B99990013
4		1akhA.B99990014
5		1akhA.B99990021
6		1akhA.B99990037
7		1akhA.B99990039
8		1akhA.B99990041
9		1akhA.B99990045

>>Clustering results - Representative structure - DBSCAN
Cluster		File_Name
0		1akhA.B99990048.pdb
1		1akhA.B99990008.pdb
2		1akhA.B99990036.pdb

>>Clustering results - Representative structure - KMeans
Cluster		File_Name
0		1akhA.B99990039.pdb
1		1akhA.B99990043.pdb

>>Clustering results - Representative structure - MeanShift
Cluster		File_Name
0		1akhA.B99990048.pdb
1		1akhA.B99990013.pdb
2		1akhA.B99990037.pdb
3		1akhA.B99990001.pdb
4		1akhA.B99990045.pdb
5		1akhA.B99990041.pdb
6		1akhA.B99990039.pdb
7		1akhA.B99990014.pdb

>>Clustering results - Representative structure - SpectralClustering
Cluster		File_Name
0		1akhA.B99990045.pdb
1		1akhA.B99990043.pdb

>>Clustering results - Representative structure - Ward
Cluster		File_Name
0		1akhA.B99990039.pdb
1		1akhA.B99990043.pdb
##############################################################################################