>> Summary of successfully produced model

Filename                          molpdf     DOPE score  DOPE-HR score    GA341 score Normalized DOPE score-----------------------------------------------------------------------------------------------------------
1a4mA.B99990001.pdb           1696.39600   -42762.78125   -38876.73828        1.00000       -1.89325
1a4mA.B99990002.pdb           1733.53284   -42807.89062   -39020.32812        1.00000       -1.90241
1a4mA.B99990003.pdb           1822.84094   -42556.08203   -38323.56250        1.00000       -1.85131
1a4mA.B99990004.pdb           1712.48425   -42636.13281   -38630.48828        1.00000       -1.86755
1a4mA.B99990005.pdb           1723.58521   -42768.81641   -38961.52734        1.00000       -1.89448
1a4mA.B99990006.pdb           1839.59253   -42534.59375   -38387.42188        1.00000       -1.84695
1a4mA.B99990007.pdb           1755.32336   -42808.57031   -38823.57422        1.00000       -1.90255
1a4mA.B99990008.pdb           1861.07312   -42549.14453   -38300.40625        1.00000       -1.84990
1a4mA.B99990009.pdb           1656.88696   -42535.03125   -38247.94922        1.00000       -1.84704
1a4mA.B99990010.pdb           1763.46472   -42421.12109   -37800.58984        1.00000       -1.82392
1a4mA.B99990011.pdb           1955.15393   -42501.84375   -38001.61719        1.00000       -1.84030
1a4mA.B99990012.pdb           1845.43970   -42624.58594   -38756.21094        1.00000       -1.86521
1a4mA.B99990013.pdb           1904.98193   -42533.15234   -38553.16797        1.00000       -1.84666
1a4mA.B99990014.pdb           1973.53699   -42485.80078   -38368.46094        1.00000       -1.83705
1a4mA.B99990015.pdb           1907.53064   -42356.77344   -37791.75391        1.00000       -1.81087
1a4mA.B99990016.pdb           1749.13647   -42866.11328   -38902.75000        1.00000       -1.91422
1a4mA.B99990017.pdb           1679.66272   -42875.46484   -38902.71484        1.00000       -1.91612
1a4mA.B99990018.pdb           1746.60669   -42858.27734   -38918.99219        1.00000       -1.91263
1a4mA.B99990019.pdb           1774.44568   -42625.58984   -38453.48047        1.00000       -1.86542
1a4mA.B99990020.pdb           1708.43115   -42722.21094   -38704.13281        1.00000       -1.88502
1a4mA.B99990021.pdb           1829.51697   -42221.44922   -37855.88281        1.00000       -1.78340
1a4mA.B99990022.pdb           1933.67346   -42644.01172   -38543.60547        1.00000       -1.86915
1a4mA.B99990023.pdb           1818.67627   -42610.22656   -38606.00781        1.00000       -1.86230
1a4mA.B99990024.pdb           1809.67798   -42663.15625   -38705.75391        1.00000       -1.87304
1a4mA.B99990025.pdb           1798.59753   -42560.83984   -38437.99219        1.00000       -1.85228
1a4mA.B99990026.pdb           1854.95337   -42710.53125   -38642.16406        1.00000       -1.88265
1a4mA.B99990027.pdb           1767.63611   -42710.89062   -38377.12500        1.00000       -1.88272
1a4mA.B99990028.pdb           1784.72034   -42753.04297   -38740.49609        1.00000       -1.89128
1a4mA.B99990029.pdb           1702.22375   -42657.02344   -38362.60938        1.00000       -1.87179
1a4mA.B99990030.pdb           1655.25061   -42794.31250   -38799.99609        1.00000       -1.89965
1a4mA.B99990031.pdb           1839.59412   -42492.93750   -38233.60156        1.00000       -1.83850
1a4mA.B99990032.pdb           1732.37097   -42472.93750   -38061.76562        1.00000       -1.83444
1a4mA.B99990033.pdb           1797.55090   -42523.62109   -38257.25391        1.00000       -1.84472
1a4mA.B99990034.pdb           1960.39209   -42404.23438   -37722.03125        1.00000       -1.82050
1a4mA.B99990035.pdb           1738.57617   -42854.64453   -39163.16016        1.00000       -1.91190
1a4mA.B99990036.pdb           1871.47327   -42533.17578   -38293.51562        1.00000       -1.84666
1a4mA.B99990037.pdb           1738.37573   -42742.34766   -38844.69141        1.00000       -1.88911
1a4mA.B99990038.pdb           1781.59790   -42666.99219   -38657.34375        1.00000       -1.87382
1a4mA.B99990039.pdb           1892.38013   -42572.33594   -38364.40625        1.00000       -1.85461
1a4mA.B99990040.pdb           1817.04041   -42954.78125   -39279.58594        1.00000       -1.93222
1a4mA.B99990041.pdb           1759.61719   -42755.21484   -38699.16797        1.00000       -1.89172
1a4mA.B99990042.pdb           1997.11096   -42084.45312   -37540.13281        1.00000       -1.75560
1a4mA.B99990043.pdb           1710.90576   -42840.92578   -39142.43750        1.00000       -1.90911
1a4mA.B99990044.pdb           1697.66455   -42463.88672   -38141.66016        1.00000       -1.83260
1a4mA.B99990045.pdb           1863.76904   -42693.37500   -38775.51953        1.00000       -1.87917
1a4mA.B99990046.pdb           1793.29553   -42800.79297   -39014.91406        1.00000       -1.90097
1a4mA.B99990047.pdb           1831.13513   -42783.30859   -38892.94922        1.00000       -1.89742
1a4mA.B99990048.pdb           1749.00110   -42717.53516   -38657.77344        1.00000       -1.88407
1a4mA.B99990049.pdb           1724.91113   -42714.54688   -38790.43750        1.00000       -1.88347
1a4mA.B99990050.pdb           1787.07397   -42607.50000   -38905.53516        1.00000       -1.86174

>> Top model results:
molpdf: 1655.2506103515625 (file: 1a4mA.B99990030.pdb)
DOPE score: -42954.78125 (file: 1a4mA.B99990040.pdb)
GA341 score: 1.0 (file: 1a4mA.B99990011.pdb)
Normalized DOPE score: -1.932216962830666 (file: 1a4mA.B99990040.pdb)

##############################################################################################
>>Clustering results - Representative structure - AffinityPropagation
Cluster		File_Name
0		1a4mA.B99990010
1		1a4mA.B99990039

>>Clustering results - Representative structure - DBSCAN
Cluster		File_Name
0		1a4mA.B99990025.pdb
1		1a4mA.B99990019.pdb
2		1a4mA.B99990011.pdb

>>Clustering results - Representative structure - KMeans
Cluster		File_Name
0		1a4mA.B99990002.pdb
1		1a4mA.B99990050.pdb
2		1a4mA.B99990003.pdb
3		1a4mA.B99990011.pdb
4		1a4mA.B99990042.pdb
5		1a4mA.B99990039.pdb
6		1a4mA.B99990005.pdb
7		1a4mA.B99990045.pdb
8		1a4mA.B99990022.pdb

>>Clustering results - Representative structure - MeanShift
Cluster		File_Name
0		1a4mA.B99990027.pdb
1		1a4mA.B99990040.pdb
2		1a4mA.B99990014.pdb
3		1a4mA.B99990039.pdb
4		1a4mA.B99990011.pdb

>>Clustering results - Representative structure - SpectralClustering
Cluster		File_Name
0		1a4mA.B99990025.pdb
1		1a4mA.B99990013.pdb
2		1a4mA.B99990048.pdb

>>Clustering results - Representative structure - Ward
Cluster		File_Name
0		1a4mA.B99990025.pdb
1		1a4mA.B99990027.pdb
2		1a4mA.B99990039.pdb
3		1a4mA.B99990014.pdb
##############################################################################################

##############################################################################################
>>Clustering results - Representative structure - AffinityPropagation
Cluster		File_Name
0		1a4mA.B99990029
1		1a4mA.B99990034
2		1a4mA.B99990039

>>Clustering results - Representative structure - DBSCAN
Cluster		File_Name
0		1a4mA.B99990008.pdb
1		1a4mA.B99990050.pdb
2		1a4mA.B99990029.pdb

>>Clustering results - Representative structure - KMeans
Cluster		File_Name
0		1a4mA.B99990005.pdb
1		1a4mA.B99990003.pdb
2		1a4mA.B99990039.pdb
3		1a4mA.B99990050.pdb
4		1a4mA.B99990007.pdb
5		1a4mA.B99990042.pdb
6		1a4mA.B99990015.pdb
7		1a4mA.B99990031.pdb

>>Clustering results - Representative structure - MeanShift
Cluster		File_Name
0		1a4mA.B99990029.pdb
1		1a4mA.B99990034.pdb
2		1a4mA.B99990042.pdb
3		1a4mA.B99990011.pdb
4		1a4mA.B99990039.pdb

>>Clustering results - Representative structure - SpectralClustering
Cluster		File_Name
0		1a4mA.B99990014.pdb
1		1a4mA.B99990021.pdb
2		1a4mA.B99990048.pdb
3		1a4mA.B99990007.pdb
4		1a4mA.B99990003.pdb

>>Clustering results - Representative structure - Ward
Cluster		File_Name
0		1a4mA.B99990039.pdb
1		1a4mA.B99990007.pdb
2		1a4mA.B99990005.pdb
3		1a4mA.B99990031.pdb
4		1a4mA.B99990003.pdb
5		1a4mA.B99990015.pdb
6		1a4mA.B99990024.pdb
7		1a4mA.B99990042.pdb
##############################################################################################