>> Summary of successfully produced model

Filename                          molpdf     DOPE score  DOPE-HR score    GA341 score Normalized DOPE score-----------------------------------------------------------------------------------------------------------
1aohA.B99990001.pdb            723.13251   -16088.49414   -15641.59570        1.00000       -2.08742
1aohA.B99990002.pdb            745.39771   -16246.45898   -15828.11230        1.00000       -2.16565
1aohA.B99990003.pdb            851.22949   -16061.79590   -15502.99609        1.00000       -2.07420
1aohA.B99990004.pdb            904.39325   -15767.09668   -15059.27637        1.00000       -1.92825
1aohA.B99990005.pdb            729.89886   -16111.10254   -15364.22949        1.00000       -2.09862
1aohA.B99990006.pdb            711.37158   -16100.91602   -15662.26465        1.00000       -2.09357
1aohA.B99990007.pdb            809.29858   -16101.59668   -15394.95898        1.00000       -2.09391
1aohA.B99990008.pdb            682.45758   -16121.73242   -15522.64453        1.00000       -2.10388
1aohA.B99990009.pdb            716.13367   -16197.35840   -15601.77051        1.00000       -2.14134
1aohA.B99990010.pdb            759.95331   -16086.90137   -15624.47363        1.00000       -2.08663
1aohA.B99990011.pdb            733.13849   -16038.63086   -15366.33301        1.00000       -2.06273
1aohA.B99990012.pdb            710.53790   -16244.85938   -15879.08691        1.00000       -2.16486
1aohA.B99990013.pdb            715.55908   -16033.02637   -15401.66992        1.00000       -2.05995
1aohA.B99990014.pdb            938.53040   -16121.65723   -15572.66504        1.00000       -2.10385
1aohA.B99990015.pdb            720.57233   -15987.74902   -15311.56152        1.00000       -2.03753
1aohA.B99990016.pdb            773.73438   -16232.47559   -15668.64453        1.00000       -2.15873
1aohA.B99990017.pdb            755.21527   -16304.59570   -15797.01367        1.00000       -2.19445
1aohA.B99990018.pdb            834.23267   -16016.10352   -15400.55566        1.00000       -2.05157
1aohA.B99990019.pdb            737.30176   -16213.50293   -15755.52734        1.00000       -2.14933
1aohA.B99990020.pdb            671.02496   -16189.98828   -15837.81445        1.00000       -2.13769
1aohA.B99990021.pdb            805.33307   -16388.10156   -15735.62695        1.00000       -2.23580
1aohA.B99990022.pdb            839.24182   -16278.72461   -15850.08203        1.00000       -2.18163
1aohA.B99990023.pdb            858.75513   -16235.84961   -15680.49609        1.00000       -2.16040
1aohA.B99990024.pdb            755.25195   -16052.70215   -15544.95801        1.00000       -2.06970
1aohA.B99990025.pdb            688.35510   -16223.90430   -15975.75488        1.00000       -2.15448
1aohA.B99990026.pdb            752.64337   -16219.12793   -15682.57812        1.00000       -2.15212
1aohA.B99990027.pdb            705.98846   -16195.28613   -15770.71387        1.00000       -2.14031
1aohA.B99990028.pdb            895.43811   -15894.92188   -15343.11426        1.00000       -1.99155
1aohA.B99990029.pdb            777.93304   -16091.92188   -15428.30371        1.00000       -2.08912
1aohA.B99990030.pdb            711.57318   -16138.07812   -15717.47363        1.00000       -2.11198
1aohA.B99990031.pdb            766.41241   -16177.81348   -15622.54883        1.00000       -2.13166
1aohA.B99990032.pdb            710.11200   -16207.47461   -15652.09082        1.00000       -2.14635
1aohA.B99990033.pdb            867.58405   -16232.48828   -15681.66504        1.00000       -2.15874
1aohA.B99990034.pdb            682.94525   -16239.56445   -15756.51172        1.00000       -2.16224
1aohA.B99990035.pdb            735.00140   -15968.41992   -15197.24219        1.00000       -2.02795
1aohA.B99990036.pdb            705.04742   -15974.28223   -15278.64648        1.00000       -2.03086
1aohA.B99990037.pdb            772.13934   -16184.66992   -15440.73145        1.00000       -2.13505
1aohA.B99990038.pdb            717.20343   -16138.38379   -15697.08789        1.00000       -2.11213
1aohA.B99990039.pdb            738.13660   -16236.48340   -15633.72363        1.00000       -2.16071
1aohA.B99990040.pdb            749.19159   -16123.90137   -15575.06250        1.00000       -2.10496
1aohA.B99990041.pdb            747.16724   -16342.20801   -15970.29492        1.00000       -2.21307
1aohA.B99990042.pdb            703.01166   -16122.72949   -15586.57324        1.00000       -2.10438
1aohA.B99990043.pdb            693.58630   -16144.28711   -15705.96973        1.00000       -2.11505
1aohA.B99990044.pdb            698.15790   -15914.22949   -15121.49512        1.00000       -2.00112
1aohA.B99990045.pdb            711.91199   -16073.12402   -15750.37402        1.00000       -2.07981
1aohA.B99990046.pdb            770.67334   -16106.95898   -15549.52930        1.00000       -2.09657
1aohA.B99990047.pdb            819.27747   -16155.07617   -15494.90527        1.00000       -2.12040
1aohA.B99990048.pdb            865.76465   -16189.14941   -15556.51758        1.00000       -2.13727
1aohA.B99990049.pdb            783.56628   -16252.56934   -15806.27344        1.00000       -2.16868
1aohA.B99990050.pdb            882.60150   -16050.36719   -15544.18262        1.00000       -2.06854

>> Top model results:
molpdf: 671.0249633789062 (file: 1aohA.B99990020.pdb)
DOPE score: -16388.1015625 (file: 1aohA.B99990021.pdb)
GA341 score: 1.0 (file: 1aohA.B99990041.pdb)
Normalized DOPE score: -2.2358035661579296 (file: 1aohA.B99990021.pdb)

##############################################################################################
>>Clustering results - Representative structure - AffinityPropagation
Cluster		File_Name
0		1aohA.B99990014
1		1aohA.B99990015
2		1aohA.B99990018
3		1aohA.B99990023
4		1aohA.B99990026
5		1aohA.B99990028
6		1aohA.B99990030

>>Clustering results - Representative structure - DBSCAN
Cluster		File_Name
0		1aohA.B99990040.pdb
1		1aohA.B99990028.pdb

>>Clustering results - Representative structure - KMeans
Cluster		File_Name
0		1aohA.B99990003.pdb
1		1aohA.B99990038.pdb

>>Clustering results - Representative structure - MeanShift
Cluster		File_Name
0		1aohA.B99990038.pdb
1		1aohA.B99990047.pdb
2		1aohA.B99990028.pdb
3		1aohA.B99990014.pdb

>>Clustering results - Representative structure - SpectralClustering
Cluster		File_Name
0		1aohA.B99990038.pdb
1		1aohA.B99990003.pdb

>>Clustering results - Representative structure - Ward
Cluster		File_Name
0		1aohA.B99990038.pdb
1		1aohA.B99990003.pdb
##############################################################################################

##############################################################################################
>>Clustering results - Representative structure - AffinityPropagation
Cluster		File_Name
0		1aohA.B99990037

>>Clustering results - Representative structure - DBSCAN
Cluster		File_Name
0		1aohA.B99990037.pdb

>>Clustering results - Representative structure - KMeans
Cluster		File_Name
0		1aohA.B99990018.pdb
1		1aohA.B99990026.pdb

>>Clustering results - Representative structure - MeanShift
Cluster		File_Name
0		1aohA.B99990031.pdb
1		1aohA.B99990004.pdb
2		1aohA.B99990018.pdb

>>Clustering results - Representative structure - SpectralClustering
Cluster		File_Name
0		1aohA.B99990031.pdb
1		1aohA.B99990035.pdb

>>Clustering results - Representative structure - Ward
Cluster		File_Name
0		1aohA.B99990031.pdb
1		1aohA.B99990035.pdb
##############################################################################################