>> Summary of successfully produced model

Filename                          molpdf     DOPE score  DOPE-HR score    GA341 score Normalized DOPE score-----------------------------------------------------------------------------------------------------------
1auoA.B99990001.pdb            980.80731   -27234.72070   -25712.17383        1.00000       -1.93834
1auoA.B99990002.pdb            959.06873   -27195.24219   -25754.88281        1.00000       -1.92552
1auoA.B99990003.pdb            974.47211   -27242.82031   -26093.00000        1.00000       -1.94097
1auoA.B99990004.pdb           1005.50031   -27234.72656   -25933.70312        1.00000       -1.93834
1auoA.B99990005.pdb            972.07495   -27249.19922   -25871.65234        1.00000       -1.94305
1auoA.B99990006.pdb            990.54663   -27220.55273   -25825.98047        1.00000       -1.93374
1auoA.B99990007.pdb            976.54681   -27028.07031   -25478.61133        1.00000       -1.87121
1auoA.B99990008.pdb           1039.31360   -27098.16992   -25376.14648        1.00000       -1.89398
1auoA.B99990009.pdb            958.99683   -27178.74219   -25758.17773        1.00000       -1.92016
1auoA.B99990010.pdb            994.82330   -27230.85938   -26012.28516        1.00000       -1.93709
1auoA.B99990011.pdb            959.48737   -27060.94336   -25391.64844        1.00000       -1.88189
1auoA.B99990012.pdb           1023.44995   -27219.58789   -25484.73242        1.00000       -1.93343
1auoA.B99990013.pdb            993.35260   -27252.28711   -25927.38086        1.00000       -1.94405
1auoA.B99990014.pdb            937.20361   -27333.80469   -25827.35156        1.00000       -1.97053
1auoA.B99990015.pdb           1054.81506   -27183.91992   -25770.96680        1.00000       -1.92184
1auoA.B99990016.pdb            963.99561   -27228.56641   -25726.04297        1.00000       -1.93634
1auoA.B99990017.pdb           1029.67944   -27067.88672   -25459.97266        1.00000       -1.88414
1auoA.B99990018.pdb           1036.17346   -27234.62695   -25989.13672        1.00000       -1.93831
1auoA.B99990019.pdb           1028.24280   -27034.34766   -25211.37695        1.00000       -1.87325
1auoA.B99990020.pdb            930.67108   -27290.49609   -26025.40234        1.00000       -1.95646
1auoA.B99990021.pdb           1005.76233   -27192.75586   -25768.34766        1.00000       -1.92471
1auoA.B99990022.pdb            976.79077   -27266.28320   -25973.31250        1.00000       -1.94860
1auoA.B99990023.pdb            940.20868   -27241.57031   -25959.89844        1.00000       -1.94057
1auoA.B99990024.pdb            980.67352   -27226.14844   -25616.63867        1.00000       -1.93556
1auoA.B99990025.pdb            995.92957   -27329.98047   -26294.14062        1.00000       -1.96929
1auoA.B99990026.pdb           1096.95544   -27000.79492   -25318.61719        1.00000       -1.86235
1auoA.B99990027.pdb           1051.11694   -27067.81641   -25492.95508        1.00000       -1.88412
1auoA.B99990028.pdb           1032.92407   -26970.50586   -25352.35352        1.00000       -1.85251
1auoA.B99990029.pdb            994.70782   -27167.35547   -25594.79297        1.00000       -1.91646
1auoA.B99990030.pdb           1043.49561   -27344.40430   -25790.98242        1.00000       -1.97398
1auoA.B99990031.pdb            949.26306   -27397.83203   -25910.37500        1.00000       -1.99133
1auoA.B99990032.pdb           1012.47925   -27094.57617   -25457.14844        1.00000       -1.89281
1auoA.B99990033.pdb            984.53210   -27210.21484   -25557.49023        1.00000       -1.93038
1auoA.B99990034.pdb            970.94293   -27180.64258   -25765.21875        1.00000       -1.92077
1auoA.B99990035.pdb            953.94067   -27391.52539   -26091.37500        1.00000       -1.98928
1auoA.B99990036.pdb           1003.54047   -27173.99609   -25767.55078        1.00000       -1.91862
1auoA.B99990037.pdb            954.55792   -27355.44531   -26145.31250        1.00000       -1.97756
1auoA.B99990038.pdb            979.52472   -27237.57617   -25669.72070        1.00000       -1.93927
1auoA.B99990039.pdb            955.45087   -27299.79883   -25674.24805        1.00000       -1.95948
1auoA.B99990040.pdb           1006.13763   -27301.98047   -25543.18555        1.00000       -1.96019
1auoA.B99990041.pdb           1005.72424   -27213.76367   -25875.33984        1.00000       -1.93153
1auoA.B99990042.pdb            950.55627   -27316.64258   -25967.81445        1.00000       -1.96496
1auoA.B99990043.pdb            958.56793   -27212.77734   -25798.92188        1.00000       -1.93121
1auoA.B99990044.pdb            946.70129   -27233.52344   -25935.19141        1.00000       -1.93795
1auoA.B99990045.pdb            960.77356   -27359.92969   -25903.17188        1.00000       -1.97902
1auoA.B99990046.pdb            969.60706   -27108.95117   -25381.76172        1.00000       -1.89748
1auoA.B99990047.pdb            977.90540   -27159.99023   -25654.88281        1.00000       -1.91407
1auoA.B99990048.pdb            943.88586   -27204.66602   -25681.20508        1.00000       -1.92858
1auoA.B99990049.pdb            935.86011   -27057.48633   -25595.55664        1.00000       -1.88076
1auoA.B99990050.pdb           1006.60309   -27105.93164   -25647.62500        1.00000       -1.89650

>> Top model results:
molpdf: 930.6710815429688 (file: 1auoA.B99990020.pdb)
DOPE score: -27397.83203125 (file: 1auoA.B99990031.pdb)
GA341 score: 1.0 (file: 1auoA.B99990050.pdb)
Normalized DOPE score: -1.9913326924292611 (file: 1auoA.B99990031.pdb)

##############################################################################################
>>Clustering results - Representative structure - AffinityPropagation
Cluster		File_Name
0		1auoA.B99990003
1		1auoA.B99990021
2		1auoA.B99990027
3		1auoA.B99990028

>>Clustering results - Representative structure - DBSCAN
Cluster		File_Name
0		1auoA.B99990003.pdb
1		1auoA.B99990021.pdb
2		1auoA.B99990027.pdb

>>Clustering results - Representative structure - KMeans
Cluster		File_Name
0		1auoA.B99990027.pdb
1		1auoA.B99990003.pdb
2		1auoA.B99990021.pdb

>>Clustering results - Representative structure - MeanShift
Cluster		File_Name
0		1auoA.B99990003.pdb
1		1auoA.B99990021.pdb
2		1auoA.B99990027.pdb
3		1auoA.B99990026.pdb

>>Clustering results - Representative structure - SpectralClustering
Cluster		File_Name
0		1auoA.B99990012.pdb
1		1auoA.B99990003.pdb

>>Clustering results - Representative structure - Ward
Cluster		File_Name
0		1auoA.B99990021.pdb
1		1auoA.B99990003.pdb
2		1auoA.B99990027.pdb
##############################################################################################

##############################################################################################
>>Clustering results - Representative structure - AffinityPropagation
Cluster		File_Name
0		1auoA.B99990006
1		1auoA.B99990017
2		1auoA.B99990027
3		1auoA.B99990038
4		1auoA.B99990045
5		1auoA.B99990046

>>Clustering results - Representative structure - DBSCAN
Cluster		File_Name
0		1auoA.B99990041.pdb

>>Clustering results - Representative structure - KMeans
Cluster		File_Name
0		1auoA.B99990038.pdb
1		1auoA.B99990006.pdb
2		1auoA.B99990042.pdb
3		1auoA.B99990017.pdb
4		1auoA.B99990046.pdb
5		1auoA.B99990027.pdb

>>Clustering results - Representative structure - MeanShift
Cluster		File_Name
0		1auoA.B99990044.pdb
1		1auoA.B99990006.pdb
2		1auoA.B99990007.pdb
3		1auoA.B99990027.pdb

>>Clustering results - Representative structure - SpectralClustering
Cluster		File_Name
0		1auoA.B99990001.pdb
1		1auoA.B99990027.pdb
2		1auoA.B99990017.pdb
3		1auoA.B99990046.pdb
4		1auoA.B99990006.pdb
5		1auoA.B99990045.pdb

>>Clustering results - Representative structure - Ward
Cluster		File_Name
0		1auoA.B99990042.pdb
1		1auoA.B99990017.pdb
2		1auoA.B99990006.pdb
3		1auoA.B99990034.pdb
4		1auoA.B99990046.pdb
5		1auoA.B99990027.pdb
##############################################################################################