>> Summary of successfully produced model

Filename                          molpdf     DOPE score  DOPE-HR score    GA341 score Normalized DOPE score-----------------------------------------------------------------------------------------------------------
1a1iA.B99990001.pdb            305.76782    -3045.60913    -3069.32324        0.00000        2.25635
1a1iA.B99990002.pdb            302.49817    -2912.23730    -2996.82373        0.00000        2.36748
1a1iA.B99990003.pdb            300.97855    -2625.23706    -2479.67871        0.00000        2.60660
1a1iA.B99990004.pdb            295.62515    -2774.23560    -2865.04199        0.00000        2.48246
1a1iA.B99990005.pdb            322.27780    -3366.86743    -3240.84375        0.00000        1.98868
1a1iA.B99990006.pdb            296.97867    -3334.81567    -3008.24390        0.00000        2.01539
1a1iA.B99990007.pdb            333.34967    -4009.03296    -3169.76123        0.00000        1.45363
1a1iA.B99990008.pdb            291.40472    -2777.52246    -2621.97559        0.00000        2.47972
1a1iA.B99990009.pdb            325.85846    -3666.15894    -3379.03979        0.00000        1.73931
1a1iA.B99990010.pdb            326.39655    -3529.60669    -3437.40845        0.00000        1.85309
1a1iA.B99990011.pdb            349.39661    -3266.50977    -2866.90283        0.00000        2.07230
1a1iA.B99990012.pdb            347.08319    -2773.05640    -2804.29077        0.00000        2.48344
1a1iA.B99990013.pdb            335.05069    -2611.27002    -2403.44263        0.00000        2.61824
1a1iA.B99990014.pdb            279.85022    -3695.34985    -3392.85889        0.00000        1.71499
1a1iA.B99990015.pdb            366.82370    -3394.62207    -2088.54419        0.00000        1.96556
1a1iA.B99990016.pdb            320.57663    -3180.39844    -2996.81714        0.00000        2.14405
1a1iA.B99990017.pdb            503.06461    -2816.90381       -7.46802        0.00000        2.44691
1a1iA.B99990018.pdb            288.67053    -2929.08545    -2828.33203        0.00000        2.35344
1a1iA.B99990019.pdb            303.78369    -3168.31250    -2889.85547        0.00000        2.15412
1a1iA.B99990020.pdb            355.20746    -3377.16675    -3015.55029        0.00000        1.98010
1a1iA.B99990021.pdb            363.49591    -3655.30005    -2856.85229        0.00000        1.74836
1a1iA.B99990022.pdb            309.78802    -3496.43726    -1837.43713        0.00000        1.88072
1a1iA.B99990023.pdb            347.77203    -3206.70996    -3133.61475        0.00000        2.12212
1a1iA.B99990024.pdb            476.59781    -2756.70288      349.90482        0.00000        2.49707
1a1iA.B99990025.pdb            299.28180    -3064.27539    -2867.17822        0.00000        2.24080
1a1iA.B99990026.pdb            310.28375    -2993.54443    -3030.38672        0.00000        2.29973
1a1iA.B99990027.pdb            340.61469    -2960.28125    -2911.90894        0.00000        2.32745
1a1iA.B99990028.pdb            307.05334    -3229.75171    -3302.61743        0.00000        2.10292
1a1iA.B99990029.pdb            334.36652    -2883.43335    -3078.26831        0.00000        2.39147
1a1iA.B99990030.pdb            422.56857    -4087.59814    -1683.89722        0.00000        1.38817
1a1iA.B99990031.pdb            322.30042    -2906.38330    -3178.60620        0.00000        2.37235
1a1iA.B99990032.pdb            292.46652    -3015.84009    -3033.45532        0.00000        2.28115
1a1iA.B99990033.pdb            473.13544    -3083.40796      943.13141        0.00000        2.22486
1a1iA.B99990034.pdb            303.19266    -2805.17065    -2709.41357        0.00000        2.45668
1a1iA.B99990035.pdb            314.85681    -3121.48291    -3092.43579        0.00000        2.19313
1a1iA.B99990036.pdb            309.85892    -3258.26880    -2569.14062        0.00000        2.07916
1a1iA.B99990037.pdb            329.31741    -2820.09985    -2728.31738        0.00000        2.44424
1a1iA.B99990038.pdb            298.72855    -2841.21777    -2940.81689        0.00000        2.42665
1a1iA.B99990039.pdb            348.17047    -2883.82666    -2566.59253        0.00000        2.39115
1a1iA.B99990040.pdb            315.70410    -3430.48511    -3228.55591        0.00000        1.93567
1a1iA.B99990041.pdb            304.20013    -2972.72119    -3116.04248        0.00000        2.31708
1a1iA.B99990042.pdb            391.52454    -3585.15308     -492.31039        0.00000        1.80681
1a1iA.B99990043.pdb            370.60187    -3756.95581    -2046.85510        0.00000        1.66366
1a1iA.B99990044.pdb            306.02380    -3298.49731    -2728.53589        0.00000        2.04565
1a1iA.B99990045.pdb            350.07050    -2746.06567    -2862.96924        0.00000        2.50593
1a1iA.B99990046.pdb            463.57904    -2661.28979      675.49127        0.00000        2.57656
1a1iA.B99990047.pdb            425.33020    -3931.93945    -1735.59656        0.00000        1.51787
1a1iA.B99990048.pdb            410.80215    -3176.88135     -917.84760        0.00000        2.14698
1a1iA.B99990049.pdb            303.77805    -2938.83032    -2690.07471        0.00000        2.34532
1a1iA.B99990050.pdb            513.46307    -3208.81909      963.61761        0.00000        2.12037

>> Top model results:
molpdf: 279.8502197265625 (file: 1a1iA.B99990014.pdb)
DOPE score: -4087.59814453125 (file: 1a1iA.B99990030.pdb)
GA341 score: 0.0 (file: 1a1iA.B99990038.pdb)
Normalized DOPE score: 1.3881713238799873 (file: 1a1iA.B99990030.pdb)

##############################################################################################
>>Clustering results - Representative structure - AffinityPropagation
Cluster		File_Name
0		1a1iA.B99990009
1		1a1iA.B99990016
2		1a1iA.B99990022
3		1a1iA.B99990024
4		1a1iA.B99990034
5		1a1iA.B99990047
6		1a1iA.B99990050

>>Clustering results - Representative structure - DBSCAN
Cluster		File_Name
0		1a1iA.B99990025.pdb
1		1a1iA.B99990015.pdb

>>Clustering results - Representative structure - KMeans
Cluster		File_Name
0		1a1iA.B99990019.pdb
1		1a1iA.B99990050.pdb

>>Clustering results - Representative structure - MeanShift
Cluster		File_Name
0		1a1iA.B99990025.pdb
1		1a1iA.B99990043.pdb
2		1a1iA.B99990024.pdb
3		1a1iA.B99990048.pdb

>>Clustering results - Representative structure - SpectralClustering
Cluster		File_Name
0		1a1iA.B99990019.pdb
1		1a1iA.B99990033.pdb

>>Clustering results - Representative structure - Ward
Cluster		File_Name
0		1a1iA.B99990019.pdb
1		1a1iA.B99990033.pdb
##############################################################################################

##############################################################################################
>>Clustering results - Representative structure - AffinityPropagation
Cluster		File_Name
0		1a1iA.B99990009
1		1a1iA.B99990023
2		1a1iA.B99990024
3		1a1iA.B99990036
4		1a1iA.B99990037
5		1a1iA.B99990043
6		1a1iA.B99990050

>>Clustering results - Representative structure - DBSCAN
Cluster		File_Name
0		1a1iA.B99990026.pdb
1		1a1iA.B99990023.pdb

>>Clustering results - Representative structure - KMeans
Cluster		File_Name
0		1a1iA.B99990028.pdb
1		1a1iA.B99990024.pdb

>>Clustering results - Representative structure - MeanShift
Cluster		File_Name
0		1a1iA.B99990025.pdb
1		1a1iA.B99990021.pdb
2		1a1iA.B99990024.pdb

>>Clustering results - Representative structure - SpectralClustering
Cluster		File_Name
0		1a1iA.B99990028.pdb
1		1a1iA.B99990024.pdb

>>Clustering results - Representative structure - Ward
Cluster		File_Name
0		1a1iA.B99990028.pdb
1		1a1iA.B99990024.pdb
##############################################################################################