>> Summary of successfully produced model

Filename                          molpdf     DOPE score  DOPE-HR score    GA341 score Normalized DOPE score-----------------------------------------------------------------------------------------------------------
1auiA.B99990001.pdb           3092.18237   -46271.72266   -40773.57031        1.00000       -1.15399
1auiA.B99990002.pdb           3068.43286   -46712.96484   -41832.93359        1.00000       -1.23666
1auiA.B99990003.pdb           3072.69360   -46497.12109   -41452.18359        1.00000       -1.19622
1auiA.B99990004.pdb           3013.42529   -46968.92188   -42280.59375        1.00000       -1.28461
1auiA.B99990005.pdb           3214.98340   -46314.99609   -41061.78516        1.00000       -1.16209
1auiA.B99990006.pdb           2978.23682   -46783.56641   -41676.38672        1.00000       -1.24988
1auiA.B99990007.pdb           3167.79492   -46758.50391   -41673.46094        1.00000       -1.24519
1auiA.B99990008.pdb           3087.00708   -46879.55469   -41700.22266        1.00000       -1.26787
1auiA.B99990009.pdb           3166.03247   -46486.44531   -41361.91016        1.00000       -1.19422
1auiA.B99990010.pdb           3153.23706   -46829.16016   -41604.89062        1.00000       -1.25843
1auiA.B99990011.pdb           3195.36450   -46464.75000   -40992.25781        1.00000       -1.19015
1auiA.B99990012.pdb           3054.25415   -46564.26953   -41534.83594        1.00000       -1.20880
1auiA.B99990013.pdb           3048.95483   -46645.91797   -41277.76953        1.00000       -1.22410
1auiA.B99990014.pdb           2966.67505   -46695.78906   -41591.24219        1.00000       -1.23344
1auiA.B99990015.pdb           3036.72437   -46664.64062   -41543.60156        1.00000       -1.22760
1auiA.B99990016.pdb           3153.84790   -46430.00391   -41320.52344        1.00000       -1.18364
1auiA.B99990017.pdb           3011.30664   -46491.50391   -41045.41406        1.00000       -1.19516
1auiA.B99990018.pdb           3262.68408   -46329.51953   -40970.11719        1.00000       -1.16482
1auiA.B99990019.pdb           3048.84692   -46487.10547   -41228.78125        1.00000       -1.19434
1auiA.B99990020.pdb           3110.87891   -46469.01562   -41177.09766        1.00000       -1.19095
1auiA.B99990021.pdb           3139.15991   -46630.19922   -41531.39453        1.00000       -1.22115
1auiA.B99990022.pdb           3044.91724   -46937.61328   -41783.76562        1.00000       -1.27875
1auiA.B99990023.pdb           3028.79761   -46656.43359   -41195.01953        1.00000       -1.22607
1auiA.B99990024.pdb           3049.92578   -46652.23438   -41331.83984        1.00000       -1.22528
1auiA.B99990025.pdb           3073.60913   -46819.01953   -42018.40234        1.00000       -1.25653
1auiA.B99990026.pdb           3135.61987   -46638.91016   -41489.56250        1.00000       -1.22278
1auiA.B99990027.pdb           3104.71118   -46575.54297   -41177.80078        1.00000       -1.21091
1auiA.B99990028.pdb           3115.15576   -46272.32031   -40709.98438        1.00000       -1.15410
1auiA.B99990029.pdb           3198.06104   -46284.39062   -40973.27344        1.00000       -1.15636
1auiA.B99990030.pdb           3164.46777   -46590.06641   -41300.48047        1.00000       -1.21363
1auiA.B99990031.pdb           3108.17554   -46352.02734   -40836.08203        1.00000       -1.16903
1auiA.B99990032.pdb           3042.90063   -46709.16797   -41573.29688        1.00000       -1.23595
1auiA.B99990033.pdb           3005.59521   -46716.10156   -41200.83984        1.00000       -1.23724
1auiA.B99990034.pdb           3171.98462   -46355.59375   -40675.70312        1.00000       -1.16970
1auiA.B99990035.pdb           3245.09595   -46497.71094   -41463.37109        1.00000       -1.19633
1auiA.B99990036.pdb           3109.54858   -46553.36719   -41058.08203        1.00000       -1.20676
1auiA.B99990037.pdb           3158.44849   -46518.10938   -41235.64844        1.00000       -1.20015
1auiA.B99990038.pdb           2983.24854   -46697.07422   -41802.54688        1.00000       -1.23368
1auiA.B99990039.pdb           3179.24805   -46460.27734   -40962.61328        1.00000       -1.18931
1auiA.B99990040.pdb           3148.80176   -46565.25781   -41238.45312        1.00000       -1.20898
1auiA.B99990041.pdb           3176.67773   -46368.55469   -40774.91406        1.00000       -1.17213
1auiA.B99990042.pdb           3192.05908   -46524.36328   -41064.43750        1.00000       -1.20132
1auiA.B99990043.pdb           3095.38672   -46490.62891   -41006.83203        1.00000       -1.19500
1auiA.B99990044.pdb           3101.57690   -46666.69531   -41280.75000        1.00000       -1.22799
1auiA.B99990045.pdb           3079.15552   -46633.65625   -41656.91016        1.00000       -1.22180
1auiA.B99990046.pdb           3269.33740   -46383.82812   -40928.21484        1.00000       -1.17499
1auiA.B99990047.pdb           3054.43140   -46470.76562   -41079.42188        1.00000       -1.19128
1auiA.B99990048.pdb           3153.67896   -46445.35938   -41225.37109        1.00000       -1.18652
1auiA.B99990049.pdb           3066.78418   -46645.45703   -42120.82422        1.00000       -1.22401
1auiA.B99990050.pdb           3111.08008   -46609.82812   -41668.21875        1.00000       -1.21733

>> Top model results:
molpdf: 2966.675048828125 (file: 1auiA.B99990014.pdb)
DOPE score: -46968.921875 (file: 1auiA.B99990004.pdb)
GA341 score: 1.0 (file: 1auiA.B99990049.pdb)
Normalized DOPE score: -1.28461289134366 (file: 1auiA.B99990004.pdb)

##############################################################################################
>>Clustering results - Representative structure - AffinityPropagation
Cluster		File_Name
0		1auiA.B99990009
1		1auiA.B99990027
2		1auiA.B99990033
3		1auiA.B99990035
4		1auiA.B99990045

>>Clustering results - Representative structure - DBSCAN
Cluster		File_Name
0		1auiA.B99990027.pdb
1		1auiA.B99990040.pdb
2		1auiA.B99990045.pdb
3		1auiA.B99990016.pdb

>>Clustering results - Representative structure - KMeans
Cluster		File_Name
0		1auiA.B99990045.pdb
1		1auiA.B99990027.pdb
2		1auiA.B99990040.pdb
3		1auiA.B99990009.pdb
4		1auiA.B99990037.pdb

>>Clustering results - Representative structure - MeanShift
Cluster		File_Name
0		1auiA.B99990017.pdb
1		1auiA.B99990040.pdb
2		1auiA.B99990027.pdb
3		1auiA.B99990037.pdb

>>Clustering results - Representative structure - SpectralClustering
Cluster		File_Name
0		1auiA.B99990027.pdb
1		1auiA.B99990021.pdb

>>Clustering results - Representative structure - Ward
Cluster		File_Name
0		1auiA.B99990040.pdb
1		1auiA.B99990027.pdb
2		1auiA.B99990045.pdb
3		1auiA.B99990037.pdb
4		1auiA.B99990009.pdb
##############################################################################################

##############################################################################################
>>Clustering results - Representative structure - AffinityPropagation
Cluster		File_Name
0		1auiA.B99990008
1		1auiA.B99990028
2		1auiA.B99990043
3		1auiA.B99990045
4		1auiA.B99990046
5		1auiA.B99990047
6		1auiA.B99990050

>>Clustering results - Representative structure - DBSCAN
Cluster		File_Name
0		1auiA.B99990012.pdb
1		1auiA.B99990003.pdb

>>Clustering results - Representative structure - KMeans
Cluster		File_Name
0		1auiA.B99990020.pdb
1		1auiA.B99990045.pdb
2		1auiA.B99990027.pdb
3		1auiA.B99990028.pdb
4		1auiA.B99990008.pdb
5		1auiA.B99990046.pdb
6		1auiA.B99990043.pdb
7		1auiA.B99990047.pdb
8		1auiA.B99990007.pdb
9		1auiA.B99990033.pdb

>>Clustering results - Representative structure - MeanShift
Cluster		File_Name
0		1auiA.B99990003.pdb

>>Clustering results - Representative structure - SpectralClustering
Cluster		File_Name
0		1auiA.B99990045.pdb
1		1auiA.B99990043.pdb
2		1auiA.B99990027.pdb
3		1auiA.B99990022.pdb
4		1auiA.B99990046.pdb
5		1auiA.B99990007.pdb
6		1auiA.B99990028.pdb
7		1auiA.B99990047.pdb
8		1auiA.B99990014.pdb
9		1auiA.B99990020.pdb

>>Clustering results - Representative structure - Ward
Cluster		File_Name
0		1auiA.B99990046.pdb
1		1auiA.B99990022.pdb
2		1auiA.B99990026.pdb
3		1auiA.B99990014.pdb
4		1auiA.B99990043.pdb
5		1auiA.B99990047.pdb
6		1auiA.B99990028.pdb
7		1auiA.B99990027.pdb
8		1auiA.B99990020.pdb
9		1auiA.B99990010.pdb
##############################################################################################