>> Summary of successfully produced model

Filename                          molpdf     DOPE score  DOPE-HR score    GA341 score Normalized DOPE score-----------------------------------------------------------------------------------------------------------
1at0_.B99990001.pdb            681.57312    -8803.12598    -7898.05615        0.02364        1.39930
1at0_.B99990002.pdb            610.95306    -9227.86328    -8521.95703        0.04700        1.18747
1at0_.B99990003.pdb            662.56317    -8776.36719    -8005.45215        0.01792        1.41265
1at0_.B99990004.pdb            609.34930    -9155.40137    -8170.31885        0.03097        1.22361
1at0_.B99990005.pdb            637.25391    -8847.65039    -8053.01807        0.01880        1.37709
1at0_.B99990006.pdb            724.78229    -8844.91504    -7853.17676        0.02998        1.37846
1at0_.B99990007.pdb            689.66400    -9096.81152    -8299.40430        0.05023        1.25283
1at0_.B99990008.pdb            644.77161    -9142.79883    -8411.92383        0.01922        1.22989
1at0_.B99990009.pdb            625.07599    -9230.18750    -8311.76855        0.03055        1.18631
1at0_.B99990010.pdb            666.67035    -8796.77441    -7480.60645        0.01195        1.40247
1at0_.B99990011.pdb            663.51398    -9043.54102    -8272.86719        0.01479        1.27940
1at0_.B99990012.pdb            656.76508    -8688.09961    -7953.57178        0.01136        1.45667
1at0_.B99990013.pdb            622.18195    -8890.30078    -8154.65674        0.01139        1.35582
1at0_.B99990014.pdb            680.65466    -9140.86914    -8094.62109        0.02447        1.23085
1at0_.B99990015.pdb            665.80212    -8704.27344    -7784.22900        0.01412        1.44860
1at0_.B99990016.pdb            624.07117    -9142.34473    -7738.15967        0.01768        1.23012
1at0_.B99990017.pdb            633.39636    -8957.39062    -7693.22852        0.02291        1.32236
1at0_.B99990018.pdb            732.82294    -9017.42773    -8274.99609        0.01925        1.29242
1at0_.B99990019.pdb            646.16443    -8897.76953    -7647.53027        0.00998        1.35210
1at0_.B99990020.pdb            734.13898    -9060.02734    -8020.05566        0.01542        1.27117
1at0_.B99990021.pdb            878.27905    -8827.87207    -7685.94873        0.01588        1.38696
1at0_.B99990022.pdb            709.40344    -8814.19141    -7493.50635        0.01398        1.39378
1at0_.B99990023.pdb            633.79034    -8692.19629    -7897.89502        0.01564        1.45463
1at0_.B99990024.pdb            635.62225    -8794.89062    -8225.69336        0.01068        1.40341
1at0_.B99990025.pdb            714.88263    -8442.92188    -7045.95850        0.00695        1.57895
1at0_.B99990026.pdb            613.45081    -8770.40918    -8080.09082        0.01140        1.41562
1at0_.B99990027.pdb            665.70569    -8801.60742    -7911.75928        0.02021        1.40006
1at0_.B99990028.pdb            644.53387    -8887.53906    -7929.72510        0.01251        1.35720
1at0_.B99990029.pdb            653.25531    -8833.92090    -8051.49951        0.01030        1.38394
1at0_.B99990030.pdb            640.83209    -8843.55176    -7658.97998        0.02057        1.37914
1at0_.B99990031.pdb            674.80127    -9007.72070    -7874.48486        0.01429        1.29726
1at0_.B99990032.pdb            684.41913    -8990.20898    -8202.70801        0.02546        1.30599
1at0_.B99990033.pdb            675.65326    -8802.24121    -7841.73242        0.01455        1.39974
1at0_.B99990034.pdb            674.03229    -8807.59473    -7912.69873        0.01508        1.39707
1at0_.B99990035.pdb            681.07703    -8952.20703    -8328.21387        0.01374        1.32495
1at0_.B99990036.pdb            734.19604    -8825.69336    -7629.42188        0.01454        1.38805
1at0_.B99990037.pdb            669.46906    -8841.44238    -7834.15967        0.00886        1.38019
1at0_.B99990038.pdb            688.33490    -9261.53809    -8130.04834        0.01771        1.17067
1at0_.B99990039.pdb            597.55695    -8874.23047    -7992.96875        0.01155        1.36384
1at0_.B99990040.pdb            744.25073    -8890.43652    -8112.47021        0.01407        1.35576
1at0_.B99990041.pdb            682.68427    -8847.62402    -7964.80322        0.00913        1.37711
1at0_.B99990042.pdb            738.39789    -9003.29395    -8055.80615        0.00779        1.29947
1at0_.B99990043.pdb            651.57867    -9029.73340    -8060.27002        0.01121        1.28628
1at0_.B99990044.pdb            707.43689    -8568.90332    -7297.71191        0.00867        1.51612
1at0_.B99990045.pdb            780.76050    -8780.53613    -7706.24951        0.00559        1.41057
1at0_.B99990046.pdb            699.47156    -8974.65332    -8129.19238        0.01484        1.31375
1at0_.B99990047.pdb            767.15344    -8816.06641    -7636.43408        0.02245        1.39285
1at0_.B99990048.pdb            628.82623    -8868.56445    -8124.26465        0.01336        1.36666
1at0_.B99990049.pdb            675.08606    -8808.09668    -7710.96631        0.01404        1.39682
1at0_.B99990050.pdb            673.19324    -8585.29980    -7417.55322        0.01065        1.50794

>> Top model results:
molpdf: 597.5569458007812 (file: 1at0_.B99990039.pdb)
DOPE score: -9261.5380859375 (file: 1at0_.B99990038.pdb)
GA341 score: 0.005589666310697794 (file: 1at0_.B99990045.pdb)
Normalized DOPE score: 1.1706708300208926 (file: 1at0_.B99990038.pdb)

##############################################################################################
>>Clustering results - Representative structure - AffinityPropagation
Cluster		File_Name
0		1at0_.B99990024
1		1at0_.B99990030

>>Clustering results - Representative structure - DBSCAN
Cluster		File_Name
0		1at0_.B99990019.pdb
1		1at0_.B99990030.pdb
2		1at0_.B99990041.pdb

>>Clustering results - Representative structure - KMeans
Cluster		File_Name
0		1at0_.B99990014.pdb
1		1at0_.B99990037.pdb
2		1at0_.B99990005.pdb
3		1at0_.B99990024.pdb
4		1at0_.B99990044.pdb
5		1at0_.B99990006.pdb
6		1at0_.B99990004.pdb
7		1at0_.B99990003.pdb

>>Clustering results - Representative structure - MeanShift
Cluster		File_Name
0		1at0_.B99990030.pdb
1		1at0_.B99990007.pdb
2		1at0_.B99990024.pdb
3		1at0_.B99990006.pdb

>>Clustering results - Representative structure - SpectralClustering
Cluster		File_Name
0		1at0_.B99990030.pdb
1		1at0_.B99990041.pdb

>>Clustering results - Representative structure - Ward
Cluster		File_Name
0		1at0_.B99990030.pdb
1		1at0_.B99990006.pdb
##############################################################################################

##############################################################################################
>>Clustering results - Representative structure - AffinityPropagation
Cluster		File_Name
0		1at0_.B99990004
1		1at0_.B99990006
2		1at0_.B99990007
3		1at0_.B99990019
4		1at0_.B99990023
5		1at0_.B99990042
6		1at0_.B99990050

>>Clustering results - Representative structure - DBSCAN
Cluster		File_Name
0		1at0_.B99990005.pdb

>>Clustering results - Representative structure - KMeans
Cluster		File_Name
0		1at0_.B99990033.pdb
1		1at0_.B99990029.pdb
2		1at0_.B99990032.pdb
3		1at0_.B99990003.pdb
4		1at0_.B99990009.pdb
5		1at0_.B99990047.pdb
6		1at0_.B99990050.pdb
7		1at0_.B99990007.pdb
8		1at0_.B99990039.pdb
9		1at0_.B99990024.pdb

>>Clustering results - Representative structure - MeanShift
Cluster		File_Name
0		1at0_.B99990048.pdb
1		1at0_.B99990050.pdb
2		1at0_.B99990024.pdb

>>Clustering results - Representative structure - SpectralClustering
Cluster		File_Name
0		1at0_.B99990007.pdb
1		1at0_.B99990019.pdb
2		1at0_.B99990006.pdb
3		1at0_.B99990009.pdb
4		1at0_.B99990045.pdb
5		1at0_.B99990042.pdb

>>Clustering results - Representative structure - Ward
Cluster		File_Name
0		1at0_.B99990004.pdb
1		1at0_.B99990050.pdb
2		1at0_.B99990042.pdb
3		1at0_.B99990027.pdb
4		1at0_.B99990024.pdb
5		1at0_.B99990023.pdb
6		1at0_.B99990007.pdb
7		1at0_.B99990003.pdb
8		1at0_.B99990033.pdb
9		1at0_.B99990013.pdb
##############################################################################################