>> Summary of successfully produced model

Filename                          molpdf     DOPE score  DOPE-HR score    GA341 score Normalized DOPE score-----------------------------------------------------------------------------------------------------------
1a8l_.B99990001.pdb            924.13519   -30128.26172   -29949.96289        1.00000       -2.63749
1a8l_.B99990002.pdb            948.12714   -30023.47266   -29731.04492        1.00000       -2.60465
1a8l_.B99990003.pdb           1030.01172   -29991.96680   -29812.45117        1.00000       -2.59478
1a8l_.B99990004.pdb            917.74213   -30068.92773   -29673.37891        1.00000       -2.61890
1a8l_.B99990005.pdb            886.31598   -30336.80078   -30316.23047        1.00000       -2.70284
1a8l_.B99990006.pdb            929.64178   -30190.06055   -29881.30664        1.00000       -2.65686
1a8l_.B99990007.pdb            927.60175   -30122.17578   -29971.90820        1.00000       -2.63558
1a8l_.B99990008.pdb            918.69635   -30142.77148   -30055.50391        1.00000       -2.64204
1a8l_.B99990009.pdb            957.71082   -30154.59766   -30001.35156        1.00000       -2.64574
1a8l_.B99990010.pdb            961.24963   -30317.88477   -30401.77930        1.00000       -2.69691
1a8l_.B99990011.pdb            944.28021   -30209.85156   -30160.37500        1.00000       -2.66306
1a8l_.B99990012.pdb            893.70819   -30332.87891   -30411.92383        1.00000       -2.70161
1a8l_.B99990013.pdb            933.52130   -30123.17969   -29903.91016        1.00000       -2.63590
1a8l_.B99990014.pdb            957.58063   -30216.68164   -29827.59180        1.00000       -2.66520
1a8l_.B99990015.pdb            933.51123   -30084.13281   -29847.06641        1.00000       -2.62366
1a8l_.B99990016.pdb            984.00861   -30239.64062   -30109.19727        1.00000       -2.67239
1a8l_.B99990017.pdb            909.29889   -30157.83984   -29995.15234        1.00000       -2.64676
1a8l_.B99990018.pdb            904.49396   -30193.60156   -30042.52930        1.00000       -2.65797
1a8l_.B99990019.pdb            944.48572   -30273.66602   -30207.07617        1.00000       -2.68306
1a8l_.B99990020.pdb            996.84839   -30058.58789   -29774.70312        1.00000       -2.61566
1a8l_.B99990021.pdb            898.45087   -30140.26367   -29799.45312        1.00000       -2.64125
1a8l_.B99990022.pdb            991.51562   -29961.13086   -29750.90820        1.00000       -2.58512
1a8l_.B99990023.pdb           1057.94128   -29731.55078   -28993.43359        1.00000       -2.51317
1a8l_.B99990024.pdb            933.72864   -30102.88672   -29874.06836        1.00000       -2.62954
1a8l_.B99990025.pdb            921.27899   -30024.38672   -29822.27930        1.00000       -2.60494
1a8l_.B99990026.pdb            890.12085   -30342.92773   -30386.34961        1.00000       -2.70476
1a8l_.B99990027.pdb            895.24084   -30270.75586   -30159.07031        1.00000       -2.68215
1a8l_.B99990028.pdb            926.36414   -30218.84766   -30028.49023        1.00000       -2.66588
1a8l_.B99990029.pdb           1524.48596   -29494.71289   -28907.69141        1.00000       -2.43896
1a8l_.B99990030.pdb           1042.05896   -29989.51172   -29659.17773        1.00000       -2.59401
1a8l_.B99990031.pdb           1038.27771   -29886.69531   -29231.37109        1.00000       -2.56179
1a8l_.B99990032.pdb            913.07251   -30088.75000   -29901.17383        1.00000       -2.62511
1a8l_.B99990033.pdb            962.56390   -30101.00195   -29953.40039        1.00000       -2.62895
1a8l_.B99990034.pdb            937.30157   -30198.87500   -30035.96289        1.00000       -2.65962
1a8l_.B99990035.pdb            980.71240   -30094.97461   -29875.32227        1.00000       -2.62706
1a8l_.B99990036.pdb           1038.29919   -30147.11914   -29742.07422        1.00000       -2.64340
1a8l_.B99990037.pdb            965.64722   -29997.65820   -29549.03516        1.00000       -2.59656
1a8l_.B99990038.pdb           1004.82074   -30274.67578   -30096.49219        1.00000       -2.68337
1a8l_.B99990039.pdb            907.96460   -30329.62891   -30184.60352        1.00000       -2.70059
1a8l_.B99990040.pdb            905.98938   -30306.57812   -30360.66211        1.00000       -2.69337
1a8l_.B99990041.pdb           1001.26764   -30076.91016   -29892.95898        1.00000       -2.62140
1a8l_.B99990042.pdb            949.25958   -30205.25000   -30158.17578        1.00000       -2.66162
1a8l_.B99990043.pdb            930.09662   -30144.36133   -29841.10156        1.00000       -2.64254
1a8l_.B99990044.pdb            946.99097   -30256.09961   -30117.06055        1.00000       -2.67755
1a8l_.B99990045.pdb           1060.72351   -29998.97461   -29720.61914        1.00000       -2.59698
1a8l_.B99990046.pdb            978.59509   -30035.53906   -29932.45312        1.00000       -2.60844
1a8l_.B99990047.pdb            975.21692   -30006.82031   -29535.46289        1.00000       -2.59944
1a8l_.B99990048.pdb            946.02600   -30250.08984   -30054.07812        1.00000       -2.67567
1a8l_.B99990049.pdb            996.99207   -30173.99414   -29967.96289        1.00000       -2.65182
1a8l_.B99990050.pdb           1012.50543   -30086.70898   -30122.69727        1.00000       -2.62447

>> Top model results:
molpdf: 886.3159790039062 (file: 1a8l_.B99990005.pdb)
DOPE score: -30342.927734375 (file: 1a8l_.B99990026.pdb)
GA341 score: 1.0 (file: 1a8l_.B99990032.pdb)
Normalized DOPE score: -2.7047618552000032 (file: 1a8l_.B99990026.pdb)

##############################################################################################
>>Clustering results - Representative structure - AffinityPropagation
Cluster		File_Name
0		1a8l_.B99990033

>>Clustering results - Representative structure - DBSCAN
Cluster		File_Name
0		1a8l_.B99990009.pdb
1		1a8l_.B99990029.pdb

>>Clustering results - Representative structure - KMeans
Cluster		File_Name
0		1a8l_.B99990009.pdb
1		1a8l_.B99990029.pdb

>>Clustering results - Representative structure - MeanShift
Cluster		File_Name
0		1a8l_.B99990009.pdb
1		1a8l_.B99990029.pdb

>>Clustering results - Representative structure - SpectralClustering
Cluster		File_Name
0		1a8l_.B99990009.pdb
1		1a8l_.B99990029.pdb

>>Clustering results - Representative structure - Ward
Cluster		File_Name
0		1a8l_.B99990009.pdb
1		1a8l_.B99990029.pdb
##############################################################################################

##############################################################################################
>>Clustering results - Representative structure - AffinityPropagation
Cluster		File_Name
0		1a8l_.B99990009
1		1a8l_.B99990023
2		1a8l_.B99990029

>>Clustering results - Representative structure - DBSCAN
Cluster		File_Name
0		1a8l_.B99990013.pdb
1		1a8l_.B99990033.pdb

>>Clustering results - Representative structure - KMeans
Cluster		File_Name
0		1a8l_.B99990009.pdb
1		1a8l_.B99990023.pdb

>>Clustering results - Representative structure - MeanShift
Cluster		File_Name
0		1a8l_.B99990014.pdb
1		1a8l_.B99990029.pdb
2		1a8l_.B99990023.pdb
3		1a8l_.B99990022.pdb

>>Clustering results - Representative structure - SpectralClustering
Cluster		File_Name
0		1a8l_.B99990009.pdb
1		1a8l_.B99990029.pdb
2		1a8l_.B99990023.pdb
3		1a8l_.B99990031.pdb

>>Clustering results - Representative structure - Ward
Cluster		File_Name
0		1a8l_.B99990009.pdb
1		1a8l_.B99990023.pdb
##############################################################################################