>> Summary of successfully produced model

Filename                          molpdf     DOPE score  DOPE-HR score    GA341 score Normalized DOPE score-----------------------------------------------------------------------------------------------------------
1ad3A.B99990001.pdb           1825.34058   -16755.10352   -10683.49316        0.00000        4.26651
1ad3A.B99990002.pdb           1505.67468   -17986.69336   -14505.45117        0.00000        4.07094
1ad3A.B99990003.pdb           1625.67053   -18876.96289   -13959.24609        0.00000        3.92957
1ad3A.B99990004.pdb           1649.37622   -18129.51562   -14054.47949        0.00000        4.04826
1ad3A.B99990005.pdb           1481.25378   -17965.57031   -15878.91016        0.00000        4.07429
1ad3A.B99990006.pdb           1802.54651   -18080.18945   -13459.63770        0.00000        4.05609
1ad3A.B99990007.pdb           1682.55713   -21457.59570   -17374.09766        0.00000        3.51979
1ad3A.B99990008.pdb           1727.77454   -19051.15430   -10773.25586        0.00000        3.90191
1ad3A.B99990009.pdb           1944.77515   -16317.93750   -11898.63379        0.00000        4.33593
1ad3A.B99990010.pdb           1630.91736   -16883.46484   -15262.12305        0.00000        4.24612
1ad3A.B99990011.pdb           1862.84570   -17398.60352   -13499.28125        0.00000        4.16432
1ad3A.B99990012.pdb           1746.18542   -19053.54492   -11807.42188        0.00000        3.90153
1ad3A.B99990013.pdb           1732.63562   -19905.51172   -15723.13379        0.00000        3.76624
1ad3A.B99990014.pdb           1566.99841   -21040.38867   -17808.74219        0.00000        3.58603
1ad3A.B99990015.pdb           1525.01184   -17588.23438   -15366.31055        0.00000        4.13421
1ad3A.B99990016.pdb           1702.98511   -20725.22461   -13475.69336        0.00000        3.63608
1ad3A.B99990017.pdb           1746.88293   -17646.17969   -11776.21094        0.00000        4.12501
1ad3A.B99990018.pdb           1773.95557   -20951.67578   -13100.87891        0.00000        3.60012
1ad3A.B99990019.pdb           1798.78040   -18711.06055   -10321.50195        0.00000        3.95591
1ad3A.B99990020.pdb           2947.60059   -17257.92969     4755.56885        0.00000        4.18666
1ad3A.B99990021.pdb           1551.24878   -17597.25195   -15202.76465        0.00000        4.13278
1ad3A.B99990022.pdb           1490.79395   -18483.33398   -16251.86426        0.00000        3.99208
1ad3A.B99990023.pdb           1729.29199   -18200.74219    -9955.59277        0.00000        4.03695
1ad3A.B99990024.pdb           1831.57971   -21291.47266   -12481.88086        0.00000        3.54616
1ad3A.B99990025.pdb           1837.94702   -19818.42773   -10578.83203        0.00000        3.78007
1ad3A.B99990026.pdb           1805.38440   -21272.21875   -12632.55566        0.00000        3.54922
1ad3A.B99990027.pdb           2072.09668   -16131.95312    -5913.74512        0.00000        4.36546
1ad3A.B99990028.pdb           2157.26929   -19517.64648   -10863.20312        0.00000        3.82783
1ad3A.B99990029.pdb           2081.16064   -23015.39062   -10052.10938        0.00000        3.27242
1ad3A.B99990030.pdb           1564.06104   -20533.74609   -16805.05664        0.00000        3.66649
1ad3A.B99990031.pdb           1791.03687   -19591.17383   -15381.72461        0.00000        3.81616
1ad3A.B99990032.pdb           1825.56250   -19985.64062    -9676.87012        0.00000        3.75352
1ad3A.B99990033.pdb           1810.17249   -17052.06641   -10732.25000        0.00000        4.21935
1ad3A.B99990034.pdb           1915.42224   -16933.56445   -12047.18555        0.00000        4.23817
1ad3A.B99990035.pdb           1540.88098   -15834.61523   -14772.51074        0.00000        4.41267
1ad3A.B99990036.pdb           2046.57788   -20171.57617   -10771.10352        0.00000        3.72400
1ad3A.B99990037.pdb           1745.96362   -23032.18359   -15250.29004        0.00000        3.26975
1ad3A.B99990038.pdb           2292.52295   -20158.73047    -8699.56543        0.00000        3.72604
1ad3A.B99990039.pdb           1778.33582   -17828.99805   -11814.18848        0.00000        4.09598
1ad3A.B99990040.pdb           1653.63013   -18863.47852   -14494.75293        0.00000        3.93171
1ad3A.B99990041.pdb           1566.19543   -19135.11328   -16562.34570        0.00000        3.88858
1ad3A.B99990042.pdb           1566.50610   -17433.65625   -15950.88672        0.00000        4.15876
1ad3A.B99990043.pdb           1693.09790   -17558.37305   -12413.60156        0.00000        4.13895
1ad3A.B99990044.pdb           1552.65100   -18357.96484   -15211.85742        0.00000        4.01198
1ad3A.B99990045.pdb           1877.93237   -16819.10938   -13110.89941        0.00000        4.25634
1ad3A.B99990046.pdb           1594.51782   -16694.54297   -15071.71387        0.00000        4.27612
1ad3A.B99990047.pdb           1571.49512   -19376.46094   -13817.29590        0.00000        3.85025
1ad3A.B99990048.pdb           1881.39502   -18875.22852   -11181.24707        0.00000        3.92985
1ad3A.B99990049.pdb           2040.23962   -18703.64062   -12505.94434        0.00000        3.95709
1ad3A.B99990050.pdb           1818.30530   -19633.88867   -12400.00684        0.00000        3.80938

>> Top model results:
molpdf: 1481.2537841796875 (file: 1ad3A.B99990005.pdb)
DOPE score: -23032.18359375 (file: 1ad3A.B99990037.pdb)
GA341 score: 0.0 (file: 1ad3A.B99990027.pdb)
Normalized DOPE score: 3.2697520856902633 (file: 1ad3A.B99990037.pdb)

##############################################################################################
>>Clustering results - Representative structure - AffinityPropagation
Cluster		File_Name
0		1ad3A.B99990012
1		1ad3A.B99990020
2		1ad3A.B99990029

>>Clustering results - Representative structure - DBSCAN
Cluster		File_Name
0		1ad3A.B99990006.pdb
1		1ad3A.B99990018.pdb

>>Clustering results - Representative structure - KMeans
Cluster		File_Name
0		1ad3A.B99990012.pdb
1		1ad3A.B99990020.pdb

>>Clustering results - Representative structure - MeanShift
Cluster		File_Name
0		1ad3A.B99990006.pdb
1		1ad3A.B99990020.pdb
2		1ad3A.B99990038.pdb
3		1ad3A.B99990027.pdb
4		1ad3A.B99990018.pdb

>>Clustering results - Representative structure - SpectralClustering
Cluster		File_Name
0		1ad3A.B99990020.pdb
1		1ad3A.B99990012.pdb

>>Clustering results - Representative structure - Ward
Cluster		File_Name
0		1ad3A.B99990012.pdb
1		1ad3A.B99990020.pdb
##############################################################################################

##############################################################################################
>>Clustering results - Representative structure - AffinityPropagation
Cluster		File_Name
0		1ad3A.B99990006
1		1ad3A.B99990020
2		1ad3A.B99990024

>>Clustering results - Representative structure - DBSCAN
Cluster		File_Name
0		1ad3A.B99990012.pdb

>>Clustering results - Representative structure - KMeans
Cluster		File_Name
0		1ad3A.B99990014.pdb
1		1ad3A.B99990017.pdb
2		1ad3A.B99990038.pdb
3		1ad3A.B99990040.pdb
4		1ad3A.B99990029.pdb
5		1ad3A.B99990024.pdb
6		1ad3A.B99990008.pdb
7		1ad3A.B99990020.pdb
8		1ad3A.B99990042.pdb
9		1ad3A.B99990027.pdb

>>Clustering results - Representative structure - MeanShift
Cluster		File_Name
0		1ad3A.B99990012.pdb
1		1ad3A.B99990020.pdb
2		1ad3A.B99990028.pdb
3		1ad3A.B99990027.pdb
4		1ad3A.B99990018.pdb

>>Clustering results - Representative structure - SpectralClustering
Cluster		File_Name
0		1ad3A.B99990044.pdb
1		1ad3A.B99990008.pdb

>>Clustering results - Representative structure - Ward
Cluster		File_Name
0		1ad3A.B99990012.pdb
1		1ad3A.B99990027.pdb
##############################################################################################