>> Summary of successfully produced model

Filename                          molpdf     DOPE score  DOPE-HR score    GA341 score Normalized DOPE score-----------------------------------------------------------------------------------------------------------
1a44_.B99990001.pdb           1070.68018   -20418.78516   -19718.08398        1.00000       -2.35018
1a44_.B99990002.pdb           1039.29346   -20261.54883   -19523.91797        1.00000       -2.28998
1a44_.B99990003.pdb           1031.70618   -20316.07422   -19341.92773        1.00000       -2.31086
1a44_.B99990004.pdb            937.93811   -20177.93555   -19433.12695        1.00000       -2.25798
1a44_.B99990005.pdb           1056.75244   -20187.28516   -19206.60938        1.00000       -2.26155
1a44_.B99990006.pdb           1030.52869   -20406.32227   -19852.86523        1.00000       -2.34541
1a44_.B99990007.pdb            951.84473   -20208.65820   -19533.31836        1.00000       -2.26974
1a44_.B99990008.pdb            985.62732   -20409.60156   -19857.27148        1.00000       -2.34666
1a44_.B99990009.pdb            948.97888   -20359.56641   -19661.85742        1.00000       -2.32751
1a44_.B99990010.pdb            907.69226   -20411.12305   -19852.31836        1.00000       -2.34724
1a44_.B99990011.pdb            936.67798   -20396.02930   -19783.20898        1.00000       -2.34147
1a44_.B99990012.pdb            964.03802   -20467.69141   -20047.06641        1.00000       -2.36890
1a44_.B99990013.pdb            982.87299   -20427.65625   -19724.31641        1.00000       -2.35357
1a44_.B99990014.pdb           1009.33386   -20479.80273   -19891.35742        1.00000       -2.37354
1a44_.B99990015.pdb            911.49689   -20354.73242   -19725.80273        1.00000       -2.32566
1a44_.B99990016.pdb            997.19183   -20443.13281   -19866.91016        1.00000       -2.35950
1a44_.B99990017.pdb           1059.05469   -20182.05078   -19483.35547        1.00000       -2.25955
1a44_.B99990018.pdb            954.48547   -20482.99805   -19973.27734        1.00000       -2.37476
1a44_.B99990019.pdb            988.04907   -20421.52344   -19615.50977        1.00000       -2.35123
1a44_.B99990020.pdb            918.47052   -20313.31445   -19658.10352        1.00000       -2.30980
1a44_.B99990021.pdb           1069.81628   -20176.13281   -18893.70312        1.00000       -2.25728
1a44_.B99990022.pdb            990.06903   -20422.74219   -19681.77734        1.00000       -2.35169
1a44_.B99990023.pdb            943.05353   -20493.12109   -19906.80078        1.00000       -2.37863
1a44_.B99990024.pdb           1134.17871   -20269.42383   -19247.64258        1.00000       -2.29300
1a44_.B99990025.pdb           1031.21387   -20274.84375   -19656.47266        1.00000       -2.29507
1a44_.B99990026.pdb            968.47363   -20439.94531   -19930.55273        1.00000       -2.35828
1a44_.B99990027.pdb           1104.73389   -20368.88477   -19625.06055        1.00000       -2.33107
1a44_.B99990028.pdb            976.64417   -20457.25586   -19930.50391        1.00000       -2.36490
1a44_.B99990029.pdb            929.73132   -20465.65430   -19937.81836        1.00000       -2.36812
1a44_.B99990030.pdb            961.35352   -20323.49219   -19497.80273        1.00000       -2.31370
1a44_.B99990031.pdb            961.63116   -20381.86914   -19689.28320        1.00000       -2.33604
1a44_.B99990032.pdb            967.43872   -20351.49609   -19664.62109        1.00000       -2.32442
1a44_.B99990033.pdb            935.70056   -20428.07812   -20045.11328        1.00000       -2.35373
1a44_.B99990034.pdb           1048.20142   -20176.83594   -19153.12305        1.00000       -2.25755
1a44_.B99990035.pdb            969.79340   -20411.68359   -19503.04688        1.00000       -2.34746
1a44_.B99990036.pdb            969.72894   -20325.73242   -19525.75586        1.00000       -2.31455
1a44_.B99990037.pdb            996.64929   -20308.87695   -19562.55078        1.00000       -2.30810
1a44_.B99990038.pdb           1036.92664   -20352.38281   -19534.40430        1.00000       -2.32476
1a44_.B99990039.pdb            963.17920   -20434.38477   -19999.15234        1.00000       -2.35615
1a44_.B99990040.pdb           1024.91772   -20293.01367   -19509.82227        1.00000       -2.30203
1a44_.B99990041.pdb            914.91870   -20550.57227   -20117.29492        1.00000       -2.40063
1a44_.B99990042.pdb            910.72504   -20484.80078   -19798.85742        1.00000       -2.37545
1a44_.B99990043.pdb           1066.56702   -20195.28320   -19361.90820        1.00000       -2.26462
1a44_.B99990044.pdb            946.33624   -20416.00195   -19916.18945        1.00000       -2.34911
1a44_.B99990045.pdb            881.90503   -20523.72656   -20098.16406        1.00000       -2.39035
1a44_.B99990046.pdb            912.54425   -20340.74219   -19517.28516        1.00000       -2.32030
1a44_.B99990047.pdb            902.68506   -20499.14453   -19901.17773        1.00000       -2.38094
1a44_.B99990048.pdb           1046.10413   -20148.22852   -19199.49609        1.00000       -2.24660
1a44_.B99990049.pdb            987.11938   -20425.35742   -19858.84375        1.00000       -2.35269
1a44_.B99990050.pdb            958.00818   -20309.58789   -19588.84961        1.00000       -2.30837

>> Top model results:
molpdf: 881.905029296875 (file: 1a44_.B99990045.pdb)
DOPE score: -20550.572265625 (file: 1a44_.B99990041.pdb)
GA341 score: 1.0 (file: 1a44_.B99990018.pdb)
Normalized DOPE score: -2.400627473203202 (file: 1a44_.B99990041.pdb)

##############################################################################################
>>Clustering results - Representative structure - AffinityPropagation
Cluster		File_Name
0		1a44_.B99990002
1		1a44_.B99990015
2		1a44_.B99990016
3		1a44_.B99990024
4		1a44_.B99990028
5		1a44_.B99990040
6		1a44_.B99990043

>>Clustering results - Representative structure - DBSCAN
Cluster		File_Name
0		1a44_.B99990007.pdb
1		1a44_.B99990048.pdb
2		1a44_.B99990001.pdb

>>Clustering results - Representative structure - KMeans
Cluster		File_Name
0		1a44_.B99990001.pdb
1		1a44_.B99990013.pdb

>>Clustering results - Representative structure - MeanShift
Cluster		File_Name
0		1a44_.B99990007.pdb
1		1a44_.B99990048.pdb
2		1a44_.B99990001.pdb

>>Clustering results - Representative structure - SpectralClustering
Cluster		File_Name
0		1a44_.B99990013.pdb
1		1a44_.B99990001.pdb

>>Clustering results - Representative structure - Ward
Cluster		File_Name
0		1a44_.B99990013.pdb
1		1a44_.B99990001.pdb
##############################################################################################

##############################################################################################
>>Clustering results - Representative structure - AffinityPropagation
Cluster		File_Name
0		1a44_.B99990003
1		1a44_.B99990006
2		1a44_.B99990017
3		1a44_.B99990032
4		1a44_.B99990033
5		1a44_.B99990048

>>Clustering results - Representative structure - DBSCAN
Cluster		File_Name
0		1a44_.B99990029.pdb
1		1a44_.B99990038.pdb

>>Clustering results - Representative structure - KMeans
Cluster		File_Name
0		1a44_.B99990027.pdb
1		1a44_.B99990002.pdb
2		1a44_.B99990044.pdb

>>Clustering results - Representative structure - MeanShift
Cluster		File_Name
0		1a44_.B99990011.pdb
1		1a44_.B99990027.pdb
2		1a44_.B99990005.pdb

>>Clustering results - Representative structure - SpectralClustering
Cluster		File_Name
0		1a44_.B99990036.pdb
1		1a44_.B99990001.pdb
2		1a44_.B99990006.pdb
3		1a44_.B99990048.pdb
4		1a44_.B99990003.pdb
5		1a44_.B99990017.pdb
6		1a44_.B99990033.pdb

>>Clustering results - Representative structure - Ward
Cluster		File_Name
0		1a44_.B99990011.pdb
1		1a44_.B99990017.pdb
2		1a44_.B99990027.pdb
##############################################################################################