>> Summary of successfully produced model

Filename                          molpdf     DOPE score  DOPE-HR score    GA341 score Normalized DOPE score-----------------------------------------------------------------------------------------------------------
1a1w_.B99990001.pdb            478.49542    -8614.96582    -7466.93799        1.00000       -1.46056
1a1w_.B99990002.pdb            431.92941    -8650.46973    -7514.73633        1.00000       -1.49085
1a1w_.B99990003.pdb            428.35068    -8761.01562    -7508.57178        1.00000       -1.58518
1a1w_.B99990004.pdb            395.42508    -8732.15430    -7595.63037        1.00000       -1.56055
1a1w_.B99990005.pdb            433.39331    -8822.82129    -7657.11963        1.00000       -1.63792
1a1w_.B99990006.pdb            410.59195    -8644.01855    -7447.27832        1.00000       -1.48535
1a1w_.B99990007.pdb            422.63602    -8717.77637    -7522.76562        1.00000       -1.54828
1a1w_.B99990008.pdb            401.92947    -8762.89844    -7523.61279        1.00000       -1.58679
1a1w_.B99990009.pdb            429.75229    -8643.08203    -7385.20801        1.00000       -1.48455
1a1w_.B99990010.pdb            415.10803    -8716.43359    -7460.72607        1.00000       -1.54714
1a1w_.B99990011.pdb            456.29797    -8637.40332    -7177.02246        1.00000       -1.47970
1a1w_.B99990012.pdb            464.14972    -8596.36328    -7338.28271        1.00000       -1.44469
1a1w_.B99990013.pdb            544.42725    -8697.96387    -7408.44092        1.00000       -1.53138
1a1w_.B99990014.pdb            408.31995    -8698.56934    -7496.94141        1.00000       -1.53190
1a1w_.B99990015.pdb            453.52817    -8716.40918    -7607.83057        1.00000       -1.54712
1a1w_.B99990016.pdb            440.51147    -8687.75391    -7573.47070        1.00000       -1.52267
1a1w_.B99990017.pdb            424.55887    -8634.60938    -7352.89062        1.00000       -1.47732
1a1w_.B99990018.pdb            404.16254    -8665.41504    -7449.57617        1.00000       -1.50361
1a1w_.B99990019.pdb            492.43661    -8589.96484    -7353.63965        1.00000       -1.43923
1a1w_.B99990020.pdb            417.79565    -8721.81641    -7589.80908        1.00000       -1.55173
1a1w_.B99990021.pdb            501.08096    -8574.26562    -7430.52979        1.00000       -1.42583
1a1w_.B99990022.pdb            467.85004    -8691.46094    -7504.55420        1.00000       -1.52583
1a1w_.B99990023.pdb            435.89795    -8652.43359    -7416.22363        1.00000       -1.49253
1a1w_.B99990024.pdb            412.28830    -8631.53711    -7367.51123        1.00000       -1.47470
1a1w_.B99990025.pdb            429.64001    -8750.10254    -7588.58740        1.00000       -1.57587
1a1w_.B99990026.pdb            485.44547    -8651.68555    -7504.90039        1.00000       -1.49189
1a1w_.B99990027.pdb            403.71228    -8778.34180    -7600.10938        1.00000       -1.59996
1a1w_.B99990028.pdb            433.24829    -8648.76270    -7412.47705        1.00000       -1.48940
1a1w_.B99990029.pdb            443.48056    -8642.11035    -7389.15576        1.00000       -1.48372
1a1w_.B99990030.pdb            404.24948    -8748.81348    -7559.47998        1.00000       -1.57477
1a1w_.B99990031.pdb            413.80252    -8666.10742    -7564.95117        1.00000       -1.50420
1a1w_.B99990032.pdb            410.35165    -8660.33203    -7420.10010        1.00000       -1.49927
1a1w_.B99990033.pdb            428.71979    -8642.91992    -7264.29883        1.00000       -1.48441
1a1w_.B99990034.pdb            482.92642    -8722.79004    -7433.00732        1.00000       -1.55256
1a1w_.B99990035.pdb            446.14789    -8762.92871    -7563.54492        1.00000       -1.58681
1a1w_.B99990036.pdb            405.73636    -8697.40625    -7452.65869        1.00000       -1.53090
1a1w_.B99990037.pdb            413.57642    -8691.44824    -7522.49756        1.00000       -1.52582
1a1w_.B99990038.pdb            403.92892    -8686.13672    -7553.56055        1.00000       -1.52129
1a1w_.B99990039.pdb            413.68643    -8745.56348    -7585.00488        1.00000       -1.57199
1a1w_.B99990040.pdb            459.04669    -8823.63965    -7778.50879        1.00000       -1.63861
1a1w_.B99990041.pdb            457.62363    -8534.76855    -7267.06201        1.00000       -1.39213
1a1w_.B99990042.pdb            465.76968    -8675.89453    -7435.56934        1.00000       -1.51255
1a1w_.B99990043.pdb            406.03867    -8720.39160    -7603.95850        1.00000       -1.55052
1a1w_.B99990044.pdb            439.12433    -8607.20508    -7355.79199        1.00000       -1.45394
1a1w_.B99990045.pdb            417.14658    -8655.85840    -7456.85107        1.00000       -1.49545
1a1w_.B99990046.pdb            435.70538    -8643.66602    -7546.17773        1.00000       -1.48505
1a1w_.B99990047.pdb            470.73114    -8550.44922    -7279.60596        1.00000       -1.40551
1a1w_.B99990048.pdb            426.32126    -8712.71387    -7592.87939        1.00000       -1.54396
1a1w_.B99990049.pdb            422.22855    -8631.23730    -7446.15771        1.00000       -1.47444
1a1w_.B99990050.pdb            444.81329    -8735.16699    -7521.81738        1.00000       -1.56312

>> Top model results:
molpdf: 395.4250793457031 (file: 1a1w_.B99990004.pdb)
DOPE score: -8823.6396484375 (file: 1a1w_.B99990040.pdb)
GA341 score: 1.0 (file: 1a1w_.B99990047.pdb)
Normalized DOPE score: -1.6386140558026867 (file: 1a1w_.B99990040.pdb)

##############################################################################################
>>Clustering results - Representative structure - AffinityPropagation
Cluster		File_Name
0		1a1w_.B99990016
1		1a1w_.B99990025

>>Clustering results - Representative structure - DBSCAN
Cluster		File_Name
0		1a1w_.B99990002.pdb
1		1a1w_.B99990034.pdb

>>Clustering results - Representative structure - KMeans
Cluster		File_Name
0		1a1w_.B99990016.pdb
1		1a1w_.B99990025.pdb

>>Clustering results - Representative structure - MeanShift
Cluster		File_Name
0		1a1w_.B99990007.pdb
1		1a1w_.B99990012.pdb
2		1a1w_.B99990025.pdb
3		1a1w_.B99990013.pdb

>>Clustering results - Representative structure - SpectralClustering
Cluster		File_Name
0		1a1w_.B99990026.pdb
1		1a1w_.B99990048.pdb
2		1a1w_.B99990025.pdb

>>Clustering results - Representative structure - Ward
Cluster		File_Name
0		1a1w_.B99990016.pdb
1		1a1w_.B99990025.pdb
##############################################################################################