>> Summary of successfully produced model

Filename                          molpdf     DOPE score  DOPE-HR score    GA341 score Normalized DOPE score-----------------------------------------------------------------------------------------------------------
1avgI.B99990001.pdb            931.40546   -12155.58789    -8723.09375        0.98654       -0.69808
1avgI.B99990002.pdb            817.42010   -12388.60156   -10047.84570        0.99860       -0.81429
1avgI.B99990003.pdb            919.60736   -12273.42578    -8659.43652        0.99406       -0.75685
1avgI.B99990004.pdb            929.70197   -12135.97852    -8596.67578        0.99182       -0.68830
1avgI.B99990005.pdb           1053.62207   -12011.85352    -8551.66797        0.99398       -0.62639
1avgI.B99990006.pdb            766.20215   -12536.25293   -10384.02832        0.99987       -0.88793
1avgI.B99990007.pdb            968.81390   -12116.60645    -8996.48340        0.94566       -0.67864
1avgI.B99990008.pdb            866.79706   -12206.87402    -9107.99023        0.96056       -0.72366
1avgI.B99990009.pdb           1024.89551   -12128.41895    -9006.83594        0.98712       -0.68453
1avgI.B99990010.pdb            799.62518   -12545.13184   -10562.91211        0.98136       -0.89236
1avgI.B99990011.pdb            954.46613   -12282.32715    -9175.18066        0.88878       -0.76129
1avgI.B99990012.pdb            962.28516   -11825.74707    -8060.93945        0.97490       -0.53357
1avgI.B99990013.pdb            960.50659   -12463.62500    -9237.60156        0.92725       -0.85171
1avgI.B99990014.pdb            954.23859   -12230.78223    -8848.38184        0.94592       -0.73558
1avgI.B99990015.pdb            975.31293   -12440.60449    -9150.79492        0.81017       -0.84023
1avgI.B99990016.pdb            949.34393   -12362.97070    -8852.24902        0.83072       -0.80151
1avgI.B99990017.pdb           1188.60425   -11905.56641    -8486.87012        0.94407       -0.57338
1avgI.B99990018.pdb           1110.06506   -12012.02930    -7714.75000        0.94158       -0.62648
1avgI.B99990019.pdb            894.39893   -12226.16406    -8894.89551        0.93164       -0.73328
1avgI.B99990020.pdb            918.10480   -12026.79883    -8665.85840        0.93030       -0.63385
1avgI.B99990021.pdb            949.69202   -12206.21875    -9010.26172        0.83227       -0.72333
1avgI.B99990022.pdb            892.80847   -12288.27637    -8668.90918        0.94538       -0.76426
1avgI.B99990023.pdb            862.11737   -12066.25586    -8691.23730        0.95479       -0.65352
1avgI.B99990024.pdb            891.11676   -12106.45312    -8462.37207        0.87551       -0.67357
1avgI.B99990025.pdb           1036.72107   -12128.16895    -8637.10156        0.82383       -0.68440
1avgI.B99990026.pdb            969.80267   -12064.27246    -8631.64160        0.91567       -0.65254
1avgI.B99990027.pdb            936.97699   -12057.42480    -8555.45215        0.97691       -0.64912
1avgI.B99990028.pdb            986.65540   -11970.36133    -8729.81152        0.98664       -0.60570
1avgI.B99990029.pdb           1076.06982   -12186.14258    -9140.23340        0.89625       -0.71332
1avgI.B99990030.pdb           1032.54321   -11934.91113    -8483.66602        0.91633       -0.58802
1avgI.B99990031.pdb            939.12720   -12285.24805    -8899.14258        0.97017       -0.76275
1avgI.B99990032.pdb            894.18964   -12159.57031    -9069.93164        0.88088       -0.70006
1avgI.B99990033.pdb            913.23218   -12264.14551    -8769.92871        0.69350       -0.75222
1avgI.B99990034.pdb            908.66138   -11966.28320    -8157.00391        0.87063       -0.60366
1avgI.B99990035.pdb            905.37555   -12134.69531    -8550.97656        0.90316       -0.68766
1avgI.B99990036.pdb           1064.62952   -11894.81348    -7826.06299        0.89260       -0.56802
1avgI.B99990037.pdb            935.44177   -12254.56934    -9260.24121        0.98987       -0.74744
1avgI.B99990038.pdb           1079.61487   -12174.70020    -8765.55762        0.91112       -0.70761
1avgI.B99990039.pdb            976.97845   -12012.36426    -8556.05469        0.92541       -0.62665
1avgI.B99990040.pdb            916.15021   -12131.73145    -8622.86328        0.87173       -0.68618
1avgI.B99990041.pdb            980.78943   -12334.09473    -8829.42480        0.91363       -0.78711
1avgI.B99990042.pdb           1007.79773   -12356.10254    -9335.92969        0.91622       -0.79808
1avgI.B99990043.pdb           1191.68835   -12263.15234    -8657.12793        0.81951       -0.75173
1avgI.B99990044.pdb            946.51587   -12265.65820    -9260.45117        0.94808       -0.75297
1avgI.B99990045.pdb            963.65204   -12288.89355    -9125.27246        0.97787       -0.76456
1avgI.B99990046.pdb           1197.83398   -11588.98340    -6716.52344        0.89490       -0.41549
1avgI.B99990047.pdb            937.77722   -12067.67480    -8448.70508        0.96520       -0.65423
1avgI.B99990048.pdb            916.45673   -12498.46680    -9595.67285        0.97318       -0.86909
1avgI.B99990049.pdb            931.28723   -12431.29199    -9170.99902        0.96742       -0.83558
1avgI.B99990050.pdb           1246.57434   -12019.05957    -8050.67139        0.89118       -0.62999

>> Top model results:
molpdf: 766.2021484375 (file: 1avgI.B99990006.pdb)
DOPE score: -12545.1318359375 (file: 1avgI.B99990010.pdb)
GA341 score: 0.693500280380249 (file: 1avgI.B99990033.pdb)
Normalized DOPE score: -0.8923605359368938 (file: 1avgI.B99990010.pdb)

##############################################################################################
>>Clustering results - Representative structure - AffinityPropagation
Cluster		File_Name
0		1avgI.B99990004

>>Clustering results - Representative structure - DBSCAN
Cluster		File_Name
0		1avgI.B99990032.pdb
1		1avgI.B99990022.pdb
2		1avgI.B99990040.pdb
3		1avgI.B99990004.pdb

>>Clustering results - Representative structure - KMeans
Cluster		File_Name
0		1avgI.B99990020.pdb
1		1avgI.B99990029.pdb
2		1avgI.B99990016.pdb
3		1avgI.B99990048.pdb
4		1avgI.B99990047.pdb
5		1avgI.B99990046.pdb
6		1avgI.B99990037.pdb
7		1avgI.B99990027.pdb
8		1avgI.B99990001.pdb
9		1avgI.B99990017.pdb

>>Clustering results - Representative structure - MeanShift
Cluster		File_Name
0		1avgI.B99990021.pdb
1		1avgI.B99990029.pdb
2		1avgI.B99990046.pdb

>>Clustering results - Representative structure - SpectralClustering
Cluster		File_Name
0		1avgI.B99990026.pdb
1		1avgI.B99990021.pdb

>>Clustering results - Representative structure - Ward
Cluster		File_Name
0		1avgI.B99990004.pdb
1		1avgI.B99990038.pdb
##############################################################################################

##############################################################################################
>>Clustering results - Representative structure - AffinityPropagation
Cluster		File_Name
0		1avgI.B99990004

>>Clustering results - Representative structure - DBSCAN
Cluster		File_Name
0		1avgI.B99990033.pdb
1		1avgI.B99990004.pdb

>>Clustering results - Representative structure - KMeans
Cluster		File_Name
0		1avgI.B99990048.pdb
1		1avgI.B99990025.pdb
2		1avgI.B99990008.pdb
3		1avgI.B99990046.pdb
4		1avgI.B99990018.pdb
5		1avgI.B99990036.pdb
6		1avgI.B99990011.pdb
7		1avgI.B99990038.pdb
8		1avgI.B99990006.pdb
9		1avgI.B99990024.pdb

>>Clustering results - Representative structure - MeanShift
Cluster		File_Name
0		1avgI.B99990004.pdb
1		1avgI.B99990002.pdb
2		1avgI.B99990046.pdb

>>Clustering results - Representative structure - SpectralClustering
Cluster		File_Name
0		1avgI.B99990004.pdb
1		1avgI.B99990002.pdb

>>Clustering results - Representative structure - Ward
Cluster		File_Name
0		1avgI.B99990017.pdb
1		1avgI.B99990035.pdb
2		1avgI.B99990016.pdb
3		1avgI.B99990038.pdb
4		1avgI.B99990006.pdb
5		1avgI.B99990008.pdb
6		1avgI.B99990034.pdb
7		1avgI.B99990048.pdb
8		1avgI.B99990023.pdb
9		1avgI.B99990046.pdb
##############################################################################################