>> Summary of successfully produced model

Filename                          molpdf     DOPE score  DOPE-HR score    GA341 score Normalized DOPE score-----------------------------------------------------------------------------------------------------------
1a02N.B99990001.pdb           2352.99146   -16058.35547   -11160.67676        1.00000        1.92200
1a02N.B99990002.pdb           2280.69360   -16190.25781   -11339.04395        1.00000        1.88864
1a02N.B99990003.pdb           2319.01953   -15862.76953   -10864.61328        1.00000        1.97147
1a02N.B99990004.pdb           2396.63574   -15667.41699   -10246.86426        1.00000        2.02088
1a02N.B99990005.pdb           2302.36670   -16256.79590   -11315.56543        1.00000        1.87181
1a02N.B99990006.pdb           2303.59717   -16227.34766   -10915.62207        1.00000        1.87926
1a02N.B99990007.pdb           2348.40991   -15991.98535   -10945.91016        1.00000        1.93879
1a02N.B99990008.pdb           2400.34155   -15752.14844   -10147.56055        1.00000        1.99945
1a02N.B99990009.pdb           2360.84766   -16111.74902   -11587.78711        1.00000        1.90849
1a02N.B99990010.pdb           2236.78125   -15836.58691   -10823.45898        1.00000        1.97809
1a02N.B99990011.pdb           2337.72192   -16221.56934   -11116.48633        1.00000        1.88072
1a02N.B99990012.pdb           2365.07568   -16308.23242   -11369.60059        1.00000        1.85880
1a02N.B99990013.pdb           2297.90649   -16056.01855   -11134.59766        1.00000        1.92259
1a02N.B99990014.pdb           2337.65942   -16026.44434   -10733.37988        1.00000        1.93007
1a02N.B99990015.pdb           2296.15356   -16115.09570   -11547.40137        1.00000        1.90765
1a02N.B99990016.pdb           2231.20215   -16288.69727   -11350.99219        1.00000        1.86374
1a02N.B99990017.pdb           2386.56079   -16016.25781   -10935.33594        1.00000        1.93265
1a02N.B99990018.pdb           2316.21411   -15965.97070   -10959.54004        1.00000        1.94537
1a02N.B99990019.pdb           2342.46069   -16002.67676   -11097.96289        1.00000        1.93608
1a02N.B99990020.pdb           2319.09131   -16376.97363   -11607.57129        1.00000        1.84141
1a02N.B99990021.pdb           2292.11182   -16378.56055   -11501.83594        1.00000        1.84101
1a02N.B99990022.pdb           2315.98120   -16123.83008   -11327.15918        1.00000        1.90544
1a02N.B99990023.pdb           2401.01636   -15958.80078   -10757.96094        1.00000        1.94718
1a02N.B99990024.pdb           2408.24414   -16075.10840   -11176.27344        1.00000        1.91776
1a02N.B99990025.pdb           2316.19409   -16163.74902   -11117.65039        1.00000        1.89534
1a02N.B99990026.pdb           2307.28809   -16140.54199   -11499.69727        1.00000        1.90121
1a02N.B99990027.pdb           2380.10181   -16047.53906   -10890.89648        1.00000        1.92474
1a02N.B99990028.pdb           2304.92017   -16069.03809   -10554.24707        1.00000        1.91930
1a02N.B99990029.pdb           2341.18359   -16115.05078   -10932.90430        1.00000        1.90766
1a02N.B99990030.pdb           2307.14673   -16001.51758   -10804.19922        1.00000        1.93638
1a02N.B99990031.pdb           2342.90869   -16020.13770   -10989.33398        1.00000        1.93167
1a02N.B99990032.pdb           2341.39014   -16328.65430   -11437.18652        1.00000        1.85363
1a02N.B99990033.pdb           2561.51270   -15617.90039   -10154.33203        1.00000        2.03341
1a02N.B99990034.pdb           2476.77051   -16267.97168   -11464.53125        1.00000        1.86898
1a02N.B99990035.pdb           2379.48682   -15925.16211   -10973.40723        1.00000        1.95569
1a02N.B99990036.pdb           2422.25220   -15869.36426   -10132.89355        1.00000        1.96980
1a02N.B99990037.pdb           2389.55298   -15993.96973   -10648.80078        1.00000        1.93829
1a02N.B99990038.pdb           2319.79980   -16082.43555   -10969.85645        1.00000        1.91591
1a02N.B99990039.pdb           2311.76782   -15832.72656   -10125.47656        1.00000        1.97907
1a02N.B99990040.pdb           2469.10181   -16663.70508   -11528.29297        1.00000        1.76889
1a02N.B99990041.pdb           2325.22095   -15783.30273   -10533.13965        1.00000        1.99157
1a02N.B99990042.pdb           2290.55127   -15975.92871   -10935.03418        1.00000        1.94285
1a02N.B99990043.pdb           2420.39722   -16686.76758   -11369.80176        1.00000        1.76305
1a02N.B99990044.pdb           2314.43945   -15768.07617   -10602.03711        1.00000        1.99542
1a02N.B99990045.pdb           2341.41577   -16005.44336   -11024.55176        1.00000        1.93538
1a02N.B99990046.pdb           2311.81079   -16113.51953   -11450.40918        1.00000        1.90805
1a02N.B99990047.pdb           2354.12646   -16278.17773   -11161.55078        1.00000        1.86640
1a02N.B99990048.pdb           2394.55615   -15869.68555   -10331.65527        1.00000        1.96972
1a02N.B99990049.pdb           2304.58691   -15960.70703   -10723.88965        1.00000        1.94670
1a02N.B99990050.pdb           2406.14429   -16008.13184   -10705.92383        1.00000        1.93470

>> Top model results:
molpdf: 2231.2021484375 (file: 1a02N.B99990016.pdb)
DOPE score: -16686.767578125 (file: 1a02N.B99990043.pdb)
GA341 score: 1.0 (file: 1a02N.B99990015.pdb)
Normalized DOPE score: 1.763053117621985 (file: 1a02N.B99990043.pdb)

##############################################################################################
>>Clustering results - Representative structure - AffinityPropagation
Cluster		File_Name
0		1a02N.B99990001
1		1a02N.B99990009
2		1a02N.B99990019
3		1a02N.B99990023
4		1a02N.B99990025
5		1a02N.B99990027
6		1a02N.B99990039

>>Clustering results - Representative structure - DBSCAN
Cluster		File_Name
0		1a02N.B99990038.pdb
1		1a02N.B99990045.pdb

>>Clustering results - Representative structure - KMeans
Cluster		File_Name
0		1a02N.B99990030.pdb
1		1a02N.B99990013.pdb

>>Clustering results - Representative structure - MeanShift
Cluster		File_Name
0		1a02N.B99990013.pdb
1		1a02N.B99990035.pdb
2		1a02N.B99990023.pdb

>>Clustering results - Representative structure - SpectralClustering
Cluster		File_Name
0		1a02N.B99990013.pdb
1		1a02N.B99990030.pdb

>>Clustering results - Representative structure - Ward
Cluster		File_Name
0		1a02N.B99990030.pdb
1		1a02N.B99990013.pdb
##############################################################################################

##############################################################################################
>>Clustering results - Representative structure - AffinityPropagation
Cluster		File_Name
0		1a02N.B99990020
1		1a02N.B99990026
2		1a02N.B99990030
3		1a02N.B99990034
4		1a02N.B99990036
5		1a02N.B99990042

>>Clustering results - Representative structure - DBSCAN
Cluster		File_Name
0		1a02N.B99990038.pdb

>>Clustering results - Representative structure - KMeans
Cluster		File_Name
0		1a02N.B99990036.pdb
1		1a02N.B99990047.pdb
2		1a02N.B99990023.pdb
3		1a02N.B99990042.pdb
4		1a02N.B99990046.pdb
5		1a02N.B99990034.pdb
6		1a02N.B99990030.pdb
7		1a02N.B99990020.pdb

>>Clustering results - Representative structure - MeanShift
Cluster		File_Name
0		1a02N.B99990007.pdb
1		1a02N.B99990020.pdb

>>Clustering results - Representative structure - SpectralClustering
Cluster		File_Name
0		1a02N.B99990006.pdb
1		1a02N.B99990039.pdb

>>Clustering results - Representative structure - Ward
Cluster		File_Name
0		1a02N.B99990036.pdb
1		1a02N.B99990042.pdb
2		1a02N.B99990020.pdb
3		1a02N.B99990030.pdb
4		1a02N.B99990047.pdb
5		1a02N.B99990034.pdb
6		1a02N.B99990016.pdb
7		1a02N.B99990023.pdb
##############################################################################################