>> Summary of successfully produced model

Filename                          molpdf     DOPE score  DOPE-HR score    GA341 score Normalized DOPE score-----------------------------------------------------------------------------------------------------------
1ad1A.B99990001.pdb           1172.92285   -27981.58789   -25773.74609        1.00000       -1.05365
1ad1A.B99990002.pdb           1170.36108   -27813.29688   -25471.84375        1.00000       -1.00851
1ad1A.B99990003.pdb           1122.19788   -27935.43750   -25770.41797        1.00000       -1.04127
1ad1A.B99990004.pdb           1190.21069   -28099.67578   -25949.83398        1.00000       -1.08533
1ad1A.B99990005.pdb           1137.60632   -28086.43750   -25871.58398        1.00000       -1.08178
1ad1A.B99990006.pdb           1235.99902   -28066.11914   -25902.01172        1.00000       -1.07633
1ad1A.B99990007.pdb           1125.44531   -27906.61133   -25481.03320        1.00000       -1.03354
1ad1A.B99990008.pdb           1124.94409   -27991.17383   -25990.85938        1.00000       -1.05622
1ad1A.B99990009.pdb           1166.97498   -27935.89062   -25431.50000        1.00000       -1.04139
1ad1A.B99990010.pdb           1236.24731   -27556.16797   -24741.26758        1.00000       -0.93953
1ad1A.B99990011.pdb           1176.13831   -28165.29492   -25837.79492        1.00000       -1.10293
1ad1A.B99990012.pdb           1174.69287   -27862.01172   -25740.31641        1.00000       -1.02157
1ad1A.B99990013.pdb           1157.79236   -28053.39062   -25808.75586        1.00000       -1.07291
1ad1A.B99990014.pdb           1146.11353   -28130.06445   -25856.02539        1.00000       -1.09348
1ad1A.B99990015.pdb           1179.89282   -27994.51172   -25394.74219        1.00000       -1.05712
1ad1A.B99990016.pdb           1169.48254   -27821.26172   -25418.61328        1.00000       -1.01064
1ad1A.B99990017.pdb           1137.05396   -28098.03516   -25853.61328        1.00000       -1.08489
1ad1A.B99990018.pdb           1134.66406   -27927.85156   -25533.55859        1.00000       -1.03924
1ad1A.B99990019.pdb           1176.39160   -27782.46094   -25169.34375        1.00000       -1.00023
1ad1A.B99990020.pdb           1143.59045   -27872.21680   -25655.88281        1.00000       -1.02431
1ad1A.B99990021.pdb           1156.21313   -28068.11719   -25737.37695        1.00000       -1.07687
1ad1A.B99990022.pdb           1157.25830   -27812.83398   -25361.33008        1.00000       -1.00838
1ad1A.B99990023.pdb           1251.86536   -27828.82422   -25425.14648        1.00000       -1.01267
1ad1A.B99990024.pdb           1196.72754   -27752.31250   -25436.15234        1.00000       -0.99215
1ad1A.B99990025.pdb           1182.12280   -27717.15039   -25524.56250        1.00000       -0.98271
1ad1A.B99990026.pdb           1151.64771   -28171.07031   -26069.49414        1.00000       -1.10448
1ad1A.B99990027.pdb           1093.20178   -28113.36719   -25804.28711        1.00000       -1.08900
1ad1A.B99990028.pdb           1137.46570   -27944.26172   -25889.04883        1.00000       -1.04364
1ad1A.B99990029.pdb           1193.25439   -27718.67773   -24876.55273        1.00000       -0.98312
1ad1A.B99990030.pdb           1152.03345   -27855.47266   -25512.71094        1.00000       -1.01982
1ad1A.B99990031.pdb           1266.62146   -28074.44336   -25857.04297        1.00000       -1.07856
1ad1A.B99990032.pdb           1100.45447   -28117.76758   -26056.99805        1.00000       -1.09018
1ad1A.B99990033.pdb           1106.62805   -28098.81250   -25902.50000        1.00000       -1.08510
1ad1A.B99990034.pdb           1185.92969   -27873.60938   -25445.19727        1.00000       -1.02469
1ad1A.B99990035.pdb           1416.44348   -27748.23438   -24627.23438        1.00000       -0.99105
1ad1A.B99990036.pdb           1146.58459   -27936.30078   -25652.39844        1.00000       -1.04150
1ad1A.B99990037.pdb           1102.31702   -28079.73242   -25773.91406        1.00000       -1.07998
1ad1A.B99990038.pdb           1179.72278   -28093.48633   -25938.58984        1.00000       -1.08367
1ad1A.B99990039.pdb           1249.95569   -27992.57617   -25858.46484        1.00000       -1.05660
1ad1A.B99990040.pdb           1139.08496   -28044.21484   -25948.28516        1.00000       -1.07045
1ad1A.B99990041.pdb           1233.42334   -27988.02539   -26006.24609        1.00000       -1.05538
1ad1A.B99990042.pdb           1201.61365   -27547.43750   -24660.99414        1.00000       -0.93719
1ad1A.B99990043.pdb           1198.37024   -28034.15039   -26091.35547        1.00000       -1.06775
1ad1A.B99990044.pdb           1109.55066   -28011.44922   -25769.37500        1.00000       -1.06166
1ad1A.B99990045.pdb           1160.60779   -27741.60156   -25256.58203        1.00000       -0.98927
1ad1A.B99990046.pdb           1112.03650   -28223.12305   -26214.17773        1.00000       -1.11845
1ad1A.B99990047.pdb           1100.05212   -28011.53125   -25619.32422        1.00000       -1.06169
1ad1A.B99990048.pdb           1099.40430   -28001.13281   -25589.62695        1.00000       -1.05890
1ad1A.B99990049.pdb           1297.01245   -27711.14062   -25156.20898        1.00000       -0.98110
1ad1A.B99990050.pdb           1111.86108   -28010.56055   -25559.69336        1.00000       -1.06142

>> Top model results:
molpdf: 1093.2017822265625 (file: 1ad1A.B99990027.pdb)
DOPE score: -28223.123046875 (file: 1ad1A.B99990046.pdb)
GA341 score: 1.0 (file: 1ad1A.B99990049.pdb)
Normalized DOPE score: -1.1184474583944535 (file: 1ad1A.B99990046.pdb)

##############################################################################################
>>Clustering results - Representative structure - AffinityPropagation
Cluster		File_Name
0		1ad1A.B99990043

>>Clustering results - Representative structure - DBSCAN
Cluster		File_Name
0		1ad1A.B99990007.pdb
1		1ad1A.B99990006.pdb
2		1ad1A.B99990023.pdb

>>Clustering results - Representative structure - KMeans
Cluster		File_Name
0		1ad1A.B99990043.pdb
1		1ad1A.B99990031.pdb

>>Clustering results - Representative structure - MeanShift
Cluster		File_Name
0		1ad1A.B99990007.pdb
1		1ad1A.B99990006.pdb
2		1ad1A.B99990031.pdb
3		1ad1A.B99990049.pdb
4		1ad1A.B99990013.pdb

>>Clustering results - Representative structure - SpectralClustering
Cluster		File_Name
0		1ad1A.B99990043.pdb
1		1ad1A.B99990031.pdb

>>Clustering results - Representative structure - Ward
Cluster		File_Name
0		1ad1A.B99990043.pdb
1		1ad1A.B99990031.pdb
##############################################################################################

##############################################################################################
>>Clustering results - Representative structure - AffinityPropagation
Cluster		File_Name
0		1ad1A.B99990002
1		1ad1A.B99990005
2		1ad1A.B99990012
3		1ad1A.B99990014
4		1ad1A.B99990024
5		1ad1A.B99990028
6		1ad1A.B99990039
7		1ad1A.B99990042

>>Clustering results - Representative structure - DBSCAN
Cluster		File_Name
0		1ad1A.B99990009.pdb

>>Clustering results - Representative structure - KMeans
Cluster		File_Name
0		1ad1A.B99990042.pdb
1		1ad1A.B99990040.pdb
2		1ad1A.B99990005.pdb
3		1ad1A.B99990002.pdb
4		1ad1A.B99990013.pdb
5		1ad1A.B99990024.pdb
6		1ad1A.B99990015.pdb
7		1ad1A.B99990039.pdb
8		1ad1A.B99990035.pdb
9		1ad1A.B99990046.pdb

>>Clustering results - Representative structure - MeanShift
Cluster		File_Name
0		1ad1A.B99990047.pdb
1		1ad1A.B99990024.pdb
2		1ad1A.B99990042.pdb

>>Clustering results - Representative structure - SpectralClustering
Cluster		File_Name
0		1ad1A.B99990001.pdb
1		1ad1A.B99990042.pdb

>>Clustering results - Representative structure - Ward
Cluster		File_Name
0		1ad1A.B99990007.pdb
1		1ad1A.B99990040.pdb
2		1ad1A.B99990039.pdb
3		1ad1A.B99990024.pdb
4		1ad1A.B99990005.pdb
5		1ad1A.B99990042.pdb
6		1ad1A.B99990013.pdb
7		1ad1A.B99990045.pdb
8		1ad1A.B99990046.pdb
9		1ad1A.B99990035.pdb
##############################################################################################