>> Summary of successfully produced model

Filename                          molpdf     DOPE score  DOPE-HR score    GA341 score Normalized DOPE score-----------------------------------------------------------------------------------------------------------
1acf_.B99990001.pdb            515.42456   -13729.33594   -13186.65625        1.00000       -1.93965
1acf_.B99990002.pdb            536.82617   -13678.14062   -13230.58008        1.00000       -1.91065
1acf_.B99990003.pdb            599.51825   -13667.91895   -13069.71973        1.00000       -1.90486
1acf_.B99990004.pdb            529.76807   -13707.33301   -13193.68066        1.00000       -1.92719
1acf_.B99990005.pdb            667.10724   -13415.48926   -12680.66797        1.00000       -1.76184
1acf_.B99990006.pdb            636.69031   -13382.50293   -12238.75781        1.00000       -1.74315
1acf_.B99990007.pdb            546.73932   -13642.40430   -13087.79590        1.00000       -1.89040
1acf_.B99990008.pdb            577.91699   -13563.54199   -12634.75293        1.00000       -1.84572
1acf_.B99990009.pdb            605.85193   -13660.05273   -13027.77051        1.00000       -1.90040
1acf_.B99990010.pdb            571.22186   -13665.47461   -12949.47949        1.00000       -1.90347
1acf_.B99990011.pdb            528.45496   -13622.13086   -13063.88477        1.00000       -1.87891
1acf_.B99990012.pdb            587.91949   -13607.37305   -12785.33203        1.00000       -1.87055
1acf_.B99990013.pdb            548.64056   -13619.56738   -13068.20410        1.00000       -1.87746
1acf_.B99990014.pdb            553.81769   -13640.70508   -12943.65820        1.00000       -1.88944
1acf_.B99990015.pdb            526.70776   -13537.85059   -13083.22168        1.00000       -1.83116
1acf_.B99990016.pdb            542.47107   -13594.10547   -12831.06641        1.00000       -1.86304
1acf_.B99990017.pdb            561.11133   -13694.03223   -13198.92383        1.00000       -1.91965
1acf_.B99990018.pdb            671.59125   -13716.87207   -13038.42285        1.00000       -1.93259
1acf_.B99990019.pdb            575.66663   -13677.05566   -13128.28906        1.00000       -1.91003
1acf_.B99990020.pdb            545.87024   -13557.19434   -12813.69043        1.00000       -1.84212
1acf_.B99990021.pdb            569.23956   -13611.08008   -12927.73926        1.00000       -1.87265
1acf_.B99990022.pdb            526.22882   -13607.34766   -12817.14746        1.00000       -1.87054
1acf_.B99990023.pdb            536.70917   -13625.06738   -13025.49902        1.00000       -1.88058
1acf_.B99990024.pdb            569.84375   -13502.66309   -12903.56641        1.00000       -1.81123
1acf_.B99990025.pdb            540.69940   -13597.88184   -12770.95996        1.00000       -1.86518
1acf_.B99990026.pdb            632.68713   -13713.72461   -13257.43262        1.00000       -1.93081
1acf_.B99990027.pdb            566.59271   -13652.98730   -12966.36523        1.00000       -1.89640
1acf_.B99990028.pdb            520.76221   -13623.75293   -13034.87793        1.00000       -1.87983
1acf_.B99990029.pdb            533.47137   -13494.21094   -12532.45703        1.00000       -1.80644
1acf_.B99990030.pdb            582.41156   -13598.41211   -12978.24121        1.00000       -1.86548
1acf_.B99990031.pdb            574.13806   -13457.64941   -12642.19531        1.00000       -1.78572
1acf_.B99990032.pdb            519.54688   -13651.06055   -13056.32227        1.00000       -1.89531
1acf_.B99990033.pdb            589.35974   -13781.15234   -13159.67188        1.00000       -1.96901
1acf_.B99990034.pdb            541.01105   -13621.08691   -12943.83008        1.00000       -1.87832
1acf_.B99990035.pdb            582.09723   -13608.29395   -12907.95801        1.00000       -1.87107
1acf_.B99990036.pdb            526.30389   -13624.69043   -13079.21582        1.00000       -1.88036
1acf_.B99990037.pdb            594.73669   -13450.25293   -12807.05664        1.00000       -1.78153
1acf_.B99990038.pdb            536.87360   -13733.52148   -13260.91992        1.00000       -1.94203
1acf_.B99990039.pdb            531.46893   -13635.93750   -13091.24023        1.00000       -1.88674
1acf_.B99990040.pdb            530.89117   -13447.75977   -12657.65234        1.00000       -1.78012
1acf_.B99990041.pdb            606.93237   -13538.45605   -12811.09082        1.00000       -1.83151
1acf_.B99990042.pdb            521.43231   -13569.91406   -12906.56934        1.00000       -1.84933
1acf_.B99990043.pdb            581.53149   -13441.46875   -12685.21875        1.00000       -1.77656
1acf_.B99990044.pdb            625.26318   -13541.27832   -12658.68945        1.00000       -1.83311
1acf_.B99990045.pdb            580.46423   -13536.91797   -12794.93457        1.00000       -1.83064
1acf_.B99990046.pdb            524.98761   -13475.16895   -12821.94922        1.00000       -1.79565
1acf_.B99990047.pdb            532.42615   -13553.30762   -12947.82910        1.00000       -1.83992
1acf_.B99990048.pdb            624.16931   -13591.34766   -13018.83984        1.00000       -1.86147
1acf_.B99990049.pdb            533.50806   -13645.73145   -13183.42969        1.00000       -1.89229
1acf_.B99990050.pdb            598.25110   -13704.84277   -12940.33301        1.00000       -1.92578

>> Top model results:
molpdf: 515.424560546875 (file: 1acf_.B99990001.pdb)
DOPE score: -13781.15234375 (file: 1acf_.B99990033.pdb)
GA341 score: 1.0 (file: 1acf_.B99990043.pdb)
Normalized DOPE score: -1.9690116462873766 (file: 1acf_.B99990033.pdb)

##############################################################################################
>>Clustering results - Representative structure - AffinityPropagation
Cluster		File_Name
0		1acf_.B99990003
1		1acf_.B99990006
2		1acf_.B99990023
3		1acf_.B99990033
4		1acf_.B99990045
5		1acf_.B99990047

>>Clustering results - Representative structure - DBSCAN
Cluster		File_Name
0		1acf_.B99990014.pdb
1		1acf_.B99990003.pdb
2		1acf_.B99990020.pdb
3		1acf_.B99990044.pdb

>>Clustering results - Representative structure - KMeans
Cluster		File_Name
0		1acf_.B99990014.pdb
1		1acf_.B99990003.pdb

>>Clustering results - Representative structure - MeanShift
Cluster		File_Name
0		1acf_.B99990014.pdb
1		1acf_.B99990003.pdb
2		1acf_.B99990050.pdb

>>Clustering results - Representative structure - SpectralClustering
Cluster		File_Name
0		1acf_.B99990014.pdb
1		1acf_.B99990003.pdb

>>Clustering results - Representative structure - Ward
Cluster		File_Name
0		1acf_.B99990014.pdb
1		1acf_.B99990003.pdb
##############################################################################################

##############################################################################################
>>Clustering results - Representative structure - AffinityPropagation
Cluster		File_Name
0		1acf_.B99990003
1		1acf_.B99990005
2		1acf_.B99990014
3		1acf_.B99990019
4		1acf_.B99990041
5		1acf_.B99990044

>>Clustering results - Representative structure - DBSCAN
Cluster		File_Name
0		1acf_.B99990011.pdb
1		1acf_.B99990022.pdb

>>Clustering results - Representative structure - KMeans
Cluster		File_Name
0		1acf_.B99990047.pdb
1		1acf_.B99990041.pdb
2		1acf_.B99990021.pdb
3		1acf_.B99990034.pdb
4		1acf_.B99990033.pdb
5		1acf_.B99990006.pdb
6		1acf_.B99990044.pdb
7		1acf_.B99990017.pdb
8		1acf_.B99990027.pdb
9		1acf_.B99990001.pdb

>>Clustering results - Representative structure - MeanShift
Cluster		File_Name
0		1acf_.B99990022.pdb

>>Clustering results - Representative structure - SpectralClustering
Cluster		File_Name
0		1acf_.B99990027.pdb
1		1acf_.B99990023.pdb
2		1acf_.B99990006.pdb
3		1acf_.B99990044.pdb
4		1acf_.B99990041.pdb
5		1acf_.B99990018.pdb
6		1acf_.B99990033.pdb

>>Clustering results - Representative structure - Ward
Cluster		File_Name
0		1acf_.B99990041.pdb
1		1acf_.B99990033.pdb
2		1acf_.B99990034.pdb
3		1acf_.B99990017.pdb
4		1acf_.B99990027.pdb
5		1acf_.B99990047.pdb
6		1acf_.B99990006.pdb
7		1acf_.B99990001.pdb
8		1acf_.B99990021.pdb
9		1acf_.B99990044.pdb
##############################################################################################