>> Summary of successfully produced model

Filename                          molpdf     DOPE score  DOPE-HR score    GA341 score Normalized DOPE score-----------------------------------------------------------------------------------------------------------
1atzA.B99990001.pdb            898.31110   -12862.41699   -10744.62695        0.00296        1.57066
1atzA.B99990002.pdb            957.07239   -12611.88184   -10306.25195        0.00263        1.66709
1atzA.B99990003.pdb            951.96863   -12795.76660    -9970.73438        0.00390        1.59631
1atzA.B99990004.pdb           1006.24188   -12775.48828   -10266.72852        0.00423        1.60412
1atzA.B99990005.pdb            871.20044   -13036.59570   -10766.09766        0.00497        1.50362
1atzA.B99990006.pdb            933.00891   -12661.00781    -9950.66211        0.00319        1.64818
1atzA.B99990007.pdb            967.33838   -12722.78516   -10182.13770        0.00299        1.62441
1atzA.B99990008.pdb            883.40369   -12639.63867   -10300.52832        0.00176        1.65641
1atzA.B99990009.pdb            957.49188   -12913.98633   -11019.99512        0.00437        1.55081
1atzA.B99990010.pdb            895.52551   -12951.17578   -11289.12598        0.00166        1.53650
1atzA.B99990011.pdb            972.62891   -12487.53027    -9893.50195        0.00253        1.71495
1atzA.B99990012.pdb            883.16339   -12869.78320   -10164.37891        0.00481        1.56783
1atzA.B99990013.pdb            860.41559   -13223.21094   -11330.16113        0.00246        1.43179
1atzA.B99990014.pdb            848.12616   -12900.53516   -10789.67090        0.00272        1.55599
1atzA.B99990015.pdb            900.30066   -13073.17383   -10787.30469        0.00327        1.48954
1atzA.B99990016.pdb            858.58826   -12798.07129   -10678.20703        0.00194        1.59543
1atzA.B99990017.pdb            887.93970   -13132.28711   -11251.59766        0.00366        1.46679
1atzA.B99990018.pdb            938.90857   -12508.79980    -9672.55371        0.00421        1.70677
1atzA.B99990019.pdb            926.74524   -12750.18555   -10218.91895        0.00340        1.61386
1atzA.B99990020.pdb            788.47394   -12785.68066   -10351.48828        0.00149        1.60020
1atzA.B99990021.pdb            892.73907   -13086.22949   -10728.01953        0.00379        1.48452
1atzA.B99990022.pdb            953.55432   -13003.41699   -10654.50391        0.00265        1.51639
1atzA.B99990023.pdb            949.01379   -12637.17969   -10023.16602        0.00217        1.65735
1atzA.B99990024.pdb            838.04309   -13339.13086   -11649.71973        0.00487        1.38717
1atzA.B99990025.pdb            868.39691   -12819.27637   -10428.68359        0.00323        1.58727
1atzA.B99990026.pdb            830.18835   -13184.28027   -11160.46191        0.00251        1.44678
1atzA.B99990027.pdb            817.01843   -12839.08984   -10956.98047        0.00208        1.57964
1atzA.B99990028.pdb           1092.61609   -13025.62695   -10812.17773        0.00161        1.50784
1atzA.B99990029.pdb            962.59479   -12998.82715   -11000.67480        0.00223        1.51816
1atzA.B99990030.pdb            912.99768   -12937.90234   -10990.66699        0.00250        1.54161
1atzA.B99990031.pdb            940.91296   -12610.86621   -10330.00195        0.00220        1.66748
1atzA.B99990032.pdb            844.88446   -12971.05176   -10918.07031        0.00275        1.52885
1atzA.B99990033.pdb            978.43591   -13140.91895   -11149.28027        0.00231        1.46347
1atzA.B99990034.pdb            895.58215   -12828.09277   -10587.65527        0.00149        1.58387
1atzA.B99990035.pdb            859.34808   -12671.82422   -10559.30566        0.00205        1.64402
1atzA.B99990036.pdb            945.28259   -12808.15430   -11003.50391        0.00193        1.59155
1atzA.B99990037.pdb            944.19452   -12695.70020   -10211.65137        0.00192        1.63483
1atzA.B99990038.pdb            883.10693   -12670.28223   -10361.61523        0.00215        1.64461
1atzA.B99990039.pdb            895.34924   -12603.17676   -10470.91016        0.00159        1.67044
1atzA.B99990040.pdb            890.49072   -12951.83008   -11047.83984        0.00246        1.53625
1atzA.B99990041.pdb            927.43170   -12882.56641   -10708.25781        0.00127        1.56291
1atzA.B99990042.pdb            914.86768   -12908.13770   -10778.15332        0.00192        1.55306
1atzA.B99990043.pdb           1065.08447   -12463.86914    -9922.84277        0.00199        1.72406
1atzA.B99990044.pdb           1033.57434   -12475.93066   -10055.81641        0.00164        1.71942
1atzA.B99990045.pdb            926.58514   -12532.42480   -10315.87891        0.00389        1.69767
1atzA.B99990046.pdb            902.00970   -12572.15234   -10184.48438        0.00393        1.68238
1atzA.B99990047.pdb            940.20288   -12440.33203    -9925.59961        0.00254        1.73312
1atzA.B99990048.pdb            977.14508   -12739.29199   -10471.55371        0.00201        1.61805
1atzA.B99990049.pdb            911.05725   -12966.32715   -10693.83691        0.00508        1.53067
1atzA.B99990050.pdb            914.80243   -12402.01465    -9869.74121        0.00163        1.74787

>> Top model results:
molpdf: 788.4739379882812 (file: 1atzA.B99990020.pdb)
DOPE score: -13339.130859375 (file: 1atzA.B99990024.pdb)
GA341 score: 0.0012743521947413683 (file: 1atzA.B99990041.pdb)
Normalized DOPE score: 1.3871738035312002 (file: 1atzA.B99990024.pdb)

##############################################################################################
>>Clustering results - Representative structure - AffinityPropagation
Cluster		File_Name
0		1atzA.B99990035

>>Clustering results - Representative structure - DBSCAN
Cluster		File_Name
0		1atzA.B99990035.pdb
1		1atzA.B99990007.pdb

>>Clustering results - Representative structure - KMeans
Cluster		File_Name
0		1atzA.B99990035.pdb
1		1atzA.B99990023.pdb

>>Clustering results - Representative structure - MeanShift
Cluster		File_Name
0		1atzA.B99990035.pdb
1		1atzA.B99990011.pdb
2		1atzA.B99990028.pdb

>>Clustering results - Representative structure - SpectralClustering
Cluster		File_Name
0		1atzA.B99990035.pdb
1		1atzA.B99990023.pdb

>>Clustering results - Representative structure - Ward
Cluster		File_Name
0		1atzA.B99990035.pdb
1		1atzA.B99990023.pdb
##############################################################################################

##############################################################################################
>>Clustering results - Representative structure - AffinityPropagation
Cluster		File_Name
0		1atzA.B99990020

>>Clustering results - Representative structure - DBSCAN
Cluster		File_Name
0		1atzA.B99990003.pdb
1		1atzA.B99990020.pdb

>>Clustering results - Representative structure - KMeans
Cluster		File_Name
0		1atzA.B99990037.pdb
1		1atzA.B99990029.pdb
2		1atzA.B99990028.pdb
3		1atzA.B99990046.pdb
4		1atzA.B99990042.pdb
5		1atzA.B99990011.pdb
6		1atzA.B99990025.pdb
7		1atzA.B99990044.pdb
8		1atzA.B99990013.pdb
9		1atzA.B99990033.pdb

>>Clustering results - Representative structure - MeanShift
Cluster		File_Name
0		1atzA.B99990020.pdb
1		1atzA.B99990023.pdb
2		1atzA.B99990028.pdb

>>Clustering results - Representative structure - SpectralClustering
Cluster		File_Name
0		1atzA.B99990007.pdb
1		1atzA.B99990023.pdb
2		1atzA.B99990050.pdb
3		1atzA.B99990037.pdb
4		1atzA.B99990047.pdb
5		1atzA.B99990033.pdb
6		1atzA.B99990013.pdb
7		1atzA.B99990029.pdb
8		1atzA.B99990042.pdb
9		1atzA.B99990025.pdb

>>Clustering results - Representative structure - Ward
Cluster		File_Name
0		1atzA.B99990038.pdb
1		1atzA.B99990013.pdb
2		1atzA.B99990047.pdb
3		1atzA.B99990011.pdb
4		1atzA.B99990033.pdb
5		1atzA.B99990030.pdb
6		1atzA.B99990037.pdb
7		1atzA.B99990050.pdb
8		1atzA.B99990028.pdb
9		1atzA.B99990042.pdb
##############################################################################################