>> Summary of successfully produced model

Filename                          molpdf     DOPE score  DOPE-HR score    GA341 score Normalized DOPE score-----------------------------------------------------------------------------------------------------------
1alvA.B99990001.pdb            525.01562   -19116.60156   -18482.20508        1.00000       -1.22419
1alvA.B99990002.pdb            561.88373   -18907.63477   -18095.78516        1.00000       -1.13864
1alvA.B99990003.pdb            585.64264   -19086.47852   -18319.21484        1.00000       -1.21185
1alvA.B99990004.pdb            581.67358   -18924.04492   -17927.11328        1.00000       -1.14536
1alvA.B99990005.pdb            570.41296   -18988.08984   -18330.23242        1.00000       -1.17158
1alvA.B99990006.pdb            564.07550   -18989.61328   -18435.05664        1.00000       -1.17220
1alvA.B99990007.pdb            583.68347   -18819.57422   -18000.24414        1.00000       -1.10259
1alvA.B99990008.pdb            554.74243   -19048.76367   -18372.24414        1.00000       -1.19642
1alvA.B99990009.pdb            663.14905   -18744.88477   -17928.93945        1.00000       -1.07202
1alvA.B99990010.pdb            572.04718   -18903.85742   -18171.48828        1.00000       -1.13709
1alvA.B99990011.pdb            596.30188   -18925.17383   -17955.04102        1.00000       -1.14582
1alvA.B99990012.pdb            683.18250   -18877.57422   -17881.53711        1.00000       -1.12634
1alvA.B99990013.pdb            580.93610   -18922.57031   -17970.54297        1.00000       -1.14476
1alvA.B99990014.pdb            548.31262   -18877.75586   -18147.39062        1.00000       -1.12641
1alvA.B99990015.pdb            575.27850   -19118.80859   -18308.30664        1.00000       -1.22509
1alvA.B99990016.pdb            732.47913   -18763.34766   -17715.24805        1.00000       -1.07957
1alvA.B99990017.pdb            571.86835   -19007.96875   -18232.21484        1.00000       -1.17972
1alvA.B99990018.pdb            576.12122   -19028.87500   -18133.26172        1.00000       -1.18827
1alvA.B99990019.pdb            619.02826   -18964.58984   -18251.41016        1.00000       -1.16196
1alvA.B99990020.pdb            726.53546   -18896.48438   -17969.80859        1.00000       -1.13408
1alvA.B99990021.pdb            542.88727   -19296.02734   -18519.34180        1.00000       -1.29764
1alvA.B99990022.pdb            565.83789   -18949.02344   -18353.17773        1.00000       -1.15558
1alvA.B99990023.pdb            576.22870   -18955.69531   -18337.34570        1.00000       -1.15832
1alvA.B99990024.pdb            542.11646   -19225.20312   -18609.47852        1.00000       -1.26865
1alvA.B99990025.pdb            663.34180   -18880.77539   -18294.41406        1.00000       -1.12765
1alvA.B99990026.pdb            646.78137   -18900.33789   -18101.81445        1.00000       -1.13565
1alvA.B99990027.pdb            707.87134   -19079.83789   -18301.36523        1.00000       -1.20914
1alvA.B99990028.pdb            599.21594   -18880.96289   -18188.23242        1.00000       -1.12772
1alvA.B99990029.pdb            536.95526   -19019.96484   -18247.25195        1.00000       -1.18463
1alvA.B99990030.pdb            562.79193   -19049.21094   -18385.16406        1.00000       -1.19660
1alvA.B99990031.pdb            659.09375   -18936.45508   -18110.42773        1.00000       -1.15044
1alvA.B99990032.pdb            569.70734   -18806.99805   -17836.00586        1.00000       -1.09744
1alvA.B99990033.pdb            577.81415   -19005.92773   -18118.84180        1.00000       -1.17888
1alvA.B99990034.pdb            589.74225   -18851.50586   -18142.80078        1.00000       -1.11566
1alvA.B99990035.pdb            593.78778   -18964.23242   -18136.07227        1.00000       -1.16181
1alvA.B99990036.pdb            669.97528   -19023.23828   -18361.34766        1.00000       -1.18597
1alvA.B99990037.pdb            649.90387   -18997.12891   -18097.80469        1.00000       -1.17528
1alvA.B99990038.pdb            663.35669   -18746.16602   -17861.85742        1.00000       -1.07254
1alvA.B99990039.pdb            610.13007   -18940.41992   -18224.56641        1.00000       -1.15206
1alvA.B99990040.pdb            558.32397   -19107.33984   -18299.67773        1.00000       -1.22040
1alvA.B99990041.pdb            637.40289   -18931.41992   -18210.04492        1.00000       -1.14838
1alvA.B99990042.pdb            573.83093   -18871.89844   -18116.45508        1.00000       -1.12401
1alvA.B99990043.pdb            567.04517   -18817.85547   -17985.88867        1.00000       -1.10189
1alvA.B99990044.pdb            600.99353   -18966.60156   -18182.90430        1.00000       -1.16278
1alvA.B99990045.pdb            584.84741   -18900.58398   -17999.48438        1.00000       -1.13575
1alvA.B99990046.pdb            542.68262   -18993.81641   -18235.84570        1.00000       -1.17392
1alvA.B99990047.pdb            594.61774   -19083.97266   -18482.17188        1.00000       -1.21083
1alvA.B99990048.pdb            573.50995   -19068.71094   -18148.92773        1.00000       -1.20458
1alvA.B99990049.pdb            634.96313   -18908.42188   -17923.21094        1.00000       -1.13896
1alvA.B99990050.pdb            700.46442   -18784.22266   -17488.25781        1.00000       -1.08812

>> Top model results:
molpdf: 525.015625 (file: 1alvA.B99990001.pdb)
DOPE score: -19296.02734375 (file: 1alvA.B99990021.pdb)
GA341 score: 1.0 (file: 1alvA.B99990007.pdb)
Normalized DOPE score: -1.2976386097539154 (file: 1alvA.B99990021.pdb)

##############################################################################################
>>Clustering results - Representative structure - AffinityPropagation
Cluster		File_Name
0		1alvA.B99990018
1		1alvA.B99990038

>>Clustering results - Representative structure - DBSCAN
Cluster		File_Name
0		1alvA.B99990034.pdb
1		1alvA.B99990050.pdb

>>Clustering results - Representative structure - KMeans
Cluster		File_Name
0		1alvA.B99990044.pdb
1		1alvA.B99990008.pdb

>>Clustering results - Representative structure - MeanShift
Cluster		File_Name
0		1alvA.B99990018.pdb
1		1alvA.B99990009.pdb
2		1alvA.B99990050.pdb
3		1alvA.B99990008.pdb

>>Clustering results - Representative structure - SpectralClustering
Cluster		File_Name
0		1alvA.B99990044.pdb
1		1alvA.B99990008.pdb

>>Clustering results - Representative structure - Ward
Cluster		File_Name
0		1alvA.B99990044.pdb
1		1alvA.B99990008.pdb
##############################################################################################

##############################################################################################
>>Clustering results - Representative structure - AffinityPropagation
Cluster		File_Name
0		1alvA.B99990012
1		1alvA.B99990033

>>Clustering results - Representative structure - DBSCAN
Cluster		File_Name
0		1alvA.B99990041.pdb
1		1alvA.B99990018.pdb
2		1alvA.B99990037.pdb

>>Clustering results - Representative structure - KMeans
Cluster		File_Name
0		1alvA.B99990035.pdb
1		1alvA.B99990008.pdb

>>Clustering results - Representative structure - MeanShift
Cluster		File_Name
0		1alvA.B99990035.pdb
1		1alvA.B99990009.pdb
2		1alvA.B99990001.pdb
3		1alvA.B99990050.pdb
4		1alvA.B99990008.pdb

>>Clustering results - Representative structure - SpectralClustering
Cluster		File_Name
0		1alvA.B99990035.pdb
1		1alvA.B99990008.pdb

>>Clustering results - Representative structure - Ward
Cluster		File_Name
0		1alvA.B99990035.pdb
1		1alvA.B99990008.pdb
##############################################################################################