>> Summary of successfully produced model

Filename                          molpdf     DOPE score  DOPE-HR score    GA341 score Normalized DOPE score-----------------------------------------------------------------------------------------------------------
1a59_.B99990001.pdb           1493.59521   -40557.87500   -36629.50000        1.00000       -0.74006
1a59_.B99990002.pdb           1393.89856   -41164.06641   -38072.33203        1.00000       -0.85393
1a59_.B99990003.pdb           1383.24329   -41017.35156   -37716.69141        1.00000       -0.82637
1a59_.B99990004.pdb           1420.72351   -40732.25781   -37845.66406        1.00000       -0.77282
1a59_.B99990005.pdb           1479.70691   -40853.31641   -36997.08984        1.00000       -0.79556
1a59_.B99990006.pdb           1527.80505   -40897.94531   -37204.51172        1.00000       -0.80394
1a59_.B99990007.pdb           1888.60498   -40178.52734   -36320.87891        1.00000       -0.66879
1a59_.B99990008.pdb           1489.83630   -41086.13672   -37562.23438        1.00000       -0.83929
1a59_.B99990009.pdb           1502.06775   -40490.98438   -36721.57812        1.00000       -0.72749
1a59_.B99990010.pdb           1463.71118   -40564.57031   -36433.86328        1.00000       -0.74131
1a59_.B99990011.pdb           1677.23657   -40631.90625   -37063.65234        1.00000       -0.75396
1a59_.B99990012.pdb           1439.46326   -40901.45312   -37540.64062        1.00000       -0.80460
1a59_.B99990013.pdb           1482.12732   -40810.32812   -37467.28125        1.00000       -0.78748
1a59_.B99990014.pdb           1424.17334   -40893.13672   -37609.62500        1.00000       -0.80304
1a59_.B99990015.pdb           1530.26074   -40696.51172   -37203.36328        1.00000       -0.76610
1a59_.B99990016.pdb           1587.97192   -40736.00391   -37102.90234        1.00000       -0.77352
1a59_.B99990017.pdb           1410.31616   -40498.55859   -36857.78516        1.00000       -0.72891
1a59_.B99990018.pdb           1443.47583   -40661.16406   -36913.84766        1.00000       -0.75946
1a59_.B99990019.pdb           1530.92456   -40833.85938   -37145.25781        1.00000       -0.79190
1a59_.B99990020.pdb           1522.19861   -40705.75000   -37145.67969        1.00000       -0.76784
1a59_.B99990021.pdb           1508.94055   -41334.65234   -38312.33203        1.00000       -0.88598
1a59_.B99990022.pdb           1425.45386   -40778.79688   -37836.52734        1.00000       -0.78156
1a59_.B99990023.pdb           1606.68250   -40268.25781   -36030.04688        1.00000       -0.68565
1a59_.B99990024.pdb           1406.66052   -41111.08594   -37240.48047        1.00000       -0.84398
1a59_.B99990025.pdb           1574.99536   -40614.93750   -36096.52734        1.00000       -0.75078
1a59_.B99990026.pdb           1460.99060   -40739.69141   -37652.32422        1.00000       -0.77421
1a59_.B99990027.pdb           1433.57336   -40988.74219   -37490.43359        1.00000       -0.82100
1a59_.B99990028.pdb           1472.09607   -40425.51172   -37041.54297        1.00000       -0.71519
1a59_.B99990029.pdb           1460.54333   -40751.37109   -36720.21094        1.00000       -0.77641
1a59_.B99990030.pdb           1375.03088   -40291.33984   -36262.26953        1.00000       -0.68999
1a59_.B99990031.pdb           1642.85242   -41112.41016   -37575.24609        1.00000       -0.84423
1a59_.B99990032.pdb           1608.98865   -40919.57422   -37586.73828        1.00000       -0.80800
1a59_.B99990033.pdb           1419.83545   -40525.43750   -36973.23438        1.00000       -0.73396
1a59_.B99990034.pdb           1443.48254   -40361.58203   -36298.15234        1.00000       -0.70318
1a59_.B99990035.pdb           1582.68726   -40519.73047   -36956.02734        1.00000       -0.73289
1a59_.B99990036.pdb           1465.51147   -40449.01172   -36836.67578        1.00000       -0.71961
1a59_.B99990037.pdb           1395.63745   -40729.76172   -37338.60938        1.00000       -0.77235
1a59_.B99990038.pdb           1505.97876   -40079.01562   -36150.98438        1.00000       -0.65010
1a59_.B99990039.pdb           1397.16663   -40482.64453   -36507.23047        1.00000       -0.72592
1a59_.B99990040.pdb           1516.99780   -40950.82422   -37618.96094        1.00000       -0.81387
1a59_.B99990041.pdb           1500.09583   -40287.78906   -35811.69922        1.00000       -0.68932
1a59_.B99990042.pdb           1414.62500   -40811.11328   -37484.80859        1.00000       -0.78763
1a59_.B99990043.pdb           1511.11401   -40050.07031   -36239.01953        1.00000       -0.64466
1a59_.B99990044.pdb           1615.65747   -40670.34766   -36948.42188        1.00000       -0.76119
1a59_.B99990045.pdb           1589.68982   -40597.42969   -36573.63672        1.00000       -0.74749
1a59_.B99990046.pdb           1458.95850   -40635.37891   -37328.38672        1.00000       -0.75462
1a59_.B99990047.pdb           1475.01978   -41031.31250   -37927.39844        1.00000       -0.82899
1a59_.B99990048.pdb           1468.01099   -40624.32031   -36755.60156        1.00000       -0.75254
1a59_.B99990049.pdb           1457.79578   -40736.65234   -37515.19922        1.00000       -0.77364
1a59_.B99990050.pdb           1652.14587   -40540.10547   -36979.00000        1.00000       -0.73672

>> Top model results:
molpdf: 1375.0308837890625 (file: 1a59_.B99990030.pdb)
DOPE score: -41334.65234375 (file: 1a59_.B99990021.pdb)
GA341 score: 1.0 (file: 1a59_.B99990013.pdb)
Normalized DOPE score: -0.8859783109219491 (file: 1a59_.B99990021.pdb)

##############################################################################################
>>Clustering results - Representative structure - AffinityPropagation
Cluster		File_Name
0		1a59_.B99990004
1		1a59_.B99990008
2		1a59_.B99990011
3		1a59_.B99990023
4		1a59_.B99990028
5		1a59_.B99990043
6		1a59_.B99990046

>>Clustering results - Representative structure - DBSCAN
Cluster		File_Name
0		1a59_.B99990029.pdb
1		1a59_.B99990019.pdb
2		1a59_.B99990011.pdb
3		1a59_.B99990041.pdb

>>Clustering results - Representative structure - KMeans
Cluster		File_Name
0		1a59_.B99990029.pdb
1		1a59_.B99990011.pdb

>>Clustering results - Representative structure - MeanShift
Cluster		File_Name
0		1a59_.B99990029.pdb
1		1a59_.B99990011.pdb
2		1a59_.B99990023.pdb

>>Clustering results - Representative structure - SpectralClustering
Cluster		File_Name
0		1a59_.B99990029.pdb
1		1a59_.B99990011.pdb

>>Clustering results - Representative structure - Ward
Cluster		File_Name
0		1a59_.B99990011.pdb
1		1a59_.B99990029.pdb
##############################################################################################

##############################################################################################
>>Clustering results - Representative structure - AffinityPropagation
Cluster		File_Name
0		1a59_.B99990006
1		1a59_.B99990013
2		1a59_.B99990015
3		1a59_.B99990024
4		1a59_.B99990025
5		1a59_.B99990041
6		1a59_.B99990043
7		1a59_.B99990047
8		1a59_.B99990050

>>Clustering results - Representative structure - DBSCAN
Cluster		File_Name
0		1a59_.B99990016.pdb

>>Clustering results - Representative structure - KMeans
Cluster		File_Name
0		1a59_.B99990050.pdb
1		1a59_.B99990015.pdb
2		1a59_.B99990024.pdb
3		1a59_.B99990043.pdb
4		1a59_.B99990047.pdb
5		1a59_.B99990025.pdb
6		1a59_.B99990041.pdb
7		1a59_.B99990049.pdb

>>Clustering results - Representative structure - MeanShift
Cluster		File_Name
0		1a59_.B99990046.pdb
1		1a59_.B99990041.pdb

>>Clustering results - Representative structure - SpectralClustering
Cluster		File_Name
0		1a59_.B99990013.pdb
1		1a59_.B99990043.pdb
2		1a59_.B99990041.pdb
3		1a59_.B99990025.pdb
4		1a59_.B99990047.pdb
5		1a59_.B99990050.pdb
6		1a59_.B99990024.pdb
7		1a59_.B99990006.pdb
8		1a59_.B99990020.pdb

>>Clustering results - Representative structure - Ward
Cluster		File_Name
0		1a59_.B99990009.pdb
1		1a59_.B99990047.pdb
2		1a59_.B99990013.pdb
3		1a59_.B99990043.pdb
4		1a59_.B99990041.pdb
5		1a59_.B99990024.pdb
6		1a59_.B99990020.pdb
7		1a59_.B99990036.pdb
8		1a59_.B99990006.pdb
9		1a59_.B99990029.pdb
##############################################################################################