>> Summary of successfully produced model

Filename                          molpdf     DOPE score  DOPE-HR score    GA341 score Normalized DOPE score-----------------------------------------------------------------------------------------------------------
1amf_.B99990001.pdb           1039.61035   -26656.99219   -25219.08008        1.00000       -1.69553
1amf_.B99990002.pdb            989.63483   -26472.66602   -24641.37891        1.00000       -1.63902
1amf_.B99990003.pdb            911.48669   -26690.16211   -25291.74805        1.00000       -1.70570
1amf_.B99990004.pdb           1001.29358   -26314.83203   -24451.73828        1.00000       -1.59063
1amf_.B99990005.pdb            968.04584   -26547.98828   -24787.13477        1.00000       -1.66211
1amf_.B99990006.pdb            950.70978   -26630.62109   -25163.07617        1.00000       -1.68744
1amf_.B99990007.pdb            981.96887   -26489.04883   -24790.96484        1.00000       -1.64404
1amf_.B99990008.pdb            976.59991   -26663.23828   -25149.94531        1.00000       -1.69744
1amf_.B99990009.pdb            992.64819   -26813.65625   -25326.43750        1.00000       -1.74356
1amf_.B99990010.pdb            978.69226   -26554.01758   -25031.97852        1.00000       -1.66396
1amf_.B99990011.pdb           1045.35449   -26412.09766   -24398.03711        1.00000       -1.62045
1amf_.B99990012.pdb            910.56750   -26522.05469   -24799.08984        1.00000       -1.65416
1amf_.B99990013.pdb            929.51196   -26617.34766   -25012.17773        1.00000       -1.68337
1amf_.B99990014.pdb           1023.85132   -26636.71680   -25191.02539        1.00000       -1.68931
1amf_.B99990015.pdb           1018.26508   -26622.88867   -24982.46680        1.00000       -1.68507
1amf_.B99990016.pdb            957.86829   -26555.30859   -24908.61328        1.00000       -1.66435
1amf_.B99990017.pdb           1001.42084   -26795.32422   -25291.66602        1.00000       -1.73794
1amf_.B99990018.pdb            899.37317   -26912.71484   -25669.64648        1.00000       -1.77393
1amf_.B99990019.pdb            964.09692   -26640.23438   -24756.99219        1.00000       -1.69039
1amf_.B99990020.pdb            979.73682   -26483.83984   -24855.99219        1.00000       -1.64244
1amf_.B99990021.pdb            959.21191   -26595.60352   -24623.15430        1.00000       -1.67671
1amf_.B99990022.pdb           1023.79211   -26753.66797   -25414.37109        1.00000       -1.72517
1amf_.B99990023.pdb           1002.67474   -26214.14648   -24202.46680        1.00000       -1.55976
1amf_.B99990024.pdb            994.33270   -26765.48633   -25725.68555        1.00000       -1.72879
1amf_.B99990025.pdb            953.45715   -26631.26953   -25067.47266        1.00000       -1.68764
1amf_.B99990026.pdb            895.53992   -26819.28516   -25794.28125        1.00000       -1.74529
1amf_.B99990027.pdb           1054.07483   -26510.99414   -24892.20898        1.00000       -1.65077
1amf_.B99990028.pdb            939.27582   -26375.71875   -24393.53125        1.00000       -1.60929
1amf_.B99990029.pdb            979.57245   -26971.47656   -25629.69727        1.00000       -1.79195
1amf_.B99990030.pdb            992.69537   -26570.74414   -24791.97266        1.00000       -1.66909
1amf_.B99990031.pdb            973.62689   -26659.51367   -25380.01562        1.00000       -1.69630
1amf_.B99990032.pdb            986.89215   -26655.05664   -25284.25586        1.00000       -1.69494
1amf_.B99990033.pdb            983.26672   -26655.78125   -25038.77148        1.00000       -1.69516
1amf_.B99990034.pdb            928.84070   -26662.55469   -25168.95312        1.00000       -1.69723
1amf_.B99990035.pdb            957.94244   -26384.01562   -24363.34375        1.00000       -1.61184
1amf_.B99990036.pdb            961.34497   -26447.77930   -24684.57422        1.00000       -1.63139
1amf_.B99990037.pdb            997.45398   -26559.99219   -24883.39258        1.00000       -1.66579
1amf_.B99990038.pdb           1079.49695   -26531.27344   -24915.75586        1.00000       -1.65699
1amf_.B99990039.pdb            920.98260   -26610.55078   -25083.71680        1.00000       -1.68129
1amf_.B99990040.pdb            968.11127   -26571.95703   -24955.76562        1.00000       -1.66946
1amf_.B99990041.pdb           1007.79962   -26847.01953   -25395.01172        1.00000       -1.75379
1amf_.B99990042.pdb           1006.09100   -26794.05273   -25567.04688        1.00000       -1.73755
1amf_.B99990043.pdb            916.15747   -26577.93359   -24874.21875        1.00000       -1.67129
1amf_.B99990044.pdb            959.38367   -26415.60156   -24852.90430        1.00000       -1.62152
1amf_.B99990045.pdb            971.38086   -26395.00977   -24840.52539        1.00000       -1.61521
1amf_.B99990046.pdb           1035.42981   -26525.48242   -24766.74609        1.00000       -1.65521
1amf_.B99990047.pdb            992.22540   -26288.11914   -24013.52930        1.00000       -1.58244
1amf_.B99990048.pdb            946.20929   -26804.59961   -25399.65430        1.00000       -1.74078
1amf_.B99990049.pdb           1070.29443   -26448.07812   -24622.31250        1.00000       -1.63148
1amf_.B99990050.pdb           1085.65308   -26555.61914   -25022.34375        1.00000       -1.66445

>> Top model results:
molpdf: 895.5399169921875 (file: 1amf_.B99990026.pdb)
DOPE score: -26971.4765625 (file: 1amf_.B99990029.pdb)
GA341 score: 1.0 (file: 1amf_.B99990012.pdb)
Normalized DOPE score: -1.7919458954585612 (file: 1amf_.B99990029.pdb)

##############################################################################################
>>Clustering results - Representative structure - AffinityPropagation
Cluster		File_Name
0		1amf_.B99990041

>>Clustering results - Representative structure - DBSCAN
Cluster		File_Name
0		1amf_.B99990014.pdb
1		1amf_.B99990040.pdb
2		1amf_.B99990038.pdb

>>Clustering results - Representative structure - KMeans
Cluster		File_Name
0		1amf_.B99990044.pdb
1		1amf_.B99990014.pdb

>>Clustering results - Representative structure - MeanShift
Cluster		File_Name
0		1amf_.B99990040.pdb
1		1amf_.B99990014.pdb
2		1amf_.B99990038.pdb

>>Clustering results - Representative structure - SpectralClustering
Cluster		File_Name
0		1amf_.B99990044.pdb
1		1amf_.B99990014.pdb

>>Clustering results - Representative structure - Ward
Cluster		File_Name
0		1amf_.B99990044.pdb
1		1amf_.B99990014.pdb
##############################################################################################

##############################################################################################
>>Clustering results - Representative structure - AffinityPropagation
Cluster		File_Name
0		1amf_.B99990022
1		1amf_.B99990049

>>Clustering results - Representative structure - DBSCAN
Cluster		File_Name
0		1amf_.B99990021.pdb
1		1amf_.B99990015.pdb

>>Clustering results - Representative structure - KMeans
Cluster		File_Name
0		1amf_.B99990050.pdb
1		1amf_.B99990019.pdb

>>Clustering results - Representative structure - MeanShift
Cluster		File_Name
0		1amf_.B99990033.pdb
1		1amf_.B99990050.pdb
2		1amf_.B99990023.pdb
3		1amf_.B99990028.pdb
4		1amf_.B99990029.pdb

>>Clustering results - Representative structure - SpectralClustering
Cluster		File_Name
0		1amf_.B99990019.pdb
1		1amf_.B99990050.pdb

>>Clustering results - Representative structure - Ward
Cluster		File_Name
0		1amf_.B99990041.pdb
1		1amf_.B99990040.pdb
2		1amf_.B99990050.pdb
3		1amf_.B99990011.pdb
##############################################################################################