>> Summary of successfully produced model

Filename                          molpdf     DOPE score  DOPE-HR score    GA341 score Normalized DOPE score-----------------------------------------------------------------------------------------------------------
1a2oA.B99990001.pdb           1290.79028   -27453.16016   -28235.64453        1.00000        1.29094
1a2oA.B99990002.pdb           1432.81299   -27279.02148   -27704.94336        1.00000        1.32648
1a2oA.B99990003.pdb           1343.55737   -27476.18555   -27486.05273        1.00000        1.28624
1a2oA.B99990004.pdb           1331.43298   -27394.49023   -27927.16992        1.00000        1.30292
1a2oA.B99990005.pdb           1257.15588   -27547.57031   -28157.55664        1.00000        1.27167
1a2oA.B99990006.pdb           1431.07629   -27520.10547   -28121.92188        1.00000        1.27728
1a2oA.B99990007.pdb           1383.81274   -27307.66211   -27793.67969        1.00000        1.32064
1a2oA.B99990008.pdb           1398.62219   -27400.81836   -28035.79297        1.00000        1.30163
1a2oA.B99990009.pdb           1448.94629   -27576.70703   -27458.18945        1.00000        1.26573
1a2oA.B99990010.pdb           1250.97192   -27672.82812   -28521.49023        1.00000        1.24611
1a2oA.B99990011.pdb           1295.30237   -27495.47461   -28194.57422        1.00000        1.28231
1a2oA.B99990012.pdb           1390.99548   -27675.08203   -28420.41992        1.00000        1.24565
1a2oA.B99990013.pdb           1429.51733   -27695.60352   -28520.82617        1.00000        1.24146
1a2oA.B99990014.pdb           1443.35681   -27129.97656   -27344.06641        1.00000        1.35690
1a2oA.B99990015.pdb           1417.53210   -27329.49219   -27606.81445        1.00000        1.31618
1a2oA.B99990016.pdb           1346.07361   -27564.60156   -28239.38477        1.00000        1.26820
1a2oA.B99990017.pdb           1307.77661   -27392.29688   -28033.77344        1.00000        1.30336
1a2oA.B99990018.pdb           1391.10046   -27422.70703   -27956.30664        1.00000        1.29716
1a2oA.B99990019.pdb           1467.58972   -27261.61133   -27179.37305        1.00000        1.33004
1a2oA.B99990020.pdb           1378.16943   -27500.80078   -27802.39844        1.00000        1.28122
1a2oA.B99990021.pdb           1439.98975   -27303.47852   -27631.70898        1.00000        1.32149
1a2oA.B99990022.pdb           1256.02136   -27284.82031   -27618.10547        1.00000        1.32530
1a2oA.B99990023.pdb           1285.11670   -27383.13867   -28373.15430        1.00000        1.30523
1a2oA.B99990024.pdb           1350.43054   -27640.70703   -28503.28906        1.00000        1.25266
1a2oA.B99990025.pdb           1422.87756   -27428.63086   -27942.00781        1.00000        1.29595
1a2oA.B99990026.pdb           1250.60400   -27812.06055   -28522.98242        1.00000        1.21769
1a2oA.B99990027.pdb           1261.69617   -27522.19922   -27864.91797        1.00000        1.27685
1a2oA.B99990028.pdb           1368.48767   -27371.28320   -27717.59180        1.00000        1.30765
1a2oA.B99990029.pdb           1331.28882   -27256.92578   -27250.77930        1.00000        1.33099
1a2oA.B99990030.pdb           1345.76636   -27696.13477   -28420.25000        1.00000        1.24135
1a2oA.B99990031.pdb           1398.80518   -27536.09375   -28010.85938        1.00000        1.27402
1a2oA.B99990032.pdb           1391.88428   -27299.40430   -27224.10938        1.00000        1.32232
1a2oA.B99990033.pdb           1458.78284   -27143.28516   -27080.68555        1.00000        1.35419
1a2oA.B99990034.pdb           1297.13599   -27275.11133   -27684.91016        1.00000        1.32728
1a2oA.B99990035.pdb           1329.56616   -27424.45508   -27650.80273        1.00000        1.29680
1a2oA.B99990036.pdb           1410.24756   -27051.78711   -26991.37305        1.00000        1.37286
1a2oA.B99990037.pdb           1264.75830   -27541.04102   -28381.19141        1.00000        1.27301
1a2oA.B99990038.pdb           1333.57446   -27779.25000   -28346.65039        1.00000        1.22439
1a2oA.B99990039.pdb           1223.91272   -27323.77930   -27826.91016        1.00000        1.31735
1a2oA.B99990040.pdb           1297.18811   -27337.56055   -27733.58203        1.00000        1.31454
1a2oA.B99990041.pdb           1254.83167   -27473.33984   -28278.51562        1.00000        1.28682
1a2oA.B99990042.pdb           1294.16394   -27556.28516   -28166.10742        1.00000        1.26989
1a2oA.B99990043.pdb           1285.13062   -27356.75391   -27775.26953        1.00000        1.31062
1a2oA.B99990044.pdb           1320.22583   -27355.53711   -27769.67383        1.00000        1.31087
1a2oA.B99990045.pdb           1338.38330   -27567.33594   -28233.56055        1.00000        1.26764
1a2oA.B99990046.pdb           1237.44031   -27777.94727   -28477.52344        1.00000        1.22465
1a2oA.B99990047.pdb           1360.09863   -27462.20117   -27913.88672        1.00000        1.28910
1a2oA.B99990048.pdb           1454.00061   -27457.75781   -27697.93750        1.00000        1.29000
1a2oA.B99990049.pdb           1326.04688   -27495.95703   -27906.94141        1.00000        1.28221
1a2oA.B99990050.pdb           1303.18359   -27521.11719   -27721.77734        1.00000        1.27707

>> Top model results:
molpdf: 1223.9127197265625 (file: 1a2oA.B99990039.pdb)
DOPE score: -27812.060546875 (file: 1a2oA.B99990026.pdb)
GA341 score: 1.0 (file: 1a2oA.B99990001.pdb)
Normalized DOPE score: 1.217691948421449 (file: 1a2oA.B99990026.pdb)

##############################################################################################
>>Clustering results - Representative structure - AffinityPropagation
Cluster		File_Name
0		1a2oA.B99990009
1		1a2oA.B99990018
2		1a2oA.B99990031
3		1a2oA.B99990035
4		1a2oA.B99990037

>>Clustering results - Representative structure - DBSCAN
Cluster		File_Name
0		1a2oA.B99990044.pdb
1		1a2oA.B99990018.pdb
2		1a2oA.B99990031.pdb

>>Clustering results - Representative structure - KMeans
Cluster		File_Name
0		1a2oA.B99990003.pdb
1		1a2oA.B99990031.pdb

>>Clustering results - Representative structure - MeanShift
Cluster		File_Name
0		1a2oA.B99990044.pdb
1		1a2oA.B99990018.pdb
2		1a2oA.B99990031.pdb

>>Clustering results - Representative structure - SpectralClustering
Cluster		File_Name
0		1a2oA.B99990003.pdb
1		1a2oA.B99990031.pdb

>>Clustering results - Representative structure - Ward
Cluster		File_Name
0		1a2oA.B99990003.pdb
1		1a2oA.B99990031.pdb
##############################################################################################

##############################################################################################
>>Clustering results - Representative structure - AffinityPropagation
Cluster		File_Name
0		1a2oA.B99990011
1		1a2oA.B99990012
2		1a2oA.B99990014
3		1a2oA.B99990024
4		1a2oA.B99990035
5		1a2oA.B99990046
6		1a2oA.B99990048

>>Clustering results - Representative structure - DBSCAN
Cluster		File_Name
0		1a2oA.B99990009.pdb

>>Clustering results - Representative structure - KMeans
Cluster		File_Name
0		1a2oA.B99990003.pdb
1		1a2oA.B99990012.pdb
2		1a2oA.B99990002.pdb
3		1a2oA.B99990046.pdb
4		1a2oA.B99990008.pdb
5		1a2oA.B99990011.pdb
6		1a2oA.B99990033.pdb
7		1a2oA.B99990024.pdb
8		1a2oA.B99990029.pdb

>>Clustering results - Representative structure - MeanShift
Cluster		File_Name
0		1a2oA.B99990047.pdb
1		1a2oA.B99990006.pdb
2		1a2oA.B99990002.pdb

>>Clustering results - Representative structure - SpectralClustering
Cluster		File_Name
0		1a2oA.B99990033.pdb
1		1a2oA.B99990003.pdb
2		1a2oA.B99990024.pdb
3		1a2oA.B99990002.pdb
4		1a2oA.B99990012.pdb
5		1a2oA.B99990046.pdb
6		1a2oA.B99990032.pdb
7		1a2oA.B99990008.pdb
8		1a2oA.B99990011.pdb

>>Clustering results - Representative structure - Ward
Cluster		File_Name
0		1a2oA.B99990048.pdb
1		1a2oA.B99990024.pdb
2		1a2oA.B99990028.pdb
3		1a2oA.B99990011.pdb
4		1a2oA.B99990033.pdb
5		1a2oA.B99990046.pdb
6		1a2oA.B99990012.pdb
##############################################################################################