>> Summary of successfully produced model

Filename                          molpdf     DOPE score  DOPE-HR score    GA341 score Normalized DOPE score-----------------------------------------------------------------------------------------------------------
1aho_.B99990001.pdb            296.59637    -5609.59082    -5050.86084        1.00000       -1.49690
1aho_.B99990002.pdb            297.70724    -5649.05029    -4940.47559        1.00000       -1.54056
1aho_.B99990003.pdb            720.11383    -5445.43506    -4578.45996        1.00000       -1.31524
1aho_.B99990004.pdb            316.30035    -5671.86768    -5126.71631        1.00000       -1.56581
1aho_.B99990005.pdb            310.98187    -5663.92041    -5085.33008        1.00000       -1.55702
1aho_.B99990006.pdb            287.72183    -5654.02783    -5236.47119        1.00000       -1.54607
1aho_.B99990007.pdb            302.01257    -5727.09717    -5287.27490        1.00000       -1.62693
1aho_.B99990008.pdb            317.24518    -5733.98096    -5408.95703        1.00000       -1.63455
1aho_.B99990009.pdb            307.20758    -5679.26611    -5031.46777        1.00000       -1.57400
1aho_.B99990010.pdb            291.43185    -5718.90527    -5210.20703        1.00000       -1.61786
1aho_.B99990011.pdb            372.99344    -5600.97412    -5080.68115        1.00000       -1.48736
1aho_.B99990012.pdb            268.38019    -5723.79980    -5283.18701        1.00000       -1.62328
1aho_.B99990013.pdb            313.72186    -5562.09912    -4950.20068        1.00000       -1.44434
1aho_.B99990014.pdb            454.19373    -5568.17236    -4894.28857        1.00000       -1.45106
1aho_.B99990015.pdb            274.91699    -5740.91650    -5333.93359        1.00000       -1.64222
1aho_.B99990016.pdb            286.90735    -5570.39746    -4931.40576        1.00000       -1.45353
1aho_.B99990017.pdb            299.49982    -5723.41748    -5298.20459        1.00000       -1.62286
1aho_.B99990018.pdb            303.29614    -5648.66846    -4972.19580        1.00000       -1.54014
1aho_.B99990019.pdb            427.64648    -5489.25635    -4598.98975        1.00000       -1.36374
1aho_.B99990020.pdb            304.31210    -5742.78174    -5402.77539        1.00000       -1.64428
1aho_.B99990021.pdb            296.06735    -5634.11768    -5192.42627        1.00000       -1.52404
1aho_.B99990022.pdb            284.09262    -5724.63135    -5196.76562        1.00000       -1.62420
1aho_.B99990023.pdb            318.56491    -5716.44531    -5125.71484        1.00000       -1.61514
1aho_.B99990024.pdb            301.28241    -5664.54102    -5178.37354        1.00000       -1.55770
1aho_.B99990025.pdb            305.66699    -5601.72217    -5025.81445        1.00000       -1.48819
1aho_.B99990026.pdb            312.59247    -5605.53613    -5026.12305        1.00000       -1.49241
1aho_.B99990027.pdb            287.47818    -5625.28809    -5163.25439        1.00000       -1.51427
1aho_.B99990028.pdb            276.11423    -5720.26172    -5138.43457        1.00000       -1.61936
1aho_.B99990029.pdb            277.42834    -5676.27539    -5180.84131        1.00000       -1.57069
1aho_.B99990030.pdb            299.93387    -5693.55225    -5163.93359        1.00000       -1.58981
1aho_.B99990031.pdb            301.79730    -5698.02441    -5231.91748        1.00000       -1.59476
1aho_.B99990032.pdb            300.12585    -5756.41699    -5447.36279        1.00000       -1.65937
1aho_.B99990033.pdb            297.43051    -5699.31055    -5194.86914        1.00000       -1.59618
1aho_.B99990034.pdb            352.23004    -5715.61133    -5151.96143        1.00000       -1.61422
1aho_.B99990035.pdb            296.13162    -5644.35449    -5170.20020        1.00000       -1.53537
1aho_.B99990036.pdb            280.39728    -5595.35059    -4808.35840        1.00000       -1.48114
1aho_.B99990037.pdb            293.78036    -5647.77979    -5036.29932        1.00000       -1.53916
1aho_.B99990038.pdb            283.97559    -5659.16016    -5021.85791        1.00000       -1.55175
1aho_.B99990039.pdb            352.16434    -5701.28613    -5039.60059        1.00000       -1.59837
1aho_.B99990040.pdb            297.72461    -5702.56201    -5259.36621        1.00000       -1.59978
1aho_.B99990041.pdb            306.18704    -5714.98486    -5355.64258        1.00000       -1.61352
1aho_.B99990042.pdb            289.26215    -5642.01318    -5137.57568        1.00000       -1.53278
1aho_.B99990043.pdb            298.48416    -5662.70020    -5267.96289        1.00000       -1.55567
1aho_.B99990044.pdb            424.00568    -5508.80518    -4601.94580        1.00000       -1.38537
1aho_.B99990045.pdb            303.03986    -5686.17188    -5079.31543        1.00000       -1.58164
1aho_.B99990046.pdb            270.74820    -5708.11914    -5244.22559        1.00000       -1.60593
1aho_.B99990047.pdb            262.11981    -5636.87500    -5061.83887        1.00000       -1.52709
1aho_.B99990048.pdb            273.54630    -5677.43604    -5051.18799        1.00000       -1.57197
1aho_.B99990049.pdb            283.42868    -5703.56055    -5223.32861        1.00000       -1.60088
1aho_.B99990050.pdb            318.97452    -5681.86621    -5245.83789        1.00000       -1.57688

>> Top model results:
molpdf: 262.11981201171875 (file: 1aho_.B99990047.pdb)
DOPE score: -5756.4169921875 (file: 1aho_.B99990032.pdb)
GA341 score: 1.0 (file: 1aho_.B99990036.pdb)
Normalized DOPE score: -1.659373001535275 (file: 1aho_.B99990032.pdb)

##############################################################################################
>>Clustering results - Representative structure - AffinityPropagation
Cluster		File_Name
0		1aho_.B99990034

>>Clustering results - Representative structure - DBSCAN
Cluster		File_Name
0		1aho_.B99990038.pdb
1		1aho_.B99990030.pdb
2		1aho_.B99990019.pdb

>>Clustering results - Representative structure - KMeans
Cluster		File_Name
0		1aho_.B99990025.pdb
1		1aho_.B99990030.pdb

>>Clustering results - Representative structure - MeanShift
Cluster		File_Name
0		1aho_.B99990038.pdb
1		1aho_.B99990030.pdb
2		1aho_.B99990044.pdb
3		1aho_.B99990003.pdb

>>Clustering results - Representative structure - SpectralClustering
Cluster		File_Name
0		1aho_.B99990030.pdb
1		1aho_.B99990025.pdb

>>Clustering results - Representative structure - Ward
Cluster		File_Name
0		1aho_.B99990025.pdb
1		1aho_.B99990030.pdb
##############################################################################################

##############################################################################################
>>Clustering results - Representative structure - AffinityPropagation
Cluster		File_Name
0		1aho_.B99990009

>>Clustering results - Representative structure - DBSCAN
Cluster		File_Name
0		1aho_.B99990045.pdb
1		1aho_.B99990021.pdb
2		1aho_.B99990028.pdb
3		1aho_.B99990018.pdb

>>Clustering results - Representative structure - KMeans
Cluster		File_Name
0		1aho_.B99990009.pdb
1		1aho_.B99990023.pdb
2		1aho_.B99990019.pdb

>>Clustering results - Representative structure - MeanShift
Cluster		File_Name
0		1aho_.B99990024.pdb
1		1aho_.B99990023.pdb
2		1aho_.B99990014.pdb
3		1aho_.B99990003.pdb

>>Clustering results - Representative structure - SpectralClustering
Cluster		File_Name
0		1aho_.B99990005.pdb
1		1aho_.B99990019.pdb
2		1aho_.B99990023.pdb

>>Clustering results - Representative structure - Ward
Cluster		File_Name
0		1aho_.B99990005.pdb
1		1aho_.B99990023.pdb
2		1aho_.B99990019.pdb
##############################################################################################