>> Summary of successfully produced model

Filename                          molpdf     DOPE score  DOPE-HR score    GA341 score Normalized DOPE score-----------------------------------------------------------------------------------------------------------
1agjA.B99990001.pdb           1531.06018   -20892.77734   -15888.60156        1.00000       -0.51378
1agjA.B99990002.pdb           1736.34631   -21573.07227   -16472.80859        1.00000       -0.71286
1agjA.B99990003.pdb           1454.91272   -21281.21680   -16947.54297        1.00000       -0.62745
1agjA.B99990004.pdb           1625.26331   -21283.70117   -16462.42188        1.00000       -0.62818
1agjA.B99990005.pdb           1521.12097   -21457.58594   -17336.43555        1.00000       -0.67907
1agjA.B99990006.pdb           1451.79041   -21532.40820   -16759.75000        1.00000       -0.70096
1agjA.B99990007.pdb           1530.32361   -21183.08594   -16693.68555        1.00000       -0.59873
1agjA.B99990008.pdb           1585.17371   -21455.67578   -16759.56836        1.00000       -0.67851
1agjA.B99990009.pdb           1511.81787   -21350.15820   -17006.37305        1.00000       -0.64763
1agjA.B99990010.pdb           1598.83179   -21591.64648   -17378.41016        1.00000       -0.71830
1agjA.B99990011.pdb           1578.03613   -21595.82031   -17188.44336        1.00000       -0.71952
1agjA.B99990012.pdb           1537.59424   -21059.85156   -16539.19531        1.00000       -0.56267
1agjA.B99990013.pdb           1707.91260   -21330.66992   -16934.58008        1.00000       -0.64192
1agjA.B99990014.pdb           1605.67090   -21326.40820   -16772.05273        1.00000       -0.64068
1agjA.B99990015.pdb           1525.84949   -21250.81055   -17061.54492        1.00000       -0.61855
1agjA.B99990016.pdb           1667.68372   -21104.88086   -16073.80859        1.00000       -0.57585
1agjA.B99990017.pdb           1613.04980   -21325.64453   -16409.27539        1.00000       -0.64045
1agjA.B99990018.pdb           1528.83411   -21339.76953   -16486.16992        1.00000       -0.64459
1agjA.B99990019.pdb           1567.08789   -21076.66602   -16332.42090        1.00000       -0.56759
1agjA.B99990020.pdb           1444.06628   -21304.26172   -17118.57422        1.00000       -0.63420
1agjA.B99990021.pdb           1782.37354   -21314.97070   -16668.76758        1.00000       -0.63733
1agjA.B99990022.pdb           1462.48621   -21150.83594   -16350.42773        1.00000       -0.58930
1agjA.B99990023.pdb           1449.32666   -21599.60938   -17347.04883        1.00000       -0.72063
1agjA.B99990024.pdb           1626.59888   -20955.85156   -15814.10547        1.00000       -0.53223
1agjA.B99990025.pdb           1548.25122   -21566.21680   -17632.49609        1.00000       -0.71086
1agjA.B99990026.pdb           1481.72852   -21186.22852   -16571.21094        1.00000       -0.59965
1agjA.B99990027.pdb           1746.76343   -21147.15234   -16479.49219        1.00000       -0.58822
1agjA.B99990028.pdb           1743.33215   -21284.76172   -16228.71289        1.00000       -0.62849
1agjA.B99990029.pdb           1573.69055   -20988.18555   -16167.05762        1.00000       -0.54170
1agjA.B99990030.pdb           1521.55518   -21068.73828   -16234.13770        1.00000       -0.56527
1agjA.B99990031.pdb           1714.28735   -21388.15039   -17268.63867        1.00000       -0.65875
1agjA.B99990032.pdb           1581.49561   -21698.19336   -17653.44922        1.00000       -0.74948
1agjA.B99990033.pdb           1620.84717   -21576.91016   -16649.99219        1.00000       -0.71399
1agjA.B99990034.pdb           1462.69690   -20585.48828   -15103.93945        1.00000       -0.42385
1agjA.B99990035.pdb           1586.73950   -21737.57227   -17866.85547        1.00000       -0.76101
1agjA.B99990036.pdb           1596.26453   -21261.52930   -16975.09180        1.00000       -0.62169
1agjA.B99990037.pdb           1548.38831   -21703.59570   -17360.95508        1.00000       -0.75106
1agjA.B99990038.pdb           1747.25806   -21285.94531   -16714.73438        1.00000       -0.62884
1agjA.B99990039.pdb           1592.88464   -21295.05273   -17260.82422        1.00000       -0.63150
1agjA.B99990040.pdb           1693.90576   -21123.32617   -16008.11133        1.00000       -0.58125
1agjA.B99990041.pdb           1770.37488   -21184.36328   -16194.54102        1.00000       -0.59911
1agjA.B99990042.pdb           1511.24731   -21345.63672   -17024.57617        1.00000       -0.64630
1agjA.B99990043.pdb           1482.52808   -21383.63477   -16641.77734        1.00000       -0.65742
1agjA.B99990044.pdb           1541.45154   -21534.38086   -17110.09961        1.00000       -0.70154
1agjA.B99990045.pdb           1561.36401   -21070.96875   -16127.73730        1.00000       -0.56592
1agjA.B99990046.pdb           1494.40466   -21192.03320   -16535.32617        1.00000       -0.60135
1agjA.B99990047.pdb           1523.96497   -21208.47266   -16554.88086        1.00000       -0.60616
1agjA.B99990048.pdb           1533.88757   -20778.44922   -15580.45801        1.00000       -0.48032
1agjA.B99990049.pdb           1490.83728   -20736.03516   -15499.89160        1.00000       -0.46790
1agjA.B99990050.pdb           1719.34241   -21383.30469   -16750.49023        1.00000       -0.65733

>> Top model results:
molpdf: 1444.0662841796875 (file: 1agjA.B99990020.pdb)
DOPE score: -21737.572265625 (file: 1agjA.B99990035.pdb)
GA341 score: 1.0 (file: 1agjA.B99990020.pdb)
Normalized DOPE score: -0.7610050493338847 (file: 1agjA.B99990035.pdb)

##############################################################################################
>>Clustering results - Representative structure - AffinityPropagation
Cluster		File_Name
0		1agjA.B99990016
1		1agjA.B99990021
2		1agjA.B99990023
3		1agjA.B99990033
4		1agjA.B99990038
5		1agjA.B99990048

>>Clustering results - Representative structure - DBSCAN
Cluster		File_Name
0		1agjA.B99990013.pdb
1		1agjA.B99990036.pdb
2		1agjA.B99990027.pdb
3		1agjA.B99990020.pdb

>>Clustering results - Representative structure - KMeans
Cluster		File_Name
0		1agjA.B99990023.pdb
1		1agjA.B99990047.pdb
2		1agjA.B99990042.pdb
3		1agjA.B99990013.pdb
4		1agjA.B99990048.pdb
5		1agjA.B99990033.pdb
6		1agjA.B99990007.pdb
7		1agjA.B99990019.pdb
8		1agjA.B99990024.pdb
9		1agjA.B99990030.pdb

>>Clustering results - Representative structure - MeanShift
Cluster		File_Name
0		1agjA.B99990003.pdb

>>Clustering results - Representative structure - SpectralClustering
Cluster		File_Name
0		1agjA.B99990018.pdb
1		1agjA.B99990038.pdb

>>Clustering results - Representative structure - Ward
Cluster		File_Name
0		1agjA.B99990038.pdb
1		1agjA.B99990021.pdb
2		1agjA.B99990023.pdb
3		1agjA.B99990045.pdb
4		1agjA.B99990010.pdb
5		1agjA.B99990030.pdb
6		1agjA.B99990048.pdb
7		1agjA.B99990019.pdb
8		1agjA.B99990002.pdb
##############################################################################################

##############################################################################################
>>Clustering results - Representative structure - AffinityPropagation
Cluster		File_Name
0		1agjA.B99990013
1		1agjA.B99990016
2		1agjA.B99990017
3		1agjA.B99990025
4		1agjA.B99990044
5		1agjA.B99990048

>>Clustering results - Representative structure - DBSCAN
Cluster		File_Name
0		1agjA.B99990015.pdb

>>Clustering results - Representative structure - KMeans
Cluster		File_Name
0		1agjA.B99990025.pdb
1		1agjA.B99990050.pdb
2		1agjA.B99990016.pdb
3		1agjA.B99990048.pdb
4		1agjA.B99990017.pdb

>>Clustering results - Representative structure - MeanShift
Cluster		File_Name
0		1agjA.B99990015.pdb
1		1agjA.B99990001.pdb
2		1agjA.B99990030.pdb

>>Clustering results - Representative structure - SpectralClustering
Cluster		File_Name
0		1agjA.B99990050.pdb
1		1agjA.B99990048.pdb
2		1agjA.B99990017.pdb
3		1agjA.B99990025.pdb
4		1agjA.B99990016.pdb

>>Clustering results - Representative structure - Ward
Cluster		File_Name
0		1agjA.B99990048.pdb
1		1agjA.B99990045.pdb
2		1agjA.B99990013.pdb
3		1agjA.B99990036.pdb
4		1agjA.B99990025.pdb
5		1agjA.B99990044.pdb
##############################################################################################