>> Summary of successfully produced model

Filename                          molpdf     DOPE score  DOPE-HR score    GA341 score Normalized DOPE score-----------------------------------------------------------------------------------------------------------
1abrB.B99990001.pdb           1505.89270   -27700.25195   -23369.85547        1.00000       -0.92899
1abrB.B99990002.pdb           1457.07605   -27752.93750   -23674.94336        1.00000       -0.94296
1abrB.B99990003.pdb           1429.76245   -27679.11523   -23249.26953        1.00000       -0.92338
1abrB.B99990004.pdb           1526.74268   -27760.44531   -23794.88672        1.00000       -0.94495
1abrB.B99990005.pdb           1508.18066   -27896.08789   -23849.83203        1.00000       -0.98093
1abrB.B99990006.pdb           1472.46497   -27665.67773   -23391.55078        1.00000       -0.91982
1abrB.B99990007.pdb           1616.29688   -27687.18555   -23299.73047        1.00000       -0.92552
1abrB.B99990008.pdb           1502.02942   -27482.71875   -23152.72852        1.00000       -0.87129
1abrB.B99990009.pdb           1436.69873   -27916.78516   -24403.10547        1.00000       -0.98642
1abrB.B99990010.pdb           1404.86121   -27734.77734   -23410.38672        1.00000       -0.93814
1abrB.B99990011.pdb           1428.32324   -27701.10547   -23617.41797        1.00000       -0.92921
1abrB.B99990012.pdb           1459.28979   -27676.40234   -23242.42773        1.00000       -0.92266
1abrB.B99990013.pdb           1430.34546   -27821.51758   -23931.15625        1.00000       -0.96115
1abrB.B99990014.pdb           1422.83630   -27811.95703   -23672.79297        1.00000       -0.95862
1abrB.B99990015.pdb           1433.93494   -27732.95508   -23602.98242        1.00000       -0.93766
1abrB.B99990016.pdb           1585.84827   -27852.16602   -23778.58789        1.00000       -0.96928
1abrB.B99990017.pdb           1430.85889   -27700.16602   -23490.04883        1.00000       -0.92896
1abrB.B99990018.pdb           1428.06750   -27746.64453   -23875.48242        1.00000       -0.94129
1abrB.B99990019.pdb           1468.41553   -27552.63672   -22884.02734        1.00000       -0.88983
1abrB.B99990020.pdb           1454.76990   -27637.86719   -23362.10742        1.00000       -0.91244
1abrB.B99990021.pdb           1391.71729   -27737.80664   -23531.17773        1.00000       -0.93895
1abrB.B99990022.pdb           1432.57886   -27645.39258   -23604.36328        1.00000       -0.91444
1abrB.B99990023.pdb           1494.60364   -27783.68945   -23691.30469        1.00000       -0.95112
1abrB.B99990024.pdb           1546.67834   -27765.63477   -23533.61328        1.00000       -0.94633
1abrB.B99990025.pdb           1431.35974   -27840.71289   -23514.33984        1.00000       -0.96624
1abrB.B99990026.pdb           1374.00452   -27692.40234   -23634.86133        1.00000       -0.92690
1abrB.B99990027.pdb           1431.15100   -27910.01953   -23879.99805        1.00000       -0.98463
1abrB.B99990028.pdb           1440.64282   -27564.79883   -23279.63672        1.00000       -0.89306
1abrB.B99990029.pdb           1420.04187   -27784.21875   -23790.57812        1.00000       -0.95126
1abrB.B99990030.pdb           1372.30408   -27759.89648   -23652.14258        1.00000       -0.94481
1abrB.B99990031.pdb           1454.44482   -27616.82422   -23390.68945        1.00000       -0.90686
1abrB.B99990032.pdb           1532.55676   -27711.68750   -23237.98047        1.00000       -0.93202
1abrB.B99990033.pdb           1447.67419   -27803.85547   -23865.65625        1.00000       -0.95647
1abrB.B99990034.pdb           1390.15417   -27518.94336   -23256.60547        1.00000       -0.88089
1abrB.B99990035.pdb           1516.18762   -27842.87109   -23577.81250        1.00000       -0.96682
1abrB.B99990036.pdb           1418.43506   -27808.46289   -23805.35742        1.00000       -0.95769
1abrB.B99990037.pdb           1498.74023   -27713.17578   -23534.49219        1.00000       -0.93241
1abrB.B99990038.pdb           1500.31445   -27860.54102   -23939.35938        1.00000       -0.97150
1abrB.B99990039.pdb           1541.50574   -27443.34570   -23115.33398        1.00000       -0.86084
1abrB.B99990040.pdb           1433.51880   -27658.50586   -23670.39062        1.00000       -0.91791
1abrB.B99990041.pdb           1448.49707   -27680.06641   -23363.88867        1.00000       -0.92363
1abrB.B99990042.pdb           1421.60950   -27848.52930   -23994.00000        1.00000       -0.96832
1abrB.B99990043.pdb           1426.45996   -27780.84375   -23240.66016        1.00000       -0.95036
1abrB.B99990044.pdb           1446.88452   -27897.57227   -23847.27734        1.00000       -0.98133
1abrB.B99990045.pdb           1515.70557   -27699.71875   -23637.41602        1.00000       -0.92885
1abrB.B99990046.pdb           1410.00269   -27849.01758   -23703.92383        1.00000       -0.96845
1abrB.B99990047.pdb           1384.38782   -27884.92188   -24051.35156        1.00000       -0.97797
1abrB.B99990048.pdb           1522.79431   -27496.22852   -23373.56445        1.00000       -0.87487
1abrB.B99990049.pdb           1492.75183   -27657.81836   -23421.10742        1.00000       -0.91773
1abrB.B99990050.pdb           1505.89014   -27631.94531   -23348.84961        1.00000       -0.91087

>> Top model results:
molpdf: 1372.3040771484375 (file: 1abrB.B99990030.pdb)
DOPE score: -27916.78515625 (file: 1abrB.B99990009.pdb)
GA341 score: 1.0 (file: 1abrB.B99990046.pdb)
Normalized DOPE score: -0.9864217631024074 (file: 1abrB.B99990009.pdb)

##############################################################################################
>>Clustering results - Representative structure - AffinityPropagation
Cluster		File_Name
0		1abrB.B99990022
1		1abrB.B99990039

>>Clustering results - Representative structure - DBSCAN
Cluster		File_Name
0		1abrB.B99990022.pdb
1		1abrB.B99990018.pdb

>>Clustering results - Representative structure - KMeans
Cluster		File_Name
0		1abrB.B99990022.pdb
1		1abrB.B99990039.pdb

>>Clustering results - Representative structure - MeanShift
Cluster		File_Name
0		1abrB.B99990022.pdb
1		1abrB.B99990039.pdb
2		1abrB.B99990018.pdb

>>Clustering results - Representative structure - SpectralClustering
Cluster		File_Name
0		1abrB.B99990022.pdb
1		1abrB.B99990039.pdb

>>Clustering results - Representative structure - Ward
Cluster		File_Name
0		1abrB.B99990022.pdb
1		1abrB.B99990039.pdb
##############################################################################################