>> Summary of successfully produced model

Filename                          molpdf     DOPE score  DOPE-HR score    GA341 score Normalized DOPE score-----------------------------------------------------------------------------------------------------------
1ail_.B99990001.pdb            231.68056    -6554.17236    -6524.74512        1.00000       -1.55575
1ail_.B99990002.pdb            226.65277    -6459.59473    -6404.00293        1.00000       -1.46006
1ail_.B99990003.pdb            228.48534    -6417.29932    -6370.10742        1.00000       -1.41727
1ail_.B99990004.pdb            227.78085    -6487.73340    -6386.99023        1.00000       -1.48853
1ail_.B99990005.pdb            215.22415    -6402.78711    -6431.86963        1.00000       -1.40259
1ail_.B99990006.pdb            226.16634    -6405.25781    -6351.22705        1.00000       -1.40509
1ail_.B99990007.pdb            230.02658    -6549.32373    -6668.61230        1.00000       -1.55085
1ail_.B99990008.pdb            227.81731    -6362.57568    -6377.15234        1.00000       -1.36191
1ail_.B99990009.pdb            225.98549    -6367.19775    -6185.32324        1.00000       -1.36658
1ail_.B99990010.pdb            245.58865    -6259.26514    -6099.48486        1.00000       -1.25738
1ail_.B99990011.pdb            235.59079    -6356.52051    -6131.60010        1.00000       -1.35578
1ail_.B99990012.pdb            224.53845    -6423.00684    -6215.12793        1.00000       -1.42305
1ail_.B99990013.pdb            258.56543    -6383.40723    -6159.16260        1.00000       -1.38298
1ail_.B99990014.pdb            258.44449    -6349.76025    -6031.78369        1.00000       -1.34894
1ail_.B99990015.pdb            245.09988    -6441.27051    -6352.07422        1.00000       -1.44153
1ail_.B99990016.pdb            210.00122    -6438.64746    -6442.02881        1.00000       -1.43887
1ail_.B99990017.pdb            262.88132    -6379.26611    -6256.18213        1.00000       -1.37879
1ail_.B99990018.pdb            244.15482    -6384.76953    -6466.00732        1.00000       -1.38436
1ail_.B99990019.pdb            208.97394    -6501.29883    -6419.64502        1.00000       -1.50226
1ail_.B99990020.pdb            236.24762    -6471.63818    -6546.28564        1.00000       -1.47225
1ail_.B99990021.pdb            233.84908    -6403.35059    -6281.94189        1.00000       -1.40316
1ail_.B99990022.pdb            215.33342    -6358.77490    -6306.33545        1.00000       -1.35806
1ail_.B99990023.pdb            249.04117    -6484.47510    -6653.49805        1.00000       -1.48524
1ail_.B99990024.pdb            238.61600    -6500.75439    -6466.79102        1.00000       -1.50171
1ail_.B99990025.pdb            225.74203    -6415.78857    -6314.80127        1.00000       -1.41574
1ail_.B99990026.pdb            246.73923    -6394.84473    -6379.47412        1.00000       -1.39456
1ail_.B99990027.pdb            269.64523    -6393.05176    -6355.32568        1.00000       -1.39274
1ail_.B99990028.pdb            262.05264    -6394.87598    -6376.51416        1.00000       -1.39459
1ail_.B99990029.pdb            216.39374    -6508.60742    -6657.89502        1.00000       -1.50965
1ail_.B99990030.pdb            214.89096    -6457.45801    -6494.52393        1.00000       -1.45790
1ail_.B99990031.pdb            255.56317    -6154.69922    -5885.18311        1.00000       -1.15159
1ail_.B99990032.pdb            220.04776    -6450.36328    -6376.53760        1.00000       -1.45073
1ail_.B99990033.pdb            223.91368    -6440.60742    -6449.18506        1.00000       -1.44085
1ail_.B99990034.pdb            263.18652    -6385.83789    -6283.41992        1.00000       -1.38544
1ail_.B99990035.pdb            268.93921    -6384.66895    -6215.55469        1.00000       -1.38426
1ail_.B99990036.pdb            231.92360    -6528.13135    -6473.35645        1.00000       -1.52941
1ail_.B99990037.pdb            213.28183    -6502.99951    -6616.33691        1.00000       -1.50398
1ail_.B99990038.pdb            249.22366    -6439.95410    -6263.55176        1.00000       -1.44019
1ail_.B99990039.pdb            222.01379    -6429.90576    -6463.72803        1.00000       -1.43003
1ail_.B99990040.pdb            234.30371    -6389.05859    -6451.30664        1.00000       -1.38870
1ail_.B99990041.pdb            241.84677    -6419.59814    -6422.88281        1.00000       -1.41960
1ail_.B99990042.pdb            240.71901    -6417.09570    -6283.94922        1.00000       -1.41707
1ail_.B99990043.pdb            232.93340    -6455.36572    -6400.30518        1.00000       -1.45579
1ail_.B99990044.pdb            237.25017    -6460.26172    -6428.11719        1.00000       -1.46074
1ail_.B99990045.pdb            206.88683    -6435.00830    -6421.20215        1.00000       -1.43519
1ail_.B99990046.pdb            277.57745    -6326.04346    -6088.23633        1.00000       -1.32495
1ail_.B99990047.pdb            248.77017    -6464.25439    -6542.51660        1.00000       -1.46478
1ail_.B99990048.pdb            247.13486    -6369.91895    -6307.05273        1.00000       -1.36934
1ail_.B99990049.pdb            219.83316    -6475.87744    -6588.84766        1.00000       -1.47654
1ail_.B99990050.pdb            230.02260    -6459.66846    -6572.71924        1.00000       -1.46014

>> Top model results:
molpdf: 206.88682556152344 (file: 1ail_.B99990045.pdb)
DOPE score: -6554.17236328125 (file: 1ail_.B99990001.pdb)
GA341 score: 1.0 (file: 1ail_.B99990007.pdb)
Normalized DOPE score: -1.555752573086721 (file: 1ail_.B99990001.pdb)

##############################################################################################
>>Clustering results - Representative structure - AffinityPropagation
Cluster		File_Name
0		1ail_.B99990006
1		1ail_.B99990010
2		1ail_.B99990017
3		1ail_.B99990018
4		1ail_.B99990020
5		1ail_.B99990030

>>Clustering results - Representative structure - DBSCAN
Cluster		File_Name
0		1ail_.B99990043.pdb
1		1ail_.B99990010.pdb

>>Clustering results - Representative structure - KMeans
Cluster		File_Name
0		1ail_.B99990013.pdb
1		1ail_.B99990002.pdb

>>Clustering results - Representative structure - MeanShift
Cluster		File_Name
0		1ail_.B99990002.pdb
1		1ail_.B99990013.pdb
2		1ail_.B99990031.pdb
3		1ail_.B99990010.pdb

>>Clustering results - Representative structure - SpectralClustering
Cluster		File_Name
0		1ail_.B99990013.pdb
1		1ail_.B99990002.pdb

>>Clustering results - Representative structure - Ward
Cluster		File_Name
0		1ail_.B99990043.pdb
1		1ail_.B99990014.pdb
##############################################################################################

##############################################################################################
>>Clustering results - Representative structure - AffinityPropagation
Cluster		File_Name
0		1ail_.B99990041

>>Clustering results - Representative structure - DBSCAN
Cluster		File_Name
0		1ail_.B99990041.pdb

>>Clustering results - Representative structure - KMeans
Cluster		File_Name
0		1ail_.B99990002.pdb
1		1ail_.B99990048.pdb

>>Clustering results - Representative structure - MeanShift
Cluster		File_Name
0		1ail_.B99990043.pdb
1		1ail_.B99990031.pdb
2		1ail_.B99990014.pdb

>>Clustering results - Representative structure - SpectralClustering
Cluster		File_Name
0		1ail_.B99990014.pdb
1		1ail_.B99990002.pdb

>>Clustering results - Representative structure - Ward
Cluster		File_Name
0		1ail_.B99990048.pdb
1		1ail_.B99990050.pdb
##############################################################################################