>> Summary of successfully produced model

Filename                          molpdf     DOPE score  DOPE-HR score    GA341 score Normalized DOPE score-----------------------------------------------------------------------------------------------------------
1am9A.B99990001.pdb            316.51108    -5197.45166    -5300.53027        0.81057        0.22514
1am9A.B99990002.pdb            332.89392    -5250.03467    -5429.87158        0.86227        0.17859
1am9A.B99990003.pdb            332.66241    -5210.57520    -5299.32080        0.75897        0.21352
1am9A.B99990004.pdb            366.82770    -5114.23828    -5206.58545        0.95713        0.29880
1am9A.B99990005.pdb            356.09299    -5146.07471    -5199.62354        0.95092        0.27062
1am9A.B99990006.pdb            340.70419    -5206.38965    -5502.83398        0.79477        0.21722
1am9A.B99990007.pdb            372.16681    -5227.58252    -5494.74463        0.86848        0.19846
1am9A.B99990008.pdb            390.79926    -5163.28223    -5258.46436        0.88844        0.25539
1am9A.B99990009.pdb            319.06290    -5161.16309    -5400.96533        0.75999        0.25726
1am9A.B99990010.pdb            329.06793    -5168.91357    -5277.58643        0.90193        0.25040
1am9A.B99990011.pdb            334.21222    -5167.92725    -5273.62988        0.71241        0.25127
1am9A.B99990012.pdb            336.90085    -5318.84766    -5507.51758        0.97493        0.11767
1am9A.B99990013.pdb            382.45584    -4921.93359    -4846.93701        0.76066        0.46904
1am9A.B99990014.pdb            364.63876    -5188.78711    -5267.98584        0.80242        0.23281
1am9A.B99990015.pdb            383.47937    -5048.49023    -5184.26367        0.88436        0.35701
1am9A.B99990016.pdb            337.39471    -5476.06592    -5543.26904        0.43762       -0.02151
1am9A.B99990017.pdb            366.03198    -5231.79248    -5495.69189        0.80675        0.19474
1am9A.B99990018.pdb            317.74493    -5114.90723    -5226.25342        0.58949        0.29821
1am9A.B99990019.pdb            322.35303    -5214.25732    -5199.37109        0.84026        0.21026
1am9A.B99990020.pdb            364.94382    -5076.53027    -5064.97119        0.86517        0.33218
1am9A.B99990021.pdb            366.16675    -5013.25146    -4999.14648        0.79431        0.38820
1am9A.B99990022.pdb            335.77655    -5214.83887    -5466.87939        0.74147        0.20974
1am9A.B99990023.pdb            341.29114    -5224.36523    -5433.25000        0.89389        0.20131
1am9A.B99990024.pdb            335.66501    -5304.54248    -5277.83643        0.82604        0.13033
1am9A.B99990025.pdb            334.00162    -5205.32910    -5236.66846        0.96969        0.21816
1am9A.B99990026.pdb            357.91879    -5121.13965    -5261.36377        0.94172        0.29269
1am9A.B99990027.pdb            341.13788    -5069.98340    -5019.39404        0.84283        0.33798
1am9A.B99990028.pdb            327.77911    -5159.08496    -5207.75732        0.94416        0.25910
1am9A.B99990029.pdb            334.26834    -5201.63916    -5340.41260        0.81589        0.22143
1am9A.B99990030.pdb            338.04227    -5195.76318    -5284.26074        0.83882        0.22663
1am9A.B99990031.pdb            343.74808    -5137.91699    -5300.01367        0.95195        0.27784
1am9A.B99990032.pdb            356.10538    -5188.70068    -5299.59082        0.80678        0.23288
1am9A.B99990033.pdb            318.69733    -5039.82568    -5051.53174        0.98217        0.36468
1am9A.B99990034.pdb            340.79877    -5181.17529    -5225.11768        0.93637        0.23955
1am9A.B99990035.pdb            344.31296    -5369.40430    -5571.71240        0.83189        0.07291
1am9A.B99990036.pdb            321.32553    -5321.97461    -5477.02295        0.86999        0.11490
1am9A.B99990037.pdb            329.84158    -5368.56445    -5655.89209        0.96102        0.07366
1am9A.B99990038.pdb            348.60242    -5149.43213    -5368.33740        0.81457        0.26765
1am9A.B99990039.pdb            336.19110    -5265.37256    -5413.78320        0.57924        0.16501
1am9A.B99990040.pdb            338.95306    -5199.59570    -5258.30127        0.74323        0.22324
1am9A.B99990041.pdb            325.72556    -5237.74951    -5457.47217        0.83759        0.18946
1am9A.B99990042.pdb            323.80347    -5280.98438    -5376.09912        0.71048        0.15119
1am9A.B99990043.pdb            322.67801    -5171.93506    -5296.51758        0.74881        0.24773
1am9A.B99990044.pdb            357.41675    -5072.60645    -5043.56299        0.94456        0.33566
1am9A.B99990045.pdb            357.00565    -5086.90576    -5126.31787        0.82447        0.32300
1am9A.B99990046.pdb            336.99918    -5304.61914    -5463.14746        0.85834        0.13026
1am9A.B99990047.pdb            333.58429    -5225.92627    -5505.05518        0.91283        0.19993
1am9A.B99990048.pdb            349.68716    -5121.67578    -5110.71826        0.82885        0.29222
1am9A.B99990049.pdb            337.83936    -4998.40918    -5047.82520        0.27361        0.40134
1am9A.B99990050.pdb            345.53384    -5176.41064    -5339.72754        0.77992        0.24376

>> Top model results:
molpdf: 316.5110778808594 (file: 1am9A.B99990001.pdb)
DOPE score: -5476.06591796875 (file: 1am9A.B99990016.pdb)
GA341 score: 0.27360716462135315 (file: 1am9A.B99990049.pdb)
Normalized DOPE score: -0.02151199941714411 (file: 1am9A.B99990016.pdb)

##############################################################################################
>>Clustering results - Representative structure - AffinityPropagation
Cluster		File_Name
0		1am9A.B99990028

>>Clustering results - Representative structure - DBSCAN
Cluster		File_Name
0		1am9A.B99990040.pdb
1		1am9A.B99990004.pdb

>>Clustering results - Representative structure - KMeans
Cluster		File_Name
0		1am9A.B99990040.pdb
1		1am9A.B99990033.pdb
2		1am9A.B99990034.pdb
3		1am9A.B99990036.pdb

>>Clustering results - Representative structure - MeanShift
Cluster		File_Name
0		1am9A.B99990032.pdb
1		1am9A.B99990034.pdb
2		1am9A.B99990036.pdb
3		1am9A.B99990015.pdb
4		1am9A.B99990049.pdb

>>Clustering results - Representative structure - SpectralClustering
Cluster		File_Name
0		1am9A.B99990033.pdb
1		1am9A.B99990040.pdb
2		1am9A.B99990034.pdb
3		1am9A.B99990036.pdb

>>Clustering results - Representative structure - Ward
Cluster		File_Name
0		1am9A.B99990040.pdb
1		1am9A.B99990021.pdb
2		1am9A.B99990034.pdb
3		1am9A.B99990036.pdb
4		1am9A.B99990015.pdb
##############################################################################################

##############################################################################################
>>Clustering results - Representative structure - AffinityPropagation
Cluster		File_Name
0		1am9A.B99990010
1		1am9A.B99990011
2		1am9A.B99990013
3		1am9A.B99990015
4		1am9A.B99990022
5		1am9A.B99990027
6		1am9A.B99990035
7		1am9A.B99990036
8		1am9A.B99990045

>>Clustering results - Representative structure - DBSCAN
Cluster		File_Name
0		1am9A.B99990025.pdb
1		1am9A.B99990032.pdb

>>Clustering results - Representative structure - KMeans
Cluster		File_Name
0		1am9A.B99990029.pdb
1		1am9A.B99990044.pdb
2		1am9A.B99990010.pdb
3		1am9A.B99990036.pdb
4		1am9A.B99990045.pdb

>>Clustering results - Representative structure - MeanShift
Cluster		File_Name
0		1am9A.B99990030.pdb
1		1am9A.B99990010.pdb
2		1am9A.B99990012.pdb
3		1am9A.B99990045.pdb
4		1am9A.B99990016.pdb
5		1am9A.B99990021.pdb

>>Clustering results - Representative structure - SpectralClustering
Cluster		File_Name
0		1am9A.B99990029.pdb
1		1am9A.B99990045.pdb
2		1am9A.B99990036.pdb
3		1am9A.B99990010.pdb
4		1am9A.B99990049.pdb

>>Clustering results - Representative structure - Ward
Cluster		File_Name
0		1am9A.B99990029.pdb
1		1am9A.B99990020.pdb
2		1am9A.B99990036.pdb
3		1am9A.B99990010.pdb
##############################################################################################