>> Summary of successfully produced model

Filename                          molpdf     DOPE score  DOPE-HR score    GA341 score Normalized DOPE score-----------------------------------------------------------------------------------------------------------
1aw0_.B99990001.pdb            434.14420    -3586.32495    -3418.45483        0.00900        0.86492
1aw0_.B99990002.pdb            451.20044    -3412.31250    -3125.43335        0.01493        1.03609
1aw0_.B99990003.pdb            355.23441    -3648.53369    -3717.67236        0.01884        0.80373
1aw0_.B99990004.pdb            377.29727    -3601.70947    -3472.91699        0.01495        0.84979
1aw0_.B99990005.pdb            404.17389    -3574.36670    -3618.87988        0.00954        0.87669
1aw0_.B99990006.pdb            422.63278    -3512.59814    -3335.48389        0.01793        0.93744
1aw0_.B99990007.pdb            406.80374    -3453.13037    -3116.31689        0.00720        0.99594
1aw0_.B99990008.pdb            487.02551    -3324.76245    -2953.81519        0.00903        1.12221
1aw0_.B99990009.pdb            422.73331    -3576.97241    -3365.60522        0.00756        0.87412
1aw0_.B99990010.pdb            461.10315    -3445.17505    -3381.44360        0.01981        1.00376
1aw0_.B99990011.pdb            397.95230    -3703.22363    -3528.11523        0.00908        0.74994
1aw0_.B99990012.pdb            418.41122    -3557.51733    -3455.65039        0.01466        0.89326
1aw0_.B99990013.pdb            416.40756    -3552.60840    -3442.71240        0.01674        0.89809
1aw0_.B99990014.pdb            471.65189    -3412.62012    -3348.79517        0.00759        1.03579
1aw0_.B99990015.pdb            434.42865    -3620.83252    -3541.60327        0.00820        0.83098
1aw0_.B99990016.pdb            436.62335    -3731.15332    -3677.13477        0.00941        0.72247
1aw0_.B99990017.pdb            451.24197    -3451.42993    -3148.55884        0.00910        0.99761
1aw0_.B99990018.pdb            439.94733    -3540.22388    -3444.73022        0.01115        0.91027
1aw0_.B99990019.pdb            419.91492    -3522.79297    -3508.74561        0.00766        0.92742
1aw0_.B99990020.pdb            377.03641    -3480.98950    -3438.96265        0.01347        0.96854
1aw0_.B99990021.pdb            465.15970    -3543.42017    -3443.30298        0.02470        0.90713
1aw0_.B99990022.pdb            449.88168    -3644.83545    -3657.65356        0.00988        0.80737
1aw0_.B99990023.pdb            378.90640    -3602.05811    -3468.72510        0.01287        0.84945
1aw0_.B99990024.pdb            404.92651    -3573.66846    -3377.92065        0.00532        0.87737
1aw0_.B99990025.pdb            403.26111    -3640.49780    -3419.99609        0.00920        0.81164
1aw0_.B99990026.pdb            384.56012    -3821.78979    -3674.69482        0.02141        0.63331
1aw0_.B99990027.pdb            369.83005    -3520.63574    -3441.39087        0.00872        0.92954
1aw0_.B99990028.pdb            419.73279    -3648.82007    -3444.54370        0.01291        0.80345
1aw0_.B99990029.pdb            443.55606    -3614.89771    -3630.97607        0.03989        0.83682
1aw0_.B99990030.pdb            425.44910    -3539.32324    -3308.99731        0.01384        0.91116
1aw0_.B99990031.pdb            404.47910    -3583.45972    -3256.64575        0.00687        0.86774
1aw0_.B99990032.pdb            411.11798    -3592.38354    -3548.48438        0.00727        0.85897
1aw0_.B99990033.pdb            361.67664    -3793.99756    -3792.54272        0.01209        0.66065
1aw0_.B99990034.pdb            418.37820    -3472.95410    -3255.73975        0.00902        0.97644
1aw0_.B99990035.pdb            454.47055    -3527.60107    -3335.57397        0.00785        0.92269
1aw0_.B99990036.pdb            495.52280    -3486.17944    -3143.05127        0.02151        0.96343
1aw0_.B99990037.pdb            436.95883    -3607.03198    -3385.97046        0.01274        0.84456
1aw0_.B99990038.pdb            382.04047    -3615.59375    -3489.03687        0.00733        0.83613
1aw0_.B99990039.pdb            380.32849    -3589.06226    -3515.99243        0.01888        0.86223
1aw0_.B99990040.pdb            373.85190    -3725.99390    -3502.60425        0.00711        0.72754
1aw0_.B99990041.pdb            466.09229    -3699.27881    -3327.99341        0.00920        0.75382
1aw0_.B99990042.pdb            457.26901    -3740.93896    -3636.61206        0.00973        0.71284
1aw0_.B99990043.pdb            413.64651    -3525.33008    -3560.17432        0.00680        0.92492
1aw0_.B99990044.pdb            383.50726    -3555.31665    -3363.11401        0.00870        0.89543
1aw0_.B99990045.pdb            420.18115    -3705.24829    -3569.59937        0.00884        0.74795
1aw0_.B99990046.pdb            434.64133    -3516.37378    -3333.29395        0.01826        0.93373
1aw0_.B99990047.pdb            425.49017    -3482.69043    -3377.21777        0.01049        0.96686
1aw0_.B99990048.pdb            521.30115    -3493.93481    -3114.50317        0.01008        0.95580
1aw0_.B99990049.pdb            412.17047    -3466.85107    -3371.34106        0.00313        0.98244
1aw0_.B99990050.pdb            415.30258    -3564.17017    -3432.63867        0.01450        0.88672

>> Top model results:
molpdf: 355.2344055175781 (file: 1aw0_.B99990003.pdb)
DOPE score: -3821.789794921875 (file: 1aw0_.B99990026.pdb)
GA341 score: 0.003128902055323124 (file: 1aw0_.B99990049.pdb)
Normalized DOPE score: 0.6333136115338064 (file: 1aw0_.B99990026.pdb)

##############################################################################################
>>Clustering results - Representative structure - AffinityPropagation
Cluster		File_Name
0		1aw0_.B99990016
1		1aw0_.B99990030
2		1aw0_.B99990044

>>Clustering results - Representative structure - DBSCAN
Cluster		File_Name
0		1aw0_.B99990044.pdb
1		1aw0_.B99990050.pdb

>>Clustering results - Representative structure - KMeans
Cluster		File_Name
0		1aw0_.B99990044.pdb
1		1aw0_.B99990030.pdb

>>Clustering results - Representative structure - MeanShift
Cluster		File_Name
0		1aw0_.B99990044.pdb
1		1aw0_.B99990030.pdb
2		1aw0_.B99990021.pdb
3		1aw0_.B99990016.pdb
4		1aw0_.B99990002.pdb

>>Clustering results - Representative structure - SpectralClustering
Cluster		File_Name
0		1aw0_.B99990043.pdb
1		1aw0_.B99990016.pdb

>>Clustering results - Representative structure - Ward
Cluster		File_Name
0		1aw0_.B99990043.pdb
1		1aw0_.B99990016.pdb
##############################################################################################

##############################################################################################
>>Clustering results - Representative structure - AffinityPropagation
Cluster		File_Name
0		1aw0_.B99990029
1		1aw0_.B99990047

>>Clustering results - Representative structure - DBSCAN
Cluster		File_Name
0		1aw0_.B99990025.pdb
1		1aw0_.B99990043.pdb
2		1aw0_.B99990031.pdb

>>Clustering results - Representative structure - KMeans
Cluster		File_Name
0		1aw0_.B99990033.pdb
1		1aw0_.B99990037.pdb
2		1aw0_.B99990010.pdb
3		1aw0_.B99990050.pdb
4		1aw0_.B99990020.pdb
5		1aw0_.B99990008.pdb
6		1aw0_.B99990038.pdb

>>Clustering results - Representative structure - MeanShift
Cluster		File_Name
0		1aw0_.B99990044.pdb
1		1aw0_.B99990002.pdb
2		1aw0_.B99990032.pdb

>>Clustering results - Representative structure - SpectralClustering
Cluster		File_Name
0		1aw0_.B99990001.pdb
1		1aw0_.B99990050.pdb
2		1aw0_.B99990042.pdb
3		1aw0_.B99990014.pdb
4		1aw0_.B99990024.pdb

>>Clustering results - Representative structure - Ward
Cluster		File_Name
0		1aw0_.B99990010.pdb
1		1aw0_.B99990050.pdb
2		1aw0_.B99990042.pdb
3		1aw0_.B99990020.pdb
4		1aw0_.B99990037.pdb
5		1aw0_.B99990033.pdb
6		1aw0_.B99990008.pdb
7		1aw0_.B99990016.pdb
8		1aw0_.B99990025.pdb
##############################################################################################