>> Summary of successfully produced model

Filename                          molpdf     DOPE score  DOPE-HR score    GA341 score Normalized DOPE score-----------------------------------------------------------------------------------------------------------
1aqe_.B99990001.pdb            535.90198    -6570.30420    -4907.37598        0.30388        0.19120
1aqe_.B99990002.pdb            534.18567    -6540.22949    -4866.56934        0.23640        0.21056
1aqe_.B99990003.pdb            547.40503    -6639.58545    -4904.12842        0.35641        0.14659
1aqe_.B99990004.pdb            532.23785    -6562.82373    -4863.05420        0.19615        0.19602
1aqe_.B99990005.pdb            544.60187    -6344.68994    -4423.86182        0.34168        0.33646
1aqe_.B99990006.pdb            527.19348    -6464.05322    -4573.79980        0.25852        0.25961
1aqe_.B99990007.pdb            564.92255    -6534.36914    -4873.69580        0.27747        0.21434
1aqe_.B99990008.pdb            521.10046    -6541.69385    -4746.85596        0.20718        0.20962
1aqe_.B99990009.pdb            593.30206    -6709.24707    -5167.97070        0.23847        0.10174
1aqe_.B99990010.pdb            537.16504    -6541.66016    -4626.87500        0.15446        0.20964
1aqe_.B99990011.pdb            548.46362    -6601.42676    -5189.75830        0.23638        0.17116
1aqe_.B99990012.pdb            627.99426    -6659.97949    -5140.47314        0.15582        0.13346
1aqe_.B99990013.pdb            543.85065    -6509.61621    -4702.64893        0.19787        0.23027
1aqe_.B99990014.pdb            538.65552    -6613.13623    -4870.03223        0.20876        0.16362
1aqe_.B99990015.pdb            535.43237    -6502.13867    -5010.81641        0.12310        0.23509
1aqe_.B99990016.pdb            538.20190    -6482.62598    -4779.01172        0.23069        0.24765
1aqe_.B99990017.pdb            505.05310    -6432.62939    -4460.23877        0.25786        0.27984
1aqe_.B99990018.pdb            724.77759    -6373.48291    -3902.89136        0.15111        0.31792
1aqe_.B99990019.pdb            572.57404    -6443.96631    -4662.60254        0.20538        0.27254
1aqe_.B99990020.pdb            548.25409    -6491.24756    -4586.10010        0.20903        0.24210
1aqe_.B99990021.pdb            531.58862    -6482.18604    -4625.09570        0.19570        0.24793
1aqe_.B99990022.pdb            529.45343    -6539.62939    -4860.98438        0.18099        0.21095
1aqe_.B99990023.pdb            552.02594    -6745.28857    -5426.83350        0.22091        0.07854
1aqe_.B99990024.pdb            573.90381    -6418.19922    -4296.29932        0.18503        0.28913
1aqe_.B99990025.pdb            595.97443    -6424.74414    -4245.23291        0.16894        0.28492
1aqe_.B99990026.pdb            558.33142    -6300.39795    -4495.41016        0.22718        0.36497
1aqe_.B99990027.pdb            655.33990    -6354.93701    -4201.58740        0.22500        0.32986
1aqe_.B99990028.pdb            548.92566    -6573.05273    -4969.11719        0.26009        0.18943
1aqe_.B99990029.pdb            569.77679    -6536.23584    -4857.67041        0.22958        0.21313
1aqe_.B99990030.pdb            549.98492    -6658.80127    -4991.27686        0.30886        0.13422
1aqe_.B99990031.pdb            638.28564    -6495.39893    -4704.66162        0.18932        0.23943
1aqe_.B99990032.pdb            555.54913    -6431.72461    -4720.70703        0.23828        0.28042
1aqe_.B99990033.pdb            568.27252    -6541.65625    -4755.92432        0.14602        0.20964
1aqe_.B99990034.pdb            512.36072    -6309.91504    -4421.16406        0.19510        0.35885
1aqe_.B99990035.pdb            711.31104    -6303.22803    -4268.60059        0.21116        0.36315
1aqe_.B99990036.pdb            496.67743    -6577.58057    -5130.33838        0.17561        0.18652
1aqe_.B99990037.pdb            520.29395    -6418.29492    -4666.40332        0.28801        0.28907
1aqe_.B99990038.pdb            520.72205    -6594.71631    -4826.88477        0.15409        0.17548
1aqe_.B99990039.pdb            511.81094    -6518.72510    -4569.71533        0.23077        0.22441
1aqe_.B99990040.pdb            540.36090    -6551.75342    -5195.44141        0.24889        0.20314
1aqe_.B99990041.pdb            565.73065    -6463.11279    -4552.52344        0.20160        0.26021
1aqe_.B99990042.pdb            599.13293    -6469.00293    -4709.12598        0.14770        0.25642
1aqe_.B99990043.pdb            562.76404    -6512.50488    -4834.80176        0.17183        0.22841
1aqe_.B99990044.pdb            516.43188    -6666.96631    -5274.71680        0.20807        0.12897
1aqe_.B99990045.pdb            559.62213    -6574.91357    -4887.38525        0.23100        0.18823
1aqe_.B99990046.pdb            518.26489    -6504.39648    -4786.03613        0.28836        0.23363
1aqe_.B99990047.pdb            607.44153    -6353.31445    -4274.91943        0.18276        0.33090
1aqe_.B99990048.pdb            566.67865    -6440.25293    -4484.42432        0.13594        0.27493
1aqe_.B99990049.pdb            534.04028    -6586.80078    -4938.47559        0.23476        0.18058
1aqe_.B99990050.pdb            666.76099    -6579.60986    -4815.81836        0.12872        0.18521

>> Top model results:
molpdf: 496.67742919921875 (file: 1aqe_.B99990036.pdb)
DOPE score: -6745.28857421875 (file: 1aqe_.B99990023.pdb)
GA341 score: 0.12309902906417847 (file: 1aqe_.B99990015.pdb)
Normalized DOPE score: 0.07853928697340763 (file: 1aqe_.B99990023.pdb)

##############################################################################################
>>Clustering results - Representative structure - AffinityPropagation
Cluster		File_Name
0		1aqe_.B99990017
1		1aqe_.B99990018
2		1aqe_.B99990021
3		1aqe_.B99990028
4		1aqe_.B99990029
5		1aqe_.B99990034
6		1aqe_.B99990045
7		1aqe_.B99990047

>>Clustering results - Representative structure - DBSCAN
Cluster		File_Name
0		1aqe_.B99990008.pdb
1		1aqe_.B99990010.pdb
2		1aqe_.B99990041.pdb

>>Clustering results - Representative structure - KMeans
Cluster		File_Name
0		1aqe_.B99990010.pdb
1		1aqe_.B99990020.pdb
2		1aqe_.B99990048.pdb
3		1aqe_.B99990027.pdb

>>Clustering results - Representative structure - MeanShift
Cluster		File_Name
0		1aqe_.B99990004.pdb
1		1aqe_.B99990017.pdb
2		1aqe_.B99990027.pdb
3		1aqe_.B99990047.pdb
4		1aqe_.B99990012.pdb

>>Clustering results - Representative structure - SpectralClustering
Cluster		File_Name
0		1aqe_.B99990025.pdb
1		1aqe_.B99990010.pdb

>>Clustering results - Representative structure - Ward
Cluster		File_Name
0		1aqe_.B99990010.pdb
1		1aqe_.B99990005.pdb
2		1aqe_.B99990048.pdb
##############################################################################################

##############################################################################################
>>Clustering results - Representative structure - AffinityPropagation
Cluster		File_Name
0		1aqe_.B99990010

>>Clustering results - Representative structure - DBSCAN
Cluster		File_Name
0		1aqe_.B99990010.pdb

>>Clustering results - Representative structure - KMeans
Cluster		File_Name
0		1aqe_.B99990026.pdb
1		1aqe_.B99990021.pdb
2		1aqe_.B99990044.pdb
3		1aqe_.B99990024.pdb
4		1aqe_.B99990050.pdb
5		1aqe_.B99990014.pdb
6		1aqe_.B99990008.pdb
7		1aqe_.B99990018.pdb
8		1aqe_.B99990012.pdb

>>Clustering results - Representative structure - MeanShift
Cluster		File_Name
0		1aqe_.B99990015.pdb
1		1aqe_.B99990024.pdb
2		1aqe_.B99990012.pdb

>>Clustering results - Representative structure - SpectralClustering
Cluster		File_Name
0		1aqe_.B99990044.pdb
1		1aqe_.B99990033.pdb
2		1aqe_.B99990023.pdb
3		1aqe_.B99990025.pdb
4		1aqe_.B99990018.pdb
5		1aqe_.B99990026.pdb
6		1aqe_.B99990050.pdb
7		1aqe_.B99990014.pdb
8		1aqe_.B99990021.pdb
9		1aqe_.B99990020.pdb

>>Clustering results - Representative structure - Ward
Cluster		File_Name
0		1aqe_.B99990023.pdb
1		1aqe_.B99990033.pdb
2		1aqe_.B99990024.pdb
3		1aqe_.B99990050.pdb
4		1aqe_.B99990021.pdb
5		1aqe_.B99990026.pdb
6		1aqe_.B99990018.pdb
7		1aqe_.B99990014.pdb
8		1aqe_.B99990044.pdb
##############################################################################################