>> Summary of successfully produced model

Filename                          molpdf     DOPE score  DOPE-HR score    GA341 score Normalized DOPE score-----------------------------------------------------------------------------------------------------------
1avpA.B99990001.pdb           1230.29053   -25394.01953   -23158.58008        1.00000       -2.30832
1avpA.B99990002.pdb           1231.48926   -25300.42773   -22945.21094        1.00000       -2.27583
1avpA.B99990003.pdb           1338.70703   -24929.18359   -22071.30078        1.00000       -2.14695
1avpA.B99990004.pdb           1434.37646   -25303.00586   -23004.44922        1.00000       -2.27673
1avpA.B99990005.pdb           1259.21692   -25402.19531   -23263.18164        1.00000       -2.31116
1avpA.B99990006.pdb           1245.43616   -25452.55859   -23482.71094        1.00000       -2.32865
1avpA.B99990007.pdb           1277.58435   -25221.09766   -22832.61328        1.00000       -2.24829
1avpA.B99990008.pdb           1330.54761   -25242.77148   -22744.34766        1.00000       -2.25582
1avpA.B99990009.pdb           1304.95544   -25287.28125   -23029.74023        1.00000       -2.27127
1avpA.B99990010.pdb           1273.31812   -25262.35352   -23022.44141        1.00000       -2.26261
1avpA.B99990011.pdb           1251.26477   -25218.81250   -22758.68164        1.00000       -2.24750
1avpA.B99990012.pdb           1344.55188   -24935.35938   -22212.50586        1.00000       -2.14909
1avpA.B99990013.pdb           1250.88013   -25366.96094   -23124.25781        1.00000       -2.29893
1avpA.B99990014.pdb           1327.82776   -25035.00977   -22391.09961        1.00000       -2.18369
1avpA.B99990015.pdb           1293.60681   -25322.51758   -23047.36914        1.00000       -2.28350
1avpA.B99990016.pdb           1259.91882   -25362.31055   -23434.09180        1.00000       -2.29732
1avpA.B99990017.pdb           1381.06409   -25285.82227   -22946.80859        1.00000       -2.27076
1avpA.B99990018.pdb           1236.84082   -25090.74414   -22709.18555        1.00000       -2.20304
1avpA.B99990019.pdb           1266.72278   -25166.45312   -22730.01367        1.00000       -2.22932
1avpA.B99990020.pdb           1241.41345   -25117.49609   -22451.24023        1.00000       -2.21232
1avpA.B99990021.pdb           1310.40417   -25142.67578   -22498.65039        1.00000       -2.22107
1avpA.B99990022.pdb           1299.75488   -25066.24805   -22590.56250        1.00000       -2.19453
1avpA.B99990023.pdb           1402.35852   -25089.20898   -22441.52148        1.00000       -2.20250
1avpA.B99990024.pdb           1221.70557   -25311.73828   -22907.69922        1.00000       -2.27976
1avpA.B99990025.pdb           1246.26929   -25291.52148   -22931.24805        1.00000       -2.27274
1avpA.B99990026.pdb           1227.83081   -25377.90039   -22992.11328        1.00000       -2.30273
1avpA.B99990027.pdb           1290.18042   -25272.03125   -22811.69531        1.00000       -2.26597
1avpA.B99990028.pdb           1310.72388   -25234.53320   -23058.29492        1.00000       -2.25296
1avpA.B99990029.pdb           1309.10669   -25305.66016   -22980.30469        1.00000       -2.27765
1avpA.B99990030.pdb           1302.19128   -25125.88281   -22666.77148        1.00000       -2.21524
1avpA.B99990031.pdb           1336.57910   -25342.96289   -23199.79492        1.00000       -2.29060
1avpA.B99990032.pdb           1281.37488   -25153.42383   -22753.41797        1.00000       -2.22480
1avpA.B99990033.pdb           1282.24231   -25223.16992   -22502.66602        1.00000       -2.24901
1avpA.B99990034.pdb           1293.71948   -25215.56445   -22664.33398        1.00000       -2.24637
1avpA.B99990035.pdb           1357.35486   -25251.09375   -22826.69922        1.00000       -2.25870
1avpA.B99990036.pdb           1270.99756   -25369.35547   -23064.94336        1.00000       -2.29976
1avpA.B99990037.pdb           1240.00342   -25337.93750   -23204.33398        1.00000       -2.28885
1avpA.B99990038.pdb           1281.98914   -25060.45117   -22764.12891        1.00000       -2.19252
1avpA.B99990039.pdb           1241.17419   -25239.99414   -22602.48242        1.00000       -2.25485
1avpA.B99990040.pdb           1316.30823   -25152.47266   -22815.78320        1.00000       -2.22447
1avpA.B99990041.pdb           1265.50378   -25344.05859   -22806.01367        1.00000       -2.29098
1avpA.B99990042.pdb           1250.78967   -25160.21094   -22739.02344        1.00000       -2.22715
1avpA.B99990043.pdb           1248.16565   -25245.72656   -22704.98047        1.00000       -2.25684
1avpA.B99990044.pdb           1277.98108   -25161.50977   -22585.01758        1.00000       -2.22760
1avpA.B99990045.pdb           1259.53650   -25141.73242   -22793.58594        1.00000       -2.22074
1avpA.B99990046.pdb           1262.19849   -25407.64648   -23121.37109        1.00000       -2.31305
1avpA.B99990047.pdb           1364.97632   -25088.89062   -22519.43945        1.00000       -2.20239
1avpA.B99990048.pdb           1280.44604   -25196.19727   -22784.71289        1.00000       -2.23965
1avpA.B99990049.pdb           1301.41028   -25203.54688   -22519.17188        1.00000       -2.24220
1avpA.B99990050.pdb           1246.09729   -25366.03125   -23196.73242        1.00000       -2.29861

>> Top model results:
molpdf: 1221.70556640625 (file: 1avpA.B99990024.pdb)
DOPE score: -25452.55859375 (file: 1avpA.B99990006.pdb)
GA341 score: 1.0 (file: 1avpA.B99990010.pdb)
Normalized DOPE score: -2.328646006093507 (file: 1avpA.B99990006.pdb)

##############################################################################################
>>Clustering results - Representative structure - AffinityPropagation
Cluster		File_Name
0		1avpA.B99990015

>>Clustering results - Representative structure - DBSCAN
Cluster		File_Name
0		1avpA.B99990045.pdb
1		1avpA.B99990008.pdb
2		1avpA.B99990003.pdb

>>Clustering results - Representative structure - KMeans
Cluster		File_Name
0		1avpA.B99990045.pdb
1		1avpA.B99990008.pdb

>>Clustering results - Representative structure - MeanShift
Cluster		File_Name
0		1avpA.B99990045.pdb
1		1avpA.B99990008.pdb
2		1avpA.B99990003.pdb

>>Clustering results - Representative structure - SpectralClustering
Cluster		File_Name
0		1avpA.B99990045.pdb
1		1avpA.B99990008.pdb

>>Clustering results - Representative structure - Ward
Cluster		File_Name
0		1avpA.B99990045.pdb
1		1avpA.B99990008.pdb
##############################################################################################

##############################################################################################
>>Clustering results - Representative structure - AffinityPropagation
Cluster		File_Name
0		1avpA.B99990028

>>Clustering results - Representative structure - DBSCAN
Cluster		File_Name
0		1avpA.B99990013.pdb
1		1avpA.B99990019.pdb
2		1avpA.B99990028.pdb

>>Clustering results - Representative structure - KMeans
Cluster		File_Name
0		1avpA.B99990049.pdb
1		1avpA.B99990013.pdb
2		1avpA.B99990008.pdb
3		1avpA.B99990003.pdb
4		1avpA.B99990012.pdb

>>Clustering results - Representative structure - MeanShift
Cluster		File_Name
0		1avpA.B99990043.pdb
1		1avpA.B99990008.pdb
2		1avpA.B99990023.pdb
3		1avpA.B99990003.pdb

>>Clustering results - Representative structure - SpectralClustering
Cluster		File_Name
0		1avpA.B99990008.pdb
1		1avpA.B99990018.pdb
2		1avpA.B99990013.pdb

>>Clustering results - Representative structure - Ward
Cluster		File_Name
0		1avpA.B99990008.pdb
1		1avpA.B99990049.pdb
2		1avpA.B99990013.pdb
3		1avpA.B99990003.pdb
##############################################################################################