>> Summary of successfully produced model

Filename                          molpdf     DOPE score  DOPE-HR score    GA341 score Normalized DOPE score-----------------------------------------------------------------------------------------------------------
1axn_.B99990001.pdb           1155.07751   -37651.97656   -36731.01172        1.00000       -1.55861
1axn_.B99990002.pdb           1053.04480   -37962.91797   -37597.91016        1.00000       -1.62679
1axn_.B99990003.pdb           1167.64868   -38145.40625   -37333.50781        1.00000       -1.66680
1axn_.B99990004.pdb           1159.39233   -38027.46484   -37080.09375        1.00000       -1.64094
1axn_.B99990005.pdb           1175.58154   -37815.30859   -37206.91797        1.00000       -1.59442
1axn_.B99990006.pdb           1119.09851   -38345.72266   -37590.09375        1.00000       -1.71072
1axn_.B99990007.pdb           1039.91064   -38363.64453   -37891.46484        1.00000       -1.71465
1axn_.B99990008.pdb           1069.27197   -38243.05078   -38151.44141        1.00000       -1.68821
1axn_.B99990009.pdb           1039.36377   -38499.69531   -37977.52344        1.00000       -1.74448
1axn_.B99990010.pdb           1162.15295   -37993.64844   -37251.15234        1.00000       -1.63352
1axn_.B99990011.pdb           1050.82312   -38023.92969   -37670.00391        1.00000       -1.64016
1axn_.B99990012.pdb           1076.83228   -38164.25391   -37762.92969        1.00000       -1.67093
1axn_.B99990013.pdb           1085.14563   -38135.45312   -37499.10547        1.00000       -1.66462
1axn_.B99990014.pdb           1020.59680   -38263.75391   -37627.69922        1.00000       -1.69275
1axn_.B99990015.pdb           1050.39050   -38047.57031   -37688.98438        1.00000       -1.64535
1axn_.B99990016.pdb            996.14764   -38446.30469   -38223.35156        1.00000       -1.73277
1axn_.B99990017.pdb           1017.70734   -38458.19531   -38001.62891        1.00000       -1.73538
1axn_.B99990018.pdb           1010.11987   -38058.05469   -37412.50000        1.00000       -1.64765
1axn_.B99990019.pdb           1236.75623   -37736.53906   -36472.12500        1.00000       -1.57715
1axn_.B99990020.pdb           1036.63379   -38072.76562   -37535.41406        1.00000       -1.65087
1axn_.B99990021.pdb           1104.75488   -38357.12500   -38033.08984        1.00000       -1.71322
1axn_.B99990022.pdb           1059.17224   -38273.83203   -38193.48828        1.00000       -1.69496
1axn_.B99990023.pdb           1190.67615   -37846.18359   -37237.36328        1.00000       -1.60119
1axn_.B99990024.pdb           1133.40735   -38192.38281   -37710.61328        1.00000       -1.67710
1axn_.B99990025.pdb            978.02246   -38348.08203   -38073.23438        1.00000       -1.71124
1axn_.B99990026.pdb           1055.68677   -37945.98047   -37421.82031        1.00000       -1.62307
1axn_.B99990027.pdb           1019.33673   -38262.72266   -37893.63281        1.00000       -1.69252
1axn_.B99990028.pdb           1113.97656   -38096.38281   -37742.01953        1.00000       -1.65605
1axn_.B99990029.pdb           1034.69397   -37980.05859   -37390.23047        1.00000       -1.63054
1axn_.B99990030.pdb           1048.64819   -38229.84375   -37761.72656        1.00000       -1.68531
1axn_.B99990031.pdb           1077.28918   -38163.82031   -37883.22266        1.00000       -1.67084
1axn_.B99990032.pdb           1053.36914   -38201.82031   -37548.41016        1.00000       -1.67917
1axn_.B99990033.pdb            969.67017   -38287.51562   -38092.71094        1.00000       -1.69796
1axn_.B99990034.pdb           1048.24927   -38306.30469   -38064.87109        1.00000       -1.70208
1axn_.B99990035.pdb           1027.73621   -37872.38281   -36877.25000        1.00000       -1.60694
1axn_.B99990036.pdb           1050.35449   -38210.03125   -38040.14453        1.00000       -1.68097
1axn_.B99990037.pdb           1049.05518   -38466.74219   -37789.51953        1.00000       -1.73726
1axn_.B99990038.pdb           1067.15918   -38179.66406   -37821.19922        1.00000       -1.67431
1axn_.B99990039.pdb           1041.22461   -38266.26562   -38078.03125        1.00000       -1.69330
1axn_.B99990040.pdb           1080.36401   -38213.06641   -37927.81250        1.00000       -1.68163
1axn_.B99990041.pdb           1211.48352   -38020.77734   -36939.06250        1.00000       -1.63947
1axn_.B99990042.pdb           1043.36548   -38365.19141   -38305.80859        1.00000       -1.71499
1axn_.B99990043.pdb           1243.43579   -37728.83594   -36692.57422        1.00000       -1.57546
1axn_.B99990044.pdb           1075.86804   -38124.11328   -37816.01562        1.00000       -1.66213
1axn_.B99990045.pdb           1041.62573   -38085.17969   -37552.64453        1.00000       -1.65359
1axn_.B99990046.pdb           1106.51636   -38082.54297   -37777.64062        1.00000       -1.65302
1axn_.B99990047.pdb           1280.20471   -37870.48438   -36740.66016        1.00000       -1.60652
1axn_.B99990048.pdb           1023.53070   -38340.80469   -38084.96484        1.00000       -1.70964
1axn_.B99990049.pdb           1129.87476   -38063.28516   -37666.87891        1.00000       -1.64879
1axn_.B99990050.pdb           1069.81396   -37831.82812   -37036.83984        1.00000       -1.59804

>> Top model results:
molpdf: 969.670166015625 (file: 1axn_.B99990033.pdb)
DOPE score: -38499.6953125 (file: 1axn_.B99990009.pdb)
GA341 score: 1.0 (file: 1axn_.B99990005.pdb)
Normalized DOPE score: -1.74448099717797 (file: 1axn_.B99990009.pdb)

##############################################################################################
>>Clustering results - Representative structure - AffinityPropagation
Cluster		File_Name
0		1axn_.B99990001
1		1axn_.B99990005
2		1axn_.B99990035

>>Clustering results - Representative structure - DBSCAN
Cluster		File_Name
0		1axn_.B99990038.pdb
1		1axn_.B99990028.pdb
2		1axn_.B99990043.pdb

>>Clustering results - Representative structure - KMeans
Cluster		File_Name
0		1axn_.B99990046.pdb
1		1axn_.B99990012.pdb

>>Clustering results - Representative structure - MeanShift
Cluster		File_Name
0		1axn_.B99990029.pdb
1		1axn_.B99990023.pdb
2		1axn_.B99990001.pdb
3		1axn_.B99990043.pdb
4		1axn_.B99990046.pdb

>>Clustering results - Representative structure - SpectralClustering
Cluster		File_Name
0		1axn_.B99990012.pdb
1		1axn_.B99990046.pdb

>>Clustering results - Representative structure - Ward
Cluster		File_Name
0		1axn_.B99990012.pdb
1		1axn_.B99990046.pdb
##############################################################################################

##############################################################################################
>>Clustering results - Representative structure - AffinityPropagation
Cluster		File_Name
0		1axn_.B99990015

>>Clustering results - Representative structure - DBSCAN
Cluster		File_Name
0		1axn_.B99990027.pdb
1		1axn_.B99990018.pdb
2		1axn_.B99990033.pdb
3		1axn_.B99990002.pdb

>>Clustering results - Representative structure - KMeans
Cluster		File_Name
0		1axn_.B99990024.pdb
1		1axn_.B99990043.pdb
2		1axn_.B99990028.pdb
3		1axn_.B99990007.pdb
4		1axn_.B99990023.pdb

>>Clustering results - Representative structure - MeanShift
Cluster		File_Name
0		1axn_.B99990014.pdb
1		1axn_.B99990010.pdb
2		1axn_.B99990001.pdb
3		1axn_.B99990005.pdb
4		1axn_.B99990046.pdb

>>Clustering results - Representative structure - SpectralClustering
Cluster		File_Name
0		1axn_.B99990045.pdb
1		1axn_.B99990043.pdb
2		1axn_.B99990001.pdb

>>Clustering results - Representative structure - Ward
Cluster		File_Name
0		1axn_.B99990004.pdb
1		1axn_.B99990021.pdb
2		1axn_.B99990049.pdb
3		1axn_.B99990043.pdb
##############################################################################################