>> Summary of successfully produced model

Filename                          molpdf     DOPE score  DOPE-HR score    GA341 score Normalized DOPE score-----------------------------------------------------------------------------------------------------------
1agrE.B99990001.pdb            484.72595   -13546.45898   -13232.51465        1.00000       -1.52994
1agrE.B99990002.pdb            490.06332   -13662.06543   -13189.05273        1.00000       -1.59390
1agrE.B99990003.pdb            507.39267   -13818.95801   -13402.47559        1.00000       -1.68071
1agrE.B99990004.pdb            482.17368   -13443.12402   -13170.18457        1.00000       -1.47276
1agrE.B99990005.pdb            474.69406   -13617.65723   -13407.17773        1.00000       -1.56933
1agrE.B99990006.pdb            511.92746   -13449.94629   -13012.19922        1.00000       -1.47654
1agrE.B99990007.pdb            477.70438   -13486.00781   -12988.17578        1.00000       -1.49649
1agrE.B99990008.pdb            496.07919   -13555.90234   -13294.25488        1.00000       -1.53516
1agrE.B99990009.pdb            494.85870   -13619.41992   -13274.28223        1.00000       -1.57030
1agrE.B99990010.pdb            496.53055   -13487.44922   -12852.96777        1.00000       -1.49729
1agrE.B99990011.pdb            551.43060   -13567.00488   -13017.87109        1.00000       -1.54130
1agrE.B99990012.pdb            515.82007   -13426.49219   -13026.22949        1.00000       -1.46356
1agrE.B99990013.pdb            486.29422   -13489.14551   -12998.86914        1.00000       -1.49822
1agrE.B99990014.pdb            455.75485   -13673.20312   -13414.64160        1.00000       -1.60006
1agrE.B99990015.pdb            525.34717   -13505.09961   -13057.09961        1.00000       -1.50705
1agrE.B99990016.pdb            541.69458   -13556.35645   -13118.90039        1.00000       -1.53541
1agrE.B99990017.pdb            488.84113   -13595.42090   -13310.55469        1.00000       -1.55703
1agrE.B99990018.pdb            469.90616   -13635.09180   -13223.19629        1.00000       -1.57898
1agrE.B99990019.pdb            456.25012   -13753.07129   -13398.63770        1.00000       -1.64425
1agrE.B99990020.pdb            495.60101   -13435.14648   -13263.29395        1.00000       -1.46835
1agrE.B99990021.pdb            574.27692   -13537.34668   -13055.92285        1.00000       -1.52489
1agrE.B99990022.pdb            576.37701   -13371.93555   -12469.35449        1.00000       -1.43337
1agrE.B99990023.pdb            552.94952   -13508.29590   -13111.42969        1.00000       -1.50882
1agrE.B99990024.pdb            492.35754   -13720.58789   -13505.02539        1.00000       -1.62628
1agrE.B99990025.pdb            470.70615   -13636.75781   -13151.95117        1.00000       -1.57990
1agrE.B99990026.pdb            484.07651   -13751.18457   -13608.09277        1.00000       -1.64321
1agrE.B99990027.pdb            531.77429   -13578.91699   -13249.67578        1.00000       -1.54789
1agrE.B99990028.pdb            481.93878   -13845.26660   -13757.99219        1.00000       -1.69526
1agrE.B99990029.pdb            456.92978   -13482.46777   -13170.78027        1.00000       -1.49453
1agrE.B99990030.pdb            467.71542   -13747.55664   -13321.81348        1.00000       -1.64120
1agrE.B99990031.pdb            507.49017   -13442.68555   -13054.61230        1.00000       -1.47252
1agrE.B99990032.pdb            459.84531   -13621.58203   -13319.60938        1.00000       -1.57150
1agrE.B99990033.pdb            473.58182   -13724.03711   -13401.09082        1.00000       -1.62819
1agrE.B99990034.pdb            491.17218   -13607.64746   -13174.75391        1.00000       -1.56379
1agrE.B99990035.pdb            554.45099   -13672.21973   -13198.18457        1.00000       -1.59952
1agrE.B99990036.pdb            462.75937   -13582.69141   -13190.67969        1.00000       -1.54998
1agrE.B99990037.pdb            495.81326   -13351.79785   -12919.95020        1.00000       -1.42223
1agrE.B99990038.pdb            466.72961   -13563.27734   -13005.91309        1.00000       -1.53924
1agrE.B99990039.pdb            531.78632   -13435.31250   -13028.98633        1.00000       -1.46844
1agrE.B99990040.pdb            483.29794   -13499.79883   -12964.76367        1.00000       -1.50412
1agrE.B99990041.pdb            517.76917   -13316.57520   -12646.84375        1.00000       -1.40274
1agrE.B99990042.pdb            544.46246   -13471.06543   -12865.59766        1.00000       -1.48822
1agrE.B99990043.pdb            515.29944   -13514.92383   -13016.52344        1.00000       -1.51249
1agrE.B99990044.pdb            488.58414   -13705.63770   -13225.46777        1.00000       -1.61801
1agrE.B99990045.pdb            494.20813   -13875.88184   -13578.97363        1.00000       -1.71220
1agrE.B99990046.pdb            489.11578   -13582.48047   -13202.10352        1.00000       -1.54987
1agrE.B99990047.pdb            502.46756   -13637.07520   -13287.47852        1.00000       -1.58007
1agrE.B99990048.pdb            510.39932   -13416.30664   -13072.25977        1.00000       -1.45792
1agrE.B99990049.pdb            579.66675   -13583.19922   -13100.55957        1.00000       -1.55026
1agrE.B99990050.pdb            471.68185   -13847.50586   -13529.90820        1.00000       -1.69650

>> Top model results:
molpdf: 455.7548522949219 (file: 1agrE.B99990014.pdb)
DOPE score: -13875.8818359375 (file: 1agrE.B99990045.pdb)
GA341 score: 1.0 (file: 1agrE.B99990035.pdb)
Normalized DOPE score: -1.7122026578988165 (file: 1agrE.B99990045.pdb)

##############################################################################################
>>Clustering results - Representative structure - AffinityPropagation
Cluster		File_Name
0		1agrE.B99990013

>>Clustering results - Representative structure - DBSCAN
Cluster		File_Name
0		1agrE.B99990013.pdb
1		1agrE.B99990009.pdb

>>Clustering results - Representative structure - KMeans
Cluster		File_Name
0		1agrE.B99990009.pdb
1		1agrE.B99990013.pdb

>>Clustering results - Representative structure - MeanShift
Cluster		File_Name
0		1agrE.B99990018.pdb
1		1agrE.B99990012.pdb
2		1agrE.B99990009.pdb

>>Clustering results - Representative structure - SpectralClustering
Cluster		File_Name
0		1agrE.B99990024.pdb
1		1agrE.B99990009.pdb
2		1agrE.B99990016.pdb

>>Clustering results - Representative structure - Ward
Cluster		File_Name
0		1agrE.B99990013.pdb
1		1agrE.B99990009.pdb
##############################################################################################