>> Summary of successfully produced model

Filename                          molpdf     DOPE score  DOPE-HR score    GA341 score Normalized DOPE score-----------------------------------------------------------------------------------------------------------
1ahsA.B99990001.pdb            631.36438   -11690.49609   -10136.98047        1.00000       -0.59652
1ahsA.B99990002.pdb            668.26025   -11660.85254   -10157.62988        1.00000       -0.57986
1ahsA.B99990003.pdb            718.35864   -11594.61035    -9920.00000        1.00000       -0.54263
1ahsA.B99990004.pdb            718.74445   -11394.67773    -9256.26367        1.00000       -0.43025
1ahsA.B99990005.pdb            636.88831   -11448.77246    -9649.91699        1.00000       -0.46066
1ahsA.B99990006.pdb            637.10400   -11693.24316    -9928.12695        1.00000       -0.59807
1ahsA.B99990007.pdb            694.03046   -11466.14551    -9354.62891        1.00000       -0.47042
1ahsA.B99990008.pdb            643.28162   -11898.86035   -10770.00879        1.00000       -0.71364
1ahsA.B99990009.pdb            650.54663   -11737.43652   -10158.33105        1.00000       -0.62291
1ahsA.B99990010.pdb            693.92517   -11680.72070   -10229.89453        1.00000       -0.59103
1ahsA.B99990011.pdb            632.80798   -11869.15430   -10607.31641        1.00000       -0.69694
1ahsA.B99990012.pdb            581.04742   -11667.91992   -10053.18164        1.00000       -0.58383
1ahsA.B99990013.pdb            605.76038   -11803.28906   -10602.86133        1.00000       -0.65992
1ahsA.B99990014.pdb            617.10431   -11636.84668   -10214.59375        1.00000       -0.56637
1ahsA.B99990015.pdb            752.25104   -11584.89453    -9938.21582        0.99999       -0.53717
1ahsA.B99990016.pdb            664.83673   -11494.39062    -9634.03320        1.00000       -0.48630
1ahsA.B99990017.pdb            688.85120   -11693.78320   -10155.75879        1.00000       -0.59837
1ahsA.B99990018.pdb            577.79358   -11743.30566   -10571.96191        1.00000       -0.62621
1ahsA.B99990019.pdb            704.56866   -11459.91797    -9567.36523        1.00000       -0.46692
1ahsA.B99990020.pdb            612.85852   -11847.01660   -10362.47559        1.00000       -0.68450
1ahsA.B99990021.pdb            639.57550   -11615.23145    -9865.13379        1.00000       -0.55422
1ahsA.B99990022.pdb            703.98090   -11374.69336    -9572.10156        1.00000       -0.41902
1ahsA.B99990023.pdb            572.27551   -11484.44531    -9838.06543        1.00000       -0.48071
1ahsA.B99990024.pdb            614.03900   -11741.83203   -10209.84082        1.00000       -0.62538
1ahsA.B99990025.pdb            717.49646   -11790.77832   -10242.90723        1.00000       -0.65289
1ahsA.B99990026.pdb            577.45465   -11685.69043   -10220.77344        1.00000       -0.59382
1ahsA.B99990027.pdb            671.34149   -11693.90137   -10105.92188        1.00000       -0.59844
1ahsA.B99990028.pdb            599.72296   -11515.90723   -10064.91406        1.00000       -0.49839
1ahsA.B99990029.pdb            675.74432   -11616.27246   -10014.45703        1.00000       -0.55480
1ahsA.B99990030.pdb            762.21326   -11650.25195   -10185.43359        1.00000       -0.57390
1ahsA.B99990031.pdb            683.62476   -11623.82422   -10108.39844        1.00000       -0.55905
1ahsA.B99990032.pdb            599.34241   -11593.36523    -9947.82715        1.00000       -0.54193
1ahsA.B99990033.pdb            594.68396   -11726.89160   -10389.14355        1.00000       -0.61698
1ahsA.B99990034.pdb            548.91125   -11612.51758    -9791.19531        1.00000       -0.55269
1ahsA.B99990035.pdb            752.47534   -11844.05371   -10468.31836        1.00000       -0.68283
1ahsA.B99990036.pdb            608.23950   -11754.46484   -10289.63281        1.00000       -0.63248
1ahsA.B99990037.pdb            576.43237   -11701.55664   -10291.37012        1.00000       -0.60274
1ahsA.B99990038.pdb            626.38629   -11783.73926   -10372.39258        1.00000       -0.64893
1ahsA.B99990039.pdb            675.94849   -11626.36426    -9848.95703        1.00000       -0.56048
1ahsA.B99990040.pdb            679.18427   -11623.17383   -10010.18164        1.00000       -0.55868
1ahsA.B99990041.pdb            606.23022   -11606.37793   -10010.31738        1.00000       -0.54924
1ahsA.B99990042.pdb            625.93414   -11741.34277   -10326.02930        1.00000       -0.62510
1ahsA.B99990043.pdb            568.99036   -11637.51660    -9906.66211        1.00000       -0.56674
1ahsA.B99990044.pdb            647.18811   -11658.43066    -9977.86230        1.00000       -0.57850
1ahsA.B99990045.pdb            672.80072   -11535.70215    -9751.58398        1.00000       -0.50952
1ahsA.B99990046.pdb            583.92841   -11972.08691   -10803.80762        1.00000       -0.75480
1ahsA.B99990047.pdb            563.91455   -11798.35254   -10381.33594        1.00000       -0.65715
1ahsA.B99990048.pdb            570.90930   -11699.87500   -10241.70410        1.00000       -0.60179
1ahsA.B99990049.pdb            619.82880   -11527.36914    -9747.17969        1.00000       -0.50483
1ahsA.B99990050.pdb            576.72974   -11624.20605   -10173.80078        1.00000       -0.55926

>> Top model results:
molpdf: 548.9112548828125 (file: 1ahsA.B99990034.pdb)
DOPE score: -11972.0869140625 (file: 1ahsA.B99990046.pdb)
GA341 score: 0.9999942183494568 (file: 1ahsA.B99990015.pdb)
Normalized DOPE score: -0.7547977283662163 (file: 1ahsA.B99990046.pdb)

##############################################################################################
>>Clustering results - Representative structure - AffinityPropagation
Cluster		File_Name
0		1ahsA.B99990034

>>Clustering results - Representative structure - DBSCAN
Cluster		File_Name
0		1ahsA.B99990044.pdb
1		1ahsA.B99990017.pdb

>>Clustering results - Representative structure - KMeans
Cluster		File_Name
0		1ahsA.B99990027.pdb
1		1ahsA.B99990030.pdb

>>Clustering results - Representative structure - MeanShift
Cluster		File_Name
0		1ahsA.B99990027.pdb
1		1ahsA.B99990009.pdb
2		1ahsA.B99990022.pdb
3		1ahsA.B99990031.pdb

>>Clustering results - Representative structure - SpectralClustering
Cluster		File_Name
0		1ahsA.B99990027.pdb
1		1ahsA.B99990030.pdb

>>Clustering results - Representative structure - Ward
Cluster		File_Name
0		1ahsA.B99990027.pdb
1		1ahsA.B99990030.pdb
##############################################################################################

##############################################################################################
>>Clustering results - Representative structure - AffinityPropagation
Cluster		File_Name
0		1ahsA.B99990002
1		1ahsA.B99990003
2		1ahsA.B99990007
3		1ahsA.B99990011
4		1ahsA.B99990037
5		1ahsA.B99990050

>>Clustering results - Representative structure - DBSCAN
Cluster		File_Name
0		1ahsA.B99990027.pdb

>>Clustering results - Representative structure - KMeans
Cluster		File_Name
0		1ahsA.B99990006.pdb
1		1ahsA.B99990034.pdb
2		1ahsA.B99990008.pdb
3		1ahsA.B99990030.pdb
4		1ahsA.B99990022.pdb
5		1ahsA.B99990020.pdb
6		1ahsA.B99990037.pdb
7		1ahsA.B99990040.pdb
8		1ahsA.B99990049.pdb
9		1ahsA.B99990019.pdb

>>Clustering results - Representative structure - MeanShift
Cluster		File_Name
0		1ahsA.B99990027.pdb
1		1ahsA.B99990019.pdb

>>Clustering results - Representative structure - SpectralClustering
Cluster		File_Name
0		1ahsA.B99990049.pdb
1		1ahsA.B99990001.pdb
2		1ahsA.B99990022.pdb
3		1ahsA.B99990046.pdb
4		1ahsA.B99990019.pdb
5		1ahsA.B99990030.pdb
6		1ahsA.B99990020.pdb
7		1ahsA.B99990011.pdb
8		1ahsA.B99990009.pdb

>>Clustering results - Representative structure - Ward
Cluster		File_Name
0		1ahsA.B99990026.pdb
1		1ahsA.B99990007.pdb
2		1ahsA.B99990008.pdb
3		1ahsA.B99990030.pdb
4		1ahsA.B99990039.pdb
5		1ahsA.B99990049.pdb
6		1ahsA.B99990020.pdb
##############################################################################################