>> Summary of successfully produced model

Filename                          molpdf     DOPE score  DOPE-HR score    GA341 score Normalized DOPE score-----------------------------------------------------------------------------------------------------------
1au1A.B99990001.pdb            645.87640   -21247.06641   -19664.22656        1.00000       -1.73855
1au1A.B99990002.pdb            715.75696   -20952.72656   -18916.31055        1.00000       -1.61298
1au1A.B99990003.pdb            737.68774   -21079.49609   -19123.32422        1.00000       -1.66706
1au1A.B99990004.pdb            767.55768   -21027.92969   -18615.55273        1.00000       -1.64506
1au1A.B99990005.pdb            694.61603   -21178.50000   -19519.26367        1.00000       -1.70930
1au1A.B99990006.pdb            670.37506   -21122.94141   -19308.71484        1.00000       -1.68560
1au1A.B99990007.pdb            786.25989   -20799.16797   -18616.36914        0.99999       -1.54746
1au1A.B99990008.pdb            684.73059   -21281.22852   -19609.45312        1.00000       -1.75313
1au1A.B99990009.pdb            786.63831   -21182.57617   -19067.53906        1.00000       -1.71104
1au1A.B99990010.pdb            708.23340   -20928.07422   -19108.43359        1.00000       -1.60246
1au1A.B99990011.pdb            731.71564   -21042.47070   -19515.85352        0.99998       -1.65127
1au1A.B99990012.pdb            695.32245   -20923.90234   -18882.66016        1.00000       -1.60068
1au1A.B99990013.pdb            701.83386   -20939.09570   -18825.65625        0.99998       -1.60716
1au1A.B99990014.pdb            745.04694   -21307.02734   -19290.70312        1.00000       -1.76414
1au1A.B99990015.pdb            723.58813   -20947.52539   -19192.22852        0.99995       -1.61076
1au1A.B99990016.pdb            859.70300   -20958.86523   -18216.32422        1.00000       -1.61560
1au1A.B99990017.pdb            700.25891   -21183.62695   -19594.76562        1.00000       -1.71149
1au1A.B99990018.pdb            715.67322   -21302.09961   -20009.79102        0.99999       -1.76203
1au1A.B99990019.pdb            694.64087   -21097.21289   -19323.99609        1.00000       -1.67462
1au1A.B99990020.pdb            987.07202   -20521.20703   -17974.02344        1.00000       -1.42888
1au1A.B99990021.pdb            714.85156   -21076.12500   -19135.40625        1.00000       -1.66562
1au1A.B99990022.pdb            821.54584   -20732.65430   -18160.42773        1.00000       -1.51909
1au1A.B99990023.pdb            772.79138   -21115.13477   -18638.20508        1.00000       -1.68227
1au1A.B99990024.pdb            746.37164   -21167.78320   -19475.70703        1.00000       -1.70473
1au1A.B99990025.pdb            720.83392   -21205.40625   -19588.86133        0.99999       -1.72078
1au1A.B99990026.pdb            736.34326   -21070.06055   -19151.86914        0.99998       -1.66304
1au1A.B99990027.pdb            832.34674   -20925.56641   -18611.26562        1.00000       -1.60139
1au1A.B99990028.pdb            717.32208   -21284.26953   -19330.69336        1.00000       -1.75443
1au1A.B99990029.pdb            761.55969   -21088.71875   -18628.26758        0.99999       -1.67100
1au1A.B99990030.pdb            671.62897   -20782.51953   -18410.97461        0.99999       -1.54036
1au1A.B99990031.pdb            711.73688   -20976.23242   -19183.19336        0.99998       -1.62301
1au1A.B99990032.pdb            720.50677   -21206.25977   -19518.06250        0.99999       -1.72114
1au1A.B99990033.pdb            738.24640   -21205.88477   -19356.89648        0.99999       -1.72098
1au1A.B99990034.pdb            710.96027   -21301.56641   -19875.73828        1.00000       -1.76181
1au1A.B99990035.pdb            729.79657   -21088.38867   -19209.80273        0.99999       -1.67086
1au1A.B99990036.pdb            764.68988   -20874.13086   -18643.37891        1.00000       -1.57945
1au1A.B99990037.pdb            834.02057   -20948.13672   -18713.62500        1.00000       -1.61102
1au1A.B99990038.pdb            819.33984   -21008.26953   -19205.64453        1.00000       -1.63667
1au1A.B99990039.pdb            749.61096   -21045.08789   -19341.13672        1.00000       -1.65238
1au1A.B99990040.pdb            694.29803   -21160.26953   -19307.41211        1.00000       -1.70152
1au1A.B99990041.pdb            748.32556   -21095.38477   -19240.55469        0.99999       -1.67384
1au1A.B99990042.pdb            743.22174   -20859.52734   -18769.05859        1.00000       -1.57322
1au1A.B99990043.pdb            765.58936   -21272.00586   -19922.35938        1.00000       -1.74919
1au1A.B99990044.pdb            765.89392   -21189.42578   -19376.98633        1.00000       -1.71396
1au1A.B99990045.pdb            725.09094   -20905.69141   -19001.58008        1.00000       -1.59291
1au1A.B99990046.pdb            706.29828   -21152.30273   -19426.50781        0.99998       -1.69812
1au1A.B99990047.pdb            714.32074   -21194.42773   -19568.70898        1.00000       -1.71610
1au1A.B99990048.pdb            703.06354   -21167.40430   -19544.57031        0.99998       -1.70457
1au1A.B99990049.pdb            691.65179   -21180.95898   -19259.69531        0.99999       -1.71035
1au1A.B99990050.pdb            753.91260   -21031.28125   -18741.22266        1.00000       -1.64649

>> Top model results:
molpdf: 645.8764038085938 (file: 1au1A.B99990001.pdb)
DOPE score: -21307.02734375 (file: 1au1A.B99990014.pdb)
GA341 score: 0.9999485611915588 (file: 1au1A.B99990015.pdb)
Normalized DOPE score: -1.7641352059403235 (file: 1au1A.B99990014.pdb)

##############################################################################################
>>Clustering results - Representative structure - AffinityPropagation
Cluster		File_Name
0		1au1A.B99990012
1		1au1A.B99990022
2		1au1A.B99990024
3		1au1A.B99990035

>>Clustering results - Representative structure - DBSCAN
Cluster		File_Name
0		1au1A.B99990009.pdb
1		1au1A.B99990032.pdb
2		1au1A.B99990024.pdb
3		1au1A.B99990035.pdb
4		1au1A.B99990038.pdb

>>Clustering results - Representative structure - KMeans
Cluster		File_Name
0		1au1A.B99990039.pdb
1		1au1A.B99990035.pdb

>>Clustering results - Representative structure - MeanShift
Cluster		File_Name
0		1au1A.B99990030.pdb
1		1au1A.B99990035.pdb
2		1au1A.B99990024.pdb
3		1au1A.B99990020.pdb

>>Clustering results - Representative structure - SpectralClustering
Cluster		File_Name
0		1au1A.B99990039.pdb
1		1au1A.B99990035.pdb

>>Clustering results - Representative structure - Ward
Cluster		File_Name
0		1au1A.B99990039.pdb
1		1au1A.B99990035.pdb
##############################################################################################

##############################################################################################
>>Clustering results - Representative structure - AffinityPropagation
Cluster		File_Name
0		1au1A.B99990039

>>Clustering results - Representative structure - DBSCAN
Cluster		File_Name
0		1au1A.B99990002.pdb
1		1au1A.B99990039.pdb

>>Clustering results - Representative structure - KMeans
Cluster		File_Name
0		1au1A.B99990043.pdb
1		1au1A.B99990044.pdb
2		1au1A.B99990004.pdb
3		1au1A.B99990020.pdb
4		1au1A.B99990016.pdb
5		1au1A.B99990048.pdb
6		1au1A.B99990023.pdb
7		1au1A.B99990047.pdb
8		1au1A.B99990007.pdb
9		1au1A.B99990029.pdb

>>Clustering results - Representative structure - MeanShift
Cluster		File_Name
0		1au1A.B99990026.pdb
1		1au1A.B99990025.pdb
2		1au1A.B99990038.pdb
3		1au1A.B99990022.pdb

>>Clustering results - Representative structure - SpectralClustering
Cluster		File_Name
0		1au1A.B99990011.pdb
1		1au1A.B99990007.pdb
2		1au1A.B99990016.pdb
3		1au1A.B99990020.pdb
4		1au1A.B99990023.pdb
5		1au1A.B99990047.pdb
6		1au1A.B99990043.pdb
7		1au1A.B99990017.pdb
8		1au1A.B99990003.pdb
9		1au1A.B99990004.pdb

>>Clustering results - Representative structure - Ward
Cluster		File_Name
0		1au1A.B99990048.pdb
1		1au1A.B99990043.pdb
2		1au1A.B99990016.pdb
3		1au1A.B99990023.pdb
4		1au1A.B99990002.pdb
5		1au1A.B99990047.pdb
6		1au1A.B99990019.pdb
7		1au1A.B99990007.pdb
8		1au1A.B99990004.pdb
9		1au1A.B99990020.pdb
##############################################################################################