>> Summary of successfully produced model

Filename                          molpdf     DOPE score  DOPE-HR score    GA341 score Normalized DOPE score-----------------------------------------------------------------------------------------------------------
1aoa_.B99990001.pdb           1834.32031   -24624.17773   -21997.15234        1.00000       -0.25680
1aoa_.B99990002.pdb           1820.26550   -24414.73438   -21352.68750        1.00000       -0.19674
1aoa_.B99990003.pdb           1882.32971   -24144.64062   -20854.23633        1.00000       -0.11930
1aoa_.B99990004.pdb           1895.57458   -24261.82227   -21025.46875        1.00000       -0.15290
1aoa_.B99990005.pdb           1924.78418   -24676.38477   -21819.12109        1.00000       -0.27177
1aoa_.B99990006.pdb           1879.00891   -24650.34961   -20568.13086        1.00000       -0.26430
1aoa_.B99990007.pdb           2026.56250   -24140.66992   -20419.30664        1.00000       -0.11816
1aoa_.B99990008.pdb           1861.68225   -24381.40625   -21068.10742        1.00000       -0.18719
1aoa_.B99990009.pdb           2355.15894   -23707.45703   -18920.26172        1.00000        0.00605
1aoa_.B99990010.pdb           1931.95776   -23917.54102   -20558.24414        1.00000       -0.05419
1aoa_.B99990011.pdb           1962.80591   -24246.61133   -20499.59375        1.00000       -0.14854
1aoa_.B99990012.pdb           1860.97168   -24688.41406   -21400.83594        1.00000       -0.27522
1aoa_.B99990013.pdb           1874.59424   -25030.33203   -22037.50391        1.00000       -0.37325
1aoa_.B99990014.pdb           1854.31604   -24184.47461   -20882.25000        1.00000       -0.13072
1aoa_.B99990015.pdb           1903.40796   -24567.99219   -20710.91797        1.00000       -0.24069
1aoa_.B99990016.pdb           1743.80652   -24032.83203   -20894.16406        1.00000       -0.08724
1aoa_.B99990017.pdb           1970.10254   -24638.18359   -20815.28125        1.00000       -0.26081
1aoa_.B99990018.pdb           1908.72742   -24536.44336   -20523.49219        1.00000       -0.23164
1aoa_.B99990019.pdb           1896.98987   -24659.12695   -20761.69922        1.00000       -0.26682
1aoa_.B99990020.pdb           1891.52942   -24805.82031   -22229.35547        1.00000       -0.30888
1aoa_.B99990021.pdb           1976.52832   -24290.16211   -20134.56445        1.00000       -0.16103
1aoa_.B99990022.pdb           1820.13000   -23628.83594   -20319.31641        1.00000        0.02859
1aoa_.B99990023.pdb           1870.47534   -24894.38086   -20828.76953        1.00000       -0.33427
1aoa_.B99990024.pdb           1942.43481   -24413.04883   -19766.72656        1.00000       -0.19626
1aoa_.B99990025.pdb           1943.59839   -24099.77734   -19836.29492        1.00000       -0.10644
1aoa_.B99990026.pdb           1766.19702   -24933.62891   -22078.17383        1.00000       -0.34553
1aoa_.B99990027.pdb           1805.01282   -24200.55078   -20790.22852        1.00000       -0.13533
1aoa_.B99990028.pdb           1897.14771   -24704.94531   -20380.18945        1.00000       -0.27996
1aoa_.B99990029.pdb           1923.10120   -24868.40820   -21287.73438        1.00000       -0.32682
1aoa_.B99990030.pdb           1800.71033   -24480.79883   -21418.59766        1.00000       -0.21569
1aoa_.B99990031.pdb           1851.42615   -24562.92578   -21343.56836        1.00000       -0.23923
1aoa_.B99990032.pdb           1879.14160   -24548.70312   -21270.77734        1.00000       -0.23516
1aoa_.B99990033.pdb           1788.11157   -24456.39258   -21393.75000        1.00000       -0.20869
1aoa_.B99990034.pdb           1799.36035   -24736.76953   -21773.08008        1.00000       -0.28908
1aoa_.B99990035.pdb           1844.47913   -24420.40039   -20882.69141        1.00000       -0.19837
1aoa_.B99990036.pdb           1901.03845   -24638.89648   -21065.50781        1.00000       -0.26102
1aoa_.B99990037.pdb           1813.49805   -24738.06641   -21950.41602        1.00000       -0.28945
1aoa_.B99990038.pdb           1865.18457   -24229.58594   -20115.70898        1.00000       -0.14366
1aoa_.B99990039.pdb           1938.67249   -24365.66211   -21068.06641        1.00000       -0.18267
1aoa_.B99990040.pdb           1819.28149   -24440.33594   -21280.69336        1.00000       -0.20408
1aoa_.B99990041.pdb           1847.52307   -24202.17773   -21080.79688        1.00000       -0.13580
1aoa_.B99990042.pdb           1958.94653   -24419.63867   -21319.79883        1.00000       -0.19815
1aoa_.B99990043.pdb           1947.87927   -25127.78906   -21807.37695        1.00000       -0.40120
1aoa_.B99990044.pdb           1869.70239   -24360.45312   -21249.65234        1.00000       -0.18118
1aoa_.B99990045.pdb           2010.90674   -24649.07617   -20612.91602        1.00000       -0.26394
1aoa_.B99990046.pdb           1877.16919   -24217.99805   -21192.21289        1.00000       -0.14033
1aoa_.B99990047.pdb           1937.40955   -24572.90430   -20852.55078        1.00000       -0.24210
1aoa_.B99990048.pdb           2020.30737   -24469.39844   -21365.19141        1.00000       -0.21242
1aoa_.B99990049.pdb           1884.63123   -24259.91992   -20262.72852        1.00000       -0.15235
1aoa_.B99990050.pdb           1843.94922   -24772.94336   -22106.73242        1.00000       -0.29945

>> Top model results:
molpdf: 1743.8065185546875 (file: 1aoa_.B99990016.pdb)
DOPE score: -25127.7890625 (file: 1aoa_.B99990043.pdb)
GA341 score: 1.0 (file: 1aoa_.B99990010.pdb)
Normalized DOPE score: -0.40119616311274386 (file: 1aoa_.B99990043.pdb)

##############################################################################################
>>Clustering results - Representative structure - AffinityPropagation
Cluster		File_Name
0		1aoa_.B99990008
1		1aoa_.B99990020

>>Clustering results - Representative structure - DBSCAN
Cluster		File_Name
0		1aoa_.B99990004.pdb
1		1aoa_.B99990048.pdb
2		1aoa_.B99990018.pdb
3		1aoa_.B99990047.pdb

>>Clustering results - Representative structure - KMeans
Cluster		File_Name
0		1aoa_.B99990019.pdb
1		1aoa_.B99990027.pdb
2		1aoa_.B99990011.pdb
3		1aoa_.B99990026.pdb
4		1aoa_.B99990013.pdb
5		1aoa_.B99990018.pdb
6		1aoa_.B99990042.pdb
7		1aoa_.B99990034.pdb
8		1aoa_.B99990025.pdb
9		1aoa_.B99990007.pdb

>>Clustering results - Representative structure - MeanShift
Cluster		File_Name
0		1aoa_.B99990048.pdb
1		1aoa_.B99990013.pdb
2		1aoa_.B99990026.pdb
3		1aoa_.B99990011.pdb

>>Clustering results - Representative structure - SpectralClustering
Cluster		File_Name
0		1aoa_.B99990002.pdb
1		1aoa_.B99990021.pdb
2		1aoa_.B99990005.pdb

>>Clustering results - Representative structure - Ward
Cluster		File_Name
0		1aoa_.B99990042.pdb
1		1aoa_.B99990020.pdb
##############################################################################################

##############################################################################################
>>Clustering results - Representative structure - AffinityPropagation
Cluster		File_Name
0		1aoa_.B99990008

>>Clustering results - Representative structure - DBSCAN
Cluster		File_Name
0		1aoa_.B99990008.pdb

>>Clustering results - Representative structure - KMeans
Cluster		File_Name
0		1aoa_.B99990045.pdb
1		1aoa_.B99990020.pdb
2		1aoa_.B99990025.pdb
3		1aoa_.B99990009.pdb
4		1aoa_.B99990033.pdb

>>Clustering results - Representative structure - MeanShift
Cluster		File_Name
0		1aoa_.B99990017.pdb
1		1aoa_.B99990009.pdb
2		1aoa_.B99990007.pdb
3		1aoa_.B99990013.pdb

>>Clustering results - Representative structure - SpectralClustering
Cluster		File_Name
0		1aoa_.B99990006.pdb
1		1aoa_.B99990025.pdb

>>Clustering results - Representative structure - Ward
Cluster		File_Name
0		1aoa_.B99990044.pdb
1		1aoa_.B99990012.pdb
2		1aoa_.B99990021.pdb
3		1aoa_.B99990013.pdb
4		1aoa_.B99990002.pdb
5		1aoa_.B99990020.pdb
6		1aoa_.B99990042.pdb
7		1aoa_.B99990009.pdb
8		1aoa_.B99990007.pdb
9		1aoa_.B99990024.pdb
##############################################################################################