>> Summary of successfully produced model

Filename                          molpdf     DOPE score  DOPE-HR score    GA341 score Normalized DOPE score-----------------------------------------------------------------------------------------------------------
1aqb_.B99990001.pdb            857.19611   -18535.49609   -17524.59375        1.00000       -1.26061
1aqb_.B99990002.pdb            852.44940   -18572.63281   -17645.09180        1.00000       -1.27564
1aqb_.B99990003.pdb            853.21436   -18442.31445   -17479.31055        1.00000       -1.22290
1aqb_.B99990004.pdb            826.12714   -18564.17578   -17801.81055        1.00000       -1.27221
1aqb_.B99990005.pdb            835.56653   -18599.03516   -17629.77539        1.00000       -1.28632
1aqb_.B99990006.pdb            816.09125   -18467.41211   -17678.74219        1.00000       -1.23305
1aqb_.B99990007.pdb            892.19263   -18636.84180   -17815.97656        1.00000       -1.30162
1aqb_.B99990008.pdb            848.62933   -18646.89648   -17769.45117        1.00000       -1.30569
1aqb_.B99990009.pdb            899.43634   -18480.17773   -17476.62891        1.00000       -1.23822
1aqb_.B99990010.pdb            906.08881   -18367.69141   -17362.82227        1.00000       -1.19270
1aqb_.B99990011.pdb           1112.84863   -18041.68359   -16543.41406        1.00000       -1.06076
1aqb_.B99990012.pdb            974.17792   -18428.39258   -17464.83398        1.00000       -1.21726
1aqb_.B99990013.pdb            856.83813   -18412.58789   -17443.41211        1.00000       -1.21087
1aqb_.B99990014.pdb            823.21582   -18523.21484   -17618.77734        1.00000       -1.25564
1aqb_.B99990015.pdb            878.27466   -18512.28711   -17565.40820        1.00000       -1.25121
1aqb_.B99990016.pdb            872.81281   -18635.05078   -17775.29688        1.00000       -1.30090
1aqb_.B99990017.pdb            911.01569   -18431.96094   -17599.13086        1.00000       -1.21871
1aqb_.B99990018.pdb            940.15265   -18383.76172   -17354.68555        1.00000       -1.19920
1aqb_.B99990019.pdb            872.71191   -18441.67578   -17481.67578        1.00000       -1.22264
1aqb_.B99990020.pdb            890.51001   -18481.60547   -17596.91406        1.00000       -1.23880
1aqb_.B99990021.pdb            864.54193   -18417.05273   -17421.10547        1.00000       -1.21267
1aqb_.B99990022.pdb            819.06165   -18599.64844   -17858.46289        1.00000       -1.28657
1aqb_.B99990023.pdb            970.53754   -18379.02148   -17195.47266        1.00000       -1.19728
1aqb_.B99990024.pdb            845.25507   -18581.46484   -17608.14844        1.00000       -1.27921
1aqb_.B99990025.pdb            962.71942   -18517.14062   -17457.41211        1.00000       -1.25318
1aqb_.B99990026.pdb            856.61676   -18545.44727   -17851.82812        1.00000       -1.26463
1aqb_.B99990027.pdb            876.80859   -18440.44141   -17445.13672        1.00000       -1.22214
1aqb_.B99990028.pdb            957.42902   -18461.80859   -17362.63281        1.00000       -1.23079
1aqb_.B99990029.pdb            967.80627   -18339.76758   -17049.93359        1.00000       -1.18140
1aqb_.B99990030.pdb            853.11462   -18407.29883   -17449.80273        1.00000       -1.20873
1aqb_.B99990031.pdb            878.47021   -18333.00977   -17255.73828        1.00000       -1.17866
1aqb_.B99990032.pdb            895.12378   -18568.07422   -17603.27148        1.00000       -1.27379
1aqb_.B99990033.pdb            922.39545   -18364.38477   -17358.25000        1.00000       -1.19136
1aqb_.B99990034.pdb            888.02844   -18503.92383   -17276.32422        1.00000       -1.24783
1aqb_.B99990035.pdb            914.13422   -18539.36523   -17594.13086        1.00000       -1.26217
1aqb_.B99990036.pdb            838.51740   -18477.40430   -17498.28320        1.00000       -1.23710
1aqb_.B99990037.pdb            870.09052   -18488.18750   -17564.82422        1.00000       -1.24146
1aqb_.B99990038.pdb            831.17053   -18535.35352   -17593.49609        1.00000       -1.26055
1aqb_.B99990039.pdb            838.07751   -18659.39844   -17746.94922        1.00000       -1.31075
1aqb_.B99990040.pdb            950.77802   -18462.45508   -17359.30664        1.00000       -1.23105
1aqb_.B99990041.pdb            882.23700   -18454.11914   -17414.07031        1.00000       -1.22767
1aqb_.B99990042.pdb            851.83160   -18544.91602   -17730.03516        1.00000       -1.26442
1aqb_.B99990043.pdb            865.10980   -18575.50781   -17754.58984        1.00000       -1.27680
1aqb_.B99990044.pdb            846.81482   -18516.80078   -17522.15820        1.00000       -1.25304
1aqb_.B99990045.pdb            905.79926   -18425.65820   -17510.95117        1.00000       -1.21616
1aqb_.B99990046.pdb            922.18744   -18411.09375   -17097.67383        1.00000       -1.21026
1aqb_.B99990047.pdb            827.09064   -18558.17383   -17727.77148        1.00000       -1.26978
1aqb_.B99990048.pdb            845.60095   -18513.73242   -17488.16602        1.00000       -1.25180
1aqb_.B99990049.pdb            826.00366   -18495.87109   -17527.24414        1.00000       -1.24457
1aqb_.B99990050.pdb            839.02637   -18281.50781   -17173.93945        1.00000       -1.15782

>> Top model results:
molpdf: 816.0912475585938 (file: 1aqb_.B99990006.pdb)
DOPE score: -18659.3984375 (file: 1aqb_.B99990039.pdb)
GA341 score: 1.0 (file: 1aqb_.B99990001.pdb)
Normalized DOPE score: -1.3107488027626668 (file: 1aqb_.B99990039.pdb)

##############################################################################################
>>Clustering results - Representative structure - AffinityPropagation
Cluster		File_Name
0		1aqb_.B99990032
1		1aqb_.B99990034

>>Clustering results - Representative structure - DBSCAN
Cluster		File_Name
0		1aqb_.B99990013.pdb
1		1aqb_.B99990025.pdb

>>Clustering results - Representative structure - KMeans
Cluster		File_Name
0		1aqb_.B99990034.pdb
1		1aqb_.B99990032.pdb

>>Clustering results - Representative structure - MeanShift
Cluster		File_Name
0		1aqb_.B99990013.pdb
1		1aqb_.B99990032.pdb
2		1aqb_.B99990011.pdb

>>Clustering results - Representative structure - SpectralClustering
Cluster		File_Name
0		1aqb_.B99990034.pdb
1		1aqb_.B99990032.pdb

>>Clustering results - Representative structure - Ward
Cluster		File_Name
0		1aqb_.B99990034.pdb
1		1aqb_.B99990032.pdb
##############################################################################################

##############################################################################################
>>Clustering results - Representative structure - AffinityPropagation
Cluster		File_Name
0		1aqb_.B99990009

>>Clustering results - Representative structure - DBSCAN
Cluster		File_Name
0		1aqb_.B99990048.pdb
1		1aqb_.B99990027.pdb
2		1aqb_.B99990026.pdb
3		1aqb_.B99990040.pdb

>>Clustering results - Representative structure - KMeans
Cluster		File_Name
0		1aqb_.B99990009.pdb
1		1aqb_.B99990032.pdb

>>Clustering results - Representative structure - MeanShift
Cluster		File_Name
0		1aqb_.B99990020.pdb
1		1aqb_.B99990032.pdb
2		1aqb_.B99990011.pdb

>>Clustering results - Representative structure - SpectralClustering
Cluster		File_Name
0		1aqb_.B99990009.pdb
1		1aqb_.B99990032.pdb

>>Clustering results - Representative structure - Ward
Cluster		File_Name
0		1aqb_.B99990020.pdb
1		1aqb_.B99990032.pdb
2		1aqb_.B99990011.pdb
##############################################################################################