>> Summary of successfully produced model

Filename                          molpdf     DOPE score  DOPE-HR score    GA341 score Normalized DOPE score-----------------------------------------------------------------------------------------------------------
1agg_.B99990001.pdb            358.72217    -2528.30640    -1529.07861        1.00000        0.56904
1agg_.B99990002.pdb            323.27835    -2592.40088    -1632.82178        1.00000        0.47447
1agg_.B99990003.pdb            362.80087    -2624.71851    -1625.78027        1.00000        0.42679
1agg_.B99990004.pdb            367.09244    -2663.01538    -1816.69641        1.00000        0.37029
1agg_.B99990005.pdb            335.97287    -2584.29272    -1751.48474        1.00000        0.48644
1agg_.B99990006.pdb            346.71271    -2505.73779    -1487.88220        1.00000        0.60234
1agg_.B99990007.pdb            356.99902    -2540.01270    -1452.72046        0.99999        0.55177
1agg_.B99990008.pdb            334.66928    -2537.01587    -1695.31238        0.99999        0.55619
1agg_.B99990009.pdb            367.24982    -2521.13672    -1474.81750        1.00000        0.57962
1agg_.B99990010.pdb            335.00861    -2499.02905    -1565.10449        0.99999        0.61224
1agg_.B99990011.pdb            347.40536    -2533.71240    -1586.64075        0.99998        0.56107
1agg_.B99990012.pdb            344.74722    -2647.34106    -1792.18262        1.00000        0.39341
1agg_.B99990013.pdb            399.43149    -2584.25415    -1546.74719        0.99980        0.48649
1agg_.B99990014.pdb            385.89111    -2550.70483    -1515.32300        1.00000        0.53600
1agg_.B99990015.pdb            347.05386    -2499.19092    -1513.15002        1.00000        0.61200
1agg_.B99990016.pdb            367.53683    -2547.74878    -1600.90320        0.99999        0.54036
1agg_.B99990017.pdb            369.62860    -2458.31396    -1242.17078        1.00000        0.67231
1agg_.B99990018.pdb            331.25723    -2609.77271    -1758.61133        1.00000        0.44884
1agg_.B99990019.pdb            339.92270    -2656.53687    -1779.15369        1.00000        0.37985
1agg_.B99990020.pdb            373.11865    -2590.74072    -1677.59399        0.99997        0.47692
1agg_.B99990021.pdb            343.45120    -2593.81982    -1759.04761        1.00000        0.47238
1agg_.B99990022.pdb            354.49997    -2612.02759    -1764.49683        0.99998        0.44552
1agg_.B99990023.pdb            372.14719    -2586.92822    -1498.72913        1.00000        0.48255
1agg_.B99990024.pdb            352.87485    -2598.64380    -1538.37646        1.00000        0.46526
1agg_.B99990025.pdb            335.89960    -2607.52930    -1702.46582        0.99999        0.45215
1agg_.B99990026.pdb            384.15567    -2640.01587    -1697.36743        0.99998        0.40422
1agg_.B99990027.pdb            379.74921    -2592.69922    -1551.36572        1.00000        0.47403
1agg_.B99990028.pdb            338.17087    -2614.20679    -1801.12036        1.00000        0.44230
1agg_.B99990029.pdb            348.64886    -2546.60474    -1579.07385        0.99999        0.54204
1agg_.B99990030.pdb            385.22711    -2609.99780    -1812.26746        0.99998        0.44851
1agg_.B99990031.pdb            357.88425    -2570.88135    -1686.86377        0.99999        0.50623
1agg_.B99990032.pdb            349.66946    -2618.10645    -1758.93970        1.00000        0.43655
1agg_.B99990033.pdb            335.10782    -2661.91113    -1867.60400        1.00000        0.37192
1agg_.B99990034.pdb            348.49063    -2607.84302    -1728.49646        0.99998        0.45169
1agg_.B99990035.pdb            347.14264    -2531.15381    -1612.13818        0.99999        0.56484
1agg_.B99990036.pdb            374.12662    -2628.76709    -1826.82495        1.00000        0.42082
1agg_.B99990037.pdb            357.03552    -2684.21460    -1921.23376        1.00000        0.33901
1agg_.B99990038.pdb            366.91608    -2639.22119    -1656.36084        1.00000        0.40539
1agg_.B99990039.pdb            365.89841    -2656.26660    -1724.59766        1.00000        0.38024
1agg_.B99990040.pdb            367.07391    -2561.96313    -1540.78503        0.99998        0.51938
1agg_.B99990041.pdb            361.39636    -2589.17725    -1663.91138        0.99991        0.47923
1agg_.B99990042.pdb            381.38629    -2602.31641    -1749.33752        1.00000        0.45984
1agg_.B99990043.pdb            352.40335    -2627.40991    -1676.64282        1.00000        0.42282
1agg_.B99990044.pdb            352.59702    -2641.07959    -1653.17065        1.00000        0.40265
1agg_.B99990045.pdb            380.88916    -2596.05762    -1400.01526        0.99998        0.46908
1agg_.B99990046.pdb            329.19232    -2554.64819    -1649.43225        1.00000        0.53018
1agg_.B99990047.pdb            362.66632    -2618.79712    -1773.76416        0.99999        0.43553
1agg_.B99990048.pdb            371.45023    -2598.05518    -1543.27686        1.00000        0.46613
1agg_.B99990049.pdb            353.61734    -2655.94238    -1835.52454        1.00000        0.38072
1agg_.B99990050.pdb            377.53680    -2669.54590    -1762.76282        0.99999        0.36065

>> Top model results:
molpdf: 323.2783508300781 (file: 1agg_.B99990002.pdb)
DOPE score: -2684.214599609375 (file: 1agg_.B99990037.pdb)
GA341 score: 0.9998042583465576 (file: 1agg_.B99990013.pdb)
Normalized DOPE score: 0.33900831404888115 (file: 1agg_.B99990037.pdb)

##############################################################################################
>>Clustering results - Representative structure - AffinityPropagation
Cluster		File_Name
0		1agg_.B99990048

>>Clustering results - Representative structure - DBSCAN
Cluster		File_Name
0		1agg_.B99990041.pdb
1		1agg_.B99990023.pdb

>>Clustering results - Representative structure - KMeans
Cluster		File_Name
0		1agg_.B99990041.pdb
1		1agg_.B99990045.pdb

>>Clustering results - Representative structure - MeanShift
Cluster		File_Name
0		1agg_.B99990043.pdb
1		1agg_.B99990011.pdb
2		1agg_.B99990023.pdb
3		1agg_.B99990017.pdb
4		1agg_.B99990033.pdb

>>Clustering results - Representative structure - SpectralClustering
Cluster		File_Name
0		1agg_.B99990041.pdb
1		1agg_.B99990045.pdb

>>Clustering results - Representative structure - Ward
Cluster		File_Name
0		1agg_.B99990041.pdb
1		1agg_.B99990045.pdb
##############################################################################################

##############################################################################################
>>Clustering results - Representative structure - AffinityPropagation
Cluster		File_Name
0		1agg_.B99990014
1		1agg_.B99990034

>>Clustering results - Representative structure - DBSCAN
Cluster		File_Name
0		1agg_.B99990041.pdb

>>Clustering results - Representative structure - KMeans
Cluster		File_Name
0		1agg_.B99990029.pdb
1		1agg_.B99990044.pdb
2		1agg_.B99990045.pdb

>>Clustering results - Representative structure - MeanShift
Cluster		File_Name
0		1agg_.B99990041.pdb
1		1agg_.B99990045.pdb
2		1agg_.B99990017.pdb
3		1agg_.B99990050.pdb

>>Clustering results - Representative structure - SpectralClustering
Cluster		File_Name
0		1agg_.B99990041.pdb
1		1agg_.B99990045.pdb

>>Clustering results - Representative structure - Ward
Cluster		File_Name
0		1agg_.B99990032.pdb
1		1agg_.B99990045.pdb
2		1agg_.B99990011.pdb
##############################################################################################