>> Summary of successfully produced model

Filename                          molpdf     DOPE score  DOPE-HR score    GA341 score Normalized DOPE score-----------------------------------------------------------------------------------------------------------
1ae9A.B99990001.pdb           1031.58264    -6192.85645    -1408.20190        0.00000        3.79398
1ae9A.B99990002.pdb            618.87128    -6861.29102    -6515.93506        0.00000        3.51714
1ae9A.B99990003.pdb            582.77466    -6133.63135    -6253.12451        0.00000        3.81851
1ae9A.B99990004.pdb            618.63165    -6058.08496    -5950.98682        0.00000        3.84979
1ae9A.B99990005.pdb            618.34436    -5544.98828    -5124.57031        0.00000        4.06230
1ae9A.B99990006.pdb            618.25653    -6161.04004    -5963.09180        0.00000        3.80715
1ae9A.B99990007.pdb            591.53845    -6807.54688    -6760.10986        0.00000        3.53940
1ae9A.B99990008.pdb            602.32782    -6587.65771    -6629.77441        0.00000        3.63047
1ae9A.B99990009.pdb            746.77673    -6106.59961    -4339.18066        0.00000        3.82970
1ae9A.B99990010.pdb            573.89124    -6059.77051    -5939.97754        0.00000        3.84910
1ae9A.B99990011.pdb            596.00244    -6157.04053    -5667.03027        0.00000        3.80881
1ae9A.B99990012.pdb            774.36249    -7358.84668    -3298.76929        0.00000        3.31107
1ae9A.B99990013.pdb            669.18121    -7564.27783    -6444.62988        0.00000        3.22599
1ae9A.B99990014.pdb            597.64062    -6534.35791    -5702.18262        0.00000        3.65254
1ae9A.B99990015.pdb            565.09705    -6101.56836    -5027.23145        0.00000        3.83178
1ae9A.B99990016.pdb            843.55920    -5435.76514    -4158.17188        0.00000        4.10753
1ae9A.B99990017.pdb            700.89526    -5676.57373    -4243.68506        0.00000        4.00780
1ae9A.B99990018.pdb            649.29742    -7542.43848    -5589.04980        0.00000        3.23503
1ae9A.B99990019.pdb           1023.12805    -5565.56348     1525.28491        0.00000        4.05378
1ae9A.B99990020.pdb            678.67487    -5791.17334    -4431.33984        0.00000        3.96034
1ae9A.B99990021.pdb            674.34485    -6669.68408    -5770.11377        0.00000        3.59649
1ae9A.B99990022.pdb            567.26031    -6220.61816    -6157.08496        0.00000        3.78248
1ae9A.B99990023.pdb            542.57745    -6575.67822    -6474.02344        0.00000        3.63543
1ae9A.B99990024.pdb            646.00201    -6288.25391    -4674.77051        0.00000        3.75447
1ae9A.B99990025.pdb            716.90033    -5252.15771    -3691.70776        0.00000        4.18358
1ae9A.B99990026.pdb            599.88251    -5730.56445    -5734.56104        0.00000        3.98544
1ae9A.B99990027.pdb            575.58521    -6011.46582    -5840.16455        0.00000        3.86910
1ae9A.B99990028.pdb            604.62390    -5930.84619    -6012.77490        0.00000        3.90249
1ae9A.B99990029.pdb            695.61566    -5429.03906    -3624.51294        0.00000        4.11032
1ae9A.B99990030.pdb            651.19403    -6038.79932    -4461.72949        0.00000        3.85778
1ae9A.B99990031.pdb            611.96625    -6108.99170    -5790.34912        0.00000        3.82871
1ae9A.B99990032.pdb            581.78094    -5557.24756    -5678.48438        0.00000        4.05722
1ae9A.B99990033.pdb            645.01184    -6532.42578    -4963.16309        0.00000        3.65334
1ae9A.B99990034.pdb            580.08435    -6405.65576    -6231.84033        0.00000        3.70584
1ae9A.B99990035.pdb            788.51501    -5922.28027    -3114.46313        0.00000        3.90604
1ae9A.B99990036.pdb            867.95154    -5413.96436     -691.56677        0.00000        4.11656
1ae9A.B99990037.pdb            736.16718    -5551.36230    -4518.94385        0.00000        4.05966
1ae9A.B99990038.pdb            618.71552    -6704.62695    -6282.56250        0.00000        3.58202
1ae9A.B99990039.pdb            590.67865    -5537.68945    -5580.62012        0.00000        4.06532
1ae9A.B99990040.pdb            592.74811    -5389.00098    -5440.84912        0.00000        4.12690
1ae9A.B99990041.pdb            603.43164    -5934.83887    -5988.49512        0.00000        3.90084
1ae9A.B99990042.pdb            587.23779    -5934.59180    -5578.01904        0.00000        3.90094
1ae9A.B99990043.pdb            648.95746    -5916.99561    -6126.33936        0.00000        3.90823
1ae9A.B99990044.pdb            639.18005    -6783.75146    -5791.00049        0.00000        3.54925
1ae9A.B99990045.pdb            578.34369    -6446.34668    -6297.94678        0.00000        3.68899
1ae9A.B99990046.pdb            569.41443    -5555.01416    -5517.11719        0.00000        4.05815
1ae9A.B99990047.pdb            659.96533    -5673.79590    -5380.06787        0.00000        4.00895
1ae9A.B99990048.pdb            793.75629    -7418.33008    -3400.89917        0.00000        3.28643
1ae9A.B99990049.pdb            899.85413    -5317.29785    -1123.36633        0.00000        4.15660
1ae9A.B99990050.pdb            624.79626    -6397.52539    -4977.95654        0.00000        3.70921

>> Top model results:
molpdf: 542.5774536132812 (file: 1ae9A.B99990023.pdb)
DOPE score: -7564.27783203125 (file: 1ae9A.B99990013.pdb)
GA341 score: 0.0 (file: 1ae9A.B99990037.pdb)
Normalized DOPE score: 3.225987160443602 (file: 1ae9A.B99990013.pdb)

##############################################################################################
>>Clustering results - Representative structure - AffinityPropagation
Cluster		File_Name
0		1ae9A.B99990033

>>Clustering results - Representative structure - DBSCAN
Cluster		File_Name
0		1ae9A.B99990006.pdb
1		1ae9A.B99990020.pdb
2		1ae9A.B99990035.pdb

>>Clustering results - Representative structure - KMeans
Cluster		File_Name
0		1ae9A.B99990035.pdb
1		1ae9A.B99990011.pdb

>>Clustering results - Representative structure - MeanShift
Cluster		File_Name
0		1ae9A.B99990011.pdb
1		1ae9A.B99990016.pdb
2		1ae9A.B99990019.pdb
3		1ae9A.B99990012.pdb

>>Clustering results - Representative structure - SpectralClustering
Cluster		File_Name
0		1ae9A.B99990011.pdb
1		1ae9A.B99990035.pdb

>>Clustering results - Representative structure - Ward
Cluster		File_Name
0		1ae9A.B99990035.pdb
1		1ae9A.B99990006.pdb
##############################################################################################

##############################################################################################
>>Clustering results - Representative structure - AffinityPropagation
Cluster		File_Name
0		1ae9A.B99990001
1		1ae9A.B99990004
2		1ae9A.B99990012
3		1ae9A.B99990018
4		1ae9A.B99990019
5		1ae9A.B99990029
6		1ae9A.B99990030
7		1ae9A.B99990032
8		1ae9A.B99990036
9		1ae9A.B99990038
10		1ae9A.B99990048

>>Clustering results - Representative structure - DBSCAN
Cluster		File_Name
0		1ae9A.B99990027.pdb
1		1ae9A.B99990030.pdb

>>Clustering results - Representative structure - KMeans
Cluster		File_Name
0		1ae9A.B99990035.pdb
1		1ae9A.B99990011.pdb

>>Clustering results - Representative structure - MeanShift
Cluster		File_Name
0		1ae9A.B99990031.pdb
1		1ae9A.B99990012.pdb
2		1ae9A.B99990013.pdb
3		1ae9A.B99990036.pdb
4		1ae9A.B99990001.pdb

>>Clustering results - Representative structure - SpectralClustering
Cluster		File_Name
0		1ae9A.B99990012.pdb
1		1ae9A.B99990001.pdb
2		1ae9A.B99990015.pdb

>>Clustering results - Representative structure - Ward
Cluster		File_Name
0		1ae9A.B99990031.pdb
1		1ae9A.B99990035.pdb
##############################################################################################