>> Summary of successfully produced model

Filename                          molpdf     DOPE score  DOPE-HR score    GA341 score Normalized DOPE score-----------------------------------------------------------------------------------------------------------
1ajsA.B99990001.pdb           2015.44727   -48944.16797   -42826.07812        1.00000       -1.35795
1ajsA.B99990002.pdb           2093.96411   -48668.36328   -41399.68359        1.00000       -1.31054
1ajsA.B99990003.pdb           2087.01099   -48520.17578   -42137.70312        1.00000       -1.28506
1ajsA.B99990004.pdb           1883.29175   -49251.27734   -42754.41797        1.00000       -1.41074
1ajsA.B99990005.pdb           2048.88965   -48736.33984   -41643.98438        1.00000       -1.32222
1ajsA.B99990006.pdb           2101.14307   -48926.22656   -41857.55078        1.00000       -1.35486
1ajsA.B99990007.pdb           2046.73572   -48988.98047   -42435.14453        1.00000       -1.36565
1ajsA.B99990008.pdb           1840.76721   -48687.07812   -42217.78516        1.00000       -1.31375
1ajsA.B99990009.pdb           2285.58838   -48060.53906   -40813.07812        1.00000       -1.20605
1ajsA.B99990010.pdb           2081.04077   -48637.83984   -41256.03125        1.00000       -1.30529
1ajsA.B99990011.pdb           2099.63599   -47872.67578   -39920.07812        1.00000       -1.17376
1ajsA.B99990012.pdb           1983.67175   -48261.76562   -41043.09375        1.00000       -1.24064
1ajsA.B99990013.pdb           1871.16541   -48711.34766   -42272.70312        1.00000       -1.31793
1ajsA.B99990014.pdb           1996.65759   -48722.05078   -41520.45703        1.00000       -1.31977
1ajsA.B99990015.pdb           2225.47583   -48369.59766   -40779.58984        1.00000       -1.25918
1ajsA.B99990016.pdb           2047.19946   -48428.92578   -40782.01172        1.00000       -1.26938
1ajsA.B99990017.pdb           2037.55896   -48948.15625   -42400.08984        1.00000       -1.35863
1ajsA.B99990018.pdb           2013.68884   -48232.57031   -40510.72266        1.00000       -1.23563
1ajsA.B99990019.pdb           2379.05713   -48336.82422   -41477.53516        1.00000       -1.25355
1ajsA.B99990020.pdb           1942.28943   -48568.37109   -41276.32031        1.00000       -1.29335
1ajsA.B99990021.pdb           1905.85645   -48478.84766   -41807.72266        1.00000       -1.27796
1ajsA.B99990022.pdb           1905.80957   -48779.67188   -42112.10156        1.00000       -1.32967
1ajsA.B99990023.pdb           2275.01904   -48420.51172   -40426.35938        1.00000       -1.26793
1ajsA.B99990024.pdb           1908.48523   -49248.09766   -42632.14062        1.00000       -1.41019
1ajsA.B99990025.pdb           2156.91943   -48261.68750   -40658.24609        1.00000       -1.24063
1ajsA.B99990026.pdb           2123.16040   -48729.49609   -41344.73047        1.00000       -1.32105
1ajsA.B99990027.pdb           2136.55176   -48791.04297   -41888.55469        1.00000       -1.33163
1ajsA.B99990028.pdb           1966.50964   -48814.12500   -41936.25781        1.00000       -1.33559
1ajsA.B99990029.pdb           2354.37061   -48455.77734   -40297.39844        1.00000       -1.27399
1ajsA.B99990030.pdb           1975.41711   -49006.26172   -42546.38672        1.00000       -1.36862
1ajsA.B99990031.pdb           2084.61694   -48408.31641   -41645.06641        1.00000       -1.26584
1ajsA.B99990032.pdb           2024.13281   -48722.68359   -41475.38672        1.00000       -1.31988
1ajsA.B99990033.pdb           2061.21460   -49029.44141   -41773.23438        1.00000       -1.37261
1ajsA.B99990034.pdb           1808.43457   -48813.64453   -41968.30469        1.00000       -1.33551
1ajsA.B99990035.pdb           1940.59241   -49018.05859   -42763.82812        1.00000       -1.37065
1ajsA.B99990036.pdb           2087.83228   -48865.28516   -41861.12500        1.00000       -1.34439
1ajsA.B99990037.pdb           1986.44641   -48735.92969   -41732.39062        1.00000       -1.32215
1ajsA.B99990038.pdb           1952.37524   -48530.53125   -41499.46094        1.00000       -1.28684
1ajsA.B99990039.pdb           2042.81458   -48539.40625   -40536.17188        1.00000       -1.28837
1ajsA.B99990040.pdb           2421.79810   -48275.37891   -40635.54688        1.00000       -1.24298
1ajsA.B99990041.pdb           2060.83569   -48601.75391   -41385.08203        1.00000       -1.29909
1ajsA.B99990042.pdb           2309.11816   -49080.56641   -43163.96875        1.00000       -1.38139
1ajsA.B99990043.pdb           1873.23438   -49664.98828   -44003.65625        1.00000       -1.48185
1ajsA.B99990044.pdb           1890.80212   -48419.04688   -40851.40234        1.00000       -1.26768
1ajsA.B99990045.pdb           2089.26855   -48997.62891   -42861.24219        1.00000       -1.36714
1ajsA.B99990046.pdb           1980.35852   -48435.58984   -41064.89844        1.00000       -1.27052
1ajsA.B99990047.pdb           2051.62964   -48586.50781   -41668.25000        1.00000       -1.29647
1ajsA.B99990048.pdb           2108.72021   -48604.53516   -40967.19922        1.00000       -1.29957
1ajsA.B99990049.pdb           2034.25854   -48892.45703   -41649.43359        1.00000       -1.34906
1ajsA.B99990050.pdb           2123.84204   -49242.21484   -42448.98047        1.00000       -1.40918

>> Top model results:
molpdf: 1808.4345703125 (file: 1ajsA.B99990034.pdb)
DOPE score: -49664.98828125 (file: 1ajsA.B99990043.pdb)
GA341 score: 1.0 (file: 1ajsA.B99990002.pdb)
Normalized DOPE score: -1.481854408454221 (file: 1ajsA.B99990043.pdb)

##############################################################################################
>>Clustering results - Representative structure - AffinityPropagation
Cluster		File_Name
0		1ajsA.B99990009
1		1ajsA.B99990014
2		1ajsA.B99990021
3		1ajsA.B99990023
4		1ajsA.B99990038
5		1ajsA.B99990045
6		1ajsA.B99990049

>>Clustering results - Representative structure - DBSCAN
Cluster		File_Name
0		1ajsA.B99990045.pdb
1		1ajsA.B99990049.pdb
2		1ajsA.B99990006.pdb
3		1ajsA.B99990032.pdb
4		1ajsA.B99990048.pdb

>>Clustering results - Representative structure - KMeans
Cluster		File_Name
0		1ajsA.B99990039.pdb
1		1ajsA.B99990017.pdb

>>Clustering results - Representative structure - MeanShift
Cluster		File_Name
0		1ajsA.B99990039.pdb
1		1ajsA.B99990045.pdb
2		1ajsA.B99990038.pdb

>>Clustering results - Representative structure - SpectralClustering
Cluster		File_Name
0		1ajsA.B99990039.pdb
1		1ajsA.B99990017.pdb

>>Clustering results - Representative structure - Ward
Cluster		File_Name
0		1ajsA.B99990049.pdb
1		1ajsA.B99990023.pdb
2		1ajsA.B99990033.pdb
3		1ajsA.B99990045.pdb
4		1ajsA.B99990048.pdb
5		1ajsA.B99990006.pdb
6		1ajsA.B99990009.pdb
7		1ajsA.B99990024.pdb
8		1ajsA.B99990035.pdb
9		1ajsA.B99990004.pdb
##############################################################################################

##############################################################################################
>>Clustering results - Representative structure - AffinityPropagation
Cluster		File_Name
0		1ajsA.B99990035
1		1ajsA.B99990044

>>Clustering results - Representative structure - DBSCAN
Cluster		File_Name
0		1ajsA.B99990032.pdb

>>Clustering results - Representative structure - KMeans
Cluster		File_Name
0		1ajsA.B99990016.pdb
1		1ajsA.B99990049.pdb
2		1ajsA.B99990020.pdb
3		1ajsA.B99990050.pdb
4		1ajsA.B99990009.pdb

>>Clustering results - Representative structure - MeanShift
Cluster		File_Name
0		1ajsA.B99990005.pdb
1		1ajsA.B99990024.pdb
2		1ajsA.B99990009.pdb
3		1ajsA.B99990029.pdb

>>Clustering results - Representative structure - SpectralClustering
Cluster		File_Name
0		1ajsA.B99990020.pdb
1		1ajsA.B99990049.pdb
2		1ajsA.B99990009.pdb
3		1ajsA.B99990050.pdb
4		1ajsA.B99990016.pdb

>>Clustering results - Representative structure - Ward
Cluster		File_Name
0		1ajsA.B99990050.pdb
1		1ajsA.B99990016.pdb
2		1ajsA.B99990049.pdb
3		1ajsA.B99990020.pdb
4		1ajsA.B99990009.pdb
##############################################################################################