>> Summary of successfully produced model

Filename                          molpdf     DOPE score  DOPE-HR score    GA341 score Normalized DOPE score-----------------------------------------------------------------------------------------------------------
1agqA.B99990001.pdb            490.72107    -6693.13916    -6118.80811        1.00000        0.79052
1agqA.B99990002.pdb            527.56738    -6620.27051    -6063.66260        1.00000        0.84723
1agqA.B99990003.pdb            482.18140    -6666.51562    -6465.05713        1.00000        0.81124
1agqA.B99990004.pdb            506.15262    -6743.56641    -6184.52441        1.00000        0.75128
1agqA.B99990005.pdb            515.37341    -6711.06592    -6181.81348        1.00000        0.77657
1agqA.B99990006.pdb            531.45563    -6824.78613    -6487.41162        1.00000        0.68807
1agqA.B99990007.pdb            501.83347    -6711.42480    -6175.16162        1.00000        0.77629
1agqA.B99990008.pdb            534.60406    -6634.23291    -6138.12256        1.00000        0.83637
1agqA.B99990009.pdb            497.86383    -6702.47217    -6294.94336        1.00000        0.78326
1agqA.B99990010.pdb            523.62793    -6677.91406    -6178.07861        1.00000        0.80237
1agqA.B99990011.pdb            487.23685    -6759.04883    -6464.08789        1.00000        0.73923
1agqA.B99990012.pdb            492.53949    -6802.56836    -6484.56006        1.00000        0.70536
1agqA.B99990013.pdb            489.12430    -6732.45557    -6286.50488        1.00000        0.75992
1agqA.B99990014.pdb            506.46606    -6790.63428    -6356.50732        1.00000        0.71465
1agqA.B99990015.pdb            495.72217    -6692.01709    -6210.34326        1.00000        0.79140
1agqA.B99990016.pdb            487.36444    -6732.45508    -6492.64990        1.00000        0.75992
1agqA.B99990017.pdb            510.11789    -6771.24170    -6523.11914        1.00000        0.72974
1agqA.B99990018.pdb            511.72385    -6664.36621    -6331.49707        1.00000        0.81292
1agqA.B99990019.pdb            499.57394    -6756.86768    -6334.42773        1.00000        0.74093
1agqA.B99990020.pdb            541.52527    -6596.67334    -6182.52197        1.00000        0.86560
1agqA.B99990021.pdb            486.66748    -6742.42627    -6600.62354        1.00000        0.75216
1agqA.B99990022.pdb            493.18967    -6718.29150    -6363.88721        1.00000        0.77095
1agqA.B99990023.pdb            505.95389    -6752.65479    -6227.19141        1.00000        0.74420
1agqA.B99990024.pdb            510.61932    -6511.75049    -5860.07666        1.00000        0.93169
1agqA.B99990025.pdb            495.30420    -6786.32129    -6443.72217        1.00000        0.71800
1agqA.B99990026.pdb            503.20001    -6799.01904    -6123.01270        1.00000        0.70812
1agqA.B99990027.pdb            552.78949    -6781.61426    -6274.39209        1.00000        0.72167
1agqA.B99990028.pdb            520.26556    -6723.61377    -6420.79541        1.00000        0.76681
1agqA.B99990029.pdb            542.31293    -6678.52832    -6318.59033        1.00000        0.80189
1agqA.B99990030.pdb            487.51938    -6731.48730    -6277.12402        1.00000        0.76068
1agqA.B99990031.pdb            540.44214    -6609.89111    -6136.63574        1.00000        0.85531
1agqA.B99990032.pdb            584.81146    -6486.19775    -5827.08105        1.00000        0.95158
1agqA.B99990033.pdb            500.60541    -6736.73438    -6324.15332        1.00000        0.75659
1agqA.B99990034.pdb            917.03674    -6761.73633    -6315.51514        1.00000        0.73714
1agqA.B99990035.pdb            503.68970    -6607.28809    -6235.20947        1.00000        0.85734
1agqA.B99990036.pdb            484.37717    -6775.78955    -6505.36670        1.00000        0.72620
1agqA.B99990037.pdb            562.73474    -6586.29443    -5830.39258        1.00000        0.87368
1agqA.B99990038.pdb            542.95856    -6669.98438    -6104.14551        1.00000        0.80854
1agqA.B99990039.pdb            537.55542    -6658.59521    -6076.56934        1.00000        0.81741
1agqA.B99990040.pdb            523.51477    -6710.00342    -6415.42188        1.00000        0.77740
1agqA.B99990041.pdb            513.14746    -6707.76855    -6297.57373        1.00000        0.77914
1agqA.B99990042.pdb            525.40442    -6756.71387    -6292.75488        1.00000        0.74104
1agqA.B99990043.pdb            494.86902    -6636.89990    -6250.63525        1.00000        0.83429
1agqA.B99990044.pdb            540.91437    -6811.11182    -6355.31006        1.00000        0.69871
1agqA.B99990045.pdb            497.25433    -6633.48193    -6116.49951        1.00000        0.83695
1agqA.B99990046.pdb            489.70016    -6702.53223    -6326.33838        1.00000        0.78321
1agqA.B99990047.pdb            495.65787    -6744.81982    -6239.75439        1.00000        0.75030
1agqA.B99990048.pdb            494.56192    -6750.32568    -6462.94287        1.00000        0.74602
1agqA.B99990049.pdb            488.49927    -6774.87744    -6442.33301        1.00000        0.72691
1agqA.B99990050.pdb            475.28497    -6752.22021    -6346.57959        1.00000        0.74454

>> Top model results:
molpdf: 475.28497314453125 (file: 1agqA.B99990050.pdb)
DOPE score: -6824.7861328125 (file: 1agqA.B99990006.pdb)
GA341 score: 1.0 (file: 1agqA.B99990015.pdb)
Normalized DOPE score: 0.6880671706530239 (file: 1agqA.B99990006.pdb)

##############################################################################################
>>Clustering results - Representative structure - AffinityPropagation
Cluster		File_Name
0		1agqA.B99990026

>>Clustering results - Representative structure - DBSCAN
Cluster		File_Name
0		1agqA.B99990018.pdb
1		1agqA.B99990017.pdb
2		1agqA.B99990006.pdb

>>Clustering results - Representative structure - KMeans
Cluster		File_Name
0		1agqA.B99990017.pdb
1		1agqA.B99990018.pdb
2		1agqA.B99990010.pdb
3		1agqA.B99990034.pdb

>>Clustering results - Representative structure - MeanShift
Cluster		File_Name
0		1agqA.B99990018.pdb
1		1agqA.B99990017.pdb
2		1agqA.B99990010.pdb
3		1agqA.B99990034.pdb

>>Clustering results - Representative structure - SpectralClustering
Cluster		File_Name
0		1agqA.B99990018.pdb
1		1agqA.B99990017.pdb
2		1agqA.B99990010.pdb
3		1agqA.B99990034.pdb

>>Clustering results - Representative structure - Ward
Cluster		File_Name
0		1agqA.B99990018.pdb
1		1agqA.B99990017.pdb
2		1agqA.B99990010.pdb
3		1agqA.B99990034.pdb
##############################################################################################

##############################################################################################
>>Clustering results - Representative structure - AffinityPropagation
Cluster		File_Name
0		1agqA.B99990020
1		1agqA.B99990023

>>Clustering results - Representative structure - DBSCAN
Cluster		File_Name
0		1agqA.B99990005.pdb
1		1agqA.B99990023.pdb
2		1agqA.B99990007.pdb

>>Clustering results - Representative structure - KMeans
Cluster		File_Name
0		1agqA.B99990042.pdb
1		1agqA.B99990037.pdb
2		1agqA.B99990048.pdb
3		1agqA.B99990045.pdb
4		1agqA.B99990003.pdb
5		1agqA.B99990006.pdb
6		1agqA.B99990032.pdb
7		1agqA.B99990005.pdb

>>Clustering results - Representative structure - MeanShift
Cluster		File_Name
0		1agqA.B99990005.pdb
1		1agqA.B99990048.pdb
2		1agqA.B99990003.pdb
3		1agqA.B99990037.pdb
4		1agqA.B99990032.pdb
5		1agqA.B99990006.pdb

>>Clustering results - Representative structure - SpectralClustering
Cluster		File_Name
0		1agqA.B99990048.pdb
1		1agqA.B99990003.pdb
2		1agqA.B99990033.pdb
3		1agqA.B99990020.pdb

>>Clustering results - Representative structure - Ward
Cluster		File_Name
0		1agqA.B99990048.pdb
1		1agqA.B99990042.pdb
2		1agqA.B99990045.pdb
3		1agqA.B99990003.pdb
4		1agqA.B99990037.pdb
5		1agqA.B99990005.pdb
6		1agqA.B99990006.pdb
7		1agqA.B99990032.pdb
##############################################################################################