>> Summary of successfully produced model

Filename                          molpdf     DOPE score  DOPE-HR score    GA341 score Normalized DOPE score-----------------------------------------------------------------------------------------------------------
1ak5_.B99990001.pdb           2248.64404   -38759.21484   -37024.76953        1.00000       -1.33516
1ak5_.B99990002.pdb           2371.03076   -38750.34375   -36869.97266        1.00000       -1.33325
1ak5_.B99990003.pdb           2373.50854   -38629.44141   -36552.07422        1.00000       -1.30722
1ak5_.B99990004.pdb           2648.73901   -38653.14844   -36806.52344        1.00000       -1.31232
1ak5_.B99990005.pdb           2423.67969   -38472.67578   -36407.97656        1.00000       -1.27347
1ak5_.B99990006.pdb           2209.69043   -38882.51172   -37302.38281        1.00000       -1.36170
1ak5_.B99990007.pdb           2219.46777   -38974.90234   -37516.75781        1.00000       -1.38158
1ak5_.B99990008.pdb           2195.33472   -39035.47656   -37335.18359        1.00000       -1.39462
1ak5_.B99990009.pdb           2257.83398   -38925.49609   -37334.34375        1.00000       -1.37095
1ak5_.B99990010.pdb           2238.62476   -38926.08594   -37304.24609        1.00000       -1.37108
1ak5_.B99990011.pdb           2197.97485   -38972.01562   -37510.34375        1.00000       -1.38096
1ak5_.B99990012.pdb           2208.31909   -38995.05859   -37613.57812        1.00000       -1.38592
1ak5_.B99990013.pdb           2447.51294   -38563.86719   -35986.28125        1.00000       -1.29310
1ak5_.B99990014.pdb           2221.55176   -38834.23828   -37271.41797        1.00000       -1.35130
1ak5_.B99990015.pdb           2243.32251   -38809.26172   -36964.47266        1.00000       -1.34593
1ak5_.B99990016.pdb           2195.16626   -39047.03516   -37526.26562        1.00000       -1.39711
1ak5_.B99990017.pdb           2242.79663   -38981.66406   -37473.92969        1.00000       -1.38304
1ak5_.B99990018.pdb           2253.77441   -38970.62500   -37475.17578        1.00000       -1.38066
1ak5_.B99990019.pdb           2229.02173   -39022.38672   -37345.69141        1.00000       -1.39181
1ak5_.B99990020.pdb           2661.34253   -38799.48828   -37214.86328        1.00000       -1.34382
1ak5_.B99990021.pdb           2371.58472   -38676.53125   -36814.07812        1.00000       -1.31736
1ak5_.B99990022.pdb           2251.33374   -38725.33984   -37024.71484        1.00000       -1.32786
1ak5_.B99990023.pdb           2277.77759   -38755.78516   -37005.50391        1.00000       -1.33442
1ak5_.B99990024.pdb           2217.97144   -38906.69531   -37488.72656        1.00000       -1.36690
1ak5_.B99990025.pdb           2170.70581   -38881.68359   -37217.95703        1.00000       -1.36152
1ak5_.B99990026.pdb           2261.98730   -38730.84375   -36898.35547        1.00000       -1.32905
1ak5_.B99990027.pdb           2279.91577   -38772.38672   -36820.71875        1.00000       -1.33799
1ak5_.B99990028.pdb           2275.60815   -38828.39062   -36960.39844        1.00000       -1.35005
1ak5_.B99990029.pdb           2385.27026   -38894.83594   -37072.74609        1.00000       -1.36435
1ak5_.B99990030.pdb           2231.63135   -39025.44922   -37668.47656        1.00000       -1.39247
1ak5_.B99990031.pdb           2260.16992   -38877.50000   -37468.45312        1.00000       -1.36062
1ak5_.B99990032.pdb           2258.28247   -38804.89844   -36886.52344        1.00000       -1.34499
1ak5_.B99990033.pdb           2762.15552   -38869.99609   -37243.75391        1.00000       -1.35900
1ak5_.B99990034.pdb           2246.32104   -38994.91797   -37580.37891        1.00000       -1.38589
1ak5_.B99990035.pdb           2237.58154   -38818.24219   -37170.20312        1.00000       -1.34786
1ak5_.B99990036.pdb           2363.41577   -38920.10938   -37342.19531        1.00000       -1.36979
1ak5_.B99990037.pdb           2298.67456   -38970.66797   -37382.78516        1.00000       -1.38067
1ak5_.B99990038.pdb           2252.89380   -38979.26562   -37490.01172        1.00000       -1.38252
1ak5_.B99990039.pdb           2237.73755   -38769.77734   -36867.84766        1.00000       -1.33743
1ak5_.B99990040.pdb           2261.04712   -38827.02734   -36923.20312        1.00000       -1.34975
1ak5_.B99990041.pdb           2274.66016   -38859.66016   -37104.47656        1.00000       -1.35678
1ak5_.B99990042.pdb           2247.74829   -38944.06250   -37477.65625        1.00000       -1.37495
1ak5_.B99990043.pdb           2324.33862   -38886.56250   -37107.35156        1.00000       -1.36257
1ak5_.B99990044.pdb           2214.23486   -38823.73047   -37228.75781        1.00000       -1.34904
1ak5_.B99990045.pdb           2279.19580   -38942.84766   -36953.03125        1.00000       -1.37468
1ak5_.B99990046.pdb           2304.29102   -38645.27734   -37029.27344        1.00000       -1.31063
1ak5_.B99990047.pdb           2225.67114   -38956.60938   -37400.39453        1.00000       -1.37765
1ak5_.B99990048.pdb           2236.23462   -38833.22656   -37169.12109        1.00000       -1.35109
1ak5_.B99990049.pdb           2229.74219   -38961.25000   -37379.24219        1.00000       -1.37865
1ak5_.B99990050.pdb           2207.74170   -38955.46875   -37824.01953        1.00000       -1.37740

>> Top model results:
molpdf: 2170.705810546875 (file: 1ak5_.B99990025.pdb)
DOPE score: -39047.03515625 (file: 1ak5_.B99990016.pdb)
GA341 score: 1.0 (file: 1ak5_.B99990004.pdb)
Normalized DOPE score: -1.3971122515547183 (file: 1ak5_.B99990016.pdb)

##############################################################################################
>>Clustering results - Representative structure - AffinityPropagation
Cluster		File_Name
0		1ak5_.B99990037

>>Clustering results - Representative structure - DBSCAN
Cluster		File_Name
0		1ak5_.B99990001.pdb
1		1ak5_.B99990041.pdb
2		1ak5_.B99990022.pdb
3		1ak5_.B99990023.pdb

>>Clustering results - Representative structure - KMeans
Cluster		File_Name
0		1ak5_.B99990031.pdb
1		1ak5_.B99990034.pdb
2		1ak5_.B99990003.pdb
3		1ak5_.B99990017.pdb
4		1ak5_.B99990018.pdb
5		1ak5_.B99990010.pdb
6		1ak5_.B99990020.pdb
7		1ak5_.B99990002.pdb
8		1ak5_.B99990035.pdb

>>Clustering results - Representative structure - MeanShift
Cluster		File_Name
0		1ak5_.B99990048.pdb
1		1ak5_.B99990009.pdb
2		1ak5_.B99990020.pdb
3		1ak5_.B99990018.pdb

>>Clustering results - Representative structure - SpectralClustering
Cluster		File_Name
0		1ak5_.B99990009.pdb
1		1ak5_.B99990032.pdb

>>Clustering results - Representative structure - Ward
Cluster		File_Name
0		1ak5_.B99990005.pdb
1		1ak5_.B99990031.pdb
2		1ak5_.B99990035.pdb
3		1ak5_.B99990017.pdb
4		1ak5_.B99990002.pdb
5		1ak5_.B99990010.pdb
6		1ak5_.B99990003.pdb
7		1ak5_.B99990033.pdb
8		1ak5_.B99990034.pdb
9		1ak5_.B99990018.pdb
##############################################################################################

##############################################################################################
>>Clustering results - Representative structure - AffinityPropagation
Cluster		File_Name
0		1ak5_.B99990002
1		1ak5_.B99990004
2		1ak5_.B99990019
3		1ak5_.B99990022
4		1ak5_.B99990031
5		1ak5_.B99990040
6		1ak5_.B99990042

>>Clustering results - Representative structure - DBSCAN
Cluster		File_Name
0		1ak5_.B99990044.pdb

>>Clustering results - Representative structure - KMeans
Cluster		File_Name
0		1ak5_.B99990004.pdb
1		1ak5_.B99990038.pdb
2		1ak5_.B99990040.pdb
3		1ak5_.B99990042.pdb
4		1ak5_.B99990022.pdb
5		1ak5_.B99990002.pdb
6		1ak5_.B99990017.pdb
7		1ak5_.B99990031.pdb

>>Clustering results - Representative structure - MeanShift
Cluster		File_Name
0		1ak5_.B99990048.pdb
1		1ak5_.B99990010.pdb
2		1ak5_.B99990004.pdb
3		1ak5_.B99990018.pdb

>>Clustering results - Representative structure - SpectralClustering
Cluster		File_Name
0		1ak5_.B99990003.pdb
1		1ak5_.B99990015.pdb
2		1ak5_.B99990021.pdb
3		1ak5_.B99990005.pdb
4		1ak5_.B99990042.pdb
5		1ak5_.B99990011.pdb

>>Clustering results - Representative structure - Ward
Cluster		File_Name
0		1ak5_.B99990009.pdb
1		1ak5_.B99990004.pdb
2		1ak5_.B99990026.pdb
3		1ak5_.B99990019.pdb
4		1ak5_.B99990029.pdb
5		1ak5_.B99990021.pdb
6		1ak5_.B99990018.pdb
7		1ak5_.B99990038.pdb
8		1ak5_.B99990014.pdb
9		1ak5_.B99990001.pdb
##############################################################################################