>> Summary of successfully produced model

Filename                          molpdf     DOPE score  DOPE-HR score    GA341 score Normalized DOPE score-----------------------------------------------------------------------------------------------------------
1a7j_.B99990001.pdb           1568.97351   -23191.50195   -17926.80273        0.01132        0.94433
1a7j_.B99990002.pdb           1509.33765   -23186.68750   -17291.67578        0.01062        0.94555
1a7j_.B99990003.pdb           1558.85510   -22950.04688   -17236.90039        0.01190        1.00562
1a7j_.B99990004.pdb           1486.60095   -23363.36523   -18407.81836        0.01044        0.90070
1a7j_.B99990005.pdb           1614.37183   -22945.59180   -16997.37109        0.01041        1.00675
1a7j_.B99990006.pdb           1616.69800   -23154.16211   -17644.01367        0.01260        0.95381
1a7j_.B99990007.pdb           1710.91309   -22889.51367   -17212.71289        0.00875        1.02098
1a7j_.B99990008.pdb           1625.87891   -22727.41797   -16686.27734        0.00881        1.06213
1a7j_.B99990009.pdb           1464.03955   -23477.47852   -18165.19922        0.01245        0.87174
1a7j_.B99990010.pdb           1700.14221   -22352.45898   -16283.19434        0.00884        1.15731
1a7j_.B99990011.pdb           1672.28638   -22900.76562   -17016.85352        0.00889        1.01813
1a7j_.B99990012.pdb           1689.16394   -22833.13867   -17265.39062        0.00989        1.03529
1a7j_.B99990013.pdb           1440.35583   -23057.67188   -17536.85547        0.00986        0.97830
1a7j_.B99990014.pdb           1424.34448   -23216.78125   -17749.38281        0.00927        0.93791
1a7j_.B99990015.pdb           1547.23853   -22641.56445   -16519.25000        0.01100        1.08392
1a7j_.B99990016.pdb           1483.08899   -22882.41602   -17059.33594        0.00973        1.02279
1a7j_.B99990017.pdb           1556.39551   -22947.66602   -17510.12891        0.00895        1.00622
1a7j_.B99990018.pdb           1718.47644   -23107.35742   -17450.78125        0.01363        0.96569
1a7j_.B99990019.pdb           1675.94922   -23048.38672   -17735.36719        0.00808        0.98066
1a7j_.B99990020.pdb           1474.42493   -23124.90820   -17489.54102        0.00951        0.96123
1a7j_.B99990021.pdb           1390.79871   -23146.46680   -18096.32617        0.00733        0.95576
1a7j_.B99990022.pdb           1399.26660   -23246.74414   -17716.18945        0.00642        0.93030
1a7j_.B99990023.pdb           1562.56860   -23136.75391   -17514.64062        0.01135        0.95822
1a7j_.B99990024.pdb           1480.24158   -23221.73047   -17744.70703        0.01105        0.93665
1a7j_.B99990025.pdb           1503.63074   -22983.39648   -17746.67969        0.00948        0.99715
1a7j_.B99990026.pdb           1496.95496   -23029.64648   -17293.13281        0.00796        0.98541
1a7j_.B99990027.pdb           1505.12952   -23171.33398   -17734.77539        0.00720        0.94945
1a7j_.B99990028.pdb           1580.95947   -23022.50391   -17590.43750        0.01264        0.98723
1a7j_.B99990029.pdb           1686.76404   -23140.87695   -17749.76562        0.01175        0.95718
1a7j_.B99990030.pdb           1430.20496   -23165.40430   -17873.73047        0.00797        0.95095
1a7j_.B99990031.pdb           1486.40222   -23236.13086   -18083.86914        0.01037        0.93300
1a7j_.B99990032.pdb           1502.53589   -22971.79102   -16829.40430        0.00824        1.00010
1a7j_.B99990033.pdb           1581.51331   -22937.02930   -16929.49023        0.01063        1.00892
1a7j_.B99990034.pdb           1522.15125   -23174.32422   -18524.89062        0.01410        0.94869
1a7j_.B99990035.pdb           1662.20508   -22660.14453   -17174.02148        0.00685        1.07921
1a7j_.B99990036.pdb           1603.62683   -22192.71875   -15446.17676        0.00778        1.19786
1a7j_.B99990037.pdb           1512.59424   -22820.63281   -17074.27930        0.00962        1.03847
1a7j_.B99990038.pdb           1524.74268   -23117.00781   -17867.88477        0.00909        0.96324
1a7j_.B99990039.pdb           1530.87097   -23214.26562   -17521.10742        0.01157        0.93855
1a7j_.B99990040.pdb           1447.51270   -22843.14258   -17489.15820        0.00951        1.03276
1a7j_.B99990041.pdb           1486.83386   -22909.87695   -17724.96680        0.01384        1.01582
1a7j_.B99990042.pdb           1662.24377   -22945.69336   -17599.62500        0.01027        1.00672
1a7j_.B99990043.pdb           1584.93164   -22953.71289   -16942.50781        0.00659        1.00469
1a7j_.B99990044.pdb           1534.09521   -23350.38086   -18107.14648        0.00893        0.90400
1a7j_.B99990045.pdb           1465.03198   -22956.66602   -17268.97266        0.00819        1.00394
1a7j_.B99990046.pdb           1436.20276   -23103.82617   -17790.24219        0.00854        0.96658
1a7j_.B99990047.pdb           1555.81042   -23113.99609   -17802.78906        0.01477        0.96400
1a7j_.B99990048.pdb           1741.11169   -23314.76758   -18232.27734        0.00708        0.91304
1a7j_.B99990049.pdb           1511.44397   -23155.49805   -17853.59961        0.00848        0.95347
1a7j_.B99990050.pdb           1526.52991   -22904.98242   -17094.32617        0.00991        1.01706

>> Top model results:
molpdf: 1390.7987060546875 (file: 1a7j_.B99990021.pdb)
DOPE score: -23477.478515625 (file: 1a7j_.B99990009.pdb)
GA341 score: 0.006422450300306082 (file: 1a7j_.B99990022.pdb)
Normalized DOPE score: 0.8717350813877186 (file: 1a7j_.B99990009.pdb)

##############################################################################################
>>Clustering results - Representative structure - AffinityPropagation
Cluster		File_Name
0		1a7j_.B99990011
1		1a7j_.B99990029
2		1a7j_.B99990030
3		1a7j_.B99990032
4		1a7j_.B99990047
5		1a7j_.B99990048

>>Clustering results - Representative structure - DBSCAN
Cluster		File_Name
0		1a7j_.B99990025.pdb
1		1a7j_.B99990049.pdb
2		1a7j_.B99990030.pdb
3		1a7j_.B99990047.pdb
4		1a7j_.B99990015.pdb

>>Clustering results - Representative structure - KMeans
Cluster		File_Name
0		1a7j_.B99990002.pdb
1		1a7j_.B99990048.pdb

>>Clustering results - Representative structure - MeanShift
Cluster		File_Name
0		1a7j_.B99990002.pdb
1		1a7j_.B99990032.pdb
2		1a7j_.B99990011.pdb

>>Clustering results - Representative structure - SpectralClustering
Cluster		File_Name
0		1a7j_.B99990047.pdb
1		1a7j_.B99990015.pdb

>>Clustering results - Representative structure - Ward
Cluster		File_Name
0		1a7j_.B99990048.pdb
1		1a7j_.B99990002.pdb
##############################################################################################

##############################################################################################
>>Clustering results - Representative structure - AffinityPropagation
Cluster		File_Name
0		1a7j_.B99990004
1		1a7j_.B99990007
2		1a7j_.B99990010
3		1a7j_.B99990016
4		1a7j_.B99990040
5		1a7j_.B99990046
6		1a7j_.B99990049

>>Clustering results - Representative structure - DBSCAN
Cluster		File_Name
0		1a7j_.B99990019.pdb

>>Clustering results - Representative structure - KMeans
Cluster		File_Name
0		1a7j_.B99990029.pdb
1		1a7j_.B99990035.pdb

>>Clustering results - Representative structure - MeanShift
Cluster		File_Name
0		1a7j_.B99990019.pdb
1		1a7j_.B99990010.pdb

>>Clustering results - Representative structure - SpectralClustering
Cluster		File_Name
0		1a7j_.B99990019.pdb
1		1a7j_.B99990036.pdb

>>Clustering results - Representative structure - Ward
Cluster		File_Name
0		1a7j_.B99990024.pdb
1		1a7j_.B99990006.pdb
2		1a7j_.B99990036.pdb
3		1a7j_.B99990003.pdb
4		1a7j_.B99990007.pdb
##############################################################################################