>> Summary of successfully produced model

Filename                          molpdf     DOPE score  DOPE-HR score    GA341 score Normalized DOPE score-----------------------------------------------------------------------------------------------------------
1aoy_.B99990001.pdb            510.87405    -4462.47021    -3427.14673        0.02272        1.12869
1aoy_.B99990002.pdb            513.97925    -4385.23926    -3419.55200        0.03128        1.19881
1aoy_.B99990003.pdb            477.07880    -4643.19629    -3876.50635        0.04932        0.96460
1aoy_.B99990004.pdb            528.55225    -4570.04297    -3551.23853        0.04777        1.03102
1aoy_.B99990005.pdb            510.54453    -4437.87598    -3497.90430        0.02723        1.15102
1aoy_.B99990006.pdb            517.62732    -4404.88623    -3347.51685        0.03412        1.18098
1aoy_.B99990007.pdb            527.84186    -4241.69971    -2874.38110        0.06079        1.32914
1aoy_.B99990008.pdb            486.09964    -4490.85938    -3388.99683        0.02541        1.10291
1aoy_.B99990009.pdb            533.47827    -4609.15039    -3845.47705        0.03029        0.99551
1aoy_.B99990010.pdb            523.60358    -4443.45508    -3540.40161        0.04265        1.14596
1aoy_.B99990011.pdb            476.37064    -4549.04102    -3606.63770        0.03555        1.05009
1aoy_.B99990012.pdb            516.28131    -4461.42822    -3739.56934        0.03089        1.12964
1aoy_.B99990013.pdb            511.20953    -4298.15576    -3075.88843        0.02455        1.27788
1aoy_.B99990014.pdb            483.92755    -4417.03809    -3335.84790        0.03233        1.16994
1aoy_.B99990015.pdb            460.62540    -4347.99951    -3112.26318        0.02492        1.23263
1aoy_.B99990016.pdb            516.70563    -4362.33398    -3242.58325        0.02790        1.21961
1aoy_.B99990017.pdb            544.84045    -4466.00244    -3650.34033        0.04416        1.12548
1aoy_.B99990018.pdb            506.67773    -4300.80713    -3207.49341        0.03168        1.27548
1aoy_.B99990019.pdb            561.59222    -4097.47168    -2813.20532        0.02274        1.46010
1aoy_.B99990020.pdb            523.74695    -4222.64893    -2817.19800        0.02395        1.34644
1aoy_.B99990021.pdb            521.45709    -4502.51465    -3563.22656        0.03044        1.09233
1aoy_.B99990022.pdb            550.58234    -4300.47754    -3233.10986        0.03008        1.27578
1aoy_.B99990023.pdb            564.49603    -4412.02979    -3303.52344        0.02161        1.17449
1aoy_.B99990024.pdb            547.57819    -4424.84131    -3331.51880        0.01673        1.16286
1aoy_.B99990025.pdb            536.87872    -4381.25195    -3400.14282        0.02564        1.20243
1aoy_.B99990026.pdb            504.65320    -4377.62158    -3248.68164        0.03296        1.20573
1aoy_.B99990027.pdb            542.66034    -4466.59863    -3297.01733        0.06580        1.12494
1aoy_.B99990028.pdb            603.99060    -4309.65088    -3039.07251        0.04245        1.26745
1aoy_.B99990029.pdb            499.81851    -4629.90820    -3715.39600        0.03720        0.97666
1aoy_.B99990030.pdb            502.22311    -4270.31104    -2883.62354        0.04751        1.30317
1aoy_.B99990031.pdb            551.81543    -4470.26074    -3315.40845        0.03526        1.12162
1aoy_.B99990032.pdb            531.30261    -4401.62451    -3323.29785        0.02685        1.18394
1aoy_.B99990033.pdb            550.95337    -4570.30713    -3584.45337        0.03801        1.03078
1aoy_.B99990034.pdb            492.31689    -4433.88135    -3415.42114        0.03017        1.15465
1aoy_.B99990035.pdb            551.06763    -4014.10278    -2707.74097        0.04405        1.53579
1aoy_.B99990036.pdb            505.14960    -4435.65820    -3518.98242        0.03330        1.15304
1aoy_.B99990037.pdb            480.45538    -4477.24658    -3695.58398        0.02795        1.11527
1aoy_.B99990038.pdb            472.53104    -4534.80469    -3712.81348        0.01869        1.06301
1aoy_.B99990039.pdb            631.74628    -4308.11035    -3005.23804        0.03745        1.26885
1aoy_.B99990040.pdb            526.84692    -4475.25488    -3578.43481        0.05152        1.11708
1aoy_.B99990041.pdb            501.45441    -4237.06445    -3163.45337        0.03133        1.33335
1aoy_.B99990042.pdb            477.14542    -4537.53711    -3543.29907        0.02924        1.06053
1aoy_.B99990043.pdb            489.12918    -4379.04541    -3205.39331        0.03463        1.20444
1aoy_.B99990044.pdb            473.76126    -4433.87158    -3529.54883        0.02433        1.15466
1aoy_.B99990045.pdb            506.69397    -4417.00146    -3533.72925        0.02401        1.16998
1aoy_.B99990046.pdb            501.21991    -4493.52441    -3411.32520        0.02557        1.10050
1aoy_.B99990047.pdb            507.75690    -4339.10498    -3339.98535        0.03392        1.24070
1aoy_.B99990048.pdb            522.91034    -4312.48877    -3099.61865        0.01955        1.26487
1aoy_.B99990049.pdb            506.80066    -4378.50684    -3235.18848        0.02400        1.20493
1aoy_.B99990050.pdb            554.91052    -4291.82666    -3304.46631        0.02212        1.28363

>> Top model results:
molpdf: 460.6253967285156 (file: 1aoy_.B99990015.pdb)
DOPE score: -4643.1962890625 (file: 1aoy_.B99990003.pdb)
GA341 score: 0.016732141375541687 (file: 1aoy_.B99990024.pdb)
Normalized DOPE score: 0.9645976798633635 (file: 1aoy_.B99990003.pdb)

##############################################################################################
>>Clustering results - Representative structure - AffinityPropagation
Cluster		File_Name
0		1aoy_.B99990002

>>Clustering results - Representative structure - DBSCAN
Cluster		File_Name
0		1aoy_.B99990002.pdb
1		1aoy_.B99990045.pdb
2		1aoy_.B99990041.pdb

>>Clustering results - Representative structure - KMeans
Cluster		File_Name
0		1aoy_.B99990024.pdb
1		1aoy_.B99990050.pdb

>>Clustering results - Representative structure - MeanShift
Cluster		File_Name
0		1aoy_.B99990024.pdb
1		1aoy_.B99990041.pdb
2		1aoy_.B99990012.pdb
3		1aoy_.B99990035.pdb

>>Clustering results - Representative structure - SpectralClustering
Cluster		File_Name
0		1aoy_.B99990024.pdb
1		1aoy_.B99990041.pdb

>>Clustering results - Representative structure - Ward
Cluster		File_Name
0		1aoy_.B99990024.pdb
1		1aoy_.B99990050.pdb
##############################################################################################

##############################################################################################
>>Clustering results - Representative structure - AffinityPropagation
Cluster		File_Name
0		1aoy_.B99990024

>>Clustering results - Representative structure - DBSCAN
Cluster		File_Name
0		1aoy_.B99990024.pdb

>>Clustering results - Representative structure - KMeans
Cluster		File_Name
0		1aoy_.B99990038.pdb
1		1aoy_.B99990007.pdb
2		1aoy_.B99990002.pdb
3		1aoy_.B99990014.pdb
4		1aoy_.B99990050.pdb
5		1aoy_.B99990047.pdb
6		1aoy_.B99990035.pdb
7		1aoy_.B99990046.pdb
8		1aoy_.B99990004.pdb

>>Clustering results - Representative structure - MeanShift
Cluster		File_Name
0		1aoy_.B99990024.pdb
1		1aoy_.B99990020.pdb

>>Clustering results - Representative structure - SpectralClustering
Cluster		File_Name
0		1aoy_.B99990007.pdb
1		1aoy_.B99990005.pdb

>>Clustering results - Representative structure - Ward
Cluster		File_Name
0		1aoy_.B99990005.pdb
1		1aoy_.B99990007.pdb
##############################################################################################