>> Summary of successfully produced model

Filename                          molpdf     DOPE score  DOPE-HR score    GA341 score Normalized DOPE score-----------------------------------------------------------------------------------------------------------
1a8o_.B99990001.pdb            228.43195    -6324.00879    -6439.39062        1.00000       -2.53656
1a8o_.B99990002.pdb            254.72911    -6337.07080    -6328.17383        1.00000       -2.55058
1a8o_.B99990003.pdb            262.05151    -6176.69189    -6145.72070        1.00000       -2.37848
1a8o_.B99990004.pdb            246.25557    -6284.73291    -6170.79395        1.00000       -2.49442
1a8o_.B99990005.pdb            307.49023    -6194.64111    -6094.07764        1.00000       -2.39774
1a8o_.B99990006.pdb            257.22998    -6267.78467    -6180.53223        1.00000       -2.47623
1a8o_.B99990007.pdb            272.84293    -6315.19873    -6311.72900        1.00000       -2.52711
1a8o_.B99990008.pdb            251.75188    -6220.41846    -6120.28418        1.00000       -2.42540
1a8o_.B99990009.pdb            255.22185    -6177.87891    -6152.61719        1.00000       -2.37976
1a8o_.B99990010.pdb            237.13274    -6251.06543    -6183.17529        1.00000       -2.45829
1a8o_.B99990011.pdb            262.16711    -6211.35107    -6159.64062        1.00000       -2.41568
1a8o_.B99990012.pdb            282.38864    -6151.40430    -5966.81104        1.00000       -2.35135
1a8o_.B99990013.pdb            252.67186    -6128.33789    -5982.09326        1.00000       -2.32660
1a8o_.B99990014.pdb            253.64017    -6230.12451    -6142.08643        1.00000       -2.43582
1a8o_.B99990015.pdb            241.64320    -6308.14746    -6280.16650        1.00000       -2.51954
1a8o_.B99990016.pdb            324.97562    -6262.50000    -6097.58398        1.00000       -2.47056
1a8o_.B99990017.pdb            257.20120    -6233.70410    -6146.25146        1.00000       -2.43966
1a8o_.B99990018.pdb            254.16985    -6205.16211    -6095.84912        1.00000       -2.40903
1a8o_.B99990019.pdb            335.30893    -6261.75391    -6245.16504        1.00000       -2.46976
1a8o_.B99990020.pdb            245.36307    -6215.70850    -6224.92480        1.00000       -2.42035
1a8o_.B99990021.pdb            234.90660    -6273.98291    -6320.83594        1.00000       -2.48288
1a8o_.B99990022.pdb            262.17853    -5995.25879    -5739.09229        1.00000       -2.18380
1a8o_.B99990023.pdb            267.91901    -6206.78857    -6071.73828        1.00000       -2.41078
1a8o_.B99990024.pdb            263.55228    -6170.41992    -6020.91113        1.00000       -2.37175
1a8o_.B99990025.pdb            257.28708    -6094.46387    -5827.40967        1.00000       -2.29025
1a8o_.B99990026.pdb            239.78455    -6243.52295    -6171.99463        1.00000       -2.45020
1a8o_.B99990027.pdb            243.64404    -6161.48535    -5985.37256        1.00000       -2.36217
1a8o_.B99990028.pdb            280.89835    -6311.36865    -6323.65625        1.00000       -2.52300
1a8o_.B99990029.pdb            344.25290    -6045.89014    -5739.47119        1.00000       -2.23813
1a8o_.B99990030.pdb            303.21677    -6140.74512    -5823.27686        1.00000       -2.33991
1a8o_.B99990031.pdb            239.36897    -6306.51465    -6252.26953        1.00000       -2.51779
1a8o_.B99990032.pdb            234.08153    -6207.04004    -6106.93896        1.00000       -2.41105
1a8o_.B99990033.pdb            265.87653    -6331.04004    -6435.92432        1.00000       -2.54411
1a8o_.B99990034.pdb            286.83740    -6242.93555    -6064.78955        1.00000       -2.44957
1a8o_.B99990035.pdb            250.94563    -6264.15869    -6131.23145        1.00000       -2.47234
1a8o_.B99990036.pdb            283.72827    -6127.73047    -6008.61475        1.00000       -2.32595
1a8o_.B99990037.pdb            296.41537    -6315.61523    -6302.17969        1.00000       -2.52756
1a8o_.B99990038.pdb            251.80992    -6045.73535    -5796.83887        1.00000       -2.23796
1a8o_.B99990039.pdb            232.21591    -6187.12695    -6179.22607        1.00000       -2.38968
1a8o_.B99990040.pdb            295.56250    -6120.08154    -5980.17139        1.00000       -2.31774
1a8o_.B99990041.pdb            259.08658    -6089.60107    -5823.08691        1.00000       -2.28503
1a8o_.B99990042.pdb            242.16417    -6326.72754    -6324.21143        1.00000       -2.53948
1a8o_.B99990043.pdb            257.83017    -6208.16895    -6066.22754        1.00000       -2.41226
1a8o_.B99990044.pdb            247.97189    -6081.30811    -5817.78320        1.00000       -2.27613
1a8o_.B99990045.pdb            283.46936    -6262.82910    -6160.63525        1.00000       -2.47091
1a8o_.B99990046.pdb            239.83965    -6287.13037    -6266.90674        1.00000       -2.49699
1a8o_.B99990047.pdb            307.03741    -6176.74561    -5972.72412        1.00000       -2.37854
1a8o_.B99990048.pdb            273.04272    -6149.57910    -5918.43994        1.00000       -2.34939
1a8o_.B99990049.pdb            323.30081    -6161.35889    -5998.07275        1.00000       -2.36203
1a8o_.B99990050.pdb            249.51031    -6125.66211    -5902.46484        1.00000       -2.32373

>> Top model results:
molpdf: 228.43194580078125 (file: 1a8o_.B99990001.pdb)
DOPE score: -6337.07080078125 (file: 1a8o_.B99990002.pdb)
GA341 score: 1.0 (file: 1a8o_.B99990037.pdb)
Normalized DOPE score: -2.5505791285222674 (file: 1a8o_.B99990002.pdb)

##############################################################################################
>>Clustering results - Representative structure - AffinityPropagation
Cluster		File_Name
0		1a8o_.B99990023

>>Clustering results - Representative structure - DBSCAN
Cluster		File_Name
0		1a8o_.B99990011.pdb
1		1a8o_.B99990049.pdb

>>Clustering results - Representative structure - KMeans
Cluster		File_Name
0		1a8o_.B99990008.pdb
1		1a8o_.B99990005.pdb

>>Clustering results - Representative structure - MeanShift
Cluster		File_Name
0		1a8o_.B99990008.pdb
1		1a8o_.B99990005.pdb
2		1a8o_.B99990029.pdb

>>Clustering results - Representative structure - SpectralClustering
Cluster		File_Name
0		1a8o_.B99990008.pdb
1		1a8o_.B99990047.pdb

>>Clustering results - Representative structure - Ward
Cluster		File_Name
0		1a8o_.B99990008.pdb
1		1a8o_.B99990005.pdb
##############################################################################################

##############################################################################################
>>Clustering results - Representative structure - AffinityPropagation
Cluster		File_Name
0		1a8o_.B99990023

>>Clustering results - Representative structure - DBSCAN
Cluster		File_Name
0		1a8o_.B99990023.pdb

>>Clustering results - Representative structure - KMeans
Cluster		File_Name
0		1a8o_.B99990006.pdb
1		1a8o_.B99990036.pdb

>>Clustering results - Representative structure - MeanShift
Cluster		File_Name
0		1a8o_.B99990011.pdb
1		1a8o_.B99990030.pdb

>>Clustering results - Representative structure - SpectralClustering
Cluster		File_Name
0		1a8o_.B99990006.pdb
1		1a8o_.B99990036.pdb

>>Clustering results - Representative structure - Ward
Cluster		File_Name
0		1a8o_.B99990025.pdb
1		1a8o_.B99990002.pdb
2		1a8o_.B99990040.pdb
3		1a8o_.B99990008.pdb
4		1a8o_.B99990016.pdb
5		1a8o_.B99990029.pdb
##############################################################################################