>> Summary of successfully produced model

Filename                          molpdf     DOPE score  DOPE-HR score    GA341 score Normalized DOPE score-----------------------------------------------------------------------------------------------------------
1aoeA.B99990001.pdb           1417.37244   -18663.74609   -15699.80957        1.00000       -0.41981
1aoeA.B99990002.pdb           1245.20557   -18726.09180   -16294.08789        1.00000       -0.44280
1aoeA.B99990003.pdb           1277.12000   -18982.79102   -16803.30664        1.00000       -0.53749
1aoeA.B99990004.pdb           1311.98047   -18547.23242   -15943.86328        1.00000       -0.37683
1aoeA.B99990005.pdb           1209.66797   -18863.53125   -16525.20703        1.00000       -0.49350
1aoeA.B99990006.pdb           1343.63416   -18820.50195   -16452.70117        1.00000       -0.47763
1aoeA.B99990007.pdb           1321.49561   -18495.71680   -15738.96289        1.00000       -0.35783
1aoeA.B99990008.pdb           1249.16614   -18544.05469   -16173.45312        1.00000       -0.37566
1aoeA.B99990009.pdb           1254.81726   -18937.98438   -16589.49023        1.00000       -0.52096
1aoeA.B99990010.pdb           1376.77344   -18470.19727   -16193.28125        1.00000       -0.34841
1aoeA.B99990011.pdb           1303.28674   -18530.36719   -15888.24023        1.00000       -0.37061
1aoeA.B99990012.pdb           1440.99683   -18555.39258   -16082.37598        1.00000       -0.37984
1aoeA.B99990013.pdb           1338.63489   -18687.53516   -16246.49805        1.00000       -0.42858
1aoeA.B99990014.pdb           1268.15564   -18850.70898   -16087.28320        1.00000       -0.48877
1aoeA.B99990015.pdb           1392.52161   -19060.10352   -16726.12695        1.00000       -0.56601
1aoeA.B99990016.pdb           1357.29553   -18342.21289   -15650.27637        1.00000       -0.30120
1aoeA.B99990017.pdb           1307.93933   -18653.82227   -16209.17383        1.00000       -0.41615
1aoeA.B99990018.pdb           1319.68347   -18711.61328   -16213.66016        1.00000       -0.43746
1aoeA.B99990019.pdb           1287.85071   -18695.96094   -16057.01367        1.00000       -0.43169
1aoeA.B99990020.pdb           1304.19714   -18870.36914   -16136.76758        1.00000       -0.49602
1aoeA.B99990021.pdb           1310.72180   -18497.96289   -15801.51465        1.00000       -0.35866
1aoeA.B99990022.pdb           1296.88660   -18807.93555   -16304.33594        1.00000       -0.47299
1aoeA.B99990023.pdb           1428.27014   -18504.70312   -15853.00195        1.00000       -0.36114
1aoeA.B99990024.pdb           1310.81946   -18920.12695   -16126.58105        1.00000       -0.51438
1aoeA.B99990025.pdb           1345.65845   -18595.57031   -16396.90039        1.00000       -0.39466
1aoeA.B99990026.pdb           1240.20691   -18826.01758   -16416.60156        1.00000       -0.47966
1aoeA.B99990027.pdb           1270.30176   -18518.69531   -16208.29395        1.00000       -0.36630
1aoeA.B99990028.pdb           1277.92529   -18363.60547   -15893.47754        1.00000       -0.30910
1aoeA.B99990029.pdb           1247.72339   -18772.27930   -16375.83594        1.00000       -0.45984
1aoeA.B99990030.pdb           1377.64587   -18541.51562   -15963.56934        1.00000       -0.37472
1aoeA.B99990031.pdb           1317.31897   -18443.81641   -15999.62891        1.00000       -0.33868
1aoeA.B99990032.pdb           1317.79919   -18575.52734   -15737.66797        1.00000       -0.38727
1aoeA.B99990033.pdb           1549.00452   -18171.82617   -14936.69141        1.00000       -0.23836
1aoeA.B99990034.pdb           1351.11938   -18715.68164   -15982.71094        1.00000       -0.43896
1aoeA.B99990035.pdb           1443.54126   -18391.27148   -15288.83398        1.00000       -0.31930
1aoeA.B99990036.pdb           1369.55798   -18483.98047   -15994.18848        1.00000       -0.35350
1aoeA.B99990037.pdb           1329.04297   -18695.05664   -15851.02930        1.00000       -0.43136
1aoeA.B99990038.pdb           1411.72827   -18494.39844   -15657.24219        1.00000       -0.35734
1aoeA.B99990039.pdb           1273.16504   -18760.05469   -16100.15137        1.00000       -0.45533
1aoeA.B99990040.pdb           1268.07263   -18486.15234   -15643.05371        1.00000       -0.35430
1aoeA.B99990041.pdb           1310.66870   -18837.69141   -16250.96289        1.00000       -0.48397
1aoeA.B99990042.pdb           1245.12866   -18641.11328   -15986.12500        1.00000       -0.41146
1aoeA.B99990043.pdb           1307.99512   -18464.10742   -15828.45703        1.00000       -0.34617
1aoeA.B99990044.pdb           1313.76099   -18559.86523   -16142.52930        1.00000       -0.38149
1aoeA.B99990045.pdb           1338.63208   -18505.95703   -16052.27637        1.00000       -0.36160
1aoeA.B99990046.pdb           1441.23572   -18700.23047   -16138.09375        1.00000       -0.43326
1aoeA.B99990047.pdb           1379.59668   -18734.92188   -16484.30469        1.00000       -0.44606
1aoeA.B99990048.pdb           1328.94031   -18783.30078   -16463.11523        1.00000       -0.46391
1aoeA.B99990049.pdb           1488.16003   -18554.73633   -16077.98145        1.00000       -0.37960
1aoeA.B99990050.pdb           1249.50085   -18404.54297   -15850.88574        1.00000       -0.32420

>> Top model results:
molpdf: 1209.66796875 (file: 1aoeA.B99990005.pdb)
DOPE score: -19060.103515625 (file: 1aoeA.B99990015.pdb)
GA341 score: 1.0 (file: 1aoeA.B99990004.pdb)
Normalized DOPE score: -0.5660075170576853 (file: 1aoeA.B99990015.pdb)

##############################################################################################
>>Clustering results - Representative structure - AffinityPropagation
Cluster		File_Name
0		1aoeA.B99990004
1		1aoeA.B99990005
2		1aoeA.B99990010
3		1aoeA.B99990040
4		1aoeA.B99990047

>>Clustering results - Representative structure - DBSCAN
Cluster		File_Name
0		1aoeA.B99990017.pdb
1		1aoeA.B99990046.pdb

>>Clustering results - Representative structure - KMeans
Cluster		File_Name
0		1aoeA.B99990017.pdb
1		1aoeA.B99990005.pdb
2		1aoeA.B99990050.pdb

>>Clustering results - Representative structure - MeanShift
Cluster		File_Name
0		1aoeA.B99990013.pdb
1		1aoeA.B99990015.pdb
2		1aoeA.B99990046.pdb

>>Clustering results - Representative structure - SpectralClustering
Cluster		File_Name
0		1aoeA.B99990005.pdb
1		1aoeA.B99990017.pdb
2		1aoeA.B99990050.pdb

>>Clustering results - Representative structure - Ward
Cluster		File_Name
0		1aoeA.B99990017.pdb
1		1aoeA.B99990024.pdb
2		1aoeA.B99990050.pdb
3		1aoeA.B99990015.pdb
##############################################################################################

##############################################################################################
>>Clustering results - Representative structure - AffinityPropagation
Cluster		File_Name
0		1aoeA.B99990034

>>Clustering results - Representative structure - DBSCAN
Cluster		File_Name
0		1aoeA.B99990034.pdb

>>Clustering results - Representative structure - KMeans
Cluster		File_Name
0		1aoeA.B99990047.pdb
1		1aoeA.B99990024.pdb
2		1aoeA.B99990033.pdb
3		1aoeA.B99990001.pdb
4		1aoeA.B99990040.pdb
5		1aoeA.B99990015.pdb
6		1aoeA.B99990038.pdb

>>Clustering results - Representative structure - MeanShift
Cluster		File_Name
0		1aoeA.B99990027.pdb
1		1aoeA.B99990006.pdb
2		1aoeA.B99990033.pdb

>>Clustering results - Representative structure - SpectralClustering
Cluster		File_Name
0		1aoeA.B99990049.pdb
1		1aoeA.B99990037.pdb
2		1aoeA.B99990005.pdb

>>Clustering results - Representative structure - Ward
Cluster		File_Name
0		1aoeA.B99990019.pdb
1		1aoeA.B99990024.pdb
2		1aoeA.B99990015.pdb
3		1aoeA.B99990021.pdb
4		1aoeA.B99990001.pdb
5		1aoeA.B99990038.pdb
6		1aoeA.B99990033.pdb
##############################################################################################