>> Summary of successfully produced model

Filename                          molpdf     DOPE score  DOPE-HR score    GA341 score Normalized DOPE score-----------------------------------------------------------------------------------------------------------
1afrA.B99990001.pdb           1253.54297   -43472.76953   -43003.91016        1.00000       -2.11504
1afrA.B99990002.pdb           1243.68774   -43486.28906   -42785.98828        1.00000       -2.11782
1afrA.B99990003.pdb           1284.46313   -43434.22266   -42830.20312        1.00000       -2.10713
1afrA.B99990004.pdb           1263.07849   -43860.29297   -43647.66406        1.00000       -2.19459
1afrA.B99990005.pdb           1208.60535   -43494.05859   -42960.85547        1.00000       -2.11941
1afrA.B99990006.pdb           1245.15942   -43651.97656   -43139.12891        1.00000       -2.15183
1afrA.B99990007.pdb           1285.30579   -43552.51953   -43173.62500        1.00000       -2.13141
1afrA.B99990008.pdb           1263.84241   -43536.27344   -43165.97266        1.00000       -2.12808
1afrA.B99990009.pdb           1242.50183   -43609.53516   -43095.64844        1.00000       -2.14312
1afrA.B99990010.pdb           1238.13916   -43394.18750   -42744.41797        1.00000       -2.09891
1afrA.B99990011.pdb           1226.99390   -43401.87109   -42873.55078        1.00000       -2.10049
1afrA.B99990012.pdb           1291.54138   -43475.53516   -42832.93750        1.00000       -2.11561
1afrA.B99990013.pdb           1225.36389   -43445.14062   -42930.98047        1.00000       -2.10937
1afrA.B99990014.pdb           1231.10132   -43730.07031   -43494.32031        1.00000       -2.16786
1afrA.B99990015.pdb           1340.67078   -43493.25781   -42646.69922        1.00000       -2.11925
1afrA.B99990016.pdb           1207.16992   -43411.35547   -43062.84375        1.00000       -2.10243
1afrA.B99990017.pdb           1368.68469   -43288.18750   -42101.35938        1.00000       -2.07715
1afrA.B99990018.pdb           1260.61023   -43604.11328   -43063.38281        1.00000       -2.14200
1afrA.B99990019.pdb           1236.77026   -43382.05859   -43262.08203        1.00000       -2.09642
1afrA.B99990020.pdb           1223.94214   -43536.58203   -43093.10938        1.00000       -2.12814
1afrA.B99990021.pdb           1257.47192   -43214.80859   -42467.28125        1.00000       -2.06209
1afrA.B99990022.pdb           1214.34949   -43887.31641   -43537.10938        1.00000       -2.20014
1afrA.B99990023.pdb           1236.39746   -43887.97656   -43427.05469        1.00000       -2.20027
1afrA.B99990024.pdb           1232.70178   -43680.56641   -43241.18750        1.00000       -2.15770
1afrA.B99990025.pdb           1277.16553   -43688.57031   -43109.24609        1.00000       -2.15934
1afrA.B99990026.pdb           1220.27637   -43711.91797   -43536.25391        1.00000       -2.16413
1afrA.B99990027.pdb           1216.97681   -43799.51562   -43622.08984        1.00000       -2.18211
1afrA.B99990028.pdb           1259.83533   -43325.87891   -42552.07812        1.00000       -2.08489
1afrA.B99990029.pdb           1292.97986   -43603.96484   -43252.84766        1.00000       -2.14197
1afrA.B99990030.pdb           1239.27502   -43884.17188   -43419.92188        1.00000       -2.19949
1afrA.B99990031.pdb           1251.44214   -43700.21875   -43029.66016        1.00000       -2.16173
1afrA.B99990032.pdb           1212.80994   -43719.75781   -43309.45312        1.00000       -2.16574
1afrA.B99990033.pdb           1241.15637   -43525.46875   -42941.33984        1.00000       -2.12586
1afrA.B99990034.pdb           1292.09216   -43439.21094   -42747.76953        1.00000       -2.10815
1afrA.B99990035.pdb           1230.93787   -43629.51953   -43185.57031        1.00000       -2.14722
1afrA.B99990036.pdb           1346.99683   -43448.46484   -42537.74219        1.00000       -2.11005
1afrA.B99990037.pdb           1397.44739   -43418.89844   -42783.58594        1.00000       -2.10398
1afrA.B99990038.pdb           1456.82898   -43085.49219   -41687.92188        1.00000       -2.03554
1afrA.B99990039.pdb           1305.51074   -43366.25391   -42810.19141        1.00000       -2.09317
1afrA.B99990040.pdb           1287.11804   -43605.96094   -43075.90234        1.00000       -2.14238
1afrA.B99990041.pdb           1215.96753   -43701.16016   -43462.86719        1.00000       -2.16192
1afrA.B99990042.pdb           1278.80981   -43289.31250   -42725.86719        1.00000       -2.07738
1afrA.B99990043.pdb           1240.24792   -43663.86719   -43269.23828        1.00000       -2.15427
1afrA.B99990044.pdb           1292.11707   -43584.25391   -43142.85938        1.00000       -2.13793
1afrA.B99990045.pdb           1316.38342   -43511.79688   -42813.30469        1.00000       -2.12305
1afrA.B99990046.pdb           1309.78162   -43664.57422   -43050.39062        1.00000       -2.15441
1afrA.B99990047.pdb           1292.50195   -43264.56641   -42516.99219        1.00000       -2.07230
1afrA.B99990048.pdb           1317.56006   -43334.75391   -42736.43359        1.00000       -2.08671
1afrA.B99990049.pdb           1287.93457   -43526.85938   -42791.66797        1.00000       -2.12614
1afrA.B99990050.pdb           1305.93164   -43338.74609   -42508.30078        1.00000       -2.08753

>> Top model results:
molpdf: 1207.169921875 (file: 1afrA.B99990016.pdb)
DOPE score: -43887.9765625 (file: 1afrA.B99990023.pdb)
GA341 score: 1.0 (file: 1afrA.B99990050.pdb)
Normalized DOPE score: -2.2002740453316774 (file: 1afrA.B99990023.pdb)

##############################################################################################
>>Clustering results - Representative structure - AffinityPropagation
Cluster		File_Name
0		1afrA.B99990025

>>Clustering results - Representative structure - DBSCAN
Cluster		File_Name
0		1afrA.B99990010.pdb
1		1afrA.B99990046.pdb
2		1afrA.B99990038.pdb

>>Clustering results - Representative structure - KMeans
Cluster		File_Name
0		1afrA.B99990010.pdb
1		1afrA.B99990046.pdb
2		1afrA.B99990038.pdb

>>Clustering results - Representative structure - MeanShift
Cluster		File_Name
0		1afrA.B99990010.pdb
1		1afrA.B99990046.pdb
2		1afrA.B99990038.pdb

>>Clustering results - Representative structure - SpectralClustering
Cluster		File_Name
0		1afrA.B99990010.pdb
1		1afrA.B99990045.pdb

>>Clustering results - Representative structure - Ward
Cluster		File_Name
0		1afrA.B99990010.pdb
1		1afrA.B99990046.pdb
2		1afrA.B99990038.pdb
##############################################################################################

##############################################################################################
>>Clustering results - Representative structure - AffinityPropagation
Cluster		File_Name
0		1afrA.B99990007

>>Clustering results - Representative structure - DBSCAN
Cluster		File_Name
0		1afrA.B99990013.pdb
1		1afrA.B99990007.pdb

>>Clustering results - Representative structure - KMeans
Cluster		File_Name
0		1afrA.B99990034.pdb
1		1afrA.B99990001.pdb
2		1afrA.B99990024.pdb
3		1afrA.B99990038.pdb
4		1afrA.B99990050.pdb
5		1afrA.B99990029.pdb
6		1afrA.B99990017.pdb
7		1afrA.B99990027.pdb
8		1afrA.B99990023.pdb

>>Clustering results - Representative structure - MeanShift
Cluster		File_Name
0		1afrA.B99990033.pdb
1		1afrA.B99990045.pdb
2		1afrA.B99990038.pdb
3		1afrA.B99990004.pdb

>>Clustering results - Representative structure - SpectralClustering
Cluster		File_Name
0		1afrA.B99990034.pdb
1		1afrA.B99990038.pdb
2		1afrA.B99990009.pdb
3		1afrA.B99990017.pdb
4		1afrA.B99990024.pdb
5		1afrA.B99990042.pdb
6		1afrA.B99990001.pdb
7		1afrA.B99990036.pdb
8		1afrA.B99990023.pdb

>>Clustering results - Representative structure - Ward
Cluster		File_Name
0		1afrA.B99990006.pdb
1		1afrA.B99990050.pdb
2		1afrA.B99990034.pdb
3		1afrA.B99990038.pdb
4		1afrA.B99990023.pdb
5		1afrA.B99990029.pdb
6		1afrA.B99990013.pdb
7		1afrA.B99990017.pdb
8		1afrA.B99990027.pdb
9		1afrA.B99990041.pdb
##############################################################################################