>> Summary of successfully produced model

Filename                          molpdf     DOPE score  DOPE-HR score    GA341 score Normalized DOPE score-----------------------------------------------------------------------------------------------------------
1a8d_.B99990001.pdb           2789.75854   -53563.97656   -49971.85938        1.00000       -1.05904
1a8d_.B99990002.pdb           2776.56641   -53600.10938   -50020.83203        1.00000       -1.06470
1a8d_.B99990003.pdb           2909.06812   -53517.25000   -49769.98047        1.00000       -1.05172
1a8d_.B99990004.pdb           2699.61694   -53602.23828   -50245.67578        1.00000       -1.06503
1a8d_.B99990005.pdb           2365.69531   -53830.54688   -51269.24219        1.00000       -1.10081
1a8d_.B99990006.pdb           2560.33398   -53686.18359   -50661.15234        1.00000       -1.07819
1a8d_.B99990007.pdb           2463.67139   -53555.62891   -50391.50000        1.00000       -1.05773
1a8d_.B99990008.pdb           2503.89185   -53794.13672   -50803.46484        1.00000       -1.09510
1a8d_.B99990009.pdb           2465.85034   -53791.63672   -50842.08594        1.00000       -1.09471
1a8d_.B99990010.pdb           2594.27710   -53772.56641   -51304.17578        1.00000       -1.09172
1a8d_.B99990011.pdb           2511.05249   -53552.56250   -50518.84766        1.00000       -1.05725
1a8d_.B99990012.pdb           2825.83862   -53642.11328   -50125.24219        1.00000       -1.07128
1a8d_.B99990013.pdb           2556.83032   -53779.17969   -50353.32031        1.00000       -1.09276
1a8d_.B99990014.pdb           2911.92725   -53053.75000   -49099.43359        1.00000       -0.97909
1a8d_.B99990015.pdb           2660.21704   -53581.40625   -50304.74609        1.00000       -1.06177
1a8d_.B99990016.pdb           2820.09521   -53854.19531   -50807.82422        1.00000       -1.10451
1a8d_.B99990017.pdb           2501.05273   -53994.39453   -51022.53516        1.00000       -1.12648
1a8d_.B99990018.pdb           2583.75757   -53776.87891   -50778.88281        1.00000       -1.09240
1a8d_.B99990019.pdb           2665.82202   -53341.05078   -49686.76953        1.00000       -1.02411
1a8d_.B99990020.pdb           2428.12573   -53800.81250   -50937.25781        1.00000       -1.09615
1a8d_.B99990021.pdb           2538.27832   -53915.58203   -50902.15234        1.00000       -1.11413
1a8d_.B99990022.pdb           2514.01099   -53764.63672   -50609.17969        1.00000       -1.09048
1a8d_.B99990023.pdb           2657.80615   -53813.73047   -50720.23828        1.00000       -1.09817
1a8d_.B99990024.pdb           2545.28833   -53627.21094   -50453.16406        1.00000       -1.06895
1a8d_.B99990025.pdb           2449.54297   -53947.76562   -51314.53516        1.00000       -1.11917
1a8d_.B99990026.pdb           2590.56006   -53703.87891   -50533.15625        1.00000       -1.08096
1a8d_.B99990027.pdb           2472.33911   -53773.68359   -50816.75781        1.00000       -1.09190
1a8d_.B99990028.pdb           2457.06519   -53611.81250   -50578.90234        1.00000       -1.06653
1a8d_.B99990029.pdb           2528.92310   -53646.24609   -50687.37891        1.00000       -1.07193
1a8d_.B99990030.pdb           2591.24048   -53787.94531   -50723.37891        1.00000       -1.09413
1a8d_.B99990031.pdb           2570.52417   -53697.16016   -50926.43359        1.00000       -1.07991
1a8d_.B99990032.pdb           2504.09424   -53721.44922   -50538.95703        1.00000       -1.08371
1a8d_.B99990033.pdb           2505.50464   -53771.05469   -51058.94141        1.00000       -1.09149
1a8d_.B99990034.pdb           2442.45581   -53803.21094   -51126.90234        1.00000       -1.09652
1a8d_.B99990035.pdb           2789.75464   -53453.74609   -49842.52734        1.00000       -1.04177
1a8d_.B99990036.pdb           2578.53687   -53838.25391   -50946.24219        1.00000       -1.10201
1a8d_.B99990037.pdb           2586.62988   -53664.18750   -50346.17969        1.00000       -1.07474
1a8d_.B99990038.pdb           2603.79126   -53966.94141   -50716.80469        1.00000       -1.12218
1a8d_.B99990039.pdb           2887.43066   -53276.15234   -49367.82812        1.00000       -1.01394
1a8d_.B99990040.pdb           2829.89282   -53939.49609   -50408.00000        1.00000       -1.11788
1a8d_.B99990041.pdb           2482.16162   -53702.44922   -51021.68359        1.00000       -1.08074
1a8d_.B99990042.pdb           2468.15332   -53551.18359   -50483.39844        1.00000       -1.05703
1a8d_.B99990043.pdb           2477.21118   -53709.42188   -50541.18359        1.00000       -1.08183
1a8d_.B99990044.pdb           2647.21167   -53626.97266   -50458.19141        1.00000       -1.06891
1a8d_.B99990045.pdb           2522.25977   -53890.51562   -50960.35938        1.00000       -1.11020
1a8d_.B99990046.pdb           2572.15747   -53653.41797   -50386.62891        1.00000       -1.07305
1a8d_.B99990047.pdb           2477.66309   -53982.91797   -51483.28516        1.00000       -1.12468
1a8d_.B99990048.pdb           2548.33252   -53606.24609   -50473.60938        1.00000       -1.06566
1a8d_.B99990049.pdb           2657.44849   -53577.05078   -50283.58203        1.00000       -1.06109
1a8d_.B99990050.pdb           2600.82935   -53603.24609   -50317.53906        1.00000       -1.06519

>> Top model results:
molpdf: 2365.6953125 (file: 1a8d_.B99990005.pdb)
DOPE score: -53994.39453125 (file: 1a8d_.B99990017.pdb)
GA341 score: 1.0 (file: 1a8d_.B99990008.pdb)
Normalized DOPE score: -1.1264790110516973 (file: 1a8d_.B99990017.pdb)

##############################################################################################
>>Clustering results - Representative structure - AffinityPropagation
Cluster		File_Name
0		1a8d_.B99990026

>>Clustering results - Representative structure - DBSCAN
Cluster		File_Name
0		1a8d_.B99990026.pdb
1		1a8d_.B99990041.pdb
2		1a8d_.B99990006.pdb
3		1a8d_.B99990035.pdb

>>Clustering results - Representative structure - KMeans
Cluster		File_Name
0		1a8d_.B99990029.pdb
1		1a8d_.B99990041.pdb
2		1a8d_.B99990035.pdb
3		1a8d_.B99990013.pdb
4		1a8d_.B99990006.pdb
5		1a8d_.B99990002.pdb
6		1a8d_.B99990012.pdb
7		1a8d_.B99990044.pdb
8		1a8d_.B99990004.pdb
9		1a8d_.B99990043.pdb

>>Clustering results - Representative structure - MeanShift
Cluster		File_Name
0		1a8d_.B99990024.pdb
1		1a8d_.B99990006.pdb
2		1a8d_.B99990016.pdb
3		1a8d_.B99990044.pdb

>>Clustering results - Representative structure - SpectralClustering
Cluster		File_Name
0		1a8d_.B99990023.pdb
1		1a8d_.B99990024.pdb

>>Clustering results - Representative structure - Ward
Cluster		File_Name
0		1a8d_.B99990019.pdb
1		1a8d_.B99990013.pdb
2		1a8d_.B99990021.pdb
3		1a8d_.B99990041.pdb
4		1a8d_.B99990002.pdb
5		1a8d_.B99990012.pdb
6		1a8d_.B99990044.pdb
7		1a8d_.B99990004.pdb
8		1a8d_.B99990029.pdb
##############################################################################################

##############################################################################################
>>Clustering results - Representative structure - AffinityPropagation
Cluster		File_Name
0		1a8d_.B99990026

>>Clustering results - Representative structure - DBSCAN
Cluster		File_Name
0		1a8d_.B99990026.pdb

>>Clustering results - Representative structure - KMeans
Cluster		File_Name
0		1a8d_.B99990029.pdb
1		1a8d_.B99990007.pdb
2		1a8d_.B99990019.pdb
3		1a8d_.B99990017.pdb
4		1a8d_.B99990033.pdb
5		1a8d_.B99990014.pdb
6		1a8d_.B99990023.pdb
7		1a8d_.B99990030.pdb
8		1a8d_.B99990004.pdb

>>Clustering results - Representative structure - MeanShift
Cluster		File_Name
0		1a8d_.B99990031.pdb
1		1a8d_.B99990035.pdb
2		1a8d_.B99990029.pdb
3		1a8d_.B99990014.pdb

>>Clustering results - Representative structure - SpectralClustering
Cluster		File_Name
0		1a8d_.B99990013.pdb
1		1a8d_.B99990019.pdb

>>Clustering results - Representative structure - Ward
Cluster		File_Name
0		1a8d_.B99990035.pdb
1		1a8d_.B99990031.pdb
##############################################################################################