>> Summary of successfully produced model

Filename                          molpdf     DOPE score  DOPE-HR score    GA341 score Normalized DOPE score-----------------------------------------------------------------------------------------------------------
1awcB.B99990001.pdb            742.93665    -4679.25342    -2358.55493        0.00000        3.95825
1awcB.B99990002.pdb            481.56088    -4747.25977    -4758.07764        0.00000        3.92677
1awcB.B99990003.pdb            518.48578    -5365.04004    -5287.92627        0.00000        3.64081
1awcB.B99990004.pdb            521.53662    -5381.77979    -4000.63208        0.00000        3.63306
1awcB.B99990005.pdb            566.73688    -5724.88330    -5102.25146        0.00000        3.47424
1awcB.B99990006.pdb            561.16925    -5643.85742    -4327.04590        0.00000        3.51174
1awcB.B99990007.pdb            992.90417    -3886.98633     1283.38794        0.00000        4.32498
1awcB.B99990008.pdb            950.93262    -4506.01270    -2158.95654        0.00000        4.03844
1awcB.B99990009.pdb            513.29095    -5610.15234    -4769.97217        0.00000        3.52735
1awcB.B99990010.pdb            640.56537    -5401.47852    -2197.19604        0.00000        3.62394
1awcB.B99990011.pdb            590.45380    -4991.20508    -3424.20605        0.00000        3.81385
1awcB.B99990012.pdb            733.52771    -5543.54053     -437.53659        0.00000        3.55818
1awcB.B99990013.pdb            562.73602    -5790.32666    -5039.94629        0.00000        3.44395
1awcB.B99990014.pdb            534.77167    -5016.79980    -3459.91602        0.00000        3.80200
1awcB.B99990015.pdb            484.39154    -4812.12500    -4384.00049        0.00000        3.89674
1awcB.B99990016.pdb            783.62451    -5090.27197     -687.94171        0.00000        3.76799
1awcB.B99990017.pdb            710.60388    -4820.86133    -2716.82349        0.00000        3.89270
1awcB.B99990018.pdb            608.65259    -5676.98242    -3247.05957        0.00000        3.49641
1awcB.B99990019.pdb            527.01678    -5746.91797    -4235.88086        0.00000        3.46404
1awcB.B99990020.pdb            764.32983    -5067.34521     -494.65143        0.00000        3.77860
1awcB.B99990021.pdb            569.70184    -4842.10254    -4439.88818        0.00000        3.88287
1awcB.B99990022.pdb            524.61841    -5209.33936    -4437.61963        0.00000        3.71288
1awcB.B99990023.pdb            597.43097    -5186.22510    -3868.91064        0.00000        3.72358
1awcB.B99990024.pdb            588.54584    -5805.41357    -3212.01196        0.00000        3.43696
1awcB.B99990025.pdb           1011.46613    -4378.83057      407.14050        0.00000        4.09731
1awcB.B99990026.pdb            573.38062    -4482.48291    -2096.62866        0.00000        4.04933
1awcB.B99990027.pdb           1094.75195    -3900.86572      825.01752        0.00000        4.31855
1awcB.B99990028.pdb            466.02313    -5211.93555    -4676.31006        0.00000        3.71167
1awcB.B99990029.pdb            551.25604    -5336.35889    -5277.21240        0.00000        3.65408
1awcB.B99990030.pdb            562.58698    -4819.44775    -3634.71729        0.00000        3.89335
1awcB.B99990031.pdb            573.59552    -5227.33398    -4916.90381        0.00000        3.70455
1awcB.B99990032.pdb            599.62524    -4805.66064    -2378.62305        0.00000        3.89973
1awcB.B99990033.pdb            504.16705    -5194.60645    -4896.11279        0.00000        3.71970
1awcB.B99990034.pdb            531.63855    -4848.21826    -4761.82764        0.00000        3.88003
1awcB.B99990035.pdb            651.64508    -5114.27637    -1151.14136        0.00000        3.75688
1awcB.B99990036.pdb            797.34625    -4945.85791    -1148.72803        0.00000        3.83484
1awcB.B99990037.pdb            509.63257    -5530.76172    -5345.55762        0.00000        3.56409
1awcB.B99990038.pdb            571.66840    -5085.75879    -4564.56201        0.00000        3.77008
1awcB.B99990039.pdb            543.38031    -4905.71875    -2840.51489        0.00000        3.85342
1awcB.B99990040.pdb            612.93811    -4847.58154    -2597.93921        0.00000        3.88033
1awcB.B99990041.pdb            545.87366    -6026.22168    -4283.96338        0.00000        3.33475
1awcB.B99990042.pdb            538.34326    -5517.88428    -4582.96045        0.00000        3.57006
1awcB.B99990043.pdb            540.47455    -5575.92627    -5138.47852        0.00000        3.54319
1awcB.B99990044.pdb            537.76636    -4610.22510    -4424.83643        0.00000        3.99020
1awcB.B99990045.pdb            530.80731    -4816.21484    -3555.75269        0.00000        3.89485
1awcB.B99990046.pdb            530.91168    -5665.86182    -4975.91309        0.00000        3.50156
1awcB.B99990047.pdb            544.42334    -5325.31348    -5037.72705        0.00000        3.65919
1awcB.B99990048.pdb            500.40344    -5157.31250    -4612.73975        0.00000        3.73696
1awcB.B99990049.pdb            590.67114    -4691.54932    -3235.76050        0.00000        3.95255
1awcB.B99990050.pdb            506.78809    -5285.54785    -5418.41699        0.00000        3.67760

>> Top model results:
molpdf: 466.02313232421875 (file: 1awcB.B99990028.pdb)
DOPE score: -6026.2216796875 (file: 1awcB.B99990041.pdb)
GA341 score: 0.0 (file: 1awcB.B99990048.pdb)
Normalized DOPE score: 3.3347534228456563 (file: 1awcB.B99990041.pdb)

##############################################################################################
>>Clustering results - Representative structure - AffinityPropagation
Cluster		File_Name
0		1awcB.B99990014

>>Clustering results - Representative structure - DBSCAN
Cluster		File_Name
0		1awcB.B99990028.pdb
1		1awcB.B99990045.pdb
2		1awcB.B99990020.pdb

>>Clustering results - Representative structure - KMeans
Cluster		File_Name
0		1awcB.B99990020.pdb
1		1awcB.B99990022.pdb

>>Clustering results - Representative structure - MeanShift
Cluster		File_Name
0		1awcB.B99990028.pdb
1		1awcB.B99990039.pdb
2		1awcB.B99990016.pdb
3		1awcB.B99990012.pdb
4		1awcB.B99990008.pdb

>>Clustering results - Representative structure - SpectralClustering
Cluster		File_Name
0		1awcB.B99990022.pdb
1		1awcB.B99990020.pdb

>>Clustering results - Representative structure - Ward
Cluster		File_Name
0		1awcB.B99990032.pdb
1		1awcB.B99990028.pdb
##############################################################################################

##############################################################################################
>>Clustering results - Representative structure - AffinityPropagation
Cluster		File_Name
0		1awcB.B99990018
1		1awcB.B99990045

>>Clustering results - Representative structure - DBSCAN
Cluster		File_Name
0		1awcB.B99990033.pdb
1		1awcB.B99990011.pdb

>>Clustering results - Representative structure - KMeans
Cluster		File_Name
0		1awcB.B99990020.pdb
1		1awcB.B99990004.pdb

>>Clustering results - Representative structure - MeanShift
Cluster		File_Name
0		1awcB.B99990023.pdb
1		1awcB.B99990007.pdb
2		1awcB.B99990008.pdb
3		1awcB.B99990036.pdb

>>Clustering results - Representative structure - SpectralClustering
Cluster		File_Name
0		1awcB.B99990014.pdb
1		1awcB.B99990007.pdb

>>Clustering results - Representative structure - Ward
Cluster		File_Name
0		1awcB.B99990023.pdb
1		1awcB.B99990036.pdb
##############################################################################################