>> Summary of successfully produced model

Filename                          molpdf     DOPE score  DOPE-HR score    GA341 score Normalized DOPE score-----------------------------------------------------------------------------------------------------------
1a3aA.B99990001.pdb            670.24207   -10862.89648    -8269.96484        0.02149        0.70578
1a3aA.B99990002.pdb            786.74481   -10976.02051    -8406.28906        0.02135        0.65053
1a3aA.B99990003.pdb            694.27869   -11006.02051    -8987.82617        0.01799        0.63587
1a3aA.B99990004.pdb            646.61353   -10896.11914    -8781.75879        0.01707        0.68955
1a3aA.B99990005.pdb            643.52148   -10593.83496    -8195.87695        0.02697        0.83720
1a3aA.B99990006.pdb            653.13965   -10980.18164    -8744.80762        0.02192        0.64849
1a3aA.B99990007.pdb            712.20264   -10768.96094    -8261.82812        0.03072        0.75166
1a3aA.B99990008.pdb            686.46631   -10871.52930    -8843.61523        0.03353        0.70156
1a3aA.B99990009.pdb            622.55823   -10981.46289    -9176.51758        0.01242        0.64787
1a3aA.B99990010.pdb            713.56653   -10978.98730    -8838.29688        0.01735        0.64908
1a3aA.B99990011.pdb            874.78925   -10631.83105    -7862.87939        0.01903        0.81864
1a3aA.B99990012.pdb            743.21588   -10967.78809    -8726.12988        0.01442        0.65455
1a3aA.B99990013.pdb            666.99548   -11008.00000    -9109.18848        0.01471        0.63491
1a3aA.B99990014.pdb            633.47638   -10758.25391    -8133.46484        0.01093        0.75689
1a3aA.B99990015.pdb            669.52905   -10651.41504    -8239.66309        0.01763        0.80907
1a3aA.B99990016.pdb            697.84644   -10744.93457    -8579.23633        0.02061        0.76339
1a3aA.B99990017.pdb            713.24316   -10787.25000    -8511.99805        0.02105        0.74273
1a3aA.B99990018.pdb            728.94476   -10983.58789    -8551.95117        0.01294        0.64683
1a3aA.B99990019.pdb            652.63837   -10817.57422    -8402.44531        0.02193        0.72792
1a3aA.B99990020.pdb            781.76813   -10739.76172    -8453.19434        0.01566        0.76592
1a3aA.B99990021.pdb            678.90576   -10681.06055    -8594.22168        0.01748        0.79459
1a3aA.B99990022.pdb            763.48187   -10811.55664    -8341.66504        0.01175        0.73085
1a3aA.B99990023.pdb            782.41949   -10774.66504    -8410.26562        0.01690        0.74887
1a3aA.B99990024.pdb            644.47443   -11066.90234    -9042.86816        0.01956        0.60614
1a3aA.B99990025.pdb            768.10040   -10863.32715    -8507.75879        0.02629        0.70557
1a3aA.B99990026.pdb            684.58942   -10881.37500    -8332.25977        0.01960        0.69675
1a3aA.B99990027.pdb            678.61597   -10807.40723    -8464.33398        0.02029        0.73288
1a3aA.B99990028.pdb            760.98328   -10268.16211    -7576.57812        0.01169        0.99626
1a3aA.B99990029.pdb            771.53137   -10858.04004    -8641.52441        0.01681        0.70815
1a3aA.B99990030.pdb            773.28870   -10690.86816    -8066.77930        0.01718        0.78980
1a3aA.B99990031.pdb            677.11768   -10949.33203    -9065.06641        0.01227        0.66356
1a3aA.B99990032.pdb            625.32239   -10954.14258    -8914.10840        0.01764        0.66121
1a3aA.B99990033.pdb            659.87311   -10888.68359    -8764.20020        0.01945        0.69318
1a3aA.B99990034.pdb            620.26398   -10733.24023    -8603.25488        0.01534        0.76911
1a3aA.B99990035.pdb            642.29382   -10798.69922    -8519.41699        0.02139        0.73713
1a3aA.B99990036.pdb            703.11908   -10839.32812    -8643.64941        0.03152        0.71729
1a3aA.B99990037.pdb            659.20367   -10678.49316    -8273.98926        0.01446        0.79585
1a3aA.B99990038.pdb            671.05176   -10981.30078    -8884.45117        0.01313        0.64795
1a3aA.B99990039.pdb            747.25818   -11000.99707    -8904.20898        0.01486        0.63833
1a3aA.B99990040.pdb            724.47272   -10744.66699    -8340.93164        0.01986        0.76353
1a3aA.B99990041.pdb            690.45007   -10713.26855    -8255.89355        0.01455        0.77886
1a3aA.B99990042.pdb            721.10809   -11134.96484    -9211.57129        0.02030        0.57289
1a3aA.B99990043.pdb            613.45966   -10849.16016    -8753.96875        0.01872        0.71249
1a3aA.B99990044.pdb            624.50464   -10910.62598    -8381.54004        0.01474        0.68247
1a3aA.B99990045.pdb            776.41736   -10640.81055    -7957.88330        0.01718        0.81425
1a3aA.B99990046.pdb            807.43555   -10790.53125    -8520.69238        0.01183        0.74112
1a3aA.B99990047.pdb            638.80023   -10762.32324    -8374.73535        0.01361        0.75490
1a3aA.B99990048.pdb            677.32214   -10799.65234    -8934.41211        0.01315        0.73667
1a3aA.B99990049.pdb            649.65533   -11088.43066    -9121.23633        0.02264        0.59562
1a3aA.B99990050.pdb            780.94885   -10859.07520    -8611.63574        0.00916        0.70765

>> Top model results:
molpdf: 613.4596557617188 (file: 1a3aA.B99990043.pdb)
DOPE score: -11134.96484375 (file: 1a3aA.B99990042.pdb)
GA341 score: 0.009156891144812107 (file: 1a3aA.B99990050.pdb)
Normalized DOPE score: 0.5728943152577263 (file: 1a3aA.B99990042.pdb)

##############################################################################################
>>Clustering results - Representative structure - AffinityPropagation
Cluster		File_Name
0		1a3aA.B99990029
1		1a3aA.B99990048

>>Clustering results - Representative structure - DBSCAN
Cluster		File_Name
0		1a3aA.B99990019.pdb
1		1a3aA.B99990027.pdb
2		1a3aA.B99990039.pdb
3		1a3aA.B99990023.pdb

>>Clustering results - Representative structure - KMeans
Cluster		File_Name
0		1a3aA.B99990034.pdb
1		1a3aA.B99990002.pdb

>>Clustering results - Representative structure - MeanShift
Cluster		File_Name
0		1a3aA.B99990034.pdb
1		1a3aA.B99990027.pdb
2		1a3aA.B99990011.pdb
3		1a3aA.B99990042.pdb
4		1a3aA.B99990028.pdb

>>Clustering results - Representative structure - SpectralClustering
Cluster		File_Name
0		1a3aA.B99990002.pdb
1		1a3aA.B99990034.pdb

>>Clustering results - Representative structure - Ward
Cluster		File_Name
0		1a3aA.B99990034.pdb
1		1a3aA.B99990002.pdb
##############################################################################################

##############################################################################################
>>Clustering results - Representative structure - AffinityPropagation
Cluster		File_Name
0		1a3aA.B99990050

>>Clustering results - Representative structure - DBSCAN
Cluster		File_Name
0		1a3aA.B99990007.pdb
1		1a3aA.B99990050.pdb

>>Clustering results - Representative structure - KMeans
Cluster		File_Name
0		1a3aA.B99990048.pdb
1		1a3aA.B99990031.pdb
2		1a3aA.B99990005.pdb
3		1a3aA.B99990028.pdb
4		1a3aA.B99990022.pdb
5		1a3aA.B99990025.pdb
6		1a3aA.B99990004.pdb
7		1a3aA.B99990038.pdb
8		1a3aA.B99990049.pdb
9		1a3aA.B99990047.pdb

>>Clustering results - Representative structure - MeanShift
Cluster		File_Name
0		1a3aA.B99990050.pdb
1		1a3aA.B99990028.pdb
2		1a3aA.B99990024.pdb

>>Clustering results - Representative structure - SpectralClustering
Cluster		File_Name
0		1a3aA.B99990031.pdb
1		1a3aA.B99990025.pdb
2		1a3aA.B99990043.pdb
3		1a3aA.B99990005.pdb
4		1a3aA.B99990023.pdb
5		1a3aA.B99990006.pdb

>>Clustering results - Representative structure - Ward
Cluster		File_Name
0		1a3aA.B99990006.pdb
1		1a3aA.B99990025.pdb
2		1a3aA.B99990037.pdb
3		1a3aA.B99990047.pdb
4		1a3aA.B99990043.pdb
5		1a3aA.B99990022.pdb
6		1a3aA.B99990031.pdb
7		1a3aA.B99990028.pdb
8		1a3aA.B99990042.pdb
9		1a3aA.B99990011.pdb
##############################################################################################