>> Summary of successfully produced model

Filename                          molpdf     DOPE score  DOPE-HR score    GA341 score Normalized DOPE score-----------------------------------------------------------------------------------------------------------
1aac_.B99990001.pdb            471.50824   -10149.45996    -8905.38867        1.00000       -1.14770
1aac_.B99990002.pdb            516.68829   -10118.00195    -8700.17188        1.00000       -1.12648
1aac_.B99990003.pdb            455.30399   -10065.70996    -8743.70898        1.00000       -1.09121
1aac_.B99990004.pdb            552.79846   -10191.34082    -8815.56836        1.00000       -1.17595
1aac_.B99990005.pdb            478.07794   -10140.65234    -8733.51270        1.00000       -1.14176
1aac_.B99990006.pdb            475.79599   -10117.26562    -8799.82324        1.00000       -1.12598
1aac_.B99990007.pdb            466.52707   -10124.96387    -8852.09473        1.00000       -1.13118
1aac_.B99990008.pdb            476.64853   -10222.10352    -9142.47852        1.00000       -1.19670
1aac_.B99990009.pdb            473.59470   -10257.90234    -9165.85938        1.00000       -1.22084
1aac_.B99990010.pdb            494.62305   -10011.70996    -8573.03516        1.00000       -1.05479
1aac_.B99990011.pdb            476.26910    -9987.76270    -8680.55176        1.00000       -1.03864
1aac_.B99990012.pdb            623.57281   -10155.51074    -8625.76660        1.00000       -1.15178
1aac_.B99990013.pdb            461.22549   -10094.45312    -8804.69727        1.00000       -1.11060
1aac_.B99990014.pdb            502.95084   -10092.86523    -8874.17676        1.00000       -1.10953
1aac_.B99990015.pdb            562.34943   -10239.50879    -9128.28223        1.00000       -1.20844
1aac_.B99990016.pdb            502.30246   -10097.05957    -8768.64551        1.00000       -1.11236
1aac_.B99990017.pdb            466.28415   -10162.76758    -8892.54199        1.00000       -1.15668
1aac_.B99990018.pdb            473.30640    -9905.84766    -8328.13574        1.00000       -0.98339
1aac_.B99990019.pdb            466.23950   -10053.90527    -8604.69141        1.00000       -1.08325
1aac_.B99990020.pdb            549.28302   -10040.93262    -8805.25781        1.00000       -1.07450
1aac_.B99990021.pdb            555.24622   -10239.37305    -8941.38574        1.00000       -1.20835
1aac_.B99990022.pdb            558.02667   -10155.27930    -8856.97070        1.00000       -1.15162
1aac_.B99990023.pdb            484.42072   -10090.04199    -8773.34961        1.00000       -1.10762
1aac_.B99990024.pdb            571.80652   -10114.59180    -8879.06738        1.00000       -1.12418
1aac_.B99990025.pdb            483.46799   -10091.20312    -8842.31738        1.00000       -1.10841
1aac_.B99990026.pdb            476.72302   -10131.70605    -8931.35645        1.00000       -1.13572
1aac_.B99990027.pdb            538.97614   -10027.01855    -8591.11523        1.00000       -1.06511
1aac_.B99990028.pdb            531.76172   -10080.64160    -8683.09863        1.00000       -1.10128
1aac_.B99990029.pdb            466.17188   -10200.89844    -9134.93652        1.00000       -1.18239
1aac_.B99990030.pdb            579.39362   -10251.86426    -8909.02344        1.00000       -1.21677
1aac_.B99990031.pdb            450.59418   -10089.81445    -8788.58301        1.00000       -1.10747
1aac_.B99990032.pdb            485.47144   -10136.01953    -8769.33594        1.00000       -1.13863
1aac_.B99990033.pdb            548.58606   -10102.27832    -8837.60059        1.00000       -1.11588
1aac_.B99990034.pdb            457.96967   -10125.53711    -8789.36035        1.00000       -1.13156
1aac_.B99990035.pdb            470.96970   -10184.66504    -9061.48438        1.00000       -1.17145
1aac_.B99990036.pdb            480.04645   -10098.20117    -8838.18262        1.00000       -1.11313
1aac_.B99990037.pdb            542.19098   -10095.97852    -8853.89453        1.00000       -1.11163
1aac_.B99990038.pdb            449.87405   -10121.00781    -8918.45215        1.00000       -1.12851
1aac_.B99990039.pdb            476.15619   -10155.59082    -8894.65430        1.00000       -1.15183
1aac_.B99990040.pdb            493.99869   -10257.71484    -9039.88574        1.00000       -1.22072
1aac_.B99990041.pdb            556.15448   -10124.56543    -8738.85547        1.00000       -1.13091
1aac_.B99990042.pdb            550.54572   -10107.21875    -8677.60352        1.00000       -1.11921
1aac_.B99990043.pdb            473.49707   -10080.35156    -8705.58301        1.00000       -1.10109
1aac_.B99990044.pdb            535.32086    -9942.93652    -8432.41504        1.00000       -1.00840
1aac_.B99990045.pdb            473.79874   -10183.81934    -8838.96582        1.00000       -1.17087
1aac_.B99990046.pdb            475.65094   -10117.34082    -9013.56543        1.00000       -1.12604
1aac_.B99990047.pdb            537.20135   -10085.37500    -8965.93848        1.00000       -1.10447
1aac_.B99990048.pdb            555.09607    -9962.58691    -8669.90723        1.00000       -1.02166
1aac_.B99990049.pdb            473.86740   -10036.66016    -8720.65332        1.00000       -1.07162
1aac_.B99990050.pdb            544.78900   -10124.33594    -8789.78125        1.00000       -1.13075

>> Top model results:
molpdf: 449.8740539550781 (file: 1aac_.B99990038.pdb)
DOPE score: -10257.90234375 (file: 1aac_.B99990009.pdb)
GA341 score: 1.0 (file: 1aac_.B99990043.pdb)
Normalized DOPE score: -1.2208430823224332 (file: 1aac_.B99990009.pdb)

##############################################################################################
>>Clustering results - Representative structure - AffinityPropagation
Cluster		File_Name
0		1aac_.B99990017
1		1aac_.B99990030
2		1aac_.B99990040
3		1aac_.B99990048
4		1aac_.B99990050

>>Clustering results - Representative structure - DBSCAN
Cluster		File_Name
0		1aac_.B99990016.pdb
1		1aac_.B99990050.pdb
2		1aac_.B99990012.pdb

>>Clustering results - Representative structure - KMeans
Cluster		File_Name
0		1aac_.B99990016.pdb
1		1aac_.B99990050.pdb

>>Clustering results - Representative structure - MeanShift
Cluster		File_Name
0		1aac_.B99990016.pdb
1		1aac_.B99990050.pdb

>>Clustering results - Representative structure - SpectralClustering
Cluster		File_Name
0		1aac_.B99990016.pdb
1		1aac_.B99990050.pdb

>>Clustering results - Representative structure - Ward
Cluster		File_Name
0		1aac_.B99990016.pdb
1		1aac_.B99990050.pdb
##############################################################################################

##############################################################################################
>>Clustering results - Representative structure - AffinityPropagation
Cluster		File_Name
0		1aac_.B99990014
1		1aac_.B99990050

>>Clustering results - Representative structure - DBSCAN
Cluster		File_Name
0		1aac_.B99990001.pdb
1		1aac_.B99990005.pdb
2		1aac_.B99990025.pdb
3		1aac_.B99990041.pdb

>>Clustering results - Representative structure - KMeans
Cluster		File_Name
0		1aac_.B99990032.pdb
1		1aac_.B99990050.pdb

>>Clustering results - Representative structure - MeanShift
Cluster		File_Name
0		1aac_.B99990032.pdb
1		1aac_.B99990024.pdb
2		1aac_.B99990044.pdb
3		1aac_.B99990018.pdb

>>Clustering results - Representative structure - SpectralClustering
Cluster		File_Name
0		1aac_.B99990032.pdb
1		1aac_.B99990050.pdb

>>Clustering results - Representative structure - Ward
Cluster		File_Name
0		1aac_.B99990032.pdb
1		1aac_.B99990050.pdb
##############################################################################################