>> Summary of successfully produced model

Filename                          molpdf     DOPE score  DOPE-HR score    GA341 score Normalized DOPE score-----------------------------------------------------------------------------------------------------------
1a4iA.B99990001.pdb           1232.07312   -31465.17188   -29677.71094        1.00000       -1.44726
1a4iA.B99990002.pdb           1282.88464   -31521.77734   -30101.66016        1.00000       -1.46132
1a4iA.B99990003.pdb           1254.49219   -31324.42383   -29661.53125        1.00000       -1.41228
1a4iA.B99990004.pdb           1241.79053   -31205.85938   -29644.75000        1.00000       -1.38282
1a4iA.B99990005.pdb           1257.60803   -31365.89453   -29771.35547        1.00000       -1.42259
1a4iA.B99990006.pdb           1286.53296   -31331.25586   -29463.24023        1.00000       -1.41398
1a4iA.B99990007.pdb           1278.45264   -31539.16797   -29782.80859        1.00000       -1.46564
1a4iA.B99990008.pdb           1282.37622   -30979.09180   -28958.44531        1.00000       -1.32647
1a4iA.B99990009.pdb           1235.72302   -31373.08594   -29762.09961        1.00000       -1.42437
1a4iA.B99990010.pdb           1385.51111   -31663.43555   -29937.80859        1.00000       -1.49652
1a4iA.B99990011.pdb           1318.44836   -31488.20508   -29998.18750        1.00000       -1.45298
1a4iA.B99990012.pdb           1218.83362   -31757.58203   -30327.48242        1.00000       -1.51992
1a4iA.B99990013.pdb           1244.66089   -31443.82617   -29841.17578        1.00000       -1.44195
1a4iA.B99990014.pdb           1303.16724   -31421.19727   -29694.09961        1.00000       -1.43633
1a4iA.B99990015.pdb           1239.95032   -31412.83008   -29796.08594        1.00000       -1.43425
1a4iA.B99990016.pdb           1234.52576   -31503.35547   -29764.08594        1.00000       -1.45675
1a4iA.B99990017.pdb           1221.39148   -31433.84766   -29592.72852        1.00000       -1.43947
1a4iA.B99990018.pdb           1406.29407   -31256.62500   -29365.78320        1.00000       -1.39543
1a4iA.B99990019.pdb           1278.48718   -31603.99414   -29944.31055        1.00000       -1.48175
1a4iA.B99990020.pdb           1307.29480   -31339.47266   -29676.82422        1.00000       -1.41602
1a4iA.B99990021.pdb           1289.49377   -31763.05859   -30299.27148        1.00000       -1.52128
1a4iA.B99990022.pdb           1203.37268   -31446.54492   -29922.40625        1.00000       -1.44263
1a4iA.B99990023.pdb           1265.57715   -31308.55273   -29532.11523        1.00000       -1.40834
1a4iA.B99990024.pdb           1272.60132   -31600.02930   -30000.71289        1.00000       -1.48077
1a4iA.B99990025.pdb           1251.45288   -31011.84375   -29102.92773        1.00000       -1.33461
1a4iA.B99990026.pdb           1237.74890   -31504.59570   -29924.37891        1.00000       -1.45705
1a4iA.B99990027.pdb           1284.45190   -31602.45508   -29858.04883        1.00000       -1.48137
1a4iA.B99990028.pdb           1247.27954   -31538.33594   -29800.69336        1.00000       -1.46544
1a4iA.B99990029.pdb           1297.38159   -31521.00977   -29667.67773        1.00000       -1.46113
1a4iA.B99990030.pdb           1283.02039   -31633.64844   -30019.67383        1.00000       -1.48912
1a4iA.B99990031.pdb           1239.49988   -31229.99219   -29505.36914        1.00000       -1.38882
1a4iA.B99990032.pdb           1252.78259   -31206.44336   -29516.71094        1.00000       -1.38296
1a4iA.B99990033.pdb           1228.64880   -31578.05859   -29937.88672        1.00000       -1.47531
1a4iA.B99990034.pdb           1278.67078   -31325.32812   -29386.79297        1.00000       -1.41251
1a4iA.B99990035.pdb           1251.99231   -31587.84375   -30033.70703        1.00000       -1.47774
1a4iA.B99990036.pdb           1255.85339   -31656.30469   -30340.63477        1.00000       -1.49475
1a4iA.B99990037.pdb           1368.23560   -31604.41602   -30051.27734        1.00000       -1.48186
1a4iA.B99990038.pdb           1381.43420   -31445.04883   -29650.97070        1.00000       -1.44226
1a4iA.B99990039.pdb           1229.02075   -31081.73242   -29257.19727        1.00000       -1.35197
1a4iA.B99990040.pdb           1217.53003   -31608.94727   -30043.55859        1.00000       -1.48298
1a4iA.B99990041.pdb           1249.76099   -31328.52930   -29606.99805        1.00000       -1.41330
1a4iA.B99990042.pdb           1212.13025   -31556.81055   -29980.07227        1.00000       -1.47003
1a4iA.B99990043.pdb           1262.22644   -31313.09961   -29787.02148        1.00000       -1.40947
1a4iA.B99990044.pdb           1331.35742   -31409.41797   -29647.68750        1.00000       -1.43340
1a4iA.B99990045.pdb           1242.69080   -31212.26172   -29224.83008        1.00000       -1.38441
1a4iA.B99990046.pdb           1263.17725   -31594.17578   -29871.30469        1.00000       -1.47931
1a4iA.B99990047.pdb           1278.73499   -31549.26758   -29988.06641        1.00000       -1.46815
1a4iA.B99990048.pdb           1313.48560   -31449.82031   -29573.55078        1.00000       -1.44344
1a4iA.B99990049.pdb           1333.39417   -31324.48633   -29628.13086        1.00000       -1.41230
1a4iA.B99990050.pdb           1216.21704   -31824.97656   -30510.05078        1.00000       -1.53667

>> Top model results:
molpdf: 1203.3726806640625 (file: 1a4iA.B99990022.pdb)
DOPE score: -31824.9765625 (file: 1a4iA.B99990050.pdb)
GA341 score: 1.0 (file: 1a4iA.B99990019.pdb)
Normalized DOPE score: -1.5366667949329191 (file: 1a4iA.B99990050.pdb)

##############################################################################################
>>Clustering results - Representative structure - AffinityPropagation
Cluster		File_Name
0		1a4iA.B99990024
1		1a4iA.B99990027
2		1a4iA.B99990028
3		1a4iA.B99990034

>>Clustering results - Representative structure - DBSCAN
Cluster		File_Name
0		1a4iA.B99990034.pdb
1		1a4iA.B99990028.pdb
2		1a4iA.B99990024.pdb
3		1a4iA.B99990029.pdb

>>Clustering results - Representative structure - KMeans
Cluster		File_Name
0		1a4iA.B99990027.pdb
1		1a4iA.B99990034.pdb
2		1a4iA.B99990028.pdb
3		1a4iA.B99990024.pdb

>>Clustering results - Representative structure - MeanShift
Cluster		File_Name
0		1a4iA.B99990034.pdb
1		1a4iA.B99990028.pdb
2		1a4iA.B99990027.pdb

>>Clustering results - Representative structure - SpectralClustering
Cluster		File_Name
0		1a4iA.B99990046.pdb
1		1a4iA.B99990034.pdb

>>Clustering results - Representative structure - Ward
Cluster		File_Name
0		1a4iA.B99990034.pdb
1		1a4iA.B99990005.pdb
2		1a4iA.B99990027.pdb
3		1a4iA.B99990028.pdb
4		1a4iA.B99990038.pdb
##############################################################################################

##############################################################################################
>>Clustering results - Representative structure - AffinityPropagation
Cluster		File_Name
0		1a4iA.B99990006
1		1a4iA.B99990007
2		1a4iA.B99990024
3		1a4iA.B99990025
4		1a4iA.B99990030
5		1a4iA.B99990043
6		1a4iA.B99990047
7		1a4iA.B99990050

>>Clustering results - Representative structure - DBSCAN
Cluster		File_Name
0		1a4iA.B99990001.pdb

>>Clustering results - Representative structure - KMeans
Cluster		File_Name
0		1a4iA.B99990005.pdb
1		1a4iA.B99990026.pdb
2		1a4iA.B99990043.pdb
3		1a4iA.B99990010.pdb
4		1a4iA.B99990025.pdb
5		1a4iA.B99990032.pdb
6		1a4iA.B99990012.pdb
7		1a4iA.B99990009.pdb
8		1a4iA.B99990050.pdb
9		1a4iA.B99990047.pdb

>>Clustering results - Representative structure - MeanShift
Cluster		File_Name
0		1a4iA.B99990013.pdb
1		1a4iA.B99990039.pdb
2		1a4iA.B99990036.pdb

>>Clustering results - Representative structure - SpectralClustering
Cluster		File_Name
0		1a4iA.B99990005.pdb
1		1a4iA.B99990025.pdb
2		1a4iA.B99990026.pdb
3		1a4iA.B99990012.pdb
4		1a4iA.B99990047.pdb
5		1a4iA.B99990024.pdb
6		1a4iA.B99990030.pdb
7		1a4iA.B99990032.pdb
8		1a4iA.B99990043.pdb
9		1a4iA.B99990009.pdb

>>Clustering results - Representative structure - Ward
Cluster		File_Name
0		1a4iA.B99990043.pdb
1		1a4iA.B99990025.pdb
2		1a4iA.B99990024.pdb
3		1a4iA.B99990030.pdb
4		1a4iA.B99990026.pdb
5		1a4iA.B99990005.pdb
6		1a4iA.B99990050.pdb
7		1a4iA.B99990032.pdb
8		1a4iA.B99990047.pdb
9		1a4iA.B99990009.pdb
##############################################################################################