>> Summary of successfully produced model

Filename                          molpdf     DOPE score  DOPE-HR score    GA341 score Normalized DOPE score-----------------------------------------------------------------------------------------------------------
1ap8_.B99990001.pdb           1034.15479   -20478.43945   -17272.91992        1.00000       -0.82738
1ap8_.B99990002.pdb           1030.25305   -20602.31641   -17932.08398        1.00000       -0.86857
1ap8_.B99990003.pdb           1038.92981   -20194.08008   -17236.09961        1.00000       -0.73283
1ap8_.B99990004.pdb           1136.02100   -20409.18945   -17326.73242        1.00000       -0.80435
1ap8_.B99990005.pdb           1120.30530   -20165.40039   -16786.35938        1.00000       -0.72330
1ap8_.B99990006.pdb           1044.61938   -20554.02344   -17363.69727        1.00000       -0.85251
1ap8_.B99990007.pdb           1057.09277   -20745.45312   -17756.81836        1.00000       -0.91616
1ap8_.B99990008.pdb           1069.03943   -20421.15820   -17449.77148        1.00000       -0.80833
1ap8_.B99990009.pdb           1085.87280   -20506.55078   -17099.86523        1.00000       -0.83673
1ap8_.B99990010.pdb           1052.17249   -20527.04883   -17836.04102        1.00000       -0.84354
1ap8_.B99990011.pdb            990.13342   -20678.26953   -18136.31445        1.00000       -0.89382
1ap8_.B99990012.pdb           1102.23975   -20500.78711   -17384.75977        1.00000       -0.83481
1ap8_.B99990013.pdb           1152.55847   -20642.21680   -17268.76367        1.00000       -0.88183
1ap8_.B99990014.pdb           1212.63281   -20383.25781   -17435.82422        1.00000       -0.79573
1ap8_.B99990015.pdb           1068.31238   -20413.37695   -17384.88672        1.00000       -0.80575
1ap8_.B99990016.pdb           1065.88208   -20491.21680   -17598.73438        1.00000       -0.83163
1ap8_.B99990017.pdb           1019.34857   -20351.62109   -16818.41797        1.00000       -0.78521
1ap8_.B99990018.pdb           1158.82446   -20347.57227   -17146.61523        1.00000       -0.78387
1ap8_.B99990019.pdb           1079.35315   -20337.43750   -17169.64844        1.00000       -0.78050
1ap8_.B99990020.pdb           1036.46875   -20336.33789   -17463.00977        1.00000       -0.78013
1ap8_.B99990021.pdb           1085.47839   -20295.12695   -17022.66211        1.00000       -0.76643
1ap8_.B99990022.pdb            989.42151   -20762.34570   -18028.06445        1.00000       -0.92178
1ap8_.B99990023.pdb           1040.18250   -20486.34375   -17369.82422        1.00000       -0.83001
1ap8_.B99990024.pdb           1043.31714   -20285.72656   -16988.41602        1.00000       -0.76330
1ap8_.B99990025.pdb           1027.50500   -20520.46094   -17448.40820        1.00000       -0.84135
1ap8_.B99990026.pdb           1038.18689   -20670.19922   -17754.29102        1.00000       -0.89114
1ap8_.B99990027.pdb           1104.98486   -20054.69336   -16681.00000        1.00000       -0.68649
1ap8_.B99990028.pdb           1153.47778   -20556.44727   -17515.46289        1.00000       -0.85332
1ap8_.B99990029.pdb           1075.33508   -20538.07031   -17487.22656        1.00000       -0.84721
1ap8_.B99990030.pdb           1128.36926   -20507.30859   -17412.97266        1.00000       -0.83698
1ap8_.B99990031.pdb           1071.29480   -20509.63086   -17355.57031        1.00000       -0.83775
1ap8_.B99990032.pdb           1013.89929   -20491.28320   -17446.03320        1.00000       -0.83165
1ap8_.B99990033.pdb           1095.39978   -20698.52539   -17577.33203        1.00000       -0.90056
1ap8_.B99990034.pdb           1037.88916   -20513.80078   -17537.29688        1.00000       -0.83914
1ap8_.B99990035.pdb           1044.92078   -20248.91602   -16723.01562        1.00000       -0.75106
1ap8_.B99990036.pdb            996.74567   -20737.79297   -17795.29297        1.00000       -0.91361
1ap8_.B99990037.pdb           1010.88055   -20585.97461   -17498.83398        1.00000       -0.86313
1ap8_.B99990038.pdb           1240.65613   -20633.89258   -17553.16602        1.00000       -0.87907
1ap8_.B99990039.pdb           1033.84412   -20570.59570   -17532.11719        1.00000       -0.85802
1ap8_.B99990040.pdb           1200.88098   -20329.96094   -16890.98633        1.00000       -0.77801
1ap8_.B99990041.pdb           1018.47565   -20305.80078   -17436.86133        1.00000       -0.76998
1ap8_.B99990042.pdb           1116.85474   -20426.46875   -17271.30469        1.00000       -0.81010
1ap8_.B99990043.pdb           1061.16345   -20371.38281   -16902.00195        1.00000       -0.79178
1ap8_.B99990044.pdb           1082.07397   -20687.66797   -17683.37695        1.00000       -0.89695
1ap8_.B99990045.pdb           1055.66565   -20244.39453   -16948.13867        1.00000       -0.74956
1ap8_.B99990046.pdb           1066.95422   -20001.78125   -16676.41992        1.00000       -0.66889
1ap8_.B99990047.pdb           1211.65063   -20510.02344   -17179.86914        1.00000       -0.83788
1ap8_.B99990048.pdb           1122.43982   -20368.84180   -17107.69531        1.00000       -0.79094
1ap8_.B99990049.pdb           1088.15588   -20372.65039   -17012.54492        1.00000       -0.79221
1ap8_.B99990050.pdb           1091.11816   -20250.14258   -17087.60938        1.00000       -0.75147

>> Top model results:
molpdf: 989.4215087890625 (file: 1ap8_.B99990022.pdb)
DOPE score: -20762.345703125 (file: 1ap8_.B99990022.pdb)
GA341 score: 1.0 (file: 1ap8_.B99990010.pdb)
Normalized DOPE score: -0.9217771805237264 (file: 1ap8_.B99990022.pdb)

##############################################################################################
>>Clustering results - Representative structure - AffinityPropagation
Cluster		File_Name
0		1ap8_.B99990042

>>Clustering results - Representative structure - DBSCAN
Cluster		File_Name
0		1ap8_.B99990001.pdb
1		1ap8_.B99990008.pdb
2		1ap8_.B99990013.pdb

>>Clustering results - Representative structure - KMeans
Cluster		File_Name
0		1ap8_.B99990009.pdb
1		1ap8_.B99990001.pdb
2		1ap8_.B99990049.pdb

>>Clustering results - Representative structure - MeanShift
Cluster		File_Name
0		1ap8_.B99990001.pdb
1		1ap8_.B99990009.pdb
2		1ap8_.B99990049.pdb

>>Clustering results - Representative structure - SpectralClustering
Cluster		File_Name
0		1ap8_.B99990001.pdb
1		1ap8_.B99990047.pdb

>>Clustering results - Representative structure - Ward
Cluster		File_Name
0		1ap8_.B99990001.pdb
1		1ap8_.B99990009.pdb
2		1ap8_.B99990049.pdb
##############################################################################################

##############################################################################################
>>Clustering results - Representative structure - AffinityPropagation
Cluster		File_Name
0		1ap8_.B99990007
1		1ap8_.B99990010
2		1ap8_.B99990015
3		1ap8_.B99990030
4		1ap8_.B99990040
5		1ap8_.B99990045

>>Clustering results - Representative structure - DBSCAN
Cluster		File_Name
0		1ap8_.B99990042.pdb

>>Clustering results - Representative structure - KMeans
Cluster		File_Name
0		1ap8_.B99990005.pdb
1		1ap8_.B99990006.pdb
2		1ap8_.B99990043.pdb
3		1ap8_.B99990021.pdb
4		1ap8_.B99990029.pdb
5		1ap8_.B99990048.pdb
6		1ap8_.B99990027.pdb
7		1ap8_.B99990036.pdb
8		1ap8_.B99990030.pdb
9		1ap8_.B99990007.pdb

>>Clustering results - Representative structure - MeanShift
Cluster		File_Name
0		1ap8_.B99990001.pdb
1		1ap8_.B99990040.pdb

>>Clustering results - Representative structure - SpectralClustering
Cluster		File_Name
0		1ap8_.B99990015.pdb
1		1ap8_.B99990007.pdb
2		1ap8_.B99990040.pdb
3		1ap8_.B99990039.pdb
4		1ap8_.B99990045.pdb
5		1ap8_.B99990030.pdb
6		1ap8_.B99990036.pdb

>>Clustering results - Representative structure - Ward
Cluster		File_Name
0		1ap8_.B99990045.pdb
1		1ap8_.B99990002.pdb
2		1ap8_.B99990028.pdb
3		1ap8_.B99990048.pdb
4		1ap8_.B99990006.pdb
5		1ap8_.B99990043.pdb
6		1ap8_.B99990007.pdb
7		1ap8_.B99990027.pdb
8		1ap8_.B99990032.pdb
9		1ap8_.B99990030.pdb
##############################################################################################