>> Summary of successfully produced model

Filename                          molpdf     DOPE score  DOPE-HR score    GA341 score Normalized DOPE score-----------------------------------------------------------------------------------------------------------
1a99A.B99990001.pdb           1612.42383   -42659.93359   -39411.82031        1.00000       -1.95112
1a99A.B99990002.pdb           1703.54639   -42778.30469   -39788.97656        1.00000       -1.97570
1a99A.B99990003.pdb           1618.76440   -43029.08594   -40541.92578        1.00000       -2.02779
1a99A.B99990004.pdb           1520.02783   -42839.55078   -39540.08594        1.00000       -1.98842
1a99A.B99990005.pdb           1562.00110   -42895.07812   -40264.11328        1.00000       -1.99995
1a99A.B99990006.pdb           1657.04248   -42746.00391   -39718.82812        1.00000       -1.96899
1a99A.B99990007.pdb           1615.35925   -42777.87891   -39923.76953        1.00000       -1.97561
1a99A.B99990008.pdb           1594.37939   -43030.27344   -40462.55078        1.00000       -2.02803
1a99A.B99990009.pdb           1697.36755   -43045.23047   -40592.95703        1.00000       -2.03114
1a99A.B99990010.pdb           1596.88721   -42695.05078   -39673.39453        1.00000       -1.95841
1a99A.B99990011.pdb           1535.99854   -42962.08594   -40200.68750        1.00000       -2.01387
1a99A.B99990012.pdb           1684.75159   -42839.41797   -40107.85156        1.00000       -1.98839
1a99A.B99990013.pdb           1570.40540   -42677.08984   -39761.40625        1.00000       -1.95468
1a99A.B99990014.pdb           1630.16870   -42787.66406   -39611.27344        1.00000       -1.97764
1a99A.B99990015.pdb           1604.30176   -42897.84375   -40290.07422        1.00000       -2.00053
1a99A.B99990016.pdb           1552.19592   -43044.58594   -40054.57812        1.00000       -2.03100
1a99A.B99990017.pdb           1757.41431   -42512.62500   -39143.89453        1.00000       -1.92052
1a99A.B99990018.pdb           1687.89233   -42721.16406   -39694.06641        1.00000       -1.96383
1a99A.B99990019.pdb           1513.74878   -42842.73438   -40028.05078        1.00000       -1.98908
1a99A.B99990020.pdb           1593.81836   -43008.31250   -40344.43750        1.00000       -2.02347
1a99A.B99990021.pdb           1532.52979   -43063.14062   -40361.16406        1.00000       -2.03486
1a99A.B99990022.pdb           1623.36536   -43358.16797   -40864.02344        1.00000       -2.09613
1a99A.B99990023.pdb           1638.77271   -42832.55078   -39914.69531        1.00000       -1.98697
1a99A.B99990024.pdb           1553.89001   -43275.17969   -40740.62500        1.00000       -2.07890
1a99A.B99990025.pdb           1618.53845   -42854.71094   -40082.55469        1.00000       -1.99157
1a99A.B99990026.pdb           1541.26709   -42852.54688   -40358.59766        1.00000       -1.99112
1a99A.B99990027.pdb           1553.52820   -43089.26172   -40551.87109        1.00000       -2.04028
1a99A.B99990028.pdb           1588.41382   -42895.30469   -39929.38281        1.00000       -2.00000
1a99A.B99990029.pdb           1529.36230   -42859.37500   -39933.98828        1.00000       -1.99254
1a99A.B99990030.pdb           1547.54858   -42551.85938   -39283.91797        1.00000       -1.92867
1a99A.B99990031.pdb           1509.49670   -42785.87891   -39531.55078        1.00000       -1.97727
1a99A.B99990032.pdb           1672.50439   -42767.08984   -39924.04688        1.00000       -1.97337
1a99A.B99990033.pdb           1570.07874   -43074.67578   -40547.03125        1.00000       -2.03725
1a99A.B99990034.pdb           1679.71497   -42413.66016   -39190.64453        1.00000       -1.89997
1a99A.B99990035.pdb           1754.20312   -42338.00781   -38700.64062        1.00000       -1.88426
1a99A.B99990036.pdb           1587.61743   -42509.55859   -39365.48047        1.00000       -1.91989
1a99A.B99990037.pdb           1608.64819   -42893.58203   -40004.29297        1.00000       -1.99964
1a99A.B99990038.pdb           1611.35889   -42954.00391   -40281.01953        1.00000       -2.01219
1a99A.B99990039.pdb           1587.00024   -43025.84375   -40377.66797        1.00000       -2.02711
1a99A.B99990040.pdb           1596.28186   -42780.30469   -39627.91406        1.00000       -1.97612
1a99A.B99990041.pdb           1576.15259   -42976.41016   -40116.41406        1.00000       -2.01685
1a99A.B99990042.pdb           1565.99854   -42975.29297   -40234.27344        1.00000       -2.01661
1a99A.B99990043.pdb           1639.67163   -43124.81641   -40639.53906        1.00000       -2.04767
1a99A.B99990044.pdb           1559.64539   -42699.53516   -39994.21875        1.00000       -1.95934
1a99A.B99990045.pdb           1584.80530   -42740.31250   -39922.23828        1.00000       -1.96781
1a99A.B99990046.pdb           1645.77612   -42952.10156   -40006.10156        1.00000       -2.01180
1a99A.B99990047.pdb           1638.50171   -42830.46484   -39341.10156        1.00000       -1.98653
1a99A.B99990048.pdb           1693.18420   -43127.89844   -40474.96094        1.00000       -2.04831
1a99A.B99990049.pdb           1646.46887   -42364.25391   -39410.26953        1.00000       -1.88971
1a99A.B99990050.pdb           1595.31628   -42793.98047   -40091.91016        1.00000       -1.97896

>> Top model results:
molpdf: 1509.4967041015625 (file: 1a99A.B99990031.pdb)
DOPE score: -43358.16796875 (file: 1a99A.B99990022.pdb)
GA341 score: 1.0 (file: 1a99A.B99990035.pdb)
Normalized DOPE score: -2.0961315073974696 (file: 1a99A.B99990022.pdb)

##############################################################################################
>>Clustering results - Representative structure - AffinityPropagation
Cluster		File_Name
0		1a99A.B99990012
1		1a99A.B99990038
2		1a99A.B99990039
3		1a99A.B99990047

>>Clustering results - Representative structure - DBSCAN
Cluster		File_Name
0		1a99A.B99990038.pdb
1		1a99A.B99990037.pdb
2		1a99A.B99990047.pdb

>>Clustering results - Representative structure - KMeans
Cluster		File_Name
0		1a99A.B99990022.pdb
1		1a99A.B99990047.pdb

>>Clustering results - Representative structure - MeanShift
Cluster		File_Name
0		1a99A.B99990037.pdb
1		1a99A.B99990038.pdb
2		1a99A.B99990047.pdb

>>Clustering results - Representative structure - SpectralClustering
Cluster		File_Name
0		1a99A.B99990022.pdb
1		1a99A.B99990047.pdb

>>Clustering results - Representative structure - Ward
Cluster		File_Name
0		1a99A.B99990022.pdb
1		1a99A.B99990047.pdb
##############################################################################################

##############################################################################################
>>Clustering results - Representative structure - AffinityPropagation
Cluster		File_Name
0		1a99A.B99990050

>>Clustering results - Representative structure - DBSCAN
Cluster		File_Name
0		1a99A.B99990006.pdb
1		1a99A.B99990023.pdb
2		1a99A.B99990039.pdb
3		1a99A.B99990019.pdb
4		1a99A.B99990050.pdb

>>Clustering results - Representative structure - KMeans
Cluster		File_Name
0		1a99A.B99990037.pdb
1		1a99A.B99990020.pdb
2		1a99A.B99990034.pdb
3		1a99A.B99990032.pdb
4		1a99A.B99990039.pdb
5		1a99A.B99990018.pdb
6		1a99A.B99990014.pdb
7		1a99A.B99990022.pdb
8		1a99A.B99990017.pdb
9		1a99A.B99990030.pdb

>>Clustering results - Representative structure - MeanShift
Cluster		File_Name
0		1a99A.B99990037.pdb
1		1a99A.B99990009.pdb
2		1a99A.B99990049.pdb
3		1a99A.B99990032.pdb
4		1a99A.B99990017.pdb

>>Clustering results - Representative structure - SpectralClustering
Cluster		File_Name
0		1a99A.B99990032.pdb
1		1a99A.B99990037.pdb
2		1a99A.B99990022.pdb
3		1a99A.B99990018.pdb
4		1a99A.B99990034.pdb
5		1a99A.B99990020.pdb

>>Clustering results - Representative structure - Ward
Cluster		File_Name
0		1a99A.B99990020.pdb
1		1a99A.B99990044.pdb
2		1a99A.B99990034.pdb
3		1a99A.B99990039.pdb
4		1a99A.B99990032.pdb
5		1a99A.B99990022.pdb
6		1a99A.B99990018.pdb
7		1a99A.B99990017.pdb
8		1a99A.B99990019.pdb
9		1a99A.B99990030.pdb
##############################################################################################