>> Summary of successfully produced model

Filename                          molpdf     DOPE score  DOPE-HR score    GA341 score Normalized DOPE score-----------------------------------------------------------------------------------------------------------
1a3c_.B99990001.pdb            860.18634   -19428.60156   -19660.96875        1.00000       -2.14941
1a3c_.B99990002.pdb            827.62787   -19467.28320   -19575.22266        1.00000       -2.16591
1a3c_.B99990003.pdb            832.12305   -19486.17969   -19741.59961        1.00000       -2.17397
1a3c_.B99990004.pdb            833.54144   -19499.58984   -19675.86914        1.00000       -2.17969
1a3c_.B99990005.pdb            860.18317   -19291.86133   -19439.19336        1.00000       -2.09107
1a3c_.B99990006.pdb            832.38275   -19620.05078   -19978.09375        1.00000       -2.23109
1a3c_.B99990007.pdb            881.97882   -19360.55078   -19459.26953        1.00000       -2.12037
1a3c_.B99990008.pdb            803.39807   -19482.62305   -19644.98633        1.00000       -2.17245
1a3c_.B99990009.pdb            837.35205   -19576.63867   -19878.22266        1.00000       -2.21257
1a3c_.B99990010.pdb            816.96796   -19457.07617   -19726.04883        1.00000       -2.16156
1a3c_.B99990011.pdb            890.67072   -19309.52148   -19211.77734        1.00000       -2.09860
1a3c_.B99990012.pdb            869.61786   -19486.10742   -19753.84180        1.00000       -2.17394
1a3c_.B99990013.pdb            837.70227   -19642.84375   -20070.11133        1.00000       -2.24081
1a3c_.B99990014.pdb            814.09900   -19709.39844   -20185.51172        1.00000       -2.26921
1a3c_.B99990015.pdb            814.25610   -19554.30273   -19800.32812        1.00000       -2.20304
1a3c_.B99990016.pdb            798.47626   -19467.90234   -19758.43555        1.00000       -2.16617
1a3c_.B99990017.pdb            933.58582   -19320.85742   -19401.87891        1.00000       -2.10344
1a3c_.B99990018.pdb            837.80505   -19532.05859   -19669.91211        1.00000       -2.19355
1a3c_.B99990019.pdb            877.53601   -19453.34180   -19774.62695        1.00000       -2.15996
1a3c_.B99990020.pdb            814.71710   -19435.94336   -19336.78906        1.00000       -2.15254
1a3c_.B99990021.pdb            820.88043   -19480.06641   -19664.39062        1.00000       -2.17136
1a3c_.B99990022.pdb            791.50378   -19636.39844   -19918.33984        1.00000       -2.23806
1a3c_.B99990023.pdb            924.92432   -19287.12109   -19144.04297        1.00000       -2.08905
1a3c_.B99990024.pdb            858.27930   -19479.52539   -19727.07227        1.00000       -2.17113
1a3c_.B99990025.pdb            863.42657   -19423.78516   -19444.37109        1.00000       -2.14735
1a3c_.B99990026.pdb            895.98187   -19448.26367   -19756.33398        1.00000       -2.15780
1a3c_.B99990027.pdb            930.06738   -19439.36133   -19521.32422        1.00000       -2.15400
1a3c_.B99990028.pdb            862.29114   -19338.16797   -19343.73047        1.00000       -2.11083
1a3c_.B99990029.pdb            820.48010   -19404.91016   -19472.05664        1.00000       -2.13930
1a3c_.B99990030.pdb            838.76819   -19405.32812   -19773.41992        1.00000       -2.13948
1a3c_.B99990031.pdb            844.64703   -19588.67969   -19936.43750        1.00000       -2.21770
1a3c_.B99990032.pdb            844.51904   -19493.07227   -19965.01953        1.00000       -2.17691
1a3c_.B99990033.pdb            845.55847   -19475.22070   -19752.48047        1.00000       -2.16930
1a3c_.B99990034.pdb            838.46771   -19445.28711   -19786.55469        1.00000       -2.15653
1a3c_.B99990035.pdb            860.35596   -19324.81250   -19649.30078        1.00000       -2.10513
1a3c_.B99990036.pdb            834.25427   -19441.43555   -19652.32812        1.00000       -2.15488
1a3c_.B99990037.pdb            876.52045   -19480.47656   -19806.84766        1.00000       -2.17154
1a3c_.B99990038.pdb            827.41803   -19403.50781   -19764.43945        1.00000       -2.13870
1a3c_.B99990039.pdb            860.32251   -19505.91016   -19987.25000        1.00000       -2.18239
1a3c_.B99990040.pdb            836.13867   -19487.29297   -19692.99609        1.00000       -2.17445
1a3c_.B99990041.pdb            840.73822   -19558.84180   -19794.35352        1.00000       -2.20497
1a3c_.B99990042.pdb            804.95380   -19447.23438   -19772.70117        1.00000       -2.15736
1a3c_.B99990043.pdb            925.94806   -19559.61523   -19990.51172        1.00000       -2.20530
1a3c_.B99990044.pdb            870.70001   -19621.53906   -19997.03125        1.00000       -2.23172
1a3c_.B99990045.pdb            901.91046   -19318.68750   -19190.66016        1.00000       -2.10251
1a3c_.B99990046.pdb            882.43774   -19411.53906   -19495.76953        1.00000       -2.14213
1a3c_.B99990047.pdb            817.04468   -19559.76172   -19885.83789        1.00000       -2.20536
1a3c_.B99990048.pdb            867.83044   -19387.53516   -19655.48047        1.00000       -2.13189
1a3c_.B99990049.pdb            829.21936   -19509.42383   -19594.80273        1.00000       -2.18389
1a3c_.B99990050.pdb            837.47601   -19394.85938   -19557.39062        1.00000       -2.13501

>> Top model results:
molpdf: 791.5037841796875 (file: 1a3c_.B99990022.pdb)
DOPE score: -19709.3984375 (file: 1a3c_.B99990014.pdb)
GA341 score: 1.0 (file: 1a3c_.B99990012.pdb)
Normalized DOPE score: -2.269205184331222 (file: 1a3c_.B99990014.pdb)

##############################################################################################
>>Clustering results - Representative structure - AffinityPropagation
Cluster		File_Name
0		1a3c_.B99990039

>>Clustering results - Representative structure - DBSCAN
Cluster		File_Name
0		1a3c_.B99990039.pdb
1		1a3c_.B99990049.pdb
2		1a3c_.B99990017.pdb

>>Clustering results - Representative structure - KMeans
Cluster		File_Name
0		1a3c_.B99990033.pdb
1		1a3c_.B99990017.pdb

>>Clustering results - Representative structure - MeanShift
Cluster		File_Name
0		1a3c_.B99990039.pdb
1		1a3c_.B99990049.pdb
2		1a3c_.B99990017.pdb

>>Clustering results - Representative structure - SpectralClustering
Cluster		File_Name
0		1a3c_.B99990033.pdb
1		1a3c_.B99990017.pdb

>>Clustering results - Representative structure - Ward
Cluster		File_Name
0		1a3c_.B99990033.pdb
1		1a3c_.B99990017.pdb
##############################################################################################

##############################################################################################
>>Clustering results - Representative structure - AffinityPropagation
Cluster		File_Name
0		1a3c_.B99990037

>>Clustering results - Representative structure - DBSCAN
Cluster		File_Name
0		1a3c_.B99990033.pdb
1		1a3c_.B99990050.pdb
2		1a3c_.B99990037.pdb

>>Clustering results - Representative structure - KMeans
Cluster		File_Name
0		1a3c_.B99990040.pdb
1		1a3c_.B99990005.pdb
2		1a3c_.B99990012.pdb
3		1a3c_.B99990013.pdb
4		1a3c_.B99990017.pdb
5		1a3c_.B99990009.pdb
6		1a3c_.B99990050.pdb
7		1a3c_.B99990022.pdb

>>Clustering results - Representative structure - MeanShift
Cluster		File_Name
0		1a3c_.B99990036.pdb
1		1a3c_.B99990012.pdb
2		1a3c_.B99990013.pdb
3		1a3c_.B99990017.pdb

>>Clustering results - Representative structure - SpectralClustering
Cluster		File_Name
0		1a3c_.B99990002.pdb
1		1a3c_.B99990012.pdb

>>Clustering results - Representative structure - Ward
Cluster		File_Name
0		1a3c_.B99990002.pdb
1		1a3c_.B99990044.pdb
2		1a3c_.B99990005.pdb
3		1a3c_.B99990012.pdb
4		1a3c_.B99990017.pdb
5		1a3c_.B99990013.pdb
##############################################################################################