>> Summary of successfully produced model

Filename                          molpdf     DOPE score  DOPE-HR score    GA341 score Normalized DOPE score-----------------------------------------------------------------------------------------------------------
1al3_.B99990001.pdb           1135.01965   -28907.81641   -28744.15820        1.00000       -1.69368
1al3_.B99990002.pdb           1194.97644   -28733.10352   -28301.55273        1.00000       -1.64148
1al3_.B99990003.pdb           1047.96729   -28743.66992   -28411.12500        1.00000       -1.64463
1al3_.B99990004.pdb           1128.86707   -28867.65234   -28488.50000        1.00000       -1.68168
1al3_.B99990005.pdb           1030.39978   -28652.23047   -28237.34180        1.00000       -1.61731
1al3_.B99990006.pdb           1269.36450   -28584.26367   -28020.67383        1.00000       -1.59700
1al3_.B99990007.pdb           1078.20801   -28736.78516   -28399.45898        1.00000       -1.64258
1al3_.B99990008.pdb           1186.22546   -28733.29492   -28256.44727        1.00000       -1.64153
1al3_.B99990009.pdb           1093.45349   -28814.96289   -28569.66406        1.00000       -1.66594
1al3_.B99990010.pdb           1065.00562   -28840.89844   -28587.59766        1.00000       -1.67369
1al3_.B99990011.pdb           1167.58691   -28848.68359   -28615.67188        1.00000       -1.67601
1al3_.B99990012.pdb           1109.44128   -28701.35156   -28301.00391        1.00000       -1.63199
1al3_.B99990013.pdb           1021.79279   -28886.31055   -28750.27344        1.00000       -1.68726
1al3_.B99990014.pdb           1098.77356   -28868.42773   -28548.89648        1.00000       -1.68191
1al3_.B99990015.pdb           1167.35645   -28851.25000   -28203.60156        1.00000       -1.67678
1al3_.B99990016.pdb           1065.02917   -28699.46094   -28349.90625        1.00000       -1.63142
1al3_.B99990017.pdb           1187.38672   -28804.80664   -28552.11914        1.00000       -1.66290
1al3_.B99990018.pdb           1225.50781   -28590.33594   -27894.73633        1.00000       -1.59881
1al3_.B99990019.pdb           1188.36267   -28860.83008   -28606.00000        1.00000       -1.67964
1al3_.B99990020.pdb           1082.58105   -28905.32812   -28936.58789        1.00000       -1.69294
1al3_.B99990021.pdb           1069.31458   -28840.07617   -28396.42773        1.00000       -1.67344
1al3_.B99990022.pdb           1085.35828   -28803.26953   -28486.49023        1.00000       -1.66244
1al3_.B99990023.pdb           1080.46399   -28858.97852   -28530.55469        1.00000       -1.67909
1al3_.B99990024.pdb           1212.86182   -28752.09961   -28172.82422        1.00000       -1.64715
1al3_.B99990025.pdb           1105.99646   -28770.30273   -28240.38672        1.00000       -1.65259
1al3_.B99990026.pdb           1104.71655   -28914.30469   -28663.01562        1.00000       -1.69562
1al3_.B99990027.pdb           1118.53784   -28862.68750   -28590.57422        1.00000       -1.68020
1al3_.B99990028.pdb           1085.87109   -28899.13672   -28732.84570        1.00000       -1.69109
1al3_.B99990029.pdb           1092.64771   -28863.47266   -28629.55664        1.00000       -1.68043
1al3_.B99990030.pdb           1189.56567   -28808.50391   -28407.13477        1.00000       -1.66401
1al3_.B99990031.pdb           1177.54028   -28920.66211   -28528.15430        1.00000       -1.69752
1al3_.B99990032.pdb           1106.45593   -28907.68945   -28569.37109        1.00000       -1.69365
1al3_.B99990033.pdb           1174.08105   -28728.28711   -28207.40430        1.00000       -1.64004
1al3_.B99990034.pdb           1123.84912   -28821.26953   -28710.98438        1.00000       -1.66782
1al3_.B99990035.pdb           1130.42737   -28825.38672   -28419.84961        1.00000       -1.66905
1al3_.B99990036.pdb           1102.42810   -28775.00000   -28506.83984        1.00000       -1.65400
1al3_.B99990037.pdb           1134.42712   -28823.12500   -28529.06641        1.00000       -1.66838
1al3_.B99990038.pdb           1062.74268   -28941.90039   -28752.58203        1.00000       -1.70387
1al3_.B99990039.pdb           1106.51807   -28550.67969   -27863.70898        1.00000       -1.58696
1al3_.B99990040.pdb           1086.64819   -29011.22070   -28676.55273        1.00000       -1.72458
1al3_.B99990041.pdb           1133.09912   -28704.28320   -28192.85547        1.00000       -1.63286
1al3_.B99990042.pdb           1182.87622   -28909.24023   -28628.62109        1.00000       -1.69411
1al3_.B99990043.pdb           1147.37244   -28681.15625   -28187.83984        1.00000       -1.62595
1al3_.B99990044.pdb           1221.44092   -28708.32617   -28104.57812        1.00000       -1.63407
1al3_.B99990045.pdb           1123.86646   -28899.22070   -28694.92773        1.00000       -1.69112
1al3_.B99990046.pdb           1102.86121   -28710.50391   -28179.18945        1.00000       -1.63472
1al3_.B99990047.pdb           1042.16199   -28815.43359   -28646.33398        1.00000       -1.66608
1al3_.B99990048.pdb           1135.93335   -28927.74219   -28774.52930        1.00000       -1.69964
1al3_.B99990049.pdb           1035.90112   -28848.40039   -28715.30859        1.00000       -1.67593
1al3_.B99990050.pdb           1135.98315   -28918.85938   -28881.12109        1.00000       -1.69698

>> Top model results:
molpdf: 1021.7927856445312 (file: 1al3_.B99990013.pdb)
DOPE score: -29011.220703125 (file: 1al3_.B99990040.pdb)
GA341 score: 1.0 (file: 1al3_.B99990030.pdb)
Normalized DOPE score: -1.7245838104026947 (file: 1al3_.B99990040.pdb)

##############################################################################################
>>Clustering results - Representative structure - AffinityPropagation
Cluster		File_Name
0		1al3_.B99990008
1		1al3_.B99990029
2		1al3_.B99990039

>>Clustering results - Representative structure - DBSCAN
Cluster		File_Name
0		1al3_.B99990012.pdb
1		1al3_.B99990048.pdb
2		1al3_.B99990006.pdb

>>Clustering results - Representative structure - KMeans
Cluster		File_Name
0		1al3_.B99990048.pdb
1		1al3_.B99990039.pdb

>>Clustering results - Representative structure - MeanShift
Cluster		File_Name
0		1al3_.B99990012.pdb
1		1al3_.B99990029.pdb
2		1al3_.B99990008.pdb
3		1al3_.B99990006.pdb

>>Clustering results - Representative structure - SpectralClustering
Cluster		File_Name
0		1al3_.B99990039.pdb
1		1al3_.B99990048.pdb

>>Clustering results - Representative structure - Ward
Cluster		File_Name
0		1al3_.B99990048.pdb
1		1al3_.B99990039.pdb
##############################################################################################

##############################################################################################
>>Clustering results - Representative structure - AffinityPropagation
Cluster		File_Name
0		1al3_.B99990006
1		1al3_.B99990012
2		1al3_.B99990014
3		1al3_.B99990024
4		1al3_.B99990027

>>Clustering results - Representative structure - DBSCAN
Cluster		File_Name
0		1al3_.B99990023.pdb
1		1al3_.B99990017.pdb

>>Clustering results - Representative structure - KMeans
Cluster		File_Name
0		1al3_.B99990025.pdb
1		1al3_.B99990032.pdb
2		1al3_.B99990006.pdb
3		1al3_.B99990012.pdb
4		1al3_.B99990029.pdb

>>Clustering results - Representative structure - MeanShift
Cluster		File_Name
0		1al3_.B99990037.pdb
1		1al3_.B99990011.pdb
2		1al3_.B99990006.pdb

>>Clustering results - Representative structure - SpectralClustering
Cluster		File_Name
0		1al3_.B99990027.pdb
1		1al3_.B99990006.pdb
2		1al3_.B99990024.pdb
3		1al3_.B99990014.pdb
4		1al3_.B99990012.pdb

>>Clustering results - Representative structure - Ward
Cluster		File_Name
0		1al3_.B99990008.pdb
1		1al3_.B99990029.pdb
2		1al3_.B99990037.pdb
3		1al3_.B99990041.pdb
4		1al3_.B99990050.pdb
5		1al3_.B99990006.pdb
##############################################################################################