>> Summary of successfully produced model

Filename                          molpdf     DOPE score  DOPE-HR score    GA341 score Normalized DOPE score-----------------------------------------------------------------------------------------------------------
1auz_.B99990001.pdb            569.92969   -13550.40625   -12866.11328        1.00000       -1.97570
1auz_.B99990002.pdb            494.75726   -13602.91602   -13025.25781        1.00000       -2.00776
1auz_.B99990003.pdb            517.20978   -13377.38965   -12717.56250        1.00000       -1.87007
1auz_.B99990004.pdb            510.90353   -13443.43652   -12797.45703        1.00000       -1.91040
1auz_.B99990005.pdb            516.16168   -13545.14160   -12905.18750        1.00000       -1.97249
1auz_.B99990006.pdb            491.68491   -13328.28125   -12392.65625        1.00000       -1.84009
1auz_.B99990007.pdb            596.91492   -13562.80859   -12839.04004        1.00000       -1.98328
1auz_.B99990008.pdb            559.77197   -13607.65723   -13171.57617        1.00000       -2.01066
1auz_.B99990009.pdb            568.18713   -13669.46875   -13107.88477        1.00000       -2.04839
1auz_.B99990010.pdb            503.09601   -13510.13574   -12917.76855        1.00000       -1.95112
1auz_.B99990011.pdb            507.21704   -13625.21191   -13183.48340        1.00000       -2.02137
1auz_.B99990012.pdb            472.03232   -13622.82520   -13022.43262        1.00000       -2.01992
1auz_.B99990013.pdb            550.42126   -13558.66992   -12847.43555        1.00000       -1.98075
1auz_.B99990014.pdb            505.73492   -13544.35352   -12862.01367        1.00000       -1.97201
1auz_.B99990015.pdb            475.44113   -13524.41895   -12997.73340        1.00000       -1.95984
1auz_.B99990016.pdb            477.72989   -13551.19238   -12799.92480        1.00000       -1.97618
1auz_.B99990017.pdb            512.12122   -13579.23535   -12988.69141        1.00000       -1.99330
1auz_.B99990018.pdb            507.36078   -13490.75195   -12880.97949        1.00000       -1.93928
1auz_.B99990019.pdb            536.66223   -13569.13867   -13010.05469        1.00000       -1.98714
1auz_.B99990020.pdb            485.34335   -13556.72754   -13022.51562        1.00000       -1.97956
1auz_.B99990021.pdb            517.08850   -13460.38086   -12691.90039        1.00000       -1.92074
1auz_.B99990022.pdb            527.32043   -13592.48145   -13048.16504        1.00000       -2.00139
1auz_.B99990023.pdb            563.74219   -13511.20801   -12846.41016        1.00000       -1.95177
1auz_.B99990024.pdb            545.20526   -13487.51758   -12795.62988        1.00000       -1.93731
1auz_.B99990025.pdb            488.29816   -13658.74707   -13049.61719        1.00000       -2.04185
1auz_.B99990026.pdb            506.96152   -13447.01758   -12813.83789        1.00000       -1.91258
1auz_.B99990027.pdb            523.55969   -13508.85059   -12865.85059        1.00000       -1.95033
1auz_.B99990028.pdb            565.78375   -13528.43262   -12948.79980        1.00000       -1.96229
1auz_.B99990029.pdb            488.33026   -13675.10547   -13249.08887        1.00000       -2.05184
1auz_.B99990030.pdb            511.17590   -13473.87207   -12816.20117        1.00000       -1.92898
1auz_.B99990031.pdb            525.95972   -13400.66211   -12603.79395        1.00000       -1.88428
1auz_.B99990032.pdb            493.20297   -13535.68848   -12922.37695        1.00000       -1.96672
1auz_.B99990033.pdb            509.72806   -13502.70410   -12886.56543        1.00000       -1.94658
1auz_.B99990034.pdb            487.70993   -13497.07129   -12863.67969        1.00000       -1.94314
1auz_.B99990035.pdb            497.15903   -13612.61230   -13021.90625        1.00000       -2.01368
1auz_.B99990036.pdb            542.07489   -13549.90918   -12822.12793        1.00000       -1.97540
1auz_.B99990037.pdb            499.92694   -13708.26074   -13130.82520        1.00000       -2.07208
1auz_.B99990038.pdb            492.01181   -13622.31543   -12818.41113        1.00000       -2.01961
1auz_.B99990039.pdb            529.34955   -13575.24707   -12930.15039        1.00000       -1.99087
1auz_.B99990040.pdb            532.34497   -13545.47852   -12806.42285        1.00000       -1.97269
1auz_.B99990041.pdb            564.13696   -13503.34668   -12787.58301        1.00000       -1.94697
1auz_.B99990042.pdb            502.26645   -13671.05371   -13026.43457        1.00000       -2.04936
1auz_.B99990043.pdb            496.22742   -13464.49219   -12666.67480        1.00000       -1.92325
1auz_.B99990044.pdb            474.48096   -13582.50684   -12941.02051        1.00000       -1.99530
1auz_.B99990045.pdb            494.93481   -13708.31543   -13037.22949        1.00000       -2.07211
1auz_.B99990046.pdb            538.82635   -13416.28711   -12830.84180        1.00000       -1.89382
1auz_.B99990047.pdb            479.70142   -13690.76953   -13297.77246        1.00000       -2.06140
1auz_.B99990048.pdb            515.72107   -13676.40234   -13051.97070        1.00000       -2.05263
1auz_.B99990049.pdb            491.11276   -13571.64746   -12997.40234        1.00000       -1.98867
1auz_.B99990050.pdb            490.64401   -13618.29199   -13083.83301        1.00000       -2.01715

>> Top model results:
molpdf: 472.0323181152344 (file: 1auz_.B99990012.pdb)
DOPE score: -13708.3154296875 (file: 1auz_.B99990045.pdb)
GA341 score: 1.0 (file: 1auz_.B99990006.pdb)
Normalized DOPE score: -2.0721118514662424 (file: 1auz_.B99990045.pdb)

##############################################################################################
>>Clustering results - Representative structure - AffinityPropagation
Cluster		File_Name
0		1auz_.B99990048

>>Clustering results - Representative structure - DBSCAN
Cluster		File_Name
0		1auz_.B99990023.pdb
1		1auz_.B99990017.pdb

>>Clustering results - Representative structure - KMeans
Cluster		File_Name
0		1auz_.B99990017.pdb
1		1auz_.B99990023.pdb

>>Clustering results - Representative structure - MeanShift
Cluster		File_Name
0		1auz_.B99990017.pdb
1		1auz_.B99990023.pdb

>>Clustering results - Representative structure - SpectralClustering
Cluster		File_Name
0		1auz_.B99990017.pdb
1		1auz_.B99990023.pdb

>>Clustering results - Representative structure - Ward
Cluster		File_Name
0		1auz_.B99990017.pdb
1		1auz_.B99990023.pdb
##############################################################################################

##############################################################################################
>>Clustering results - Representative structure - AffinityPropagation
Cluster		File_Name
0		1auz_.B99990001
1		1auz_.B99990021
2		1auz_.B99990027
3		1auz_.B99990038
4		1auz_.B99990045

>>Clustering results - Representative structure - DBSCAN
Cluster		File_Name
0		1auz_.B99990039.pdb

>>Clustering results - Representative structure - KMeans
Cluster		File_Name
0		1auz_.B99990005.pdb
1		1auz_.B99990001.pdb

>>Clustering results - Representative structure - MeanShift
Cluster		File_Name
0		1auz_.B99990005.pdb
1		1auz_.B99990001.pdb
2		1auz_.B99990008.pdb

>>Clustering results - Representative structure - SpectralClustering
Cluster		File_Name
0		1auz_.B99990005.pdb
1		1auz_.B99990001.pdb

>>Clustering results - Representative structure - Ward
Cluster		File_Name
0		1auz_.B99990005.pdb
1		1auz_.B99990001.pdb
##############################################################################################