>> Summary of successfully produced model

Filename                          molpdf     DOPE score  DOPE-HR score    GA341 score Normalized DOPE score-----------------------------------------------------------------------------------------------------------
1f4h.B99990001.pdb            5642.26318  -120811.70312  -109607.03125        1.00000       -1.01649
1f4h.B99990002.pdb            5786.36963  -120923.25000  -109857.96094        1.00000       -1.02422
1f4h.B99990003.pdb            5813.24902  -120486.04688  -108469.28906        1.00000       -0.99390
1f4h.B99990004.pdb            5546.80176  -120972.36719  -109147.28906        1.00000       -1.02763
1f4h.B99990005.pdb            5798.22998  -121331.10156  -110428.48438        1.00000       -1.05251
1f4h.B99990006.pdb            5473.58105  -121135.03125  -110096.52344        1.00000       -1.03891
1f4h.B99990007.pdb            5606.69482  -121172.97656  -110139.38281        1.00000       -1.04155
1f4h.B99990008.pdb            5687.81641  -120844.78125  -109417.51562        1.00000       -1.01878
1f4h.B99990009.pdb            5697.16797  -121405.42188  -110544.60156        1.00000       -1.05767
1f4h.B99990010.pdb            5742.69092  -120993.82031  -110098.64844        1.00000       -1.02912
1f4h.B99990011.pdb            5673.87891  -120981.98438  -109476.40625        1.00000       -1.02830
1f4h.B99990012.pdb            5551.24854  -120959.76562  -110070.48438        1.00000       -1.02676
1f4h.B99990013.pdb            5481.34033  -121566.10938  -111053.52344        1.00000       -1.06882
1f4h.B99990014.pdb            5670.01855  -120916.93750  -109061.44531        1.00000       -1.02379
1f4h.B99990015.pdb            5627.12158  -120756.12500  -109188.20312        1.00000       -1.01263
1f4h.B99990016.pdb            5479.22559  -121359.07031  -110865.02344        1.00000       -1.05446
1f4h.B99990017.pdb            5798.76611  -120941.44531  -109829.26562        1.00000       -1.02549
1f4h.B99990018.pdb            5548.44287  -121343.67188  -109995.44531        1.00000       -1.05339
1f4h.B99990019.pdb            5681.01855  -120824.66406  -109683.05469        1.00000       -1.01739
1f4h.B99990020.pdb            5466.45117  -121334.86719  -110299.40625        1.00000       -1.05278
1f4h.B99990021.pdb            5486.98096  -121115.54688  -110232.96875        1.00000       -1.03756
1f4h.B99990022.pdb            5570.54053  -121326.96875  -110688.96094        1.00000       -1.05223
1f4h.B99990023.pdb            5388.69092  -121499.39062  -110695.67188        1.00000       -1.06419
1f4h.B99990024.pdb            5837.57227  -120590.76562  -108832.69531        1.00000       -1.00116
1f4h.B99990025.pdb            5697.03906  -121230.84375  -109823.55469        1.00000       -1.04556
1f4h.B99990026.pdb            5773.55420  -121128.48438  -109820.53906        1.00000       -1.03846
1f4h.B99990027.pdb            5764.28857  -120892.71094  -108650.01562        1.00000       -1.02211
1f4h.B99990028.pdb            5660.40186  -121328.51562  -109838.27344        1.00000       -1.05234
1f4h.B99990029.pdb            5466.95020  -121018.61719  -110517.41406        1.00000       -1.03084
1f4h.B99990030.pdb            5670.43311  -120899.75781  -109686.35156        1.00000       -1.02259
1f4h.B99990031.pdb            5690.26611  -120960.76562  -109626.81250        1.00000       -1.02683
1f4h.B99990032.pdb            5618.11279  -121205.71094  -110570.43750        1.00000       -1.04382
1f4h.B99990033.pdb            5603.18408  -121213.21094  -110438.79688        1.00000       -1.04434
1f4h.B99990034.pdb            5613.52588  -121319.47656  -110627.78906        1.00000       -1.05171
1f4h.B99990035.pdb            5716.56885  -121019.71094  -110233.76562        1.00000       -1.03092
1f4h.B99990036.pdb            5657.98779  -120885.04688  -109427.60938        1.00000       -1.02157
1f4h.B99990037.pdb            5659.09033  -121002.85156  -109417.41406        1.00000       -1.02975
1f4h.B99990038.pdb            5718.28369  -120749.81250  -109242.96094        1.00000       -1.01219
1f4h.B99990039.pdb            5586.64355  -121289.00000  -109959.78906        1.00000       -1.04959
1f4h.B99990040.pdb            5519.50098  -121295.78906  -110645.85938        1.00000       -1.05007
1f4h.B99990041.pdb            5643.62158  -121455.59375  -110030.66406        1.00000       -1.06115
1f4h.B99990042.pdb            5726.72998  -120846.44531  -108876.71875        1.00000       -1.01890
1f4h.B99990043.pdb            5476.25830  -121201.68750  -110447.62500        1.00000       -1.04354
1f4h.B99990044.pdb            5650.78906  -120841.30469  -109717.35156        1.00000       -1.01854
1f4h.B99990045.pdb            5749.19531  -120729.09375  -108961.89844        1.00000       -1.01076
1f4h.B99990046.pdb            5887.59814  -120772.70312  -108651.25781        1.00000       -1.01378
1f4h.B99990047.pdb            5909.62305  -120676.14062  -108704.30469        1.00000       -1.00708
1f4h.B99990048.pdb            5934.46631  -120869.84375  -109171.88281        1.00000       -1.02052
1f4h.B99990049.pdb            5898.82520  -120914.30469  -109373.39844        1.00000       -1.02360
1f4h.B99990050.pdb            5520.64307  -121342.03906  -110501.63281        1.00000       -1.05327

>> Top model results:
molpdf: 5388.69091796875 (file: 1f4h.B99990023.pdb)
DOPE score: -121566.109375 (file: 1f4h.B99990013.pdb)
GA341 score: 1.0 (file: 1f4h.B99990043.pdb)
Normalized DOPE score: -1.0688162716980318 (file: 1f4h.B99990013.pdb)

##############################################################################################
>>Clustering results - Representative structure - AffinityPropagation
Cluster		File_Name
0		1f4h.B99990025

>>Clustering results - Representative structure - DBSCAN
Cluster		File_Name
0		1f4h.B99990025.pdb
1		1f4h.B99990019.pdb
2		1f4h.B99990028.pdb
3		1f4h.B99990002.pdb

>>Clustering results - Representative structure - KMeans
Cluster		File_Name
0		1f4h.B99990025.pdb
1		1f4h.B99990019.pdb
2		1f4h.B99990028.pdb
3		1f4h.B99990002.pdb

>>Clustering results - Representative structure - MeanShift
Cluster		File_Name
0		1f4h.B99990025.pdb
1		1f4h.B99990028.pdb
2		1f4h.B99990019.pdb
3		1f4h.B99990002.pdb

>>Clustering results - Representative structure - SpectralClustering
Cluster		File_Name
0		1f4h.B99990025.pdb
1		1f4h.B99990019.pdb

>>Clustering results - Representative structure - Ward
Cluster		File_Name
0		1f4h.B99990025.pdb
1		1f4h.B99990019.pdb
2		1f4h.B99990028.pdb
3		1f4h.B99990002.pdb
##############################################################################################

##############################################################################################
>>Clustering results - Representative structure - AffinityPropagation
Cluster		File_Name
0		1f4h.B99990009
1		1f4h.B99990034
2		1f4h.B99990036
3		1f4h.B99990037
4		1f4h.B99990045
5		1f4h.B99990049

>>Clustering results - Representative structure - DBSCAN
Cluster		File_Name
0		1f4h.B99990026.pdb

>>Clustering results - Representative structure - KMeans
Cluster		File_Name
0		1f4h.B99990034.pdb
1		1f4h.B99990045.pdb
2		1f4h.B99990040.pdb
3		1f4h.B99990019.pdb
4		1f4h.B99990018.pdb
5		1f4h.B99990036.pdb
6		1f4h.B99990037.pdb
7		1f4h.B99990046.pdb

>>Clustering results - Representative structure - MeanShift
Cluster		File_Name
0		1f4h.B99990026.pdb

>>Clustering results - Representative structure - SpectralClustering
Cluster		File_Name
0		1f4h.B99990002.pdb
1		1f4h.B99990032.pdb
2		1f4h.B99990047.pdb
3		1f4h.B99990046.pdb
4		1f4h.B99990037.pdb
5		1f4h.B99990044.pdb
6		1f4h.B99990013.pdb
7		1f4h.B99990027.pdb
8		1f4h.B99990036.pdb
9		1f4h.B99990043.pdb

>>Clustering results - Representative structure - Ward
Cluster		File_Name
0		1f4h.B99990045.pdb
1		1f4h.B99990018.pdb
2		1f4h.B99990040.pdb
3		1f4h.B99990013.pdb
4		1f4h.B99990044.pdb
5		1f4h.B99990037.pdb
6		1f4h.B99990036.pdb
7		1f4h.B99990043.pdb
8		1f4h.B99990046.pdb
9		1f4h.B99990002.pdb
##############################################################################################