>> Summary of successfully produced model

Filename                          molpdf     DOPE score  DOPE-HR score    GA341 score Normalized DOPE score-----------------------------------------------------------------------------------------------------------
1afp_.B99990001.pdb            218.49538    -1912.98669    -1574.82495        0.00793        1.85991
1afp_.B99990002.pdb            212.60693    -1914.61316    -1451.64233        0.00206        1.85765
1afp_.B99990003.pdb            199.81749    -1768.22974    -1406.02661        0.00265        2.06093
1afp_.B99990004.pdb            221.17404    -1810.68152    -1359.87817        0.00495        2.00198
1afp_.B99990005.pdb            221.76390    -1826.80078    -1509.87256        0.00329        1.97960
1afp_.B99990006.pdb            212.41229    -1868.00781    -1539.70947        0.00313        1.92237
1afp_.B99990007.pdb            199.10100    -1846.84058    -1528.75549        0.00425        1.95177
1afp_.B99990008.pdb            198.77330    -1896.32910    -1798.25500        0.00350        1.88304
1afp_.B99990009.pdb            206.05417    -1932.81836    -1610.89819        0.00309        1.83237
1afp_.B99990010.pdb            246.70398    -1840.93628    -1448.86218        0.00548        1.95997
1afp_.B99990011.pdb            213.89180    -1860.71252    -1614.18555        0.00597        1.93250
1afp_.B99990012.pdb            213.77188    -1879.13977    -1200.87927        0.00172        1.90691
1afp_.B99990013.pdb            172.93585    -1976.97583    -1821.70020        0.01058        1.77105
1afp_.B99990014.pdb            190.90883    -1960.31104    -1668.06384        0.00384        1.79420
1afp_.B99990015.pdb            204.56465    -1864.70984    -1608.66016        0.00375        1.92695
1afp_.B99990016.pdb            237.55278    -1902.20264    -1635.48438        0.00099        1.87489
1afp_.B99990017.pdb            215.89700    -1820.45276    -1492.05078        0.00223        1.98841
1afp_.B99990018.pdb            210.66682    -1903.47253    -1784.02637        0.00412        1.87312
1afp_.B99990019.pdb            214.58893    -1753.36548    -1368.91492        0.00456        2.08157
1afp_.B99990020.pdb            187.23021    -1859.16138    -1567.12915        0.00296        1.93466
1afp_.B99990021.pdb            189.14252    -2025.80054    -1756.05981        0.00882        1.70325
1afp_.B99990022.pdb            197.74928    -1902.01331    -1686.15735        0.00732        1.87515
1afp_.B99990023.pdb            206.63200    -1984.13940    -1547.19238        0.00597        1.76111
1afp_.B99990024.pdb            175.81796    -1891.74133    -1712.06958        0.00819        1.88942
1afp_.B99990025.pdb            238.33009    -1637.39734    -1084.99304        0.00275        2.24261
1afp_.B99990026.pdb            200.76447    -1932.05078    -1550.02820        0.00287        1.83344
1afp_.B99990027.pdb            212.59404    -1881.23682    -1506.69153        0.00307        1.90400
1afp_.B99990028.pdb            196.53896    -2043.22473    -1566.81384        0.00247        1.67906
1afp_.B99990029.pdb            211.03438    -1954.37000    -1569.38147        0.00455        1.80245
1afp_.B99990030.pdb            195.05234    -1785.72791    -1336.71204        0.00340        2.03663
1afp_.B99990031.pdb            313.41562    -1690.76367     -979.87653        0.00291        2.16850
1afp_.B99990032.pdb            216.68816    -1817.55115    -1483.78674        0.00454        1.99244
1afp_.B99990033.pdb            215.84648    -1918.47681    -1634.97034        0.00270        1.85229
1afp_.B99990034.pdb            266.68613    -1803.02502    -1414.89746        0.00351        2.01261
1afp_.B99990035.pdb            221.96288    -1777.79858    -1557.71802        0.00188        2.04764
1afp_.B99990036.pdb            222.46536    -1926.03394    -1780.73218        0.01565        1.84179
1afp_.B99990037.pdb            222.67491    -1771.34961    -1384.19580        0.00250        2.05660
1afp_.B99990038.pdb            219.71191    -1870.49829    -1574.50928        0.00441        1.91891
1afp_.B99990039.pdb            196.79614    -1938.53210    -1732.54272        0.00397        1.82444
1afp_.B99990040.pdb            241.62946    -1794.13220    -1486.10986        0.00280        2.02496
1afp_.B99990041.pdb            194.91034    -2065.04175    -1842.22437        0.00400        1.64876
1afp_.B99990042.pdb            240.86380    -1722.86230    -1405.27380        0.00806        2.12393
1afp_.B99990043.pdb            235.82805    -1755.57227    -1268.56531        0.00249        2.07851
1afp_.B99990044.pdb            194.43939    -1969.17456    -1706.93506        0.00522        1.78189
1afp_.B99990045.pdb            215.92555    -1915.87939    -1554.14551        0.00596        1.85590
1afp_.B99990046.pdb            234.88219    -1889.48608    -1625.50671        0.00240        1.89255
1afp_.B99990047.pdb            209.15729    -1815.02771    -1539.92834        0.00301        1.99594
1afp_.B99990048.pdb            220.27888    -1891.32056    -1530.42712        0.00224        1.89000
1afp_.B99990049.pdb            210.02826    -1993.34143    -1811.46130        0.00674        1.74833
1afp_.B99990050.pdb            208.62256    -1965.88367    -1752.38647        0.00349        1.78646

>> Top model results:
molpdf: 172.93585205078125 (file: 1afp_.B99990013.pdb)
DOPE score: -2065.041748046875 (file: 1afp_.B99990041.pdb)
GA341 score: 0.0009858164703473449 (file: 1afp_.B99990016.pdb)
Normalized DOPE score: 1.6487603226345144 (file: 1afp_.B99990041.pdb)

##############################################################################################
>>Clustering results - Representative structure - AffinityPropagation
Cluster		File_Name
0		1afp_.B99990031
1		1afp_.B99990038

>>Clustering results - Representative structure - DBSCAN
Cluster		File_Name
0		1afp_.B99990045.pdb
1		1afp_.B99990025.pdb

>>Clustering results - Representative structure - KMeans
Cluster		File_Name
0		1afp_.B99990038.pdb
1		1afp_.B99990031.pdb

>>Clustering results - Representative structure - MeanShift
Cluster		File_Name
0		1afp_.B99990022.pdb
1		1afp_.B99990004.pdb
2		1afp_.B99990031.pdb
3		1afp_.B99990025.pdb

>>Clustering results - Representative structure - SpectralClustering
Cluster		File_Name
0		1afp_.B99990009.pdb
1		1afp_.B99990034.pdb

>>Clustering results - Representative structure - Ward
Cluster		File_Name
0		1afp_.B99990038.pdb
1		1afp_.B99990031.pdb
##############################################################################################

##############################################################################################
>>Clustering results - Representative structure - AffinityPropagation
Cluster		File_Name
0		1afp_.B99990031
1		1afp_.B99990048

>>Clustering results - Representative structure - DBSCAN
Cluster		File_Name
0		1afp_.B99990048.pdb
1		1afp_.B99990018.pdb
2		1afp_.B99990046.pdb

>>Clustering results - Representative structure - KMeans
Cluster		File_Name
0		1afp_.B99990048.pdb
1		1afp_.B99990031.pdb

>>Clustering results - Representative structure - MeanShift
Cluster		File_Name
0		1afp_.B99990033.pdb
1		1afp_.B99990034.pdb
2		1afp_.B99990031.pdb
3		1afp_.B99990025.pdb

>>Clustering results - Representative structure - SpectralClustering
Cluster		File_Name
0		1afp_.B99990040.pdb
1		1afp_.B99990033.pdb

>>Clustering results - Representative structure - Ward
Cluster		File_Name
0		1afp_.B99990048.pdb
1		1afp_.B99990031.pdb
##############################################################################################