>> Summary of successfully produced model

Filename                          molpdf     DOPE score  DOPE-HR score    GA341 score Normalized DOPE score-----------------------------------------------------------------------------------------------------------
1acz_.B99990001.pdb            902.52740    -6468.97754    -4579.55176        0.00535        1.02291
1acz_.B99990002.pdb           1020.24121    -5717.30908    -3399.50415        0.00740        1.51582
1acz_.B99990003.pdb            899.06573    -6085.43750    -3804.93311        0.01923        1.27442
1acz_.B99990004.pdb            748.85571    -5899.43701    -3767.19727        0.00184        1.39639
1acz_.B99990005.pdb            720.28394    -6249.71143    -3648.36621        0.00376        1.16669
1acz_.B99990006.pdb           1074.25391    -5936.07617    -3590.04565        0.01086        1.37236
1acz_.B99990007.pdb            988.01917    -5895.91943    -3705.66602        0.00929        1.39869
1acz_.B99990008.pdb            972.24719    -5582.71094    -3589.72729        0.00514        1.60408
1acz_.B99990009.pdb            726.62317    -6251.93311    -4357.61035        0.01435        1.16524
1acz_.B99990010.pdb            652.56238    -6861.49365    -4398.93018        0.01396        0.76551
1acz_.B99990011.pdb            908.94922    -6323.44092    -4544.45801        0.00775        1.11835
1acz_.B99990012.pdb            948.95563    -5922.96875    -3147.00244        0.01010        1.38096
1acz_.B99990013.pdb            993.95514    -6001.07275    -4253.25000        0.00628        1.32974
1acz_.B99990014.pdb            971.37054    -5696.80957    -2568.23950        0.00527        1.52926
1acz_.B99990015.pdb            857.20605    -6266.21484    -4124.08398        0.00888        1.15587
1acz_.B99990016.pdb            965.81268    -5955.49463    -3420.31836        0.00880        1.35963
1acz_.B99990017.pdb            864.08691    -5793.66943    -3081.89062        0.00599        1.46575
1acz_.B99990018.pdb            937.32648    -6278.23486    -4357.15332        0.01241        1.14799
1acz_.B99990019.pdb            856.55676    -6205.74658    -4341.27686        0.00430        1.19552
1acz_.B99990020.pdb            905.46991    -6129.43359    -4174.21973        0.00541        1.24557
1acz_.B99990021.pdb           1006.28638    -6119.79199    -3733.61035        0.01594        1.25189
1acz_.B99990022.pdb            923.71313    -6486.39795    -4458.25146        0.01449        1.01149
1acz_.B99990023.pdb           1012.96820    -5785.19141    -3030.92017        0.01547        1.47130
1acz_.B99990024.pdb            901.08990    -6072.62793    -3712.66724        0.02431        1.28282
1acz_.B99990025.pdb            920.33466    -6066.61670    -3750.47388        0.00521        1.28676
1acz_.B99990026.pdb            948.87299    -5937.78174    -4074.24854        0.00624        1.37124
1acz_.B99990027.pdb            958.55219    -5961.88232    -3626.33057        0.00270        1.35544
1acz_.B99990028.pdb            735.79187    -6568.50049    -4499.37061        0.00455        0.95765
1acz_.B99990029.pdb            880.27264    -6221.10352    -4497.52734        0.01081        1.18545
1acz_.B99990030.pdb            700.25079    -6150.84912    -3968.54004        0.00600        1.23152
1acz_.B99990031.pdb            975.01410    -5955.81201    -3502.50757        0.00616        1.35942
1acz_.B99990032.pdb            961.56232    -6233.23779    -4060.95117        0.00990        1.17750
1acz_.B99990033.pdb            778.05182    -6130.36914    -4007.98999        0.00518        1.24495
1acz_.B99990034.pdb            754.70490    -6185.86963    -3786.91748        0.00975        1.20856
1acz_.B99990035.pdb            766.97491    -6239.69336    -3790.28516        0.00753        1.17326
1acz_.B99990036.pdb            937.87891    -6478.74756    -4711.74756        0.01614        1.01650
1acz_.B99990037.pdb            856.59747    -6076.88574    -3341.50928        0.00487        1.28002
1acz_.B99990038.pdb            937.97449    -6162.50391    -3933.38501        0.00911        1.22388
1acz_.B99990039.pdb            903.75171    -5997.76025    -3510.33130        0.00947        1.33191
1acz_.B99990040.pdb           1011.63928    -5942.14209    -3870.76099        0.01234        1.36838
1acz_.B99990041.pdb            780.29108    -6129.05469    -4036.29297        0.00385        1.24581
1acz_.B99990042.pdb            745.98492    -6428.86719    -4094.75415        0.00471        1.04921
1acz_.B99990043.pdb            920.59985    -6423.66748    -4089.67603        0.00797        1.05262
1acz_.B99990044.pdb            790.75305    -6024.41064    -3262.64429        0.00415        1.31444
1acz_.B99990045.pdb            944.70355    -6123.30908    -3835.35425        0.01106        1.24958
1acz_.B99990046.pdb            961.13092    -5897.38916    -3430.18823        0.01772        1.39773
1acz_.B99990047.pdb            864.50183    -6250.23389    -4086.80835        0.00809        1.16635
1acz_.B99990048.pdb            768.71173    -6379.40527    -3359.27637        0.00414        1.08165
1acz_.B99990049.pdb            946.28748    -5974.15234    -3334.03003        0.00582        1.34739
1acz_.B99990050.pdb            886.60217    -6078.84082    -3778.96533        0.00588        1.27874

>> Top model results:
molpdf: 652.5623779296875 (file: 1acz_.B99990010.pdb)
DOPE score: -6861.49365234375 (file: 1acz_.B99990010.pdb)
GA341 score: 0.001844329759478569 (file: 1acz_.B99990004.pdb)
Normalized DOPE score: 0.7655143431750424 (file: 1acz_.B99990010.pdb)

##############################################################################################
>>Clustering results - Representative structure - AffinityPropagation
Cluster		File_Name
0		1acz_.B99990025
1		1acz_.B99990029

>>Clustering results - Representative structure - DBSCAN
Cluster		File_Name
0		1acz_.B99990032.pdb
1		1acz_.B99990038.pdb

>>Clustering results - Representative structure - KMeans
Cluster		File_Name
0		1acz_.B99990031.pdb
1		1acz_.B99990030.pdb
2		1acz_.B99990016.pdb
3		1acz_.B99990034.pdb

>>Clustering results - Representative structure - MeanShift
Cluster		File_Name
0		1acz_.B99990050.pdb
1		1acz_.B99990023.pdb
2		1acz_.B99990016.pdb

>>Clustering results - Representative structure - SpectralClustering
Cluster		File_Name
0		1acz_.B99990031.pdb
1		1acz_.B99990037.pdb
2		1acz_.B99990030.pdb

>>Clustering results - Representative structure - Ward
Cluster		File_Name
0		1acz_.B99990031.pdb
1		1acz_.B99990030.pdb
2		1acz_.B99990034.pdb
3		1acz_.B99990016.pdb
##############################################################################################

##############################################################################################
>>Clustering results - Representative structure - AffinityPropagation
Cluster		File_Name
0		1acz_.B99990010
1		1acz_.B99990012
2		1acz_.B99990016
3		1acz_.B99990024
4		1acz_.B99990027
5		1acz_.B99990034
6		1acz_.B99990043
7		1acz_.B99990048

>>Clustering results - Representative structure - DBSCAN
Cluster		File_Name
0		1acz_.B99990050.pdb

>>Clustering results - Representative structure - KMeans
Cluster		File_Name
0		1acz_.B99990043.pdb
1		1acz_.B99990012.pdb
2		1acz_.B99990034.pdb
3		1acz_.B99990014.pdb
4		1acz_.B99990024.pdb
5		1acz_.B99990048.pdb
6		1acz_.B99990007.pdb
7		1acz_.B99990028.pdb

>>Clustering results - Representative structure - MeanShift
Cluster		File_Name
0		1acz_.B99990050.pdb
1		1acz_.B99990028.pdb
2		1acz_.B99990016.pdb
3		1acz_.B99990023.pdb

>>Clustering results - Representative structure - SpectralClustering
Cluster		File_Name
0		1acz_.B99990009.pdb
1		1acz_.B99990026.pdb
2		1acz_.B99990034.pdb
3		1acz_.B99990012.pdb

>>Clustering results - Representative structure - Ward
Cluster		File_Name
0		1acz_.B99990009.pdb
1		1acz_.B99990012.pdb
2		1acz_.B99990026.pdb
3		1acz_.B99990034.pdb
##############################################################################################