>> Summary of successfully produced model

Filename                          molpdf     DOPE score  DOPE-HR score    GA341 score Normalized DOPE score-----------------------------------------------------------------------------------------------------------
1aco_.B99990001.pdb           5118.04102   -70864.11719   -54695.28125        1.00000        0.17382
1aco_.B99990002.pdb           5229.76465   -70338.17188   -54767.67578        1.00000        0.22329
1aco_.B99990003.pdb           5084.92090   -70863.03906   -55072.80859        1.00000        0.17392
1aco_.B99990004.pdb           4973.72314   -70434.96094   -54787.91406        1.00000        0.21418
1aco_.B99990005.pdb           5246.60303   -71018.76562   -55805.79688        1.00000        0.15928
1aco_.B99990006.pdb           5318.95850   -70562.51562   -55510.59766        1.00000        0.20219
1aco_.B99990007.pdb           5093.08838   -70157.17969   -54310.80469        1.00000        0.24031
1aco_.B99990008.pdb           5225.31348   -70492.07812   -54804.48828        1.00000        0.20881
1aco_.B99990009.pdb           4986.96777   -70528.39062   -54962.74219        1.00000        0.20540
1aco_.B99990010.pdb           5098.47705   -69851.05469   -52939.26172        1.00000        0.26910
1aco_.B99990011.pdb           4908.86719   -70690.61719   -55387.96484        1.00000        0.19014
1aco_.B99990012.pdb           4985.08203   -70745.91406   -55148.86328        1.00000        0.18494
1aco_.B99990013.pdb           4754.50879   -70063.13281   -54508.19141        1.00000        0.24916
1aco_.B99990014.pdb           4890.31201   -69476.44531   -52855.57422        1.00000        0.30434
1aco_.B99990015.pdb           4973.37207   -70697.66406   -55103.85938        1.00000        0.18948
1aco_.B99990016.pdb           5090.74609   -70708.42969   -55132.25000        1.00000        0.18846
1aco_.B99990017.pdb           5120.68262   -70669.59375   -54653.98438        1.00000        0.19212
1aco_.B99990018.pdb           5078.64844   -70037.97656   -53862.90625        1.00000        0.25152
1aco_.B99990019.pdb           4942.40381   -70935.71094   -56750.83984        1.00000        0.16709
1aco_.B99990020.pdb           4761.94336   -70382.98438   -54265.83594        1.00000        0.21907
1aco_.B99990021.pdb           4924.54199   -70091.00000   -53377.96094        1.00000        0.24654
1aco_.B99990022.pdb           5020.91797   -70769.55469   -55146.72266        1.00000        0.18272
1aco_.B99990023.pdb           5140.72510   -70420.53906   -55360.61719        1.00000        0.21554
1aco_.B99990024.pdb           4971.49561   -69994.94531   -53781.41406        1.00000        0.25557
1aco_.B99990025.pdb           4903.02002   -70755.47656   -54600.74219        1.00000        0.18404
1aco_.B99990026.pdb           4827.28955   -69486.36719   -52438.95703        1.00000        0.30340
1aco_.B99990027.pdb           5136.56787   -70847.09375   -55468.12891        1.00000        0.17542
1aco_.B99990028.pdb           4921.62012   -70265.39844   -54556.46875        1.00000        0.23013
1aco_.B99990029.pdb           4812.10547   -70381.75000   -54559.08984        1.00000        0.21919
1aco_.B99990030.pdb           5070.99316   -70465.96094   -55067.15625        1.00000        0.21127
1aco_.B99990031.pdb           4994.34766   -71083.26562   -55637.12891        1.00000        0.15321
1aco_.B99990032.pdb           4910.24219   -70267.99219   -54268.30859        1.00000        0.22989
1aco_.B99990033.pdb           4833.35596   -70209.22656   -53771.81641        1.00000        0.23542
1aco_.B99990034.pdb           5120.37500   -70073.31250   -53793.37891        1.00000        0.24820
1aco_.B99990035.pdb           4792.29590   -70411.75781   -54424.00391        1.00000        0.21637
1aco_.B99990036.pdb           4959.71045   -70619.59375   -55108.92969        1.00000        0.19682
1aco_.B99990037.pdb           4940.22998   -70620.37500   -55585.89453        1.00000        0.19675
1aco_.B99990038.pdb           4892.36816   -70750.96094   -55478.89453        1.00000        0.18446
1aco_.B99990039.pdb           4835.82764   -70204.41406   -54580.33984        1.00000        0.23587
1aco_.B99990040.pdb           4988.10693   -70528.57031   -54598.14844        1.00000        0.20538
1aco_.B99990041.pdb           4898.18652   -70485.17969   -54494.29688        1.00000        0.20946
1aco_.B99990042.pdb           4919.18799   -70740.27344   -55604.35547        1.00000        0.18547
1aco_.B99990043.pdb           4985.44238   -70379.91406   -54588.50000        1.00000        0.21936
1aco_.B99990044.pdb           4920.42578   -69970.78906   -52982.70703        1.00000        0.25784
1aco_.B99990045.pdb           5498.04004   -71190.35156   -55512.97266        1.00000        0.14314
1aco_.B99990046.pdb           4920.63135   -70708.06250   -54548.94531        1.00000        0.18850
1aco_.B99990047.pdb           5016.00000   -70672.09375   -55312.33203        1.00000        0.19188
1aco_.B99990048.pdb           5210.55127   -69263.06250   -53026.60547        1.00000        0.32440
1aco_.B99990049.pdb           5180.61963   -70588.28125   -55416.48047        1.00000        0.19976
1aco_.B99990050.pdb           4961.34131   -71466.88281   -56158.55469        1.00000        0.11713

>> Top model results:
molpdf: 4754.5087890625 (file: 1aco_.B99990013.pdb)
DOPE score: -71466.8828125 (file: 1aco_.B99990050.pdb)
GA341 score: 1.0 (file: 1aco_.B99990032.pdb)
Normalized DOPE score: 0.11713007817914638 (file: 1aco_.B99990050.pdb)

##############################################################################################
>>Clustering results - Representative structure - AffinityPropagation
Cluster		File_Name
0		1aco_.B99990011
1		1aco_.B99990025
2		1aco_.B99990026
3		1aco_.B99990035
4		1aco_.B99990039
5		1aco_.B99990042
6		1aco_.B99990044

>>Clustering results - Representative structure - DBSCAN
Cluster		File_Name
0		1aco_.B99990036.pdb
1		1aco_.B99990004.pdb

>>Clustering results - Representative structure - KMeans
Cluster		File_Name
0		1aco_.B99990028.pdb
1		1aco_.B99990036.pdb

>>Clustering results - Representative structure - MeanShift
Cluster		File_Name
0		1aco_.B99990046.pdb
1		1aco_.B99990043.pdb
2		1aco_.B99990026.pdb

>>Clustering results - Representative structure - SpectralClustering
Cluster		File_Name
0		1aco_.B99990036.pdb
1		1aco_.B99990028.pdb

>>Clustering results - Representative structure - Ward
Cluster		File_Name
0		1aco_.B99990021.pdb
1		1aco_.B99990049.pdb
##############################################################################################

##############################################################################################
>>Clustering results - Representative structure - AffinityPropagation
Cluster		File_Name
0		1aco_.B99990005
1		1aco_.B99990015
2		1aco_.B99990017
3		1aco_.B99990019
4		1aco_.B99990026
5		1aco_.B99990032
6		1aco_.B99990034
7		1aco_.B99990040

>>Clustering results - Representative structure - DBSCAN
Cluster		File_Name
0		1aco_.B99990030.pdb

>>Clustering results - Representative structure - KMeans
Cluster		File_Name
0		1aco_.B99990015.pdb
1		1aco_.B99990021.pdb

>>Clustering results - Representative structure - MeanShift
Cluster		File_Name
0		1aco_.B99990030.pdb

>>Clustering results - Representative structure - SpectralClustering
Cluster		File_Name
0		1aco_.B99990015.pdb
1		1aco_.B99990021.pdb

>>Clustering results - Representative structure - Ward
Cluster		File_Name
0		1aco_.B99990015.pdb
1		1aco_.B99990021.pdb
##############################################################################################