>> Summary of successfully produced model

Filename                          molpdf     DOPE score  DOPE-HR score    GA341 score Normalized DOPE score-----------------------------------------------------------------------------------------------------------
1ash_.B99990001.pdb            557.53064   -17301.71484   -15598.22461        1.00000       -2.45410
1ash_.B99990002.pdb            611.71558   -17217.35547   -15489.90332        1.00000       -2.41346
1ash_.B99990003.pdb            680.04279   -17135.70312   -15398.59668        1.00000       -2.37412
1ash_.B99990004.pdb            631.42499   -17068.43164   -15133.25293        1.00000       -2.34171
1ash_.B99990005.pdb            652.53827   -17200.64648   -15124.72070        1.00000       -2.40541
1ash_.B99990006.pdb            633.19904   -17278.67969   -15361.08398        1.00000       -2.44300
1ash_.B99990007.pdb            595.07776   -17153.94727   -15371.99023        1.00000       -2.38291
1ash_.B99990008.pdb            673.83801   -17273.22461   -15525.95703        1.00000       -2.44038
1ash_.B99990009.pdb            770.40094   -17036.33008   -14839.21777        1.00000       -2.32625
1ash_.B99990010.pdb            576.97406   -17366.23633   -15866.20312        1.00000       -2.48519
1ash_.B99990011.pdb            653.08386   -17248.29883   -15393.89062        1.00000       -2.42837
1ash_.B99990012.pdb            654.19507   -17264.51953   -15296.33691        1.00000       -2.43618
1ash_.B99990013.pdb            597.97998   -17248.98242   -15560.61523        1.00000       -2.42870
1ash_.B99990014.pdb            647.09283   -17463.49414   -15809.04004        1.00000       -2.53204
1ash_.B99990015.pdb            762.04224   -17229.30078   -15744.48828        1.00000       -2.41921
1ash_.B99990016.pdb            588.90332   -17341.63281   -15457.58496        1.00000       -2.47333
1ash_.B99990017.pdb            909.04242   -16967.64648   -15148.77734        1.00000       -2.29316
1ash_.B99990018.pdb            642.32031   -17027.83008   -14837.86914        1.00000       -2.32215
1ash_.B99990019.pdb            685.66333   -16997.68359   -14995.09766        1.00000       -2.30763
1ash_.B99990020.pdb            620.40942   -17198.24023   -15291.17188        1.00000       -2.40425
1ash_.B99990021.pdb            648.24371   -17229.40820   -15154.04004        1.00000       -2.41927
1ash_.B99990022.pdb            629.99359   -17159.24023   -15183.55762        1.00000       -2.38546
1ash_.B99990023.pdb            599.47754   -17374.13672   -15635.51172        1.00000       -2.48899
1ash_.B99990024.pdb            629.19867   -17295.98828   -15707.71777        1.00000       -2.45134
1ash_.B99990025.pdb            552.18414   -17433.09570   -16017.29590        1.00000       -2.51740
1ash_.B99990026.pdb            590.94922   -17318.57227   -15482.98633        1.00000       -2.46222
1ash_.B99990027.pdb            616.27893   -17190.68555   -15268.11426        1.00000       -2.40061
1ash_.B99990028.pdb            614.46222   -17566.53125   -16028.41992        1.00000       -2.58169
1ash_.B99990029.pdb            557.46381   -17244.29883   -15789.13965        1.00000       -2.42644
1ash_.B99990030.pdb            591.06354   -17385.35156   -15731.37305        1.00000       -2.49440
1ash_.B99990031.pdb            566.25073   -17411.50391   -15748.83887        1.00000       -2.50700
1ash_.B99990032.pdb            576.55249   -17344.18359   -15419.81152        1.00000       -2.47456
1ash_.B99990033.pdb            619.20105   -17403.05273   -15859.77734        1.00000       -2.50292
1ash_.B99990034.pdb            645.42444   -17140.45508   -15002.62891        1.00000       -2.37641
1ash_.B99990035.pdb            602.54242   -17398.43945   -15727.13086        1.00000       -2.50070
1ash_.B99990036.pdb            639.78564   -17142.54688   -15395.72070        1.00000       -2.37742
1ash_.B99990037.pdb            585.45068   -17450.96875   -15738.47656        1.00000       -2.52601
1ash_.B99990038.pdb            596.39154   -17409.33984   -15821.82422        1.00000       -2.50595
1ash_.B99990039.pdb            697.47223   -17212.92383   -15427.21191        1.00000       -2.41132
1ash_.B99990040.pdb            606.42194   -17446.30078   -15758.84570        1.00000       -2.52376
1ash_.B99990041.pdb            629.33911   -17251.23633   -15546.08789        1.00000       -2.42978
1ash_.B99990042.pdb            585.29211   -17285.04883   -15239.16992        1.00000       -2.44607
1ash_.B99990043.pdb            617.23218   -17429.23047   -15793.72266        1.00000       -2.51554
1ash_.B99990044.pdb            654.24127   -17273.84180   -15665.65625        1.00000       -2.44067
1ash_.B99990045.pdb            740.82678   -17281.47852   -15065.55664        1.00000       -2.44435
1ash_.B99990046.pdb            655.24982   -17334.14844   -15923.84863        1.00000       -2.46973
1ash_.B99990047.pdb            664.78107   -17268.98047   -15818.39062        1.00000       -2.43833
1ash_.B99990048.pdb            598.62500   -17265.99805   -15339.38672        1.00000       -2.43689
1ash_.B99990049.pdb            593.42615   -17377.75977   -15893.84668        1.00000       -2.49074
1ash_.B99990050.pdb            731.02478   -17180.59375   -15305.67676        1.00000       -2.39575

>> Top model results:
molpdf: 552.1841430664062 (file: 1ash_.B99990025.pdb)
DOPE score: -17566.53125 (file: 1ash_.B99990028.pdb)
GA341 score: 1.0 (file: 1ash_.B99990006.pdb)
Normalized DOPE score: -2.581685424362984 (file: 1ash_.B99990028.pdb)

##############################################################################################
>>Clustering results - Representative structure - AffinityPropagation
Cluster		File_Name
0		1ash_.B99990022

>>Clustering results - Representative structure - DBSCAN
Cluster		File_Name
0		1ash_.B99990024.pdb
1		1ash_.B99990022.pdb
2		1ash_.B99990014.pdb
3		1ash_.B99990009.pdb

>>Clustering results - Representative structure - KMeans
Cluster		File_Name
0		1ash_.B99990022.pdb
1		1ash_.B99990024.pdb
2		1ash_.B99990047.pdb
3		1ash_.B99990017.pdb

>>Clustering results - Representative structure - MeanShift
Cluster		File_Name
0		1ash_.B99990024.pdb
1		1ash_.B99990022.pdb
2		1ash_.B99990047.pdb
3		1ash_.B99990017.pdb

>>Clustering results - Representative structure - SpectralClustering
Cluster		File_Name
0		1ash_.B99990015.pdb
1		1ash_.B99990033.pdb
2		1ash_.B99990047.pdb
3		1ash_.B99990022.pdb

>>Clustering results - Representative structure - Ward
Cluster		File_Name
0		1ash_.B99990024.pdb
1		1ash_.B99990047.pdb
2		1ash_.B99990022.pdb
3		1ash_.B99990017.pdb
##############################################################################################

##############################################################################################
>>Clustering results - Representative structure - AffinityPropagation
Cluster		File_Name
0		1ash_.B99990013

>>Clustering results - Representative structure - DBSCAN
Cluster		File_Name
0		1ash_.B99990006.pdb
1		1ash_.B99990038.pdb
2		1ash_.B99990011.pdb

>>Clustering results - Representative structure - KMeans
Cluster		File_Name
0		1ash_.B99990007.pdb
1		1ash_.B99990036.pdb
2		1ash_.B99990031.pdb
3		1ash_.B99990023.pdb
4		1ash_.B99990019.pdb
5		1ash_.B99990022.pdb
6		1ash_.B99990044.pdb
7		1ash_.B99990024.pdb
8		1ash_.B99990043.pdb
9		1ash_.B99990009.pdb

>>Clustering results - Representative structure - MeanShift
Cluster		File_Name
0		1ash_.B99990024.pdb
1		1ash_.B99990047.pdb
2		1ash_.B99990018.pdb

>>Clustering results - Representative structure - SpectralClustering
Cluster		File_Name
0		1ash_.B99990032.pdb
1		1ash_.B99990019.pdb
2		1ash_.B99990030.pdb
3		1ash_.B99990022.pdb
4		1ash_.B99990012.pdb
5		1ash_.B99990043.pdb
6		1ash_.B99990015.pdb
7		1ash_.B99990044.pdb
8		1ash_.B99990031.pdb
9		1ash_.B99990034.pdb

>>Clustering results - Representative structure - Ward
Cluster		File_Name
0		1ash_.B99990019.pdb
1		1ash_.B99990012.pdb
2		1ash_.B99990043.pdb
3		1ash_.B99990031.pdb
4		1ash_.B99990034.pdb
5		1ash_.B99990044.pdb
6		1ash_.B99990002.pdb
7		1ash_.B99990030.pdb
8		1ash_.B99990032.pdb
9		1ash_.B99990022.pdb
##############################################################################################