>> Summary of successfully produced model

Filename                          molpdf     DOPE score  DOPE-HR score    GA341 score Normalized DOPE score-----------------------------------------------------------------------------------------------------------
1aihA.B99990001.pdb            817.21045   -15436.10156   -14243.48828        0.88217        0.05336
1aihA.B99990002.pdb            902.09296   -15249.87598   -13359.62891        0.89734        0.13094
1aihA.B99990003.pdb            906.44214   -15163.33691   -13059.51953        0.70277        0.16699
1aihA.B99990004.pdb            855.13464   -15145.61816   -13417.16504        0.78532        0.17437
1aihA.B99990005.pdb            845.00763   -15172.49316   -13937.70215        0.87343        0.16318
1aihA.B99990006.pdb            772.67078   -15246.79883   -13952.38574        0.95539        0.13222
1aihA.B99990007.pdb            938.07153   -15035.58887   -12974.85547        0.73792        0.22021
1aihA.B99990008.pdb            832.85901   -15199.25488   -13515.66699        0.85451        0.15203
1aihA.B99990009.pdb            860.91565   -15167.31934   -13654.31836        0.68309        0.16533
1aihA.B99990010.pdb            827.90063   -15152.37598   -13256.66602        0.96045        0.17156
1aihA.B99990011.pdb            816.36523   -15078.07031   -13707.45703        0.88125        0.20252
1aihA.B99990012.pdb           1034.25342   -15315.06543   -13630.68945        0.92454        0.10378
1aihA.B99990013.pdb            778.63568   -15446.26562   -13946.99414        0.77444        0.04913
1aihA.B99990014.pdb            883.38422   -15167.90918   -13440.45508        0.85447        0.16509
1aihA.B99990015.pdb            826.70337   -15339.91504   -13691.10938        0.86048        0.09343
1aihA.B99990016.pdb            813.20874   -15486.39062   -14185.16992        0.74208        0.03241
1aihA.B99990017.pdb            938.75378   -15102.30469   -13149.95703        0.86166        0.19242
1aihA.B99990018.pdb            851.04572   -15253.23047   -13410.39160        0.73203        0.12954
1aihA.B99990019.pdb            894.20990   -15214.90039   -13621.85156        0.71419        0.14551
1aihA.B99990020.pdb            932.55890   -14944.46973   -13317.10645        0.90737        0.25817
1aihA.B99990021.pdb            859.69806   -15331.01562   -13544.01465        0.86872        0.09714
1aihA.B99990022.pdb            822.72931   -14904.66113   -13059.18555        0.76475        0.27476
1aihA.B99990023.pdb            780.39850   -15149.25879   -13126.04688        0.88992        0.17286
1aihA.B99990024.pdb            857.01630   -15012.15137   -13377.52051        0.79045        0.22998
1aihA.B99990025.pdb            875.37598   -15166.47656   -13490.42871        0.87162        0.16569
1aihA.B99990026.pdb            824.89447   -15242.85254   -13784.34570        0.87241        0.13387
1aihA.B99990027.pdb            854.74396   -15424.27832   -13526.56836        0.82212        0.05829
1aihA.B99990028.pdb            854.46680   -15269.06348   -13530.38379        0.67751        0.12295
1aihA.B99990029.pdb            889.73114   -15252.88379   -13885.76660        0.85261        0.12969
1aihA.B99990030.pdb            842.36670   -15202.21777   -13477.32031        0.78847        0.15080
1aihA.B99990031.pdb            872.78247   -15203.67090   -13865.79883        0.78941        0.15019
1aihA.B99990032.pdb            877.59521   -14837.51367   -12995.71289        0.92316        0.30273
1aihA.B99990033.pdb            895.09497   -15364.42480   -13713.53418        0.75595        0.08322
1aihA.B99990034.pdb            787.75604   -15144.05176   -13505.63477        0.80736        0.17503
1aihA.B99990035.pdb            762.09320   -15003.29199   -13034.16895        0.86406        0.23367
1aihA.B99990036.pdb            990.61389   -15382.23340   -13842.32617        0.79498        0.07580
1aihA.B99990037.pdb            831.92389   -15388.69336   -13914.90625        0.86983        0.07311
1aihA.B99990038.pdb            845.19330   -15527.60742   -14132.94336        0.92429        0.01524
1aihA.B99990039.pdb            779.33191   -15395.22461   -14022.68457        0.73904        0.07039
1aihA.B99990040.pdb            805.50720   -15668.02930   -14109.07324        0.85195       -0.04326
1aihA.B99990041.pdb            898.78210   -15074.88086   -13273.08691        0.84521        0.20384
1aihA.B99990042.pdb            908.23846   -15249.75977   -13279.42383        0.92937        0.13099
1aihA.B99990043.pdb            845.21558   -15309.16211   -13805.46973        0.81158        0.10624
1aihA.B99990044.pdb            818.07983   -15407.68945   -14069.51270        0.87299        0.06520
1aihA.B99990045.pdb            934.96368   -15023.73633   -13272.24609        0.77736        0.22515
1aihA.B99990046.pdb            855.49817   -14968.87695   -13174.36328        0.83136        0.24800
1aihA.B99990047.pdb            913.64941   -15056.14746   -13580.28125        0.70711        0.21165
1aihA.B99990048.pdb            836.00317   -15075.05273   -13283.97852        0.83542        0.20377
1aihA.B99990049.pdb            787.68512   -15334.08008   -13826.52637        0.61406        0.09586
1aihA.B99990050.pdb            764.04547   -15279.60938   -13793.12500        0.77230        0.11855

>> Top model results:
molpdf: 762.0932006835938 (file: 1aihA.B99990035.pdb)
DOPE score: -15668.029296875 (file: 1aihA.B99990040.pdb)
GA341 score: 0.614057183265686 (file: 1aihA.B99990049.pdb)
Normalized DOPE score: -0.04326019181345316 (file: 1aihA.B99990040.pdb)

##############################################################################################
>>Clustering results - Representative structure - AffinityPropagation
Cluster		File_Name
0		1aihA.B99990003
1		1aihA.B99990005
2		1aihA.B99990012
3		1aihA.B99990020
4		1aihA.B99990036
5		1aihA.B99990044
6		1aihA.B99990045

>>Clustering results - Representative structure - DBSCAN
Cluster		File_Name
0		1aihA.B99990006.pdb
1		1aihA.B99990018.pdb
2		1aihA.B99990017.pdb

>>Clustering results - Representative structure - KMeans
Cluster		File_Name
0		1aihA.B99990029.pdb
1		1aihA.B99990003.pdb
2		1aihA.B99990045.pdb

>>Clustering results - Representative structure - MeanShift
Cluster		File_Name
0		1aihA.B99990029.pdb
1		1aihA.B99990007.pdb
2		1aihA.B99990036.pdb
3		1aihA.B99990022.pdb

>>Clustering results - Representative structure - SpectralClustering
Cluster		File_Name
0		1aihA.B99990003.pdb
1		1aihA.B99990029.pdb
2		1aihA.B99990045.pdb

>>Clustering results - Representative structure - Ward
Cluster		File_Name
0		1aihA.B99990047.pdb
1		1aihA.B99990050.pdb
2		1aihA.B99990004.pdb
##############################################################################################

##############################################################################################
>>Clustering results - Representative structure - AffinityPropagation
Cluster		File_Name
0		1aihA.B99990002
1		1aihA.B99990011
2		1aihA.B99990020
3		1aihA.B99990024
4		1aihA.B99990029
5		1aihA.B99990036
6		1aihA.B99990038

>>Clustering results - Representative structure - DBSCAN
Cluster		File_Name
0		1aihA.B99990018.pdb

>>Clustering results - Representative structure - KMeans
Cluster		File_Name
0		1aihA.B99990002.pdb
1		1aihA.B99990029.pdb
2		1aihA.B99990024.pdb
3		1aihA.B99990036.pdb
4		1aihA.B99990001.pdb
5		1aihA.B99990038.pdb
6		1aihA.B99990032.pdb
7		1aihA.B99990017.pdb
8		1aihA.B99990011.pdb

>>Clustering results - Representative structure - MeanShift
Cluster		File_Name
0		1aihA.B99990018.pdb

>>Clustering results - Representative structure - SpectralClustering
Cluster		File_Name
0		1aihA.B99990024.pdb
1		1aihA.B99990029.pdb
2		1aihA.B99990031.pdb
3		1aihA.B99990032.pdb
4		1aihA.B99990013.pdb
5		1aihA.B99990033.pdb
6		1aihA.B99990017.pdb
7		1aihA.B99990002.pdb
8		1aihA.B99990011.pdb

>>Clustering results - Representative structure - Ward
Cluster		File_Name
0		1aihA.B99990036.pdb
1		1aihA.B99990038.pdb
2		1aihA.B99990030.pdb
3		1aihA.B99990024.pdb
4		1aihA.B99990017.pdb
5		1aihA.B99990050.pdb
6		1aihA.B99990032.pdb
7		1aihA.B99990002.pdb
8		1aihA.B99990049.pdb
9		1aihA.B99990034.pdb
##############################################################################################