>> Summary of successfully produced model

Filename                          molpdf     DOPE score  DOPE-HR score    GA341 score Normalized DOPE score-----------------------------------------------------------------------------------------------------------
1a4sA.B99990001.pdb           2413.81201   -54437.61328   -48303.92188        1.00000       -0.58088
1a4sA.B99990002.pdb           2577.77246   -54297.38281   -46213.38281        1.00000       -0.56113
1a4sA.B99990003.pdb           2411.00439   -54740.32031   -46801.00000        1.00000       -0.62350
1a4sA.B99990004.pdb           2339.43970   -54105.71094   -45748.12109        1.00000       -0.53415
1a4sA.B99990005.pdb           2412.53198   -54337.05859   -48375.79688        1.00000       -0.56672
1a4sA.B99990006.pdb           2354.06128   -54068.45312   -45746.08594        1.00000       -0.52890
1a4sA.B99990007.pdb           2419.79150   -54341.16406   -47788.98438        1.00000       -0.56730
1a4sA.B99990008.pdb           2677.31470   -53687.35938   -44745.51562        1.00000       -0.47524
1a4sA.B99990009.pdb           2477.12402   -54737.43750   -47240.64844        1.00000       -0.62309
1a4sA.B99990010.pdb           2410.35742   -54024.71094   -47357.64453        1.00000       -0.52274
1a4sA.B99990011.pdb           2412.05835   -53998.51562   -47857.97656        1.00000       -0.51905
1a4sA.B99990012.pdb           2513.87012   -54515.71484   -48040.48438        1.00000       -0.59188
1a4sA.B99990013.pdb           2513.83936   -54326.17969   -46268.36719        1.00000       -0.56519
1a4sA.B99990014.pdb           2224.21069   -54375.00000   -48632.37109        1.00000       -0.57206
1a4sA.B99990015.pdb           2461.33228   -54297.19141   -48005.81250        1.00000       -0.56111
1a4sA.B99990016.pdb           2514.94873   -54308.40234   -46070.38672        1.00000       -0.56269
1a4sA.B99990017.pdb           2210.09155   -54252.37500   -48370.88672        1.00000       -0.55480
1a4sA.B99990018.pdb           2327.98560   -53971.13281   -46903.89062        1.00000       -0.51520
1a4sA.B99990019.pdb           2498.28442   -54046.02734   -45362.67969        1.00000       -0.52574
1a4sA.B99990020.pdb           2524.79150   -54039.69922   -45638.82812        1.00000       -0.52485
1a4sA.B99990021.pdb           2367.12646   -54333.73828   -45767.32422        1.00000       -0.56625
1a4sA.B99990022.pdb           2370.21191   -54057.00781   -46274.14844        1.00000       -0.52729
1a4sA.B99990023.pdb           2534.48096   -53995.73438   -47164.35156        1.00000       -0.51866
1a4sA.B99990024.pdb           2419.52808   -54208.65625   -47418.30078        1.00000       -0.54864
1a4sA.B99990025.pdb           2502.57568   -54110.03906   -47255.67188        1.00000       -0.53476
1a4sA.B99990026.pdb           2366.43018   -54412.97656   -48311.05859        1.00000       -0.57741
1a4sA.B99990027.pdb           2364.05981   -54660.53516   -48415.26562        1.00000       -0.61227
1a4sA.B99990028.pdb           2470.29370   -54332.07031   -46504.76172        1.00000       -0.56602
1a4sA.B99990029.pdb           2320.19678   -54178.28516   -47291.66797        1.00000       -0.54437
1a4sA.B99990030.pdb           2420.82812   -54153.08984   -45614.94531        1.00000       -0.54082
1a4sA.B99990031.pdb           2514.46484   -54120.84766   -45770.60938        1.00000       -0.53628
1a4sA.B99990032.pdb           2404.97314   -54654.95703   -46617.41797        1.00000       -0.61148
1a4sA.B99990033.pdb           2578.45850   -53944.66797   -45074.40234        1.00000       -0.51147
1a4sA.B99990034.pdb           2564.51685   -54182.07422   -44933.58594        1.00000       -0.54490
1a4sA.B99990035.pdb           2385.06860   -54529.86719   -46736.37500        1.00000       -0.59387
1a4sA.B99990036.pdb           2663.96924   -54610.44141   -45027.85547        1.00000       -0.60521
1a4sA.B99990037.pdb           2405.65479   -54034.64062   -45853.97266        1.00000       -0.52414
1a4sA.B99990038.pdb           2399.41431   -54412.87891   -46738.07422        1.00000       -0.57740
1a4sA.B99990039.pdb           2540.80273   -54000.28516   -44925.87109        1.00000       -0.51930
1a4sA.B99990040.pdb           2499.75854   -54001.35547   -47282.03125        1.00000       -0.51945
1a4sA.B99990041.pdb           2449.02148   -54041.62500   -44880.88672        1.00000       -0.52512
1a4sA.B99990042.pdb           2464.02808   -54157.89453   -45464.37109        1.00000       -0.54150
1a4sA.B99990043.pdb           2681.03345   -53772.01562   -44150.96094        1.00000       -0.48716
1a4sA.B99990044.pdb           2488.09839   -54395.41797   -46263.70312        1.00000       -0.57494
1a4sA.B99990045.pdb           2436.56421   -53878.61719   -44795.50000        1.00000       -0.50217
1a4sA.B99990046.pdb           2411.92920   -54740.19141   -47057.14062        1.00000       -0.62348
1a4sA.B99990047.pdb           2446.33325   -54486.10938   -46438.97656        1.00000       -0.58771
1a4sA.B99990048.pdb           2350.61401   -54165.30469   -45798.11719        1.00000       -0.54254
1a4sA.B99990049.pdb           2373.63696   -54368.62500   -45861.00000        1.00000       -0.57117
1a4sA.B99990050.pdb           2676.52417   -54170.88281   -44844.87891        1.00000       -0.54332

>> Top model results:
molpdf: 2210.091552734375 (file: 1a4sA.B99990017.pdb)
DOPE score: -54740.3203125 (file: 1a4sA.B99990003.pdb)
GA341 score: 1.0 (file: 1a4sA.B99990007.pdb)
Normalized DOPE score: -0.623499637724421 (file: 1a4sA.B99990003.pdb)

##############################################################################################
>>Clustering results - Representative structure - AffinityPropagation
Cluster		File_Name
0		1a4sA.B99990048

>>Clustering results - Representative structure - DBSCAN
Cluster		File_Name
0		1a4sA.B99990021.pdb
1		1a4sA.B99990034.pdb
2		1a4sA.B99990045.pdb

>>Clustering results - Representative structure - KMeans
Cluster		File_Name
0		1a4sA.B99990042.pdb
1		1a4sA.B99990021.pdb

>>Clustering results - Representative structure - MeanShift
Cluster		File_Name
0		1a4sA.B99990021.pdb
1		1a4sA.B99990042.pdb
2		1a4sA.B99990039.pdb

>>Clustering results - Representative structure - SpectralClustering
Cluster		File_Name
0		1a4sA.B99990021.pdb
1		1a4sA.B99990042.pdb

>>Clustering results - Representative structure - Ward
Cluster		File_Name
0		1a4sA.B99990044.pdb
1		1a4sA.B99990050.pdb
##############################################################################################

##############################################################################################
>>Clustering results - Representative structure - AffinityPropagation
Cluster		File_Name
0		1a4sA.B99990006
1		1a4sA.B99990025
2		1a4sA.B99990028
3		1a4sA.B99990032
4		1a4sA.B99990033
5		1a4sA.B99990034
6		1a4sA.B99990047

>>Clustering results - Representative structure - DBSCAN
Cluster		File_Name
0		1a4sA.B99990048.pdb

>>Clustering results - Representative structure - KMeans
Cluster		File_Name
0		1a4sA.B99990032.pdb
1		1a4sA.B99990031.pdb
2		1a4sA.B99990050.pdb
3		1a4sA.B99990047.pdb
4		1a4sA.B99990033.pdb
5		1a4sA.B99990025.pdb
6		1a4sA.B99990028.pdb
7		1a4sA.B99990013.pdb

>>Clustering results - Representative structure - MeanShift
Cluster		File_Name
0		1a4sA.B99990021.pdb
1		1a4sA.B99990034.pdb
2		1a4sA.B99990033.pdb

>>Clustering results - Representative structure - SpectralClustering
Cluster		File_Name
0		1a4sA.B99990028.pdb
1		1a4sA.B99990013.pdb
2		1a4sA.B99990033.pdb
3		1a4sA.B99990047.pdb
4		1a4sA.B99990050.pdb
5		1a4sA.B99990037.pdb
6		1a4sA.B99990025.pdb
7		1a4sA.B99990032.pdb

>>Clustering results - Representative structure - Ward
Cluster		File_Name
0		1a4sA.B99990021.pdb
1		1a4sA.B99990020.pdb
##############################################################################################