>> Summary of successfully produced model

Filename                          molpdf     DOPE score  DOPE-HR score    GA341 score Normalized DOPE score-----------------------------------------------------------------------------------------------------------
1a6f_.B99990001.pdb            811.35406   -10274.56152    -6759.99902        1.00000       -0.90075
1a6f_.B99990002.pdb            775.99182    -9910.75879    -6270.42188        1.00000       -0.67274
1a6f_.B99990003.pdb            811.16785   -10476.36914    -7133.05371        1.00000       -1.02723
1a6f_.B99990004.pdb            830.52063   -10231.13770    -6394.52734        1.00000       -0.87354
1a6f_.B99990005.pdb            760.55743   -10285.74512    -6494.85449        1.00000       -0.90776
1a6f_.B99990006.pdb            779.24353   -10325.53906    -6675.77686        1.00000       -0.93270
1a6f_.B99990007.pdb            786.94849   -10115.58691    -6384.35059        1.00000       -0.80112
1a6f_.B99990008.pdb            767.40009   -10466.04785    -7133.45508        1.00000       -1.02076
1a6f_.B99990009.pdb            797.55792   -10217.71777    -6545.75244        1.00000       -0.86513
1a6f_.B99990010.pdb            794.75439   -10365.58105    -7192.46582        1.00000       -0.95780
1a6f_.B99990011.pdb            792.10925   -10206.70996    -6487.09961        1.00000       -0.85823
1a6f_.B99990012.pdb            834.64105   -10286.15625    -6561.46240        1.00000       -0.90802
1a6f_.B99990013.pdb            776.73090   -10386.15234    -6911.11914        1.00000       -0.97069
1a6f_.B99990014.pdb            803.43658   -10382.67578    -6698.76660        1.00000       -0.96851
1a6f_.B99990015.pdb            834.06470   -10389.91797    -7059.87207        1.00000       -0.97305
1a6f_.B99990016.pdb            762.39478   -10235.36230    -6712.30273        1.00000       -0.87618
1a6f_.B99990017.pdb            803.99719   -10292.69043    -6840.94775        1.00000       -0.91211
1a6f_.B99990018.pdb            838.03491   -10280.94141    -7008.56543        1.00000       -0.90475
1a6f_.B99990019.pdb            781.44135   -10474.92090    -7331.19727        1.00000       -1.02632
1a6f_.B99990020.pdb            784.67139   -10073.53125    -6595.83838        1.00000       -0.77476
1a6f_.B99990021.pdb            778.93500   -10336.03809    -6887.77539        1.00000       -0.93928
1a6f_.B99990022.pdb            786.16870   -10118.14258    -6383.74170        1.00000       -0.80272
1a6f_.B99990023.pdb            773.24554   -10516.96484    -7156.88428        1.00000       -1.05268
1a6f_.B99990024.pdb            869.07617   -10477.14062    -7577.50928        1.00000       -1.02772
1a6f_.B99990025.pdb            799.77661   -10265.45410    -6630.45264        1.00000       -0.89504
1a6f_.B99990026.pdb            787.73999   -10450.56738    -7026.60205        1.00000       -1.01106
1a6f_.B99990027.pdb            804.34497   -10153.07910    -6521.10547        1.00000       -0.82461
1a6f_.B99990028.pdb            792.18146   -10354.69336    -7072.37891        1.00000       -0.95097
1a6f_.B99990029.pdb            829.33362   -10231.10449    -6714.76904        1.00000       -0.87352
1a6f_.B99990030.pdb            761.43420   -10348.98145    -7032.66797        1.00000       -0.94739
1a6f_.B99990031.pdb            782.44592   -10210.05762    -6969.67969        1.00000       -0.86032
1a6f_.B99990032.pdb            796.92242   -10250.40039    -6483.92041        1.00000       -0.88561
1a6f_.B99990033.pdb            753.56403   -10283.14844    -6822.66797        1.00000       -0.90613
1a6f_.B99990034.pdb            813.47522   -10468.66699    -7287.79834        1.00000       -1.02241
1a6f_.B99990035.pdb            805.50055   -10332.33887    -6867.57617        1.00000       -0.93696
1a6f_.B99990036.pdb            783.78589   -10509.67871    -7060.43408        1.00000       -1.04811
1a6f_.B99990037.pdb            775.66492   -10216.45801    -6569.53418        1.00000       -0.86434
1a6f_.B99990038.pdb            818.99292   -10131.65137    -6237.49902        1.00000       -0.81118
1a6f_.B99990039.pdb            794.95770   -10111.88672    -6493.94434        1.00000       -0.79880
1a6f_.B99990040.pdb            770.13293   -10150.13281    -6686.83740        1.00000       -0.82277
1a6f_.B99990041.pdb            796.77368   -10296.89648    -6764.81787        1.00000       -0.91475
1a6f_.B99990042.pdb            802.12885   -10125.85547    -6237.33740        1.00000       -0.80755
1a6f_.B99990043.pdb            960.71234   -10524.25293    -7156.20605        1.00000       -1.05724
1a6f_.B99990044.pdb            790.75818   -10238.08594    -6686.15527        1.00000       -0.87789
1a6f_.B99990045.pdb            805.20691   -10506.53906    -7222.93115        1.00000       -1.04614
1a6f_.B99990046.pdb            800.71588    -9899.29297    -6150.46582        1.00000       -0.66556
1a6f_.B99990047.pdb            766.57727   -10655.56934    -7579.29980        1.00000       -1.13954
1a6f_.B99990048.pdb            799.19403   -10278.26172    -6659.52930        1.00000       -0.90307
1a6f_.B99990049.pdb            770.45959   -10459.05664    -7267.01709        1.00000       -1.01638
1a6f_.B99990050.pdb            775.96686   -10330.93750    -6943.14258        1.00000       -0.93608

>> Top model results:
molpdf: 753.5640258789062 (file: 1a6f_.B99990033.pdb)
DOPE score: -10655.5693359375 (file: 1a6f_.B99990047.pdb)
GA341 score: 1.0 (file: 1a6f_.B99990029.pdb)
Normalized DOPE score: -1.1395442203707704 (file: 1a6f_.B99990047.pdb)

##############################################################################################
>>Clustering results - Representative structure - AffinityPropagation
Cluster		File_Name
0		1a6f_.B99990003
1		1a6f_.B99990007
2		1a6f_.B99990009
3		1a6f_.B99990011
4		1a6f_.B99990018
5		1a6f_.B99990032
6		1a6f_.B99990034
7		1a6f_.B99990049

>>Clustering results - Representative structure - DBSCAN
Cluster		File_Name
0		1a6f_.B99990021.pdb
1		1a6f_.B99990018.pdb
2		1a6f_.B99990009.pdb
3		1a6f_.B99990033.pdb

>>Clustering results - Representative structure - KMeans
Cluster		File_Name
0		1a6f_.B99990002.pdb
1		1a6f_.B99990004.pdb
2		1a6f_.B99990009.pdb
3		1a6f_.B99990024.pdb
4		1a6f_.B99990018.pdb
5		1a6f_.B99990028.pdb
6		1a6f_.B99990011.pdb
7		1a6f_.B99990003.pdb
8		1a6f_.B99990034.pdb
9		1a6f_.B99990040.pdb

>>Clustering results - Representative structure - MeanShift
Cluster		File_Name
0		1a6f_.B99990050.pdb
1		1a6f_.B99990009.pdb

>>Clustering results - Representative structure - SpectralClustering
Cluster		File_Name
0		1a6f_.B99990025.pdb
1		1a6f_.B99990021.pdb

>>Clustering results - Representative structure - Ward
Cluster		File_Name
0		1a6f_.B99990004.pdb
1		1a6f_.B99990024.pdb
2		1a6f_.B99990040.pdb
3		1a6f_.B99990009.pdb
4		1a6f_.B99990035.pdb
5		1a6f_.B99990011.pdb
6		1a6f_.B99990003.pdb
7		1a6f_.B99990034.pdb
8		1a6f_.B99990028.pdb
9		1a6f_.B99990002.pdb
##############################################################################################

##############################################################################################
>>Clustering results - Representative structure - AffinityPropagation
Cluster		File_Name
0		1a6f_.B99990004
1		1a6f_.B99990008
2		1a6f_.B99990009
3		1a6f_.B99990025
4		1a6f_.B99990040
5		1a6f_.B99990046

>>Clustering results - Representative structure - DBSCAN
Cluster		File_Name
0		1a6f_.B99990033.pdb

>>Clustering results - Representative structure - KMeans
Cluster		File_Name
0		1a6f_.B99990008.pdb
1		1a6f_.B99990011.pdb
2		1a6f_.B99990040.pdb
3		1a6f_.B99990014.pdb
4		1a6f_.B99990043.pdb
5		1a6f_.B99990012.pdb
6		1a6f_.B99990048.pdb
7		1a6f_.B99990002.pdb
8		1a6f_.B99990003.pdb
9		1a6f_.B99990022.pdb

>>Clustering results - Representative structure - MeanShift
Cluster		File_Name
0		1a6f_.B99990050.pdb
1		1a6f_.B99990011.pdb

>>Clustering results - Representative structure - SpectralClustering
Cluster		File_Name
0		1a6f_.B99990048.pdb
1		1a6f_.B99990009.pdb
2		1a6f_.B99990002.pdb
3		1a6f_.B99990011.pdb
4		1a6f_.B99990003.pdb
5		1a6f_.B99990043.pdb
6		1a6f_.B99990022.pdb
7		1a6f_.B99990040.pdb
8		1a6f_.B99990014.pdb
9		1a6f_.B99990008.pdb

>>Clustering results - Representative structure - Ward
Cluster		File_Name
0		1a6f_.B99990043.pdb
1		1a6f_.B99990011.pdb
2		1a6f_.B99990015.pdb
3		1a6f_.B99990035.pdb
4		1a6f_.B99990003.pdb
5		1a6f_.B99990009.pdb
6		1a6f_.B99990040.pdb
7		1a6f_.B99990029.pdb
8		1a6f_.B99990022.pdb
9		1a6f_.B99990002.pdb
##############################################################################################