>> Summary of successfully produced model

Filename                          molpdf     DOPE score  DOPE-HR score    GA341 score Normalized DOPE score-----------------------------------------------------------------------------------------------------------
6abu.B99990001.pdb            7790.27734  -100452.46875   -58203.57422        0.01712        1.85435
6abu.B99990002.pdb            7969.86816  -101987.53906   -64087.78906        0.06401        1.77098
6abu.B99990003.pdb            7856.99561  -101018.33594   -60419.96484        0.02251        1.82362
6abu.B99990004.pdb            8290.43359  -102294.10156   -64596.31641        0.02176        1.75433
6abu.B99990005.pdb            7891.52588   -99780.71094   -58471.17969        0.04640        1.89084
6abu.B99990006.pdb            7934.93750  -100621.80469   -60855.15234        0.02786        1.84516
6abu.B99990007.pdb            8242.20215   -98223.57031   -54211.08203        0.02183        1.97541
6abu.B99990008.pdb            8130.71387  -101833.45312   -62695.42969        0.02462        1.77935
6abu.B99990009.pdb            7812.36084  -100797.22656   -63161.84375        0.02617        1.83563
6abu.B99990010.pdb            8126.43262  -100399.58594   -60499.57031        0.02296        1.85722
6abu.B99990011.pdb            8091.34668   -99805.49219   -59028.57422        0.01535        1.88949
6abu.B99990012.pdb            8085.03516   -99108.89062   -57267.61719        0.04130        1.92732
6abu.B99990013.pdb            8113.60986  -100218.75781   -59233.83594        0.02154        1.86705
6abu.B99990014.pdb            7866.87695  -100663.91406   -62111.18750        0.01979        1.84287
6abu.B99990015.pdb            7949.57666  -101003.33594   -61709.21875        0.03007        1.82443
6abu.B99990016.pdb            8228.10645  -101429.96875   -61970.29688        0.02916        1.80126
6abu.B99990017.pdb            7865.55859  -100308.77344   -61584.17969        0.04247        1.86216
6abu.B99990018.pdb            8241.96094   -99182.75781   -56514.09766        0.01337        1.92331
6abu.B99990019.pdb            7779.76611  -100765.32031   -60511.51172        0.02580        1.83736
6abu.B99990020.pdb            7850.59424   -99592.65625   -57444.66406        0.03709        1.90105
6abu.B99990021.pdb            8121.45020  -101557.85156   -64448.14062        0.01720        1.79432
6abu.B99990022.pdb            8068.55029   -99998.11719   -58301.30859        0.03067        1.87903
6abu.B99990023.pdb            8079.62158   -98438.30469   -54998.35938        0.01050        1.96374
6abu.B99990024.pdb            7977.12109  -102385.46875   -65365.16016        0.03347        1.74937
6abu.B99990025.pdb            7550.73730  -102080.72656   -64912.71875        0.04151        1.76592
6abu.B99990026.pdb            8189.57959   -97875.71094   -52783.78516        0.03174        1.99430
6abu.B99990027.pdb            7473.66016   -99485.99219   -61077.71484        0.02180        1.90684
6abu.B99990028.pdb            7908.18408   -98586.89844   -55506.69922        0.02073        1.95567
6abu.B99990029.pdb            8515.77637   -99103.96094   -57502.21094        0.01092        1.92759
6abu.B99990030.pdb            8273.67773  -100046.90625   -60790.20703        0.01397        1.87638
6abu.B99990031.pdb            8188.24170   -99909.59375   -60123.88281        0.01698        1.88384
6abu.B99990032.pdb            8017.43115  -100657.57031   -61198.53125        0.02262        1.84321
6abu.B99990033.pdb            8419.55859   -99033.92969   -59312.88281        0.01633        1.93139
6abu.B99990034.pdb            7830.40283  -100039.06250   -58457.06641        0.01824        1.87680
6abu.B99990035.pdb            7554.52588   -99299.46094   -58440.23047        0.01932        1.91697
6abu.B99990036.pdb            8111.44727  -100156.21094   -60530.92578        0.02883        1.87044
6abu.B99990037.pdb            8181.54248  -100303.67188   -59838.18750        0.05167        1.86243
6abu.B99990038.pdb            8011.21045  -100520.75781   -61939.33594        0.01328        1.85064
6abu.B99990039.pdb            7874.69434  -102034.96094   -64650.29688        0.03175        1.76841
6abu.B99990040.pdb            7701.34473  -101364.75781   -62537.05469        0.01488        1.80480
6abu.B99990041.pdb            8030.42432  -100924.42188   -60937.40625        0.01496        1.82872
6abu.B99990042.pdb            7840.37744  -100173.60938   -59263.17188        0.03008        1.86950
6abu.B99990043.pdb            7834.50537  -100700.14844   -59412.43359        0.02906        1.84090
6abu.B99990044.pdb            7893.95752   -99763.37500   -60837.85547        0.01532        1.89178
6abu.B99990045.pdb            7967.77295  -100356.94531   -63720.96875        0.02459        1.85954
6abu.B99990046.pdb            8352.27344  -100335.11719   -61946.36719        0.02806        1.86073
6abu.B99990047.pdb            7564.79346   -99996.51562   -61169.29688        0.03023        1.87912
6abu.B99990048.pdb            8339.49805  -101281.56250   -63170.27344        0.04193        1.80932
6abu.B99990049.pdb            7622.00293   -99794.97656   -59473.83984        0.02285        1.89006
6abu.B99990050.pdb            7766.05371   -99618.92969   -58913.62109        0.01716        1.89962

>> Top model results:
molpdf: 7473.66015625 (file: 6abu.B99990027.pdb)
DOPE score: -102385.46875 (file: 6abu.B99990024.pdb)
GA341 score: 0.01050165481865406 (file: 6abu.B99990023.pdb)
Normalized DOPE score: 1.7493690209013786 (file: 6abu.B99990024.pdb)

##############################################################################################
>>Clustering results - Representative structure - AffinityPropagation
Cluster		File_Name
0		6abu.B99990030

>>Clustering results - Representative structure - DBSCAN
Cluster		File_Name
0		6abu.B99990030.pdb
1		6abu.B99990022.pdb

>>Clustering results - Representative structure - KMeans
Cluster		File_Name
0		6abu.B99990015.pdb
1		6abu.B99990012.pdb

>>Clustering results - Representative structure - MeanShift
Cluster		File_Name
0		6abu.B99990019.pdb
1		6abu.B99990029.pdb
2		6abu.B99990026.pdb

>>Clustering results - Representative structure - SpectralClustering
Cluster		File_Name
0		6abu.B99990015.pdb
1		6abu.B99990012.pdb

>>Clustering results - Representative structure - Ward
Cluster		File_Name
0		6abu.B99990012.pdb
1		6abu.B99990015.pdb
##############################################################################################

##############################################################################################
>>Clustering results - Representative structure - AffinityPropagation
Cluster		File_Name
0		6abu.B99990013
1		6abu.B99990019
2		6abu.B99990021
3		6abu.B99990023
4		6abu.B99990027
5		6abu.B99990039
6		6abu.B99990043
7		6abu.B99990050

>>Clustering results - Representative structure - DBSCAN
Cluster		File_Name
0		6abu.B99990017.pdb

>>Clustering results - Representative structure - KMeans
Cluster		File_Name
0		6abu.B99990034.pdb
1		6abu.B99990021.pdb
2		6abu.B99990018.pdb
3		6abu.B99990027.pdb
4		6abu.B99990039.pdb
5		6abu.B99990037.pdb
6		6abu.B99990013.pdb
7		6abu.B99990026.pdb
8		6abu.B99990019.pdb

>>Clustering results - Representative structure - MeanShift
Cluster		File_Name
0		6abu.B99990031.pdb
1		6abu.B99990002.pdb

>>Clustering results - Representative structure - SpectralClustering
Cluster		File_Name
0		6abu.B99990002.pdb
1		6abu.B99990031.pdb

>>Clustering results - Representative structure - Ward
Cluster		File_Name
0		6abu.B99990023.pdb
1		6abu.B99990039.pdb
2		6abu.B99990013.pdb
3		6abu.B99990020.pdb
4		6abu.B99990021.pdb
5		6abu.B99990043.pdb
6		6abu.B99990027.pdb
7		6abu.B99990019.pdb
8		6abu.B99990034.pdb
##############################################################################################