>> Summary of successfully produced model

Filename                          molpdf     DOPE score  DOPE-HR score    GA341 score Normalized DOPE score-----------------------------------------------------------------------------------------------------------
1af8_.B99990001.pdb            401.41388    -8329.55664    -8173.89746        1.00000       -1.47820
1af8_.B99990002.pdb            418.19150    -8162.03809    -7672.66260        1.00000       -1.34025
1af8_.B99990003.pdb            374.60886    -8337.86328    -8199.41211        1.00000       -1.48504
1af8_.B99990004.pdb            391.27136    -8283.11914    -8029.94873        1.00000       -1.43996
1af8_.B99990005.pdb            391.90125    -8278.12598    -7899.35400        1.00000       -1.43585
1af8_.B99990006.pdb            382.30087    -8317.59180    -8185.31836        1.00000       -1.46835
1af8_.B99990007.pdb            355.59781    -8265.05566    -7937.94434        1.00000       -1.42508
1af8_.B99990008.pdb            464.55060    -8178.24805    -7748.77344        1.00000       -1.35360
1af8_.B99990009.pdb            376.83615    -8222.90332    -7885.04883        1.00000       -1.39037
1af8_.B99990010.pdb            435.83545    -8163.88770    -7589.06299        1.00000       -1.34177
1af8_.B99990011.pdb            352.73141    -8316.40527    -8114.02197        1.00000       -1.46737
1af8_.B99990012.pdb            369.04388    -8268.63672    -7967.45996        1.00000       -1.42803
1af8_.B99990013.pdb            371.54907    -8196.44238    -7820.75244        1.00000       -1.36858
1af8_.B99990014.pdb            394.09634    -8177.47949    -7865.39111        1.00000       -1.35296
1af8_.B99990015.pdb            360.66263    -8309.94824    -8041.20801        1.00000       -1.46205
1af8_.B99990016.pdb            363.83063    -8314.61816    -8141.53564        1.00000       -1.46590
1af8_.B99990017.pdb            348.66479    -8244.62793    -7955.97266        1.00000       -1.40826
1af8_.B99990018.pdb            368.65613    -8291.41016    -8027.00586        1.00000       -1.44679
1af8_.B99990019.pdb            364.01056    -8313.51367    -8095.61182        1.00000       -1.46499
1af8_.B99990020.pdb            379.53070    -8297.73535    -8079.01318        1.00000       -1.45199
1af8_.B99990021.pdb            375.34070    -8256.21484    -8019.21582        1.00000       -1.41780
1af8_.B99990022.pdb            382.67746    -8350.03027    -8095.49365        1.00000       -1.49506
1af8_.B99990023.pdb            366.70856    -8257.77246    -7880.93701        1.00000       -1.41908
1af8_.B99990024.pdb            375.26489    -8290.65625    -8098.68359        1.00000       -1.44616
1af8_.B99990025.pdb            379.32776    -8234.97754    -7960.75146        1.00000       -1.40031
1af8_.B99990026.pdb            382.08154    -8290.27832    -8002.81006        1.00000       -1.44585
1af8_.B99990027.pdb            371.76871    -8204.30762    -7986.19189        1.00000       -1.37506
1af8_.B99990028.pdb            366.16437    -8294.05859    -8194.14160        1.00000       -1.44897
1af8_.B99990029.pdb            387.88126    -8225.18555    -7953.61914        1.00000       -1.39225
1af8_.B99990030.pdb            384.28995    -8326.56348    -8058.92676        1.00000       -1.47573
1af8_.B99990031.pdb            399.61243    -8266.02637    -7979.76416        1.00000       -1.42588
1af8_.B99990032.pdb            386.87378    -8329.47949    -8075.29688        1.00000       -1.47814
1af8_.B99990033.pdb            373.89954    -8293.78223    -8038.26807        1.00000       -1.44874
1af8_.B99990034.pdb            367.77725    -8245.87598    -8056.73633        1.00000       -1.40929
1af8_.B99990035.pdb            358.53156    -8373.31836    -8215.56152        1.00000       -1.51424
1af8_.B99990036.pdb            384.10342    -8226.93359    -7973.08154        1.00000       -1.39369
1af8_.B99990037.pdb            412.84036    -8189.75293    -7880.50488        1.00000       -1.36307
1af8_.B99990038.pdb            384.22842    -8302.02148    -8020.20898        1.00000       -1.45552
1af8_.B99990039.pdb            359.27402    -8340.91699    -8102.81250        1.00000       -1.48755
1af8_.B99990040.pdb            389.28391    -8330.36523    -8161.40723        1.00000       -1.47887
1af8_.B99990041.pdb            357.81165    -8297.29492    -8015.73682        1.00000       -1.45163
1af8_.B99990042.pdb            392.97836    -8309.92480    -7928.32959        1.00000       -1.46203
1af8_.B99990043.pdb            374.55341    -8293.42480    -8125.69238        1.00000       -1.44844
1af8_.B99990044.pdb            376.54327    -8306.84277    -8089.56396        1.00000       -1.45949
1af8_.B99990045.pdb            398.27319    -8277.31348    -7949.61328        1.00000       -1.43518
1af8_.B99990046.pdb            362.18539    -8320.64746    -8122.91162        1.00000       -1.47086
1af8_.B99990047.pdb            383.80493    -8210.45117    -7932.82080        1.00000       -1.38012
1af8_.B99990048.pdb            373.20013    -8291.57910    -8091.54785        1.00000       -1.44692
1af8_.B99990049.pdb            369.29291    -8253.62695    -8021.71045        1.00000       -1.41567
1af8_.B99990050.pdb            382.50378    -8261.10352    -7956.69873        1.00000       -1.42183

>> Top model results:
molpdf: 348.664794921875 (file: 1af8_.B99990017.pdb)
DOPE score: -8373.318359375 (file: 1af8_.B99990035.pdb)
GA341 score: 1.0 (file: 1af8_.B99990029.pdb)
Normalized DOPE score: -1.514237464505607 (file: 1af8_.B99990035.pdb)

##############################################################################################
>>Clustering results - Representative structure - AffinityPropagation
Cluster		File_Name
0		1af8_.B99990001

>>Clustering results - Representative structure - DBSCAN
Cluster		File_Name
0		1af8_.B99990049.pdb
1		1af8_.B99990050.pdb
2		1af8_.B99990010.pdb

>>Clustering results - Representative structure - KMeans
Cluster		File_Name
0		1af8_.B99990031.pdb
1		1af8_.B99990040.pdb

>>Clustering results - Representative structure - MeanShift
Cluster		File_Name
0		1af8_.B99990040.pdb
1		1af8_.B99990031.pdb

>>Clustering results - Representative structure - SpectralClustering
Cluster		File_Name
0		1af8_.B99990031.pdb
1		1af8_.B99990040.pdb

>>Clustering results - Representative structure - Ward
Cluster		File_Name
0		1af8_.B99990040.pdb
1		1af8_.B99990031.pdb
##############################################################################################

##############################################################################################
>>Clustering results - Representative structure - AffinityPropagation
Cluster		File_Name
0		1af8_.B99990002
1		1af8_.B99990010
2		1af8_.B99990019
3		1af8_.B99990021
4		1af8_.B99990032
5		1af8_.B99990047
6		1af8_.B99990050

>>Clustering results - Representative structure - DBSCAN
Cluster		File_Name
0		1af8_.B99990016.pdb
1		1af8_.B99990034.pdb
2		1af8_.B99990024.pdb
3		1af8_.B99990045.pdb

>>Clustering results - Representative structure - KMeans
Cluster		File_Name
0		1af8_.B99990018.pdb
1		1af8_.B99990014.pdb
2		1af8_.B99990026.pdb

>>Clustering results - Representative structure - MeanShift
Cluster		File_Name
0		1af8_.B99990018.pdb
1		1af8_.B99990026.pdb
2		1af8_.B99990002.pdb
3		1af8_.B99990037.pdb

>>Clustering results - Representative structure - SpectralClustering
Cluster		File_Name
0		1af8_.B99990048.pdb
1		1af8_.B99990002.pdb
2		1af8_.B99990032.pdb
3		1af8_.B99990050.pdb
4		1af8_.B99990013.pdb

>>Clustering results - Representative structure - Ward
Cluster		File_Name
0		1af8_.B99990037.pdb
1		1af8_.B99990048.pdb
2		1af8_.B99990026.pdb
##############################################################################################