>> Summary of successfully produced model

Filename                          molpdf     DOPE score  DOPE-HR score    GA341 score Normalized DOPE score-----------------------------------------------------------------------------------------------------------
1amp_.B99990001.pdb           1914.13794   -22672.57812   -16022.37988        0.00534        0.76356
1amp_.B99990002.pdb           2057.31836   -22342.98047   -14944.59277        0.00594        0.84377
1amp_.B99990003.pdb           2042.82715   -22385.74219   -15691.52246        0.00413        0.83337
1amp_.B99990004.pdb           1973.83813   -22714.35742   -15982.80566        0.00458        0.75339
1amp_.B99990005.pdb           2095.13306   -22481.98242   -15428.86230        0.00473        0.80994
1amp_.B99990006.pdb           1922.12451   -22601.85742   -15303.38379        0.00393        0.78077
1amp_.B99990007.pdb           1936.00537   -22625.01367   -15723.24707        0.00408        0.77513
1amp_.B99990008.pdb           1976.70496   -22317.54102   -15646.34082        0.00523        0.84996
1amp_.B99990009.pdb           1871.03088   -22655.17383   -16296.87207        0.00408        0.76779
1amp_.B99990010.pdb           1960.48645   -22491.39062   -15629.48438        0.00466        0.80765
1amp_.B99990011.pdb           2029.36877   -22540.16992   -15701.27930        0.00540        0.79578
1amp_.B99990012.pdb           2099.32104   -22632.89258   -16069.89258        0.00453        0.77322
1amp_.B99990013.pdb           2109.00586   -22641.44531   -15601.39062        0.00623        0.77113
1amp_.B99990014.pdb           2012.86658   -22834.11133   -16237.45898        0.00480        0.72424
1amp_.B99990015.pdb           1912.13367   -22890.43555   -16326.97363        0.00478        0.71054
1amp_.B99990016.pdb           1996.82153   -22381.94922   -15650.59863        0.00533        0.83429
1amp_.B99990017.pdb           2024.23865   -22733.59375   -16015.37012        0.00565        0.74871
1amp_.B99990018.pdb           1929.35779   -22959.14844   -16415.87500        0.00460        0.69381
1amp_.B99990019.pdb           1947.14380   -22744.35742   -16096.61621        0.00665        0.74609
1amp_.B99990020.pdb           1897.74170   -22647.37695   -16308.20117        0.00625        0.76969
1amp_.B99990021.pdb           1854.06750   -22733.25391   -16223.39355        0.00679        0.74879
1amp_.B99990022.pdb           1917.59619   -22413.93945   -15766.84863        0.00440        0.82650
1amp_.B99990023.pdb           1952.82495   -22584.95508   -15461.37109        0.00583        0.78488
1amp_.B99990024.pdb           1937.04272   -22960.43164   -16423.44141        0.00485        0.69350
1amp_.B99990025.pdb           2079.60815   -22861.98828   -16177.87891        0.00304        0.71746
1amp_.B99990026.pdb           1975.71558   -22500.55664   -15295.53125        0.00554        0.80542
1amp_.B99990027.pdb           1960.42224   -22865.79102   -15985.58105        0.00519        0.71653
1amp_.B99990028.pdb           2000.62683   -22550.26367   -15711.78613        0.00879        0.79333
1amp_.B99990029.pdb           1991.18616   -22571.56445   -15856.03613        0.00718        0.78814
1amp_.B99990030.pdb           1986.46924   -22965.52344   -16396.36328        0.00587        0.69226
1amp_.B99990031.pdb           1938.75000   -22949.34961   -16722.17969        0.00432        0.69620
1amp_.B99990032.pdb           1913.75439   -22793.88086   -16065.25977        0.00409        0.73404
1amp_.B99990033.pdb           1884.61646   -22951.36328   -16562.44531        0.00522        0.69571
1amp_.B99990034.pdb           2065.58838   -22449.06445   -15154.55078        0.00440        0.81795
1amp_.B99990035.pdb           1838.76001   -22792.63867   -16461.00391        0.00431        0.73434
1amp_.B99990036.pdb           2200.98364   -22878.62500   -16393.91211        0.00454        0.71341
1amp_.B99990037.pdb           2054.47607   -22635.87500   -15735.70996        0.00716        0.77249
1amp_.B99990038.pdb           1988.46155   -22641.62109   -15979.08789        0.00435        0.77109
1amp_.B99990039.pdb           2042.47876   -22328.39648   -15611.27441        0.00623        0.84732
1amp_.B99990040.pdb           1961.58215   -22649.96484   -15858.58789        0.00517        0.76906
1amp_.B99990041.pdb           1989.15930   -22973.78125   -16644.22852        0.00341        0.69025
1amp_.B99990042.pdb           2152.65381   -22937.02344   -16446.68750        0.00695        0.69920
1amp_.B99990043.pdb           1966.60645   -23007.38086   -16755.68555        0.00409        0.68208
1amp_.B99990044.pdb           2204.98315   -22788.01172   -16464.95898        0.00553        0.73546
1amp_.B99990045.pdb           2078.80371   -22732.81055   -16123.07520        0.00542        0.74890
1amp_.B99990046.pdb           1967.27722   -22716.47070   -16358.65527        0.00338        0.75288
1amp_.B99990047.pdb           2000.74792   -22741.37891   -15632.31250        0.00362        0.74681
1amp_.B99990048.pdb           2003.12549   -22700.19531   -16287.35352        0.00376        0.75684
1amp_.B99990049.pdb           1961.83142   -22679.79688   -15959.20898        0.00639        0.76180
1amp_.B99990050.pdb           2155.39917   -22521.51367   -15291.19824        0.00536        0.80032

>> Top model results:
molpdf: 1838.760009765625 (file: 1amp_.B99990035.pdb)
DOPE score: -23007.380859375 (file: 1amp_.B99990043.pdb)
GA341 score: 0.0030413467902690172 (file: 1amp_.B99990025.pdb)
Normalized DOPE score: 0.6820755761456885 (file: 1amp_.B99990043.pdb)

##############################################################################################
>>Clustering results - Representative structure - AffinityPropagation
Cluster		File_Name
0		1amp_.B99990004
1		1amp_.B99990007
2		1amp_.B99990032
3		1amp_.B99990034
4		1amp_.B99990035
5		1amp_.B99990049

>>Clustering results - Representative structure - DBSCAN
Cluster		File_Name
0		1amp_.B99990004.pdb
1		1amp_.B99990035.pdb
2		1amp_.B99990048.pdb
3		1amp_.B99990038.pdb
4		1amp_.B99990012.pdb

>>Clustering results - Representative structure - KMeans
Cluster		File_Name
0		1amp_.B99990018.pdb
1		1amp_.B99990049.pdb
2		1amp_.B99990010.pdb
3		1amp_.B99990038.pdb
4		1amp_.B99990006.pdb
5		1amp_.B99990032.pdb
6		1amp_.B99990001.pdb
7		1amp_.B99990008.pdb
8		1amp_.B99990012.pdb
9		1amp_.B99990042.pdb

>>Clustering results - Representative structure - MeanShift
Cluster		File_Name
0		1amp_.B99990009.pdb
1		1amp_.B99990044.pdb
2		1amp_.B99990007.pdb

>>Clustering results - Representative structure - SpectralClustering
Cluster		File_Name
0		1amp_.B99990049.pdb
1		1amp_.B99990001.pdb

>>Clustering results - Representative structure - Ward
Cluster		File_Name
0		1amp_.B99990038.pdb
1		1amp_.B99990001.pdb
2		1amp_.B99990027.pdb
3		1amp_.B99990025.pdb
4		1amp_.B99990018.pdb
5		1amp_.B99990011.pdb
6		1amp_.B99990010.pdb
7		1amp_.B99990023.pdb
8		1amp_.B99990008.pdb
9		1amp_.B99990020.pdb
##############################################################################################

##############################################################################################
>>Clustering results - Representative structure - AffinityPropagation
Cluster		File_Name
0		1amp_.B99990003
1		1amp_.B99990024
2		1amp_.B99990025
3		1amp_.B99990037
4		1amp_.B99990038
5		1amp_.B99990048
6		1amp_.B99990050

>>Clustering results - Representative structure - DBSCAN
Cluster		File_Name
0		1amp_.B99990047.pdb

>>Clustering results - Representative structure - KMeans
Cluster		File_Name
0		1amp_.B99990038.pdb
1		1amp_.B99990006.pdb
2		1amp_.B99990024.pdb
3		1amp_.B99990046.pdb
4		1amp_.B99990034.pdb
5		1amp_.B99990042.pdb
6		1amp_.B99990043.pdb
7		1amp_.B99990013.pdb
8		1amp_.B99990050.pdb
9		1amp_.B99990001.pdb

>>Clustering results - Representative structure - MeanShift
Cluster		File_Name
0		1amp_.B99990047.pdb

>>Clustering results - Representative structure - SpectralClustering
Cluster		File_Name
0		1amp_.B99990024.pdb
1		1amp_.B99990001.pdb
2		1amp_.B99990048.pdb
3		1amp_.B99990008.pdb
4		1amp_.B99990043.pdb
5		1amp_.B99990050.pdb
6		1amp_.B99990006.pdb
7		1amp_.B99990038.pdb
8		1amp_.B99990011.pdb
9		1amp_.B99990042.pdb

>>Clustering results - Representative structure - Ward
Cluster		File_Name
0		1amp_.B99990048.pdb
1		1amp_.B99990037.pdb
2		1amp_.B99990024.pdb
3		1amp_.B99990011.pdb
4		1amp_.B99990003.pdb
5		1amp_.B99990042.pdb
6		1amp_.B99990050.pdb
7		1amp_.B99990017.pdb
8		1amp_.B99990043.pdb
##############################################################################################