>> Summary of successfully produced model

Filename                          molpdf     DOPE score  DOPE-HR score    GA341 score Normalized DOPE score-----------------------------------------------------------------------------------------------------------
1yq2.B99990001.pdb            9462.98340   -68682.56250   -51518.65234        0.05723        2.14245
1yq2.B99990002.pdb            9552.11914   -67084.84375   -45671.25391        0.08213        2.25338
1yq2.B99990003.pdb            9243.02148   -69483.96094   -50121.31250        0.09825        2.08680
1yq2.B99990004.pdb            9395.07617   -68463.33594   -48239.08594        0.03875        2.15767
1yq2.B99990005.pdb            9382.98828   -68254.03125   -47888.64453        0.09223        2.17220
1yq2.B99990006.pdb           10230.26758   -67934.88281   -48344.72266        0.05316        2.19436
1yq2.B99990007.pdb            9443.00098   -67644.23438   -45108.82422        0.08203        2.21454
1yq2.B99990008.pdb            9614.19043   -68953.42188   -50489.62891        0.03589        2.12364
1yq2.B99990009.pdb            9215.96875   -69119.86719   -51158.94141        0.07697        2.11208
1yq2.B99990010.pdb            9365.83301   -68942.98438   -50384.23828        0.08182        2.12436
1yq2.B99990011.pdb            9236.55762   -67385.06250   -48738.67578        0.13413        2.23254
1yq2.B99990012.pdb            9228.86523   -68570.64844   -48680.48828        0.09837        2.15022
1yq2.B99990013.pdb            9433.31543   -68391.71875   -50785.65234        0.07725        2.16264
1yq2.B99990014.pdb            9189.64551   -68057.64844   -50008.57422        0.10168        2.18584
1yq2.B99990015.pdb            9629.01367   -67229.83594   -47929.55078        0.02964        2.24331
1yq2.B99990016.pdb            9617.58789   -66591.38281   -47600.56641        0.04786        2.28764
1yq2.B99990017.pdb            9851.90137   -66439.57812   -44330.76172        0.07298        2.29818
1yq2.B99990018.pdb           10019.62988   -67281.43750   -47803.56641        0.06557        2.23973
1yq2.B99990019.pdb            9404.57812   -68708.03906   -47783.64844        0.11388        2.14068
1yq2.B99990020.pdb            9517.53125   -67618.34375   -48121.16797        0.06937        2.21634
1yq2.B99990021.pdb            9420.48926   -66961.92188   -49266.48047        0.02426        2.26192
1yq2.B99990022.pdb            9454.86230   -67589.64844   -48455.26562        0.14073        2.21833
1yq2.B99990023.pdb            9366.25000   -68861.31250   -48924.12109        0.09935        2.13004
1yq2.B99990024.pdb            9184.44629   -68771.39844   -51541.07031        0.05567        2.13628
1yq2.B99990025.pdb            9118.84668   -68717.29688   -49394.12891        0.07243        2.14004
1yq2.B99990026.pdb            9715.62109   -66501.45312   -45187.93359        0.05166        2.29389
1yq2.B99990027.pdb            9406.17480   -68331.24219   -48482.17578        0.05199        2.16684
1yq2.B99990028.pdb            9227.11816   -68610.95312   -51003.67969        0.08032        2.14742
1yq2.B99990029.pdb            9693.68066   -67888.97656   -48541.10156        0.04504        2.19755
1yq2.B99990030.pdb            9487.01465   -67704.50000   -48468.79297        0.11412        2.21036
1yq2.B99990031.pdb            9672.45020   -67151.82812   -48546.58594        0.08400        2.24873
1yq2.B99990032.pdb            9772.86426   -65979.92188   -46577.18359        0.04760        2.33010
1yq2.B99990033.pdb            9411.03125   -68863.31250   -50657.79297        0.04390        2.12990
1yq2.B99990034.pdb            9515.04980   -68457.82031   -48031.39844        0.06388        2.15805
1yq2.B99990035.pdb            9296.70703   -69138.78906   -51647.67969        0.16270        2.11077
1yq2.B99990036.pdb            9381.54395   -67725.67969   -47158.09375        0.04499        2.20889
1yq2.B99990037.pdb            9110.31250   -68316.84375   -48982.11719        0.06994        2.16784
1yq2.B99990038.pdb            9395.15332   -68007.81250   -49009.65625        0.09905        2.18930
1yq2.B99990039.pdb            9763.28516   -67562.12500   -47220.27344        0.05750        2.22024
1yq2.B99990040.pdb            9328.94629   -69233.50000   -46583.76172        0.06095        2.10419
1yq2.B99990041.pdb            9664.16797   -67460.91406   -47349.94531        0.09120        2.22727
1yq2.B99990042.pdb           10097.19434   -67126.31250   -43161.37500        0.05678        2.25050
1yq2.B99990043.pdb            9514.07520   -67494.62500   -47082.97656        0.11700        2.22493
1yq2.B99990044.pdb            9745.88184   -67889.80469   -47862.03516        0.08090        2.19749
1yq2.B99990045.pdb            9323.27734   -68060.85938   -48620.01172        0.03941        2.18561
1yq2.B99990046.pdb            9401.99219   -68740.25781   -48992.80469        0.04554        2.13844
1yq2.B99990047.pdb            9308.14844   -67500.96094   -48498.45703        0.09558        2.22449
1yq2.B99990048.pdb            9986.63574   -64963.73047   -43418.68359        0.09924        2.40066
1yq2.B99990049.pdb            9583.32129   -67851.60938   -48522.97266        0.09928        2.20014
1yq2.B99990050.pdb            9692.88281   -67486.13281   -48543.94141        0.11699        2.22552

>> Top model results:
molpdf: 9110.3125 (file: 1yq2.B99990037.pdb)
DOPE score: -69483.9609375 (file: 1yq2.B99990003.pdb)
GA341 score: 0.024259310215711594 (file: 1yq2.B99990021.pdb)
Normalized DOPE score: 2.0868033983788337 (file: 1yq2.B99990003.pdb)

##############################################################################################
>>Clustering results - Representative structure - AffinityPropagation
Cluster		File_Name
0		1yq2.B99990034

>>Clustering results - Representative structure - DBSCAN
Cluster		File_Name
0		1yq2.B99990040.pdb
1		1yq2.B99990042.pdb

>>Clustering results - Representative structure - KMeans
Cluster		File_Name
0		1yq2.B99990027.pdb
1		1yq2.B99990041.pdb

>>Clustering results - Representative structure - MeanShift
Cluster		File_Name
0		1yq2.B99990040.pdb
1		1yq2.B99990042.pdb
2		1yq2.B99990016.pdb

>>Clustering results - Representative structure - SpectralClustering
Cluster		File_Name
0		1yq2.B99990027.pdb
1		1yq2.B99990041.pdb

>>Clustering results - Representative structure - Ward
Cluster		File_Name
0		1yq2.B99990019.pdb
1		1yq2.B99990004.pdb
2		1yq2.B99990042.pdb
##############################################################################################

##############################################################################################
>>Clustering results - Representative structure - AffinityPropagation
Cluster		File_Name
0		1yq2.B99990008
1		1yq2.B99990015
2		1yq2.B99990023
3		1yq2.B99990026
4		1yq2.B99990029
5		1yq2.B99990036
6		1yq2.B99990048

>>Clustering results - Representative structure - DBSCAN
Cluster		File_Name
0		1yq2.B99990022.pdb

>>Clustering results - Representative structure - KMeans
Cluster		File_Name
0		1yq2.B99990039.pdb
1		1yq2.B99990042.pdb
2		1yq2.B99990047.pdb
3		1yq2.B99990037.pdb

>>Clustering results - Representative structure - MeanShift
Cluster		File_Name
0		1yq2.B99990045.pdb
1		1yq2.B99990026.pdb
2		1yq2.B99990048.pdb

>>Clustering results - Representative structure - SpectralClustering
Cluster		File_Name
0		1yq2.B99990045.pdb
1		1yq2.B99990042.pdb

>>Clustering results - Representative structure - Ward
Cluster		File_Name
0		1yq2.B99990013.pdb
1		1yq2.B99990042.pdb
2		1yq2.B99990039.pdb
3		1yq2.B99990029.pdb
##############################################################################################