>> Summary of successfully produced model

Filename                          molpdf     DOPE score  DOPE-HR score    GA341 score Normalized DOPE score-----------------------------------------------------------------------------------------------------------
1alu_.B99990001.pdb            862.53369   -17465.27344   -15350.62793        1.00000       -1.58904
1alu_.B99990002.pdb            874.06323   -17705.71484   -15608.34082        1.00000       -1.69750
1alu_.B99990003.pdb            809.84937   -17591.69531   -15483.41504        1.00000       -1.64607
1alu_.B99990004.pdb            804.28418   -17461.12500   -15606.60938        1.00000       -1.58717
1alu_.B99990005.pdb            808.41144   -17418.29688   -15352.28027        1.00000       -1.56785
1alu_.B99990006.pdb            791.77600   -17401.13086   -15473.58301        1.00000       -1.56011
1alu_.B99990007.pdb            939.76849   -17367.82617   -15383.20117        1.00000       -1.54508
1alu_.B99990008.pdb            873.37030   -17478.91797   -15406.64355        1.00000       -1.59520
1alu_.B99990009.pdb            874.57751   -17617.07812   -15337.93066        1.00000       -1.65752
1alu_.B99990010.pdb            923.09753   -17253.08398   -14991.57715        1.00000       -1.49332
1alu_.B99990011.pdb            819.88177   -17559.79102   -15881.27734        1.00000       -1.63168
1alu_.B99990012.pdb            809.33032   -17257.84180   -15104.62012        1.00000       -1.49547
1alu_.B99990013.pdb            884.29480   -17810.04492   -15739.67090        1.00000       -1.74456
1alu_.B99990014.pdb            945.38715   -17214.05078   -15070.40234        1.00000       -1.47572
1alu_.B99990015.pdb            831.70630   -17312.71875   -15029.82031        1.00000       -1.52022
1alu_.B99990016.pdb            832.81232   -17378.65625   -15154.61426        1.00000       -1.54997
1alu_.B99990017.pdb            904.00555   -17834.14258   -15645.40430        1.00000       -1.75544
1alu_.B99990018.pdb            853.37384   -17502.47070   -15334.55664        1.00000       -1.60582
1alu_.B99990019.pdb            890.73407   -17120.04883   -15023.21777        1.00000       -1.43331
1alu_.B99990020.pdb            787.83795   -17279.46289   -15203.47461        1.00000       -1.50522
1alu_.B99990021.pdb            880.75177   -17349.61523   -15077.04492        1.00000       -1.53687
1alu_.B99990022.pdb            857.90436   -17469.10547   -15437.98242        1.00000       -1.59077
1alu_.B99990023.pdb            821.07855   -17462.97070   -15536.01172        1.00000       -1.58800
1alu_.B99990024.pdb            794.28613   -17710.36719   -15798.89941        1.00000       -1.69960
1alu_.B99990025.pdb            833.14343   -17536.66602   -15182.47168        1.00000       -1.62125
1alu_.B99990026.pdb            863.71521   -17586.41016   -15517.30469        1.00000       -1.64368
1alu_.B99990027.pdb            854.58795   -17354.15039   -15008.92188        1.00000       -1.53891
1alu_.B99990028.pdb            840.52332   -17365.03125   -15141.54980        1.00000       -1.54382
1alu_.B99990029.pdb            813.72125   -17523.04297   -15686.75098        1.00000       -1.61510
1alu_.B99990030.pdb            890.29938   -17424.20117   -15628.76562        1.00000       -1.57051
1alu_.B99990031.pdb            855.27283   -17264.67383   -14978.89355        1.00000       -1.49855
1alu_.B99990032.pdb            837.33313   -17669.63477   -15690.36230        1.00000       -1.68123
1alu_.B99990033.pdb            853.86456   -17454.06055   -15537.23438        1.00000       -1.58398
1alu_.B99990034.pdb            820.33350   -17501.00195   -15348.86035        1.00000       -1.60516
1alu_.B99990035.pdb            961.07611   -17420.68750   -15402.15723        1.00000       -1.56893
1alu_.B99990036.pdb            776.07703   -17667.46875   -15739.63672        1.00000       -1.68025
1alu_.B99990037.pdb            823.49084   -17496.80859   -15455.44238        1.00000       -1.60327
1alu_.B99990038.pdb            850.79315   -17382.85156   -15390.83887        1.00000       -1.55186
1alu_.B99990039.pdb            800.83685   -17546.83398   -15653.60840        1.00000       -1.62583
1alu_.B99990040.pdb            792.67566   -17537.04492   -15618.78320        1.00000       -1.62142
1alu_.B99990041.pdb            837.50891   -17374.03906   -15200.91113        1.00000       -1.54789
1alu_.B99990042.pdb            781.80646   -17665.61914   -15758.95801        1.00000       -1.67942
1alu_.B99990043.pdb            810.58362   -17609.16016   -15662.13574        1.00000       -1.65395
1alu_.B99990044.pdb            784.71246   -17426.43945   -15370.32812        1.00000       -1.57152
1alu_.B99990045.pdb            807.51917   -17353.08984   -15193.37207        1.00000       -1.53844
1alu_.B99990046.pdb            823.05878   -17432.98828   -15344.87305        1.00000       -1.57448
1alu_.B99990047.pdb            850.21509   -17599.31250   -15467.93848        1.00000       -1.64951
1alu_.B99990048.pdb            803.48956   -17655.83203   -15533.77734        1.00000       -1.67500
1alu_.B99990049.pdb            809.79199   -17366.56445   -15085.94434        1.00000       -1.54451
1alu_.B99990050.pdb            802.69611   -17626.03906   -15927.21680        1.00000       -1.66156

>> Top model results:
molpdf: 776.0770263671875 (file: 1alu_.B99990036.pdb)
DOPE score: -17834.142578125 (file: 1alu_.B99990017.pdb)
GA341 score: 1.0 (file: 1alu_.B99990028.pdb)
Normalized DOPE score: -1.7554351129701449 (file: 1alu_.B99990017.pdb)

##############################################################################################
>>Clustering results - Representative structure - AffinityPropagation
Cluster		File_Name
0		1alu_.B99990049

>>Clustering results - Representative structure - DBSCAN
Cluster		File_Name
0		1alu_.B99990012.pdb
1		1alu_.B99990023.pdb
2		1alu_.B99990025.pdb
3		1alu_.B99990027.pdb

>>Clustering results - Representative structure - KMeans
Cluster		File_Name
0		1alu_.B99990025.pdb
1		1alu_.B99990008.pdb
2		1alu_.B99990047.pdb
3		1alu_.B99990043.pdb
4		1alu_.B99990010.pdb
5		1alu_.B99990009.pdb
6		1alu_.B99990033.pdb
7		1alu_.B99990034.pdb
8		1alu_.B99990019.pdb
9		1alu_.B99990024.pdb

>>Clustering results - Representative structure - MeanShift
Cluster		File_Name
0		1alu_.B99990049.pdb
1		1alu_.B99990018.pdb
2		1alu_.B99990047.pdb
3		1alu_.B99990009.pdb

>>Clustering results - Representative structure - SpectralClustering
Cluster		File_Name
0		1alu_.B99990049.pdb
1		1alu_.B99990026.pdb

>>Clustering results - Representative structure - Ward
Cluster		File_Name
0		1alu_.B99990026.pdb
1		1alu_.B99990049.pdb
##############################################################################################

##############################################################################################
>>Clustering results - Representative structure - AffinityPropagation
Cluster		File_Name
0		1alu_.B99990005
1		1alu_.B99990009
2		1alu_.B99990010
3		1alu_.B99990016
4		1alu_.B99990024
5		1alu_.B99990026
6		1alu_.B99990046
7		1alu_.B99990048

>>Clustering results - Representative structure - DBSCAN
Cluster		File_Name
0		1alu_.B99990034.pdb

>>Clustering results - Representative structure - KMeans
Cluster		File_Name
0		1alu_.B99990014.pdb
1		1alu_.B99990034.pdb
2		1alu_.B99990024.pdb
3		1alu_.B99990025.pdb
4		1alu_.B99990033.pdb
5		1alu_.B99990016.pdb
6		1alu_.B99990043.pdb
7		1alu_.B99990009.pdb
8		1alu_.B99990028.pdb
9		1alu_.B99990049.pdb

>>Clustering results - Representative structure - MeanShift
Cluster		File_Name
0		1alu_.B99990006.pdb
1		1alu_.B99990025.pdb

>>Clustering results - Representative structure - SpectralClustering
Cluster		File_Name
0		1alu_.B99990024.pdb
1		1alu_.B99990009.pdb
2		1alu_.B99990043.pdb
3		1alu_.B99990047.pdb
4		1alu_.B99990016.pdb
5		1alu_.B99990014.pdb
6		1alu_.B99990006.pdb
7		1alu_.B99990026.pdb
8		1alu_.B99990028.pdb
9		1alu_.B99990021.pdb

>>Clustering results - Representative structure - Ward
Cluster		File_Name
0		1alu_.B99990041.pdb
1		1alu_.B99990010.pdb
2		1alu_.B99990039.pdb
3		1alu_.B99990024.pdb
4		1alu_.B99990043.pdb
5		1alu_.B99990001.pdb
6		1alu_.B99990009.pdb
7		1alu_.B99990033.pdb
8		1alu_.B99990028.pdb
9		1alu_.B99990007.pdb
##############################################################################################