>> Summary of successfully produced model

Filename                          molpdf     DOPE score  DOPE-HR score    GA341 score Normalized DOPE score-----------------------------------------------------------------------------------------------------------
6ji0.B99990001.pdb           53737.45312  -376104.93750  -266921.18750        1.00000        0.51648
6ji0.B99990002.pdb           53280.05469  -375622.53125  -263883.03125        1.00000        0.52631
6ji0.B99990003.pdb           53599.23438  -374782.37500  -262669.06250        1.00000        0.54343
6ji0.B99990004.pdb           53577.20312  -374308.59375  -262810.09375        1.00000        0.55308
6ji0.B99990005.pdb           57132.71094  -375301.40625  -262463.93750        1.00000        0.53285
6ji0.B99990006.pdb           57410.21094  -374603.87500  -258840.62500        1.00000        0.54707
6ji0.B99990007.pdb           53647.48438  -374569.78125  -263687.50000        1.00000        0.54776
6ji0.B99990008.pdb           53830.73047  -374087.56250  -259321.76562        1.00000        0.55759
6ji0.B99990009.pdb           57513.36719  -379107.62500  -271546.31250        1.00000        0.45531
6ji0.B99990010.pdb           53051.93359  -376371.75000  -265968.25000        1.00000        0.51105
6ji0.B99990011.pdb           54449.16406  -380589.81250  -277323.43750        1.00000        0.42511
6ji0.B99990012.pdb           53512.73438  -376825.96875  -267818.25000        1.00000        0.50179
6ji0.B99990013.pdb           57353.28906  -377431.03125  -268278.87500        1.00000        0.48946
6ji0.B99990014.pdb           53424.99219  -380072.00000  -276860.31250        1.00000        0.43566
6ji0.B99990015.pdb           54495.13281  -375669.28125  -264388.03125        1.00000        0.52536
6ji0.B99990016.pdb           56856.01953  -378022.90625  -267295.68750        1.00000        0.47741
6ji0.B99990017.pdb           53234.16016  -376856.87500  -269342.81250        1.00000        0.50116
6ji0.B99990018.pdb           54038.53125  -375829.59375  -265775.25000        1.00000        0.52209
6ji0.B99990019.pdb           53652.71875  -376648.34375  -265481.46875        1.00000        0.50541
6ji0.B99990020.pdb           53558.02344  -375264.40625  -263433.78125        1.00000        0.53361
6ji0.B99990021.pdb           56821.83594  -377996.93750  -267094.65625        1.00000        0.47793
6ji0.B99990022.pdb           56749.33203  -374134.96875  -260958.09375        1.00000        0.55662
6ji0.B99990023.pdb           57815.40234  -374254.40625  -258850.50000        1.00000        0.55419
6ji0.B99990024.pdb           54671.50781  -375408.68750  -262988.71875        1.00000        0.53067
6ji0.B99990025.pdb           58207.86719  -376487.34375  -266835.12500        1.00000        0.50869
6ji0.B99990026.pdb           56054.51953  -378805.28125  -272015.56250        1.00000        0.46147
6ji0.B99990027.pdb           53955.82812  -376268.37500  -266547.84375        1.00000        0.51315
6ji0.B99990028.pdb           56546.69922  -379906.62500  -274671.65625        1.00000        0.43903
6ji0.B99990029.pdb           53276.59766  -375424.06250  -262892.12500        1.00000        0.53036
6ji0.B99990030.pdb           52997.60547  -378335.40625  -270072.93750        1.00000        0.47104
6ji0.B99990031.pdb           54145.54688  -377255.56250  -268123.09375        1.00000        0.49304
6ji0.B99990032.pdb           53154.56250  -379805.12500  -276789.68750        1.00000        0.44109
6ji0.B99990033.pdb           53227.42188  -378288.00000  -270170.50000        1.00000        0.47200
6ji0.B99990034.pdb           53378.25391  -379059.78125  -276200.06250        1.00000        0.45628
6ji0.B99990035.pdb           57552.73047  -376030.00000  -264423.90625        1.00000        0.51801
6ji0.B99990036.pdb           53955.14062  -375309.65625  -262638.59375        1.00000        0.53269
6ji0.B99990037.pdb           53288.58203  -377130.00000  -269140.93750        1.00000        0.49560
6ji0.B99990038.pdb           58262.86719  -372134.96875  -254339.70312        1.00000        0.59737
6ji0.B99990039.pdb           53975.21875  -376842.75000  -267379.25000        1.00000        0.50145
6ji0.B99990040.pdb           56823.41406  -376818.68750  -266314.46875        1.00000        0.50194
6ji0.B99990041.pdb           53871.33203  -375705.62500  -265351.06250        1.00000        0.52462
6ji0.B99990042.pdb           54387.94531  -374669.56250  -263737.46875        1.00000        0.54573
6ji0.B99990043.pdb           53271.73828  -380174.87500  -275984.28125        1.00000        0.43356
6ji0.B99990044.pdb           53657.90234  -375872.87500  -265796.59375        1.00000        0.52121
6ji0.B99990045.pdb           53744.25391  -375908.28125  -264487.68750        1.00000        0.52049
6ji0.B99990046.pdb           53839.55078  -375169.46875  -264114.09375        1.00000        0.53554
6ji0.B99990047.pdb           54022.23438  -376411.87500  -265189.31250        1.00000        0.51023
6ji0.B99990048.pdb           53820.69141  -375328.90625  -263641.18750        1.00000        0.53229
6ji0.B99990049.pdb           54224.37891  -376155.81250  -263927.84375        1.00000        0.51545
6ji0.B99990050.pdb           54366.54297  -374918.71875  -262883.43750        1.00000        0.54065

>> Top model results:
molpdf: 52997.60546875 (file: 6ji0.B99990030.pdb)
DOPE score: -380589.8125 (file: 6ji0.B99990011.pdb)
GA341 score: 1.0 (file: 6ji0.B99990034.pdb)
Normalized DOPE score: 0.4251066110551655 (file: 6ji0.B99990011.pdb)

##############################################################################################
>>Clustering results - Representative structure - AffinityPropagation
Cluster		File_Name
0		6ji0.B99990010

>>Clustering results - Representative structure - DBSCAN
Cluster		File_Name
0		6ji0.B99990010.pdb
1		6ji0.B99990038.pdb

>>Clustering results - Representative structure - KMeans
Cluster		File_Name
0		6ji0.B99990002.pdb
1		6ji0.B99990009.pdb

>>Clustering results - Representative structure - MeanShift
Cluster		File_Name
0		6ji0.B99990002.pdb
1		6ji0.B99990009.pdb
2		6ji0.B99990038.pdb

>>Clustering results - Representative structure - SpectralClustering
Cluster		File_Name
0		6ji0.B99990002.pdb
1		6ji0.B99990009.pdb

>>Clustering results - Representative structure - Ward
Cluster		File_Name
0		6ji0.B99990044.pdb
1		6ji0.B99990009.pdb
##############################################################################################

##############################################################################################
>>Clustering results - Representative structure - AffinityPropagation
Cluster		File_Name
0		6ji0.B99990027

>>Clustering results - Representative structure - DBSCAN
Cluster		File_Name
0		6ji0.B99990027.pdb

>>Clustering results - Representative structure - KMeans
Cluster		File_Name
0		6ji0.B99990042.pdb
1		6ji0.B99990009.pdb
2		6ji0.B99990035.pdb
3		6ji0.B99990033.pdb
4		6ji0.B99990038.pdb
5		6ji0.B99990050.pdb
6		6ji0.B99990047.pdb
7		6ji0.B99990014.pdb
8		6ji0.B99990040.pdb
9		6ji0.B99990049.pdb

>>Clustering results - Representative structure - MeanShift
Cluster		File_Name
0		6ji0.B99990041.pdb
1		6ji0.B99990034.pdb
2		6ji0.B99990038.pdb

>>Clustering results - Representative structure - SpectralClustering
Cluster		File_Name
0		6ji0.B99990025.pdb
1		6ji0.B99990032.pdb

>>Clustering results - Representative structure - Ward
Cluster		File_Name
0		6ji0.B99990003.pdb
1		6ji0.B99990010.pdb
2		6ji0.B99990016.pdb
3		6ji0.B99990035.pdb
4		6ji0.B99990033.pdb
5		6ji0.B99990038.pdb
6		6ji0.B99990032.pdb
##############################################################################################