>> Summary of successfully produced model

Filename                          molpdf     DOPE score  DOPE-HR score    GA341 score Normalized DOPE score-----------------------------------------------------------------------------------------------------------
1apj_.B99990001.pdb            405.48016    -2725.61157     -897.20593        0.00462        1.47187
1apj_.B99990002.pdb            418.08264    -3148.35425    -1571.33289        0.00623        1.06729
1apj_.B99990003.pdb            399.04562    -2859.39429    -1319.22290        0.00610        1.34383
1apj_.B99990004.pdb            366.25089    -2980.65454    -1291.44507        0.00737        1.22778
1apj_.B99990005.pdb            388.60666    -3066.83350    -1557.83301        0.00668        1.14531
1apj_.B99990006.pdb            381.61023    -2905.25977    -1106.68835        0.00644        1.29994
1apj_.B99990007.pdb            380.37927    -2934.37280    -1239.87329        0.00682        1.27208
1apj_.B99990008.pdb            397.24966    -3001.87280    -1382.56018        0.00483        1.20748
1apj_.B99990009.pdb            402.09454    -2875.39355    -1084.61707        0.00307        1.32852
1apj_.B99990010.pdb            361.41391    -2981.22412    -1285.79980        0.00206        1.22724
1apj_.B99990011.pdb            419.34415    -3032.16553    -1294.87488        0.00442        1.17848
1apj_.B99990012.pdb            379.91776    -2650.61963     -939.16937        0.01174        1.54364
1apj_.B99990013.pdb            372.55728    -2835.97144     -919.45227        0.00595        1.36625
1apj_.B99990014.pdb            376.17404    -2750.96997     -926.73889        0.00455        1.44760
1apj_.B99990015.pdb            375.56723    -2750.33105     -769.30859        0.00616        1.44821
1apj_.B99990016.pdb            405.73175    -2969.49707    -1306.90527        0.00337        1.23846
1apj_.B99990017.pdb            433.93634    -2916.90527    -1105.03650        0.00506        1.28879
1apj_.B99990018.pdb            394.53198    -2785.04053     -979.52185        0.00362        1.41499
1apj_.B99990019.pdb            426.18896    -2840.32642    -1053.49292        0.00772        1.36208
1apj_.B99990020.pdb            399.96671    -2856.65723     -998.01788        0.00458        1.34645
1apj_.B99990021.pdb            393.70895    -2944.81372    -1325.64905        0.00523        1.26208
1apj_.B99990022.pdb            394.13217    -2898.89917    -1063.37830        0.00367        1.30603
1apj_.B99990023.pdb            408.69955    -2936.53760    -1166.49707        0.00499        1.27000
1apj_.B99990024.pdb            398.84274    -2994.94775    -1397.27307        0.00612        1.21410
1apj_.B99990025.pdb            394.73608    -2936.59888    -1288.19678        0.00294        1.26995
1apj_.B99990026.pdb            373.81451    -2986.73755    -1351.69287        0.00405        1.22196
1apj_.B99990027.pdb            414.86710    -2983.74097    -1024.53967        0.00596        1.22483
1apj_.B99990028.pdb            399.00400    -2828.31079     -915.28082        0.00480        1.37358
1apj_.B99990029.pdb            369.49158    -2991.44287    -1353.55334        0.00325        1.21746
1apj_.B99990030.pdb            393.11893    -3005.90088    -1489.31018        0.00418        1.20362
1apj_.B99990031.pdb            369.87775    -2768.58936     -964.01404        0.00421        1.43074
1apj_.B99990032.pdb            481.63669    -2933.14868    -1374.37317        0.00391        1.27325
1apj_.B99990033.pdb            390.23404    -2959.35083    -1359.62305        0.00493        1.24817
1apj_.B99990034.pdb            357.03555    -3011.23828    -1291.01086        0.00507        1.19851
1apj_.B99990035.pdb            406.36411    -2928.49927    -1383.65601        0.00388        1.27770
1apj_.B99990036.pdb            391.51892    -3060.35083    -1027.19141        0.00918        1.15151
1apj_.B99990037.pdb            422.14993    -3064.55078    -1282.31677        0.00634        1.14749
1apj_.B99990038.pdb            362.45480    -2994.27612    -1227.44165        0.00576        1.21475
1apj_.B99990039.pdb            371.19580    -2909.19482    -1342.92529        0.00644        1.29617
1apj_.B99990040.pdb            361.52948    -3036.51001    -1210.47668        0.00458        1.17433
1apj_.B99990041.pdb            395.86920    -3039.68359    -1413.04028        0.00489        1.17129
1apj_.B99990042.pdb            369.22836    -3128.91577    -1561.87085        0.00854        1.08589
1apj_.B99990043.pdb            400.08896    -3090.03711    -1421.23608        0.01051        1.12310
1apj_.B99990044.pdb            402.11615    -2956.68896    -1250.61316        0.00940        1.25072
1apj_.B99990045.pdb            378.47400    -2967.68164    -1418.93274        0.00696        1.24020
1apj_.B99990046.pdb            384.97565    -3055.01416    -1610.40125        0.00588        1.15662
1apj_.B99990047.pdb            363.84503    -3034.21582    -1055.97424        0.00829        1.17652
1apj_.B99990048.pdb            387.56555    -2833.29956    -1181.12451        0.01068        1.36881
1apj_.B99990049.pdb            355.24014    -3030.21436    -1265.21399        0.00595        1.18035
1apj_.B99990050.pdb            464.70596    -3026.87329    -1176.58057        0.00498        1.18355

>> Top model results:
molpdf: 355.2401428222656 (file: 1apj_.B99990049.pdb)
DOPE score: -3148.354248046875 (file: 1apj_.B99990002.pdb)
GA341 score: 0.0020589169580489397 (file: 1apj_.B99990010.pdb)
Normalized DOPE score: 1.067286150950303 (file: 1apj_.B99990002.pdb)

##############################################################################################
>>Clustering results - Representative structure - AffinityPropagation
Cluster		File_Name
0		1apj_.B99990022
1		1apj_.B99990024

>>Clustering results - Representative structure - DBSCAN
Cluster		File_Name
0		1apj_.B99990024.pdb
1		1apj_.B99990040.pdb
2		1apj_.B99990017.pdb

>>Clustering results - Representative structure - KMeans
Cluster		File_Name
0		1apj_.B99990001.pdb
1		1apj_.B99990003.pdb
2		1apj_.B99990020.pdb
3		1apj_.B99990034.pdb
4		1apj_.B99990002.pdb
5		1apj_.B99990014.pdb
6		1apj_.B99990038.pdb
7		1apj_.B99990027.pdb
8		1apj_.B99990041.pdb

>>Clustering results - Representative structure - MeanShift
Cluster		File_Name
0		1apj_.B99990050.pdb
1		1apj_.B99990038.pdb
2		1apj_.B99990020.pdb
3		1apj_.B99990014.pdb
4		1apj_.B99990032.pdb

>>Clustering results - Representative structure - SpectralClustering
Cluster		File_Name
0		1apj_.B99990044.pdb
1		1apj_.B99990038.pdb
2		1apj_.B99990019.pdb
3		1apj_.B99990034.pdb
4		1apj_.B99990030.pdb
5		1apj_.B99990014.pdb

>>Clustering results - Representative structure - Ward
Cluster		File_Name
0		1apj_.B99990020.pdb
1		1apj_.B99990034.pdb
2		1apj_.B99990003.pdb
3		1apj_.B99990001.pdb
4		1apj_.B99990031.pdb
5		1apj_.B99990030.pdb
6		1apj_.B99990038.pdb
7		1apj_.B99990027.pdb
8		1apj_.B99990042.pdb
9		1apj_.B99990012.pdb
##############################################################################################

##############################################################################################
>>Clustering results - Representative structure - AffinityPropagation
Cluster		File_Name
0		1apj_.B99990010
1		1apj_.B99990014
2		1apj_.B99990017
3		1apj_.B99990020
4		1apj_.B99990024
5		1apj_.B99990042
6		1apj_.B99990048

>>Clustering results - Representative structure - DBSCAN
Cluster		File_Name
0		1apj_.B99990004.pdb

>>Clustering results - Representative structure - KMeans
Cluster		File_Name
0		1apj_.B99990010.pdb
1		1apj_.B99990014.pdb
2		1apj_.B99990033.pdb
3		1apj_.B99990042.pdb
4		1apj_.B99990032.pdb
5		1apj_.B99990036.pdb
6		1apj_.B99990048.pdb
7		1apj_.B99990026.pdb
8		1apj_.B99990041.pdb
9		1apj_.B99990017.pdb

>>Clustering results - Representative structure - MeanShift
Cluster		File_Name
0		1apj_.B99990050.pdb
1		1apj_.B99990019.pdb
2		1apj_.B99990012.pdb
3		1apj_.B99990032.pdb

>>Clustering results - Representative structure - SpectralClustering
Cluster		File_Name
0		1apj_.B99990004.pdb
1		1apj_.B99990014.pdb

>>Clustering results - Representative structure - Ward
Cluster		File_Name
0		1apj_.B99990047.pdb
1		1apj_.B99990049.pdb
2		1apj_.B99990032.pdb
3		1apj_.B99990033.pdb
4		1apj_.B99990048.pdb
5		1apj_.B99990017.pdb
6		1apj_.B99990042.pdb
7		1apj_.B99990018.pdb
8		1apj_.B99990012.pdb
9		1apj_.B99990001.pdb
##############################################################################################