>> Summary of successfully produced model

Filename                          molpdf     DOPE score  DOPE-HR score    GA341 score Normalized DOPE score-----------------------------------------------------------------------------------------------------------
1afj_.B99990001.pdb            386.08908    -6738.06738    -6719.56982        1.00000       -2.02761
1afj_.B99990002.pdb            356.96100    -6701.62256    -6564.33691        1.00000       -1.99176
1afj_.B99990003.pdb            330.13608    -6705.08252    -6697.55957        1.00000       -1.99516
1afj_.B99990004.pdb            387.08646    -6680.80518    -6526.44092        1.00000       -1.97128
1afj_.B99990005.pdb            391.05893    -6734.48047    -6662.94727        1.00000       -2.02408
1afj_.B99990006.pdb            359.50604    -6670.41650    -6584.28271        1.00000       -1.96106
1afj_.B99990007.pdb            382.81464    -6671.43262    -6525.69141        1.00000       -1.96206
1afj_.B99990008.pdb            305.08145    -6753.82910    -6717.15332        1.00000       -2.04311
1afj_.B99990009.pdb            371.52466    -6745.21094    -6744.27100        1.00000       -2.03463
1afj_.B99990010.pdb            388.77798    -6703.12549    -6633.03564        1.00000       -1.99324
1afj_.B99990011.pdb            322.66034    -6740.76172    -6806.46777        1.00000       -2.03026
1afj_.B99990012.pdb            306.26498    -6651.37646    -6595.77393        1.00000       -1.94233
1afj_.B99990013.pdb            340.22800    -6725.18945    -6675.53857        1.00000       -2.01494
1afj_.B99990014.pdb            399.11285    -6715.39697    -6728.76172        1.00000       -2.00531
1afj_.B99990015.pdb            288.20737    -6695.17041    -6849.90723        1.00000       -1.98541
1afj_.B99990016.pdb            361.13019    -6751.88525    -6797.12939        1.00000       -2.04120
1afj_.B99990017.pdb            323.28107    -6709.42676    -6685.19727        1.00000       -1.99943
1afj_.B99990018.pdb            401.08545    -6773.42627    -6859.54932        1.00000       -2.06239
1afj_.B99990019.pdb            304.67917    -6707.76611    -6682.92334        1.00000       -1.99780
1afj_.B99990020.pdb            432.33679    -6706.91260    -6603.95996        1.00000       -1.99696
1afj_.B99990021.pdb            397.88263    -6790.54980    -6728.46631        1.00000       -2.07923
1afj_.B99990022.pdb            295.59167    -6704.18750    -6611.54004        1.00000       -1.99428
1afj_.B99990023.pdb            330.32275    -6747.72510    -6742.15283        1.00000       -2.03711
1afj_.B99990024.pdb            368.05457    -6656.55127    -6556.99561        1.00000       -1.94742
1afj_.B99990025.pdb            371.45041    -6757.20605    -6752.00000        1.00000       -2.04643
1afj_.B99990026.pdb            321.23907    -6701.06543    -6616.19189        1.00000       -1.99121
1afj_.B99990027.pdb            330.54721    -6785.86230    -6755.09473        1.00000       -2.07462
1afj_.B99990028.pdb            376.17099    -6760.34570    -6724.27148        1.00000       -2.04952
1afj_.B99990029.pdb            375.48227    -6637.70654    -6665.52490        1.00000       -1.92889
1afj_.B99990030.pdb            299.95721    -6732.02539    -6690.67432        1.00000       -2.02166
1afj_.B99990031.pdb            389.18839    -6820.31592    -6870.67871        1.00000       -2.10851
1afj_.B99990032.pdb            380.75958    -6705.55029    -6653.76709        1.00000       -1.99562
1afj_.B99990033.pdb            322.48947    -6778.27588    -6840.86475        1.00000       -2.06716
1afj_.B99990034.pdb            345.55630    -6695.34521    -6658.67676        1.00000       -1.98558
1afj_.B99990035.pdb            395.04407    -6644.02100    -6554.04834        1.00000       -1.93510
1afj_.B99990036.pdb            432.42191    -6743.83398    -6738.56836        1.00000       -2.03328
1afj_.B99990037.pdb            297.71066    -6763.45166    -6743.67578        1.00000       -2.05257
1afj_.B99990038.pdb            397.18674    -6733.33057    -6729.71240        1.00000       -2.02295
1afj_.B99990039.pdb            298.99948    -6675.39209    -6715.58496        1.00000       -1.96596
1afj_.B99990040.pdb            323.35223    -6769.75391    -6824.51221        1.00000       -2.05877
1afj_.B99990041.pdb            294.20428    -6759.73535    -6878.70361        1.00000       -2.04892
1afj_.B99990042.pdb            434.90796    -6749.02588    -6646.69775        1.00000       -2.03838
1afj_.B99990043.pdb            418.12378    -6725.64990    -6783.87109        1.00000       -2.01539
1afj_.B99990044.pdb            423.10587    -6642.38818    -6596.30078        1.00000       -1.93349
1afj_.B99990045.pdb            381.92709    -6746.74316    -6721.38623        1.00000       -2.03614
1afj_.B99990046.pdb            384.96014    -6700.09766    -6630.72656        1.00000       -1.99026
1afj_.B99990047.pdb            358.12878    -6798.91406    -6752.20068        1.00000       -2.08746
1afj_.B99990048.pdb            338.37186    -6697.81689    -6764.36963        1.00000       -1.98801
1afj_.B99990049.pdb            286.82047    -6691.08252    -6635.33105        1.00000       -1.98139
1afj_.B99990050.pdb            321.59961    -6670.55273    -6658.48926        1.00000       -1.96120

>> Top model results:
molpdf: 286.8204650878906 (file: 1afj_.B99990049.pdb)
DOPE score: -6820.31591796875 (file: 1afj_.B99990031.pdb)
GA341 score: 1.0 (file: 1afj_.B99990043.pdb)
Normalized DOPE score: -2.108508019571477 (file: 1afj_.B99990031.pdb)

##############################################################################################
>>Clustering results - Representative structure - AffinityPropagation
Cluster		File_Name
0		1afj_.B99990001
1		1afj_.B99990003
2		1afj_.B99990020
3		1afj_.B99990030

>>Clustering results - Representative structure - DBSCAN
Cluster		File_Name
0		1afj_.B99990002.pdb

>>Clustering results - Representative structure - KMeans
Cluster		File_Name
0		1afj_.B99990017.pdb
1		1afj_.B99990005.pdb

>>Clustering results - Representative structure - MeanShift
Cluster		File_Name
0		1afj_.B99990017.pdb
1		1afj_.B99990032.pdb
2		1afj_.B99990020.pdb

>>Clustering results - Representative structure - SpectralClustering
Cluster		File_Name
0		1afj_.B99990017.pdb
1		1afj_.B99990005.pdb

>>Clustering results - Representative structure - Ward
Cluster		File_Name
0		1afj_.B99990005.pdb
1		1afj_.B99990017.pdb
##############################################################################################

##############################################################################################
>>Clustering results - Representative structure - AffinityPropagation
Cluster		File_Name
0		1afj_.B99990001
1		1afj_.B99990010
2		1afj_.B99990018
3		1afj_.B99990019
4		1afj_.B99990024
5		1afj_.B99990037

>>Clustering results - Representative structure - DBSCAN
Cluster		File_Name
0		1afj_.B99990013.pdb

>>Clustering results - Representative structure - KMeans
Cluster		File_Name
0		1afj_.B99990022.pdb
1		1afj_.B99990018.pdb
2		1afj_.B99990040.pdb
3		1afj_.B99990004.pdb
4		1afj_.B99990038.pdb

>>Clustering results - Representative structure - MeanShift
Cluster		File_Name
0		1afj_.B99990023.pdb
1		1afj_.B99990006.pdb

>>Clustering results - Representative structure - SpectralClustering
Cluster		File_Name
0		1afj_.B99990037.pdb
1		1afj_.B99990001.pdb
2		1afj_.B99990022.pdb
3		1afj_.B99990018.pdb
4		1afj_.B99990007.pdb
5		1afj_.B99990010.pdb

>>Clustering results - Representative structure - Ward
Cluster		File_Name
0		1afj_.B99990004.pdb
1		1afj_.B99990001.pdb
2		1afj_.B99990022.pdb
3		1afj_.B99990037.pdb
4		1afj_.B99990018.pdb
##############################################################################################