>> Summary of successfully produced model

Filename                          molpdf     DOPE score  DOPE-HR score    GA341 score Normalized DOPE score-----------------------------------------------------------------------------------------------------------
1a48_.B99990001.pdb           1390.39758   -30098.87109   -27313.34570        1.00000       -0.40830
1a48_.B99990002.pdb           1379.41150   -30454.05078   -28159.22266        1.00000       -0.49271
1a48_.B99990003.pdb           1493.41870   -29916.54102   -26856.66406        1.00000       -0.36497
1a48_.B99990004.pdb           1464.89148   -30280.58789   -27310.71875        1.00000       -0.45149
1a48_.B99990005.pdb           1438.44885   -30005.67383   -27478.84961        1.00000       -0.38615
1a48_.B99990006.pdb           1566.43945   -30007.66016   -26885.98633        1.00000       -0.38663
1a48_.B99990007.pdb           1450.10242   -30370.40820   -27749.17969        1.00000       -0.47284
1a48_.B99990008.pdb           1498.75903   -29714.79102   -26830.65234        1.00000       -0.31702
1a48_.B99990009.pdb           1484.79236   -29566.87500   -26423.46875        1.00000       -0.28187
1a48_.B99990010.pdb           1441.17725   -30265.03320   -27798.17969        1.00000       -0.44779
1a48_.B99990011.pdb           1414.71753   -30620.62500   -27886.76562        1.00000       -0.53230
1a48_.B99990012.pdb           1425.44617   -30252.57422   -27687.39258        1.00000       -0.44483
1a48_.B99990013.pdb           1395.29016   -30514.56055   -28442.39258        1.00000       -0.50709
1a48_.B99990014.pdb           1429.22693   -30338.97266   -27639.72656        1.00000       -0.46536
1a48_.B99990015.pdb           1439.50061   -30055.69336   -27405.55469        1.00000       -0.39804
1a48_.B99990016.pdb           1571.99194   -30177.83594   -27018.20508        1.00000       -0.42707
1a48_.B99990017.pdb           1528.71228   -30274.11328   -27585.17773        1.00000       -0.44995
1a48_.B99990018.pdb           1504.89136   -30337.98633   -27693.91992        1.00000       -0.46513
1a48_.B99990019.pdb           1380.06262   -30396.50781   -28152.05078        1.00000       -0.47904
1a48_.B99990020.pdb           1547.35962   -30072.20312   -27124.44141        1.00000       -0.40197
1a48_.B99990021.pdb           1531.62610   -30243.28516   -27528.81250        1.00000       -0.44262
1a48_.B99990022.pdb           1404.98376   -29994.65234   -27402.84180        1.00000       -0.38353
1a48_.B99990023.pdb           1417.81726   -30455.66211   -27978.12695        1.00000       -0.49310
1a48_.B99990024.pdb           1451.04761   -29814.12891   -26736.59766        1.00000       -0.34063
1a48_.B99990025.pdb           1586.35315   -30087.38672   -27337.71680        1.00000       -0.40557
1a48_.B99990026.pdb           1468.31934   -30566.12500   -27605.62109        1.00000       -0.51935
1a48_.B99990027.pdb           1473.12524   -30058.58203   -27252.99219        1.00000       -0.39873
1a48_.B99990028.pdb           1388.45837   -30450.76562   -28040.85547        1.00000       -0.49193
1a48_.B99990029.pdb           1540.80115   -30069.80859   -27166.31836        1.00000       -0.40140
1a48_.B99990030.pdb           1443.77112   -30543.37109   -27840.57227        1.00000       -0.51394
1a48_.B99990031.pdb           1491.95203   -29998.82812   -26842.14844        1.00000       -0.38453
1a48_.B99990032.pdb           1538.60254   -30611.59961   -28084.55859        1.00000       -0.53016
1a48_.B99990033.pdb           1458.81189   -30301.66602   -27897.84180        1.00000       -0.45650
1a48_.B99990034.pdb           1549.04260   -30287.70312   -27634.14258        1.00000       -0.45318
1a48_.B99990035.pdb           1485.20483   -29865.74219   -26842.69141        1.00000       -0.35290
1a48_.B99990036.pdb           1642.69080   -29929.07617   -27139.98828        1.00000       -0.36795
1a48_.B99990037.pdb           1475.59558   -30180.72852   -27331.53125        1.00000       -0.42776
1a48_.B99990038.pdb           1452.36499   -30332.58594   -27438.95898        1.00000       -0.46385
1a48_.B99990039.pdb           1375.21106   -30500.62891   -27954.56250        1.00000       -0.50378
1a48_.B99990040.pdb           1446.84509   -30008.97266   -27055.35938        1.00000       -0.38694
1a48_.B99990041.pdb           1443.53687   -30475.66797   -27575.03320        1.00000       -0.49785
1a48_.B99990042.pdb           1482.67480   -30082.76953   -27057.68945        1.00000       -0.40448
1a48_.B99990043.pdb           1461.39844   -30130.14062   -26976.39062        1.00000       -0.41573
1a48_.B99990044.pdb           1508.07227   -30135.23242   -27434.64062        1.00000       -0.41694
1a48_.B99990045.pdb           1447.59656   -29904.90625   -26891.38672        1.00000       -0.36221
1a48_.B99990046.pdb           1411.52844   -30220.94336   -27471.50391        1.00000       -0.43731
1a48_.B99990047.pdb           1388.93774   -30011.62109   -27290.69727        1.00000       -0.38757
1a48_.B99990048.pdb           1564.62183   -30176.74023   -27263.40430        1.00000       -0.42681
1a48_.B99990049.pdb           1503.01587   -30168.02539   -27065.67773        1.00000       -0.42474
1a48_.B99990050.pdb           1622.97375   -29913.37500   -27112.08203        1.00000       -0.36422

>> Top model results:
molpdf: 1375.2110595703125 (file: 1a48_.B99990039.pdb)
DOPE score: -30620.625 (file: 1a48_.B99990011.pdb)
GA341 score: 1.0 (file: 1a48_.B99990019.pdb)
Normalized DOPE score: -0.5323010944321048 (file: 1a48_.B99990011.pdb)

##############################################################################################
>>Clustering results - Representative structure - AffinityPropagation
Cluster		File_Name
0		1a48_.B99990037

>>Clustering results - Representative structure - DBSCAN
Cluster		File_Name
0		1a48_.B99990037.pdb
1		1a48_.B99990006.pdb
2		1a48_.B99990019.pdb
3		1a48_.B99990044.pdb
4		1a48_.B99990048.pdb

>>Clustering results - Representative structure - KMeans
Cluster		File_Name
0		1a48_.B99990046.pdb
1		1a48_.B99990016.pdb

>>Clustering results - Representative structure - MeanShift
Cluster		File_Name
0		1a48_.B99990046.pdb
1		1a48_.B99990022.pdb
2		1a48_.B99990030.pdb

>>Clustering results - Representative structure - SpectralClustering
Cluster		File_Name
0		1a48_.B99990046.pdb
1		1a48_.B99990022.pdb

>>Clustering results - Representative structure - Ward
Cluster		File_Name
0		1a48_.B99990046.pdb
1		1a48_.B99990022.pdb
##############################################################################################

##############################################################################################
>>Clustering results - Representative structure - AffinityPropagation
Cluster		File_Name
0		1a48_.B99990008
1		1a48_.B99990016
2		1a48_.B99990019
3		1a48_.B99990026
4		1a48_.B99990040
5		1a48_.B99990043
6		1a48_.B99990046

>>Clustering results - Representative structure - DBSCAN
Cluster		File_Name
0		1a48_.B99990001.pdb

>>Clustering results - Representative structure - KMeans
Cluster		File_Name
0		1a48_.B99990041.pdb
1		1a48_.B99990029.pdb
2		1a48_.B99990025.pdb

>>Clustering results - Representative structure - MeanShift
Cluster		File_Name
0		1a48_.B99990001.pdb
1		1a48_.B99990026.pdb

>>Clustering results - Representative structure - SpectralClustering
Cluster		File_Name
0		1a48_.B99990020.pdb
1		1a48_.B99990041.pdb

>>Clustering results - Representative structure - Ward
Cluster		File_Name
0		1a48_.B99990040.pdb
1		1a48_.B99990004.pdb
2		1a48_.B99990043.pdb
3		1a48_.B99990016.pdb
4		1a48_.B99990008.pdb
5		1a48_.B99990032.pdb
6		1a48_.B99990007.pdb
7		1a48_.B99990030.pdb
8		1a48_.B99990011.pdb
##############################################################################################